[ 2018-11-13T18:29:26+08:00 ] 127.0.0.1 /index.php/M/Index/vip
INFO: [ app_init ] --START--
INFO: Run Behavior\BuildLiteBehavior [ RunTime:0.000008s ]
INFO: [ app_init ] --END-- [ RunTime:0.000228s ]
INFO: [ app_begin ] --START--
INFO: Run Behavior\ReadHtmlCacheBehavior [ RunTime:0.000269s ]
INFO: [ app_begin ] --END-- [ RunTime:0.000298s ]
SQL: SHOW COLUMNS FROM `sp_category` [ RunTime:0.0298s ]
SQL: SELECT * FROM `sp_category` WHERE `type` = 1  [ RunTime:0.0018s ]
SQL: SHOW COLUMNS FROM `sp_article` [ RunTime:0.0145s ]
SQL: SELECT * FROM `sp_article` WHERE `cateid` = 1  [ RunTime:0.0005s ]
SQL: SELECT * FROM `sp_article` WHERE `cateid` = 2  [ RunTime:0.0004s ]
SQL: SHOW COLUMNS FROM `sp_nav` [ RunTime:0.0124s ]
SQL: SELECT * FROM `sp_nav`  [ RunTime:0.0003s ]
NOTIC: [8] Undefined offset: 1 D:\phpStudy\PHPTutorial\WWW\x\Application\M\Controller\CommonController.class.php 第 34 行.
NOTIC: [8] Undefined offset: 2 D:\phpStudy\PHPTutorial\WWW\x\Application\M\Controller\CommonController.class.php 第 35 行.
NOTIC: [8] Undefined offset: 3 D:\phpStudy\PHPTutorial\WWW\x\Application\M\Controller\CommonController.class.php 第 36 行.
SQL: SHOW COLUMNS FROM `sp_config` [ RunTime:0.0093s ]
SQL: SELECT `enname`,`value` FROM `sp_config`  [ RunTime:0.0007s ]
NOTIC: [8] Undefined variable: configres D:\phpStudy\PHPTutorial\WWW\x\Application\M\Controller\CommonController.class.php 第 45 行.
NOTIC: [8] Undefined variable: configres D:\phpStudy\PHPTutorial\WWW\x\Application\M\Controller\CommonController.class.php 第 46 行.
INFO: [ view_parse ] --START--
INFO: [ template_filter ] --START--
INFO: Run Behavior\ContentReplaceBehavior [ RunTime:0.000085s ]
INFO: [ template_filter ] --END-- [ RunTime:0.000116s ]
INFO: Run Behavior\ParseTemplateBehavior [ RunTime:0.006682s ]
INFO: [ view_parse ] --END-- [ RunTime:0.006773s ]
INFO: [ view_filter ] --START--
INFO: Run Behavior\WriteHtmlCacheBehavior [ RunTime:0.000167s ]
INFO: [ view_filter ] --END-- [ RunTime:0.000187s ]
INFO: [ app_end ] --START--
INFO: Run Behavior\ShowPageTraceBehavior [ RunTime:0.000456s ]
INFO: [ app_end ] --END-- [ RunTime:0.000493s ]

[ 2018-11-13T18:29:27+08:00 ] 127.0.0.1 /index.php/M/Index/vip
INFO: [ app_init ] --START--
INFO: Run Behavior\BuildLiteBehavior [ RunTime:0.000150s ]
INFO: [ app_init ] --END-- [ RunTime:0.002129s ]
INFO: [ app_begin ] --START--
INFO: Run Behavior\ReadHtmlCacheBehavior [ RunTime:0.000640s ]
INFO: [ app_begin ] --END-- [ RunTime:0.000712s ]
SQL: SHOW COLUMNS FROM `sp_category` [ RunTime:0.0220s ]
SQL: SELECT * FROM `sp_category` WHERE `type` = 1  [ RunTime:0.0005s ]
SQL: SHOW COLUMNS FROM `sp_article` [ RunTime:0.0127s ]
SQL: SELECT * FROM `sp_article` WHERE `cateid` = 1  [ RunTime:0.0005s ]
SQL: SELECT * FROM `sp_article` WHERE `cateid` = 2  [ RunTime:0.0004s ]
SQL: SHOW COLUMNS FROM `sp_nav` [ RunTime:0.0261s ]
SQL: SELECT * FROM `sp_nav`  [ RunTime:0.0004s ]
NOTIC: [8] Undefined offset: 1 D:\phpStudy\PHPTutorial\WWW\x\Application\M\Controller\CommonController.class.php 第 34 行.
NOTIC: [8] Undefined offset: 2 D:\phpStudy\PHPTutorial\WWW\x\Application\M\Controller\CommonController.class.php 第 35 行.
NOTIC: [8] Undefined offset: 3 D:\phpStudy\PHPTutorial\WWW\x\Application\M\Controller\CommonController.class.php 第 36 行.
SQL: SHOW COLUMNS FROM `sp_config` [ RunTime:0.0075s ]
SQL: SELECT `enname`,`value` FROM `sp_config`  [ RunTime:0.0003s ]
NOTIC: [8] Undefined variable: configres D:\phpStudy\PHPTutorial\WWW\x\Application\M\Controller\CommonController.class.php 第 45 行.
NOTIC: [8] Undefined variable: configres D:\phpStudy\PHPTutorial\WWW\x\Application\M\Controller\CommonController.class.php 第 46 行.
INFO: [ view_parse ] --START--
INFO: [ template_filter ] --START--
INFO: Run Behavior\ContentReplaceBehavior [ RunTime:0.000129s ]
INFO: [ template_filter ] --END-- [ RunTime:0.000194s ]
INFO: Run Behavior\ParseTemplateBehavior [ RunTime:0.010186s ]
INFO: [ view_parse ] --END-- [ RunTime:0.010220s ]
INFO: [ view_filter ] --START--
INFO: Run Behavior\WriteHtmlCacheBehavior [ RunTime:0.000216s ]
INFO: [ view_filter ] --END-- [ RunTime:0.000235s ]
INFO: [ app_end ] --START--
INFO: Run Behavior\ShowPageTraceBehavior [ RunTime:0.000482s ]
INFO: [ app_end ] --END-- [ RunTime:0.000514s ]

[ 2018-11-13T18:29:28+08:00 ] 127.0.0.1 /index.php/M/Index/vip
INFO: [ app_init ] --START--
INFO: Run Behavior\BuildLiteBehavior [ RunTime:0.000009s ]
INFO: [ app_init ] --END-- [ RunTime:0.000235s ]
INFO: [ app_begin ] --START--
INFO: Run Behavior\ReadHtmlCacheBehavior [ RunTime:0.000299s ]
INFO: [ app_begin ] --END-- [ RunTime:0.000347s ]
SQL: SHOW COLUMNS FROM `sp_category` [ RunTime:0.0131s ]
SQL: SELECT * FROM `sp_category` WHERE `type` = 1  [ RunTime:0.0010s ]
SQL: SHOW COLUMNS FROM `sp_article` [ RunTime:0.0202s ]
SQL: SELECT * FROM `sp_article` WHERE `cateid` = 1  [ RunTime:0.0004s ]
SQL: SELECT * FROM `sp_article` WHERE `cateid` = 2  [ RunTime:0.0003s ]
SQL: SHOW COLUMNS FROM `sp_nav` [ RunTime:0.0099s ]
SQL: SELECT * FROM `sp_nav`  [ RunTime:0.0004s ]
NOTIC: [8] Undefined offset: 1 D:\phpStudy\PHPTutorial\WWW\x\Application\M\Controller\CommonController.class.php 第 34 行.
NOTIC: [8] Undefined offset: 2 D:\phpStudy\PHPTutorial\WWW\x\Application\M\Controller\CommonController.class.php 第 35 行.
NOTIC: [8] Undefined offset: 3 D:\phpStudy\PHPTutorial\WWW\x\Application\M\Controller\CommonController.class.php 第 36 行.
SQL: SHOW COLUMNS FROM `sp_config` [ RunTime:0.0092s ]
SQL: SELECT `enname`,`value` FROM `sp_config`  [ RunTime:0.0003s ]
NOTIC: [8] Undefined variable: configres D:\phpStudy\PHPTutorial\WWW\x\Application\M\Controller\CommonController.class.php 第 45 行.
NOTIC: [8] Undefined variable: configres D:\phpStudy\PHPTutorial\WWW\x\Application\M\Controller\CommonController.class.php 第 46 行.
INFO: [ view_parse ] --START--
INFO: [ template_filter ] --START--
INFO: Run Behavior\ContentReplaceBehavior [ RunTime:0.000466s ]
INFO: [ template_filter ] --END-- [ RunTime:0.000746s ]
INFO: Run Behavior\ParseTemplateBehavior [ RunTime:0.008267s ]
INFO: [ view_parse ] --END-- [ RunTime:0.008313s ]
INFO: [ view_filter ] --START--
INFO: Run Behavior\WriteHtmlCacheBehavior [ RunTime:0.000168s ]
INFO: [ view_filter ] --END-- [ RunTime:0.000187s ]
INFO: [ app_end ] --START--
INFO: Run Behavior\ShowPageTraceBehavior [ RunTime:0.000436s ]
INFO: [ app_end ] --END-- [ RunTime:0.000471s ]

[ 2018-11-13T18:29:29+08:00 ] 127.0.0.1 /index.php/M/Index/vip
INFO: [ app_init ] --START--
INFO: Run Behavior\BuildLiteBehavior [ RunTime:0.000008s ]
INFO: [ app_init ] --END-- [ RunTime:0.000276s ]
INFO: [ app_begin ] --START--
INFO: Run Behavior\ReadHtmlCacheBehavior [ RunTime:0.000313s ]
INFO: [ app_begin ] --END-- [ RunTime:0.000344s ]
SQL: SHOW COLUMNS FROM `sp_category` [ RunTime:0.0327s ]
SQL: SELECT * FROM `sp_category` WHERE `type` = 1  [ RunTime:0.0011s ]
SQL: SHOW COLUMNS FROM `sp_article` [ RunTime:0.0191s ]
SQL: SELECT * FROM `sp_article` WHERE `cateid` = 1  [ RunTime:0.0007s ]
SQL: SELECT * FROM `sp_article` WHERE `cateid` = 2  [ RunTime:0.0006s ]
SQL: SHOW COLUMNS FROM `sp_nav` [ RunTime:0.0166s ]
SQL: SELECT * FROM `sp_nav`  [ RunTime:0.0008s ]
NOTIC: [8] Undefined offset: 1 D:\phpStudy\PHPTutorial\WWW\x\Application\M\Controller\CommonController.class.php 第 34 行.
NOTIC: [8] Undefined offset: 2 D:\phpStudy\PHPTutorial\WWW\x\Application\M\Controller\CommonController.class.php 第 35 行.
NOTIC: [8] Undefined offset: 3 D:\phpStudy\PHPTutorial\WWW\x\Application\M\Controller\CommonController.class.php 第 36 行.
SQL: SHOW COLUMNS FROM `sp_config` [ RunTime:0.0122s ]
SQL: SELECT `enname`,`value` FROM `sp_config`  [ RunTime:0.0005s ]
NOTIC: [8] Undefined variable: configres D:\phpStudy\PHPTutorial\WWW\x\Application\M\Controller\CommonController.class.php 第 45 行.
NOTIC: [8] Undefined variable: configres D:\phpStudy\PHPTutorial\WWW\x\Application\M\Controller\CommonController.class.php 第 46 行.
INFO: [ view_parse ] --START--
INFO: [ template_filter ] --START--
INFO: Run Behavior\ContentReplaceBehavior [ RunTime:0.000097s ]
INFO: [ template_filter ] --END-- [ RunTime:0.000131s ]
INFO: Run Behavior\ParseTemplateBehavior [ RunTime:0.012648s ]
INFO: [ view_parse ] --END-- [ RunTime:0.012708s ]
INFO: [ view_filter ] --START--
INFO: Run Behavior\WriteHtmlCacheBehavior [ RunTime:0.000317s ]
INFO: [ view_filter ] --END-- [ RunTime:0.000352s ]
INFO: [ app_end ] --START--
INFO: Run Behavior\ShowPageTraceBehavior [ RunTime:0.000761s ]
INFO: [ app_end ] --END-- [ RunTime:0.000836s ]

[ 2018-11-13T18:29:30+08:00 ] 127.0.0.1 /index.php/M/Index/vip
INFO: [ app_init ] --START--
INFO: Run Behavior\BuildLiteBehavior [ RunTime:0.000014s ]
INFO: [ app_init ] --END-- [ RunTime:0.000504s ]
INFO: [ app_begin ] --START--
INFO: Run Behavior\ReadHtmlCacheBehavior [ RunTime:0.000515s ]
INFO: [ app_begin ] --END-- [ RunTime:0.000585s ]
SQL: SHOW COLUMNS FROM `sp_category` [ RunTime:0.0290s ]
SQL: SELECT * FROM `sp_category` WHERE `type` = 1  [ RunTime:0.0009s ]
SQL: SHOW COLUMNS FROM `sp_article` [ RunTime:0.0186s ]
SQL: SELECT * FROM `sp_article` WHERE `cateid` = 1  [ RunTime:0.0007s ]
SQL: SELECT * FROM `sp_article` WHERE `cateid` = 2  [ RunTime:0.0009s ]
SQL: SHOW COLUMNS FROM `sp_nav` [ RunTime:0.0101s ]
SQL: SELECT * FROM `sp_nav`  [ RunTime:0.0009s ]
NOTIC: [8] Undefined offset: 1 D:\phpStudy\PHPTutorial\WWW\x\Application\M\Controller\CommonController.class.php 第 34 行.
NOTIC: [8] Undefined offset: 2 D:\phpStudy\PHPTutorial\WWW\x\Application\M\Controller\CommonController.class.php 第 35 行.
NOTIC: [8] Undefined offset: 3 D:\phpStudy\PHPTutorial\WWW\x\Application\M\Controller\CommonController.class.php 第 36 行.
SQL: SHOW COLUMNS FROM `sp_config` [ RunTime:0.0108s ]
SQL: SELECT `enname`,`value` FROM `sp_config`  [ RunTime:0.0005s ]
NOTIC: [8] Undefined variable: configres D:\phpStudy\PHPTutorial\WWW\x\Application\M\Controller\CommonController.class.php 第 45 行.
NOTIC: [8] Undefined variable: configres D:\phpStudy\PHPTutorial\WWW\x\Application\M\Controller\CommonController.class.php 第 46 行.
INFO: [ view_parse ] --START--
INFO: [ template_filter ] --START--
INFO: Run Behavior\ContentReplaceBehavior [ RunTime:0.000101s ]
INFO: [ template_filter ] --END-- [ RunTime:0.000137s ]
INFO: Run Behavior\ParseTemplateBehavior [ RunTime:0.014716s ]
INFO: [ view_parse ] --END-- [ RunTime:0.014758s ]
INFO: [ view_filter ] --START--
INFO: Run Behavior\WriteHtmlCacheBehavior [ RunTime:0.000231s ]
INFO: [ view_filter ] --END-- [ RunTime:0.000254s ]
INFO: [ app_end ] --START--
INFO: Run Behavior\ShowPageTraceBehavior [ RunTime:0.000426s ]
INFO: [ app_end ] --END-- [ RunTime:0.000464s ]

[ 2018-11-13T18:29:32+08:00 ] 127.0.0.1 /index.php/M/Index/vip
INFO: [ app_init ] --START--
INFO: Run Behavior\BuildLiteBehavior [ RunTime:0.000010s ]
INFO: [ app_init ] --END-- [ RunTime:0.000240s ]
INFO: [ app_begin ] --START--
INFO: Run Behavior\ReadHtmlCacheBehavior [ RunTime:0.000356s ]
INFO: [ app_begin ] --END-- [ RunTime:0.000397s ]
SQL: SHOW COLUMNS FROM `sp_category` [ RunTime:0.0164s ]
SQL: SELECT * FROM `sp_category` WHERE `type` = 1  [ RunTime:0.0011s ]
SQL: SHOW COLUMNS FROM `sp_article` [ RunTime:0.0153s ]
SQL: SELECT * FROM `sp_article` WHERE `cateid` = 1  [ RunTime:0.0004s ]
SQL: SELECT * FROM `sp_article` WHERE `cateid` = 2  [ RunTime:0.0003s ]
SQL: SHOW COLUMNS FROM `sp_nav` [ RunTime:0.0128s ]
SQL: SELECT * FROM `sp_nav`  [ RunTime:0.0004s ]
NOTIC: [8] Undefined offset: 1 D:\phpStudy\PHPTutorial\WWW\x\Application\M\Controller\CommonController.class.php 第 34 行.
NOTIC: [8] Undefined offset: 2 D:\phpStudy\PHPTutorial\WWW\x\Application\M\Controller\CommonController.class.php 第 35 行.
NOTIC: [8] Undefined offset: 3 D:\phpStudy\PHPTutorial\WWW\x\Application\M\Controller\CommonController.class.php 第 36 行.
SQL: SHOW COLUMNS FROM `sp_config` [ RunTime:0.0113s ]
SQL: SELECT `enname`,`value` FROM `sp_config`  [ RunTime:0.0003s ]
NOTIC: [8] Undefined variable: configres D:\phpStudy\PHPTutorial\WWW\x\Application\M\Controller\CommonController.class.php 第 45 行.
NOTIC: [8] Undefined variable: configres D:\phpStudy\PHPTutorial\WWW\x\Application\M\Controller\CommonController.class.php 第 46 行.
INFO: [ view_parse ] --START--
INFO: [ template_filter ] --START--
INFO: Run Behavior\ContentReplaceBehavior [ RunTime:0.000085s ]
INFO: [ template_filter ] --END-- [ RunTime:0.000114s ]
INFO: Run Behavior\ParseTemplateBehavior [ RunTime:0.004984s ]
INFO: [ view_parse ] --END-- [ RunTime:0.005024s ]
INFO: [ view_filter ] --START--
INFO: Run Behavior\WriteHtmlCacheBehavior [ RunTime:0.000159s ]
INFO: [ view_filter ] --END-- [ RunTime:0.000178s ]
INFO: [ app_end ] --START--
INFO: Run Behavior\ShowPageTraceBehavior [ RunTime:0.000363s ]
INFO: [ app_end ] --END-- [ RunTime:0.000401s ]

[ 2018-11-13T18:29:33+08:00 ] 127.0.0.1 /index.php/M/Index/vip
INFO: [ app_init ] --START--
INFO: Run Behavior\BuildLiteBehavior [ RunTime:0.000013s ]
INFO: [ app_init ] --END-- [ RunTime:0.000417s ]
INFO: [ app_begin ] --START--
INFO: Run Behavior\ReadHtmlCacheBehavior [ RunTime:0.000760s ]
INFO: [ app_begin ] --END-- [ RunTime:0.000832s ]
SQL: SHOW COLUMNS FROM `sp_category` [ RunTime:0.0338s ]
SQL: SELECT * FROM `sp_category` WHERE `type` = 1  [ RunTime:0.0023s ]
SQL: SHOW COLUMNS FROM `sp_article` [ RunTime:0.0212s ]
SQL: SELECT * FROM `sp_article` WHERE `cateid` = 1  [ RunTime:0.0010s ]
SQL: SELECT * FROM `sp_article` WHERE `cateid` = 2  [ RunTime:0.0011s ]
SQL: SHOW COLUMNS FROM `sp_nav` [ RunTime:0.0167s ]
SQL: SELECT * FROM `sp_nav`  [ RunTime:0.0006s ]
NOTIC: [8] Undefined offset: 1 D:\phpStudy\PHPTutorial\WWW\x\Application\M\Controller\CommonController.class.php 第 34 行.
NOTIC: [8] Undefined offset: 2 D:\phpStudy\PHPTutorial\WWW\x\Application\M\Controller\CommonController.class.php 第 35 行.
NOTIC: [8] Undefined offset: 3 D:\phpStudy\PHPTutorial\WWW\x\Application\M\Controller\CommonController.class.php 第 36 行.
SQL: SHOW COLUMNS FROM `sp_config` [ RunTime:0.0118s ]
SQL: SELECT `enname`,`value` FROM `sp_config`  [ RunTime:0.0007s ]
NOTIC: [8] Undefined variable: configres D:\phpStudy\PHPTutorial\WWW\x\Application\M\Controller\CommonController.class.php 第 45 行.
NOTIC: [8] Undefined variable: configres D:\phpStudy\PHPTutorial\WWW\x\Application\M\Controller\CommonController.class.php 第 46 行.
INFO: [ view_parse ] --START--
INFO: [ template_filter ] --START--
INFO: Run Behavior\ContentReplaceBehavior [ RunTime:0.000097s ]
INFO: [ template_filter ] --END-- [ RunTime:0.000132s ]
INFO: Run Behavior\ParseTemplateBehavior [ RunTime:0.015946s ]
INFO: [ view_parse ] --END-- [ RunTime:0.015989s ]
INFO: [ view_filter ] --START--
INFO: Run Behavior\WriteHtmlCacheBehavior [ RunTime:0.000230s ]
INFO: [ view_filter ] --END-- [ RunTime:0.000253s ]
INFO: [ app_end ] --START--
INFO: Run Behavior\ShowPageTraceBehavior [ RunTime:0.000528s ]
INFO: [ app_end ] --END-- [ RunTime:0.000583s ]

[ 2018-11-13T18:29:34+08:00 ] 127.0.0.1 /index.php/M/Index/vip
INFO: [ app_init ] --START--
INFO: Run Behavior\BuildLiteBehavior [ RunTime:0.000010s ]
INFO: [ app_init ] --END-- [ RunTime:0.000359s ]
INFO: [ app_begin ] --START--
INFO: Run Behavior\ReadHtmlCacheBehavior [ RunTime:0.000407s ]
INFO: [ app_begin ] --END-- [ RunTime:0.000457s ]
SQL: SHOW COLUMNS FROM `sp_category` [ RunTime:0.0289s ]
SQL: SELECT * FROM `sp_category` WHERE `type` = 1  [ RunTime:0.0008s ]
SQL: SHOW COLUMNS FROM `sp_article` [ RunTime:0.0160s ]
SQL: SELECT * FROM `sp_article` WHERE `cateid` = 1  [ RunTime:0.0005s ]
SQL: SELECT * FROM `sp_article` WHERE `cateid` = 2  [ RunTime:0.0004s ]
SQL: SHOW COLUMNS FROM `sp_nav` [ RunTime:0.0137s ]
SQL: SELECT * FROM `sp_nav`  [ RunTime:0.0005s ]
NOTIC: [8] Undefined offset: 1 D:\phpStudy\PHPTutorial\WWW\x\Application\M\Controller\CommonController.class.php 第 34 行.
NOTIC: [8] Undefined offset: 2 D:\phpStudy\PHPTutorial\WWW\x\Application\M\Controller\CommonController.class.php 第 35 行.
NOTIC: [8] Undefined offset: 3 D:\phpStudy\PHPTutorial\WWW\x\Application\M\Controller\CommonController.class.php 第 36 行.
SQL: SHOW COLUMNS FROM `sp_config` [ RunTime:0.0097s ]
SQL: SELECT `enname`,`value` FROM `sp_config`  [ RunTime:0.0008s ]
NOTIC: [8] Undefined variable: configres D:\phpStudy\PHPTutorial\WWW\x\Application\M\Controller\CommonController.class.php 第 45 行.
NOTIC: [8] Undefined variable: configres D:\phpStudy\PHPTutorial\WWW\x\Application\M\Controller\CommonController.class.php 第 46 行.
INFO: [ view_parse ] --START--
INFO: [ template_filter ] --START--
INFO: Run Behavior\ContentReplaceBehavior [ RunTime:0.000089s ]
INFO: [ template_filter ] --END-- [ RunTime:0.000121s ]
INFO: Run Behavior\ParseTemplateBehavior [ RunTime:0.013549s ]
INFO: [ view_parse ] --END-- [ RunTime:0.013596s ]
INFO: [ view_filter ] --START--
INFO: Run Behavior\WriteHtmlCacheBehavior [ RunTime:0.000468s ]
INFO: [ view_filter ] --END-- [ RunTime:0.000494s ]
INFO: [ app_end ] --START--
INFO: Run Behavior\ShowPageTraceBehavior [ RunTime:0.000494s ]
INFO: [ app_end ] --END-- [ RunTime:0.000523s ]

[ 2018-11-13T18:29:35+08:00 ] 127.0.0.1 /index.php/M/Index/vip
INFO: [ app_init ] --START--
INFO: Run Behavior\BuildLiteBehavior [ RunTime:0.000016s ]
INFO: [ app_init ] --END-- [ RunTime:0.000500s ]
INFO: [ app_begin ] --START--
INFO: Run Behavior\ReadHtmlCacheBehavior [ RunTime:0.000338s ]
INFO: [ app_begin ] --END-- [ RunTime:0.000377s ]
SQL: SHOW COLUMNS FROM `sp_category` [ RunTime:0.0352s ]
SQL: SELECT * FROM `sp_category` WHERE `type` = 1  [ RunTime:0.0010s ]
SQL: SHOW COLUMNS FROM `sp_article` [ RunTime:0.0161s ]
SQL: SELECT * FROM `sp_article` WHERE `cateid` = 1  [ RunTime:0.0004s ]
SQL: SELECT * FROM `sp_article` WHERE `cateid` = 2  [ RunTime:0.0004s ]
SQL: SHOW COLUMNS FROM `sp_nav` [ RunTime:0.0129s ]
SQL: SELECT * FROM `sp_nav`  [ RunTime:0.0004s ]
NOTIC: [8] Undefined offset: 1 D:\phpStudy\PHPTutorial\WWW\x\Application\M\Controller\CommonController.class.php 第 34 行.
NOTIC: [8] Undefined offset: 2 D:\phpStudy\PHPTutorial\WWW\x\Application\M\Controller\CommonController.class.php 第 35 行.
NOTIC: [8] Undefined offset: 3 D:\phpStudy\PHPTutorial\WWW\x\Application\M\Controller\CommonController.class.php 第 36 行.
SQL: SHOW COLUMNS FROM `sp_config` [ RunTime:0.0115s ]
SQL: SELECT `enname`,`value` FROM `sp_config`  [ RunTime:0.0003s ]
NOTIC: [8] Undefined variable: configres D:\phpStudy\PHPTutorial\WWW\x\Application\M\Controller\CommonController.class.php 第 45 行.
NOTIC: [8] Undefined variable: configres D:\phpStudy\PHPTutorial\WWW\x\Application\M\Controller\CommonController.class.php 第 46 行.
INFO: [ view_parse ] --START--
INFO: [ template_filter ] --START--
INFO: Run Behavior\ContentReplaceBehavior [ RunTime:0.000087s ]
INFO: [ template_filter ] --END-- [ RunTime:0.000119s ]
INFO: Run Behavior\ParseTemplateBehavior [ RunTime:0.012221s ]
INFO: [ view_parse ] --END-- [ RunTime:0.012277s ]
INFO: [ view_filter ] --START--
INFO: Run Behavior\WriteHtmlCacheBehavior [ RunTime:0.000659s ]
INFO: [ view_filter ] --END-- [ RunTime:0.000750s ]
INFO: [ app_end ] --START--
INFO: Run Behavior\ShowPageTraceBehavior [ RunTime:0.000888s ]
INFO: [ app_end ] --END-- [ RunTime:0.001038s ]

[ 2018-11-13T18:29:36+08:00 ] 127.0.0.1 /index.php/M/Index/vip
INFO: [ app_init ] --START--
INFO: Run Behavior\BuildLiteBehavior [ RunTime:0.000023s ]
INFO: [ app_init ] --END-- [ RunTime:0.000561s ]
INFO: [ app_begin ] --START--
INFO: Run Behavior\ReadHtmlCacheBehavior [ RunTime:0.000680s ]
INFO: [ app_begin ] --END-- [ RunTime:0.000751s ]
SQL: SHOW COLUMNS FROM `sp_category` [ RunTime:0.0324s ]
SQL: SELECT * FROM `sp_category` WHERE `type` = 1  [ RunTime:0.0012s ]
SQL: SHOW COLUMNS FROM `sp_article` [ RunTime:0.0182s ]
SQL: SELECT * FROM `sp_article` WHERE `cateid` = 1  [ RunTime:0.0006s ]
SQL: SELECT * FROM `sp_article` WHERE `cateid` = 2  [ RunTime:0.0005s ]
SQL: SHOW COLUMNS FROM `sp_nav` [ RunTime:0.0117s ]
SQL: SELECT * FROM `sp_nav`  [ RunTime:0.0005s ]
NOTIC: [8] Undefined offset: 1 D:\phpStudy\PHPTutorial\WWW\x\Application\M\Controller\CommonController.class.php 第 34 行.
NOTIC: [8] Undefined offset: 2 D:\phpStudy\PHPTutorial\WWW\x\Application\M\Controller\CommonController.class.php 第 35 行.
NOTIC: [8] Undefined offset: 3 D:\phpStudy\PHPTutorial\WWW\x\Application\M\Controller\CommonController.class.php 第 36 行.
SQL: SHOW COLUMNS FROM `sp_config` [ RunTime:0.0121s ]
SQL: SELECT `enname`,`value` FROM `sp_config`  [ RunTime:0.0004s ]
NOTIC: [8] Undefined variable: configres D:\phpStudy\PHPTutorial\WWW\x\Application\M\Controller\CommonController.class.php 第 45 行.
NOTIC: [8] Undefined variable: configres D:\phpStudy\PHPTutorial\WWW\x\Application\M\Controller\CommonController.class.php 第 46 行.
INFO: [ view_parse ] --START--
INFO: [ template_filter ] --START--
INFO: Run Behavior\ContentReplaceBehavior [ RunTime:0.000086s ]
INFO: [ template_filter ] --END-- [ RunTime:0.000118s ]
INFO: Run Behavior\ParseTemplateBehavior [ RunTime:0.010960s ]
INFO: [ view_parse ] --END-- [ RunTime:0.010992s ]
INFO: [ view_filter ] --START--
INFO: Run Behavior\WriteHtmlCacheBehavior [ RunTime:0.000249s ]
INFO: [ view_filter ] --END-- [ RunTime:0.000271s ]
INFO: [ app_end ] --START--
INFO: Run Behavior\ShowPageTraceBehavior [ RunTime:0.000465s ]
INFO: [ app_end ] --END-- [ RunTime:0.000499s ]

[ 2018-11-13T18:29:37+08:00 ] 127.0.0.1 /index.php/M/Index/vip
INFO: [ app_init ] --START--
INFO: Run Behavior\BuildLiteBehavior [ RunTime:0.000016s ]
INFO: [ app_init ] --END-- [ RunTime:0.000451s ]
INFO: [ app_begin ] --START--
INFO: Run Behavior\ReadHtmlCacheBehavior [ RunTime:0.000525s ]
INFO: [ app_begin ] --END-- [ RunTime:0.000588s ]
SQL: SHOW COLUMNS FROM `sp_category` [ RunTime:0.0195s ]
SQL: SELECT * FROM `sp_category` WHERE `type` = 1  [ RunTime:0.0019s ]
SQL: SHOW COLUMNS FROM `sp_article` [ RunTime:0.0146s ]
SQL: SELECT * FROM `sp_article` WHERE `cateid` = 1  [ RunTime:0.0005s ]
SQL: SELECT * FROM `sp_article` WHERE `cateid` = 2  [ RunTime:0.0005s ]
SQL: SHOW COLUMNS FROM `sp_nav` [ RunTime:0.0129s ]
SQL: SELECT * FROM `sp_nav`  [ RunTime:0.0006s ]
NOTIC: [8] Undefined offset: 1 D:\phpStudy\PHPTutorial\WWW\x\Application\M\Controller\CommonController.class.php 第 34 行.
NOTIC: [8] Undefined offset: 2 D:\phpStudy\PHPTutorial\WWW\x\Application\M\Controller\CommonController.class.php 第 35 行.
NOTIC: [8] Undefined offset: 3 D:\phpStudy\PHPTutorial\WWW\x\Application\M\Controller\CommonController.class.php 第 36 行.
SQL: SHOW COLUMNS FROM `sp_config` [ RunTime:0.0120s ]
SQL: SELECT `enname`,`value` FROM `sp_config`  [ RunTime:0.0008s ]
NOTIC: [8] Undefined variable: configres D:\phpStudy\PHPTutorial\WWW\x\Application\M\Controller\CommonController.class.php 第 45 行.
NOTIC: [8] Undefined variable: configres D:\phpStudy\PHPTutorial\WWW\x\Application\M\Controller\CommonController.class.php 第 46 行.
INFO: [ view_parse ] --START--
INFO: [ template_filter ] --START--
INFO: Run Behavior\ContentReplaceBehavior [ RunTime:0.000084s ]
INFO: [ template_filter ] --END-- [ RunTime:0.000113s ]
INFO: Run Behavior\ParseTemplateBehavior [ RunTime:0.004813s ]
INFO: [ view_parse ] --END-- [ RunTime:0.004850s ]
INFO: [ view_filter ] --START--
INFO: Run Behavior\WriteHtmlCacheBehavior [ RunTime:0.000204s ]
INFO: [ view_filter ] --END-- [ RunTime:0.000227s ]
INFO: [ app_end ] --START--
INFO: Run Behavior\ShowPageTraceBehavior [ RunTime:0.000353s ]
INFO: [ app_end ] --END-- [ RunTime:0.000390s ]

[ 2018-11-13T18:29:37+08:00 ] 127.0.0.1 /index.php/M/Index/olst_files/backtop91.png
INFO: [ app_init ] --START--
INFO: Run Behavior\BuildLiteBehavior [ RunTime:0.000014s ]
INFO: [ app_init ] --END-- [ RunTime:0.000398s ]

[ 2018-11-13T18:29:38+08:00 ] 127.0.0.1 /index.php/M/Index/vip
INFO: [ app_init ] --START--
INFO: Run Behavior\BuildLiteBehavior [ RunTime:0.000010s ]
INFO: [ app_init ] --END-- [ RunTime:0.000311s ]
INFO: [ app_begin ] --START--
INFO: Run Behavior\ReadHtmlCacheBehavior [ RunTime:0.000550s ]
INFO: [ app_begin ] --END-- [ RunTime:0.000600s ]
SQL: SHOW COLUMNS FROM `sp_category` [ RunTime:0.0150s ]
SQL: SELECT * FROM `sp_category` WHERE `type` = 1  [ RunTime:0.0004s ]
SQL: SHOW COLUMNS FROM `sp_article` [ RunTime:0.0169s ]
SQL: SELECT * FROM `sp_article` WHERE `cateid` = 1  [ RunTime:0.0005s ]
SQL: SELECT * FROM `sp_article` WHERE `cateid` = 2  [ RunTime:0.0005s ]
SQL: SHOW COLUMNS FROM `sp_nav` [ RunTime:0.0148s ]
SQL: SELECT * FROM `sp_nav`  [ RunTime:0.0006s ]
NOTIC: [8] Undefined offset: 1 D:\phpStudy\PHPTutorial\WWW\x\Application\M\Controller\CommonController.class.php 第 34 行.
NOTIC: [8] Undefined offset: 2 D:\phpStudy\PHPTutorial\WWW\x\Application\M\Controller\CommonController.class.php 第 35 行.
NOTIC: [8] Undefined offset: 3 D:\phpStudy\PHPTutorial\WWW\x\Application\M\Controller\CommonController.class.php 第 36 行.
SQL: SHOW COLUMNS FROM `sp_config` [ RunTime:0.0133s ]
SQL: SELECT `enname`,`value` FROM `sp_config`  [ RunTime:0.0005s ]
NOTIC: [8] Undefined variable: configres D:\phpStudy\PHPTutorial\WWW\x\Application\M\Controller\CommonController.class.php 第 45 行.
NOTIC: [8] Undefined variable: configres D:\phpStudy\PHPTutorial\WWW\x\Application\M\Controller\CommonController.class.php 第 46 行.
INFO: [ view_parse ] --START--
INFO: [ template_filter ] --START--
INFO: Run Behavior\ContentReplaceBehavior [ RunTime:0.000088s ]
INFO: [ template_filter ] --END-- [ RunTime:0.000121s ]
INFO: Run Behavior\ParseTemplateBehavior [ RunTime:0.015314s ]
INFO: [ view_parse ] --END-- [ RunTime:0.015358s ]
INFO: [ view_filter ] --START--
INFO: Run Behavior\WriteHtmlCacheBehavior [ RunTime:0.000219s ]
INFO: [ view_filter ] --END-- [ RunTime:0.000240s ]
INFO: [ app_end ] --START--
INFO: Run Behavior\ShowPageTraceBehavior [ RunTime:0.000388s ]
INFO: [ app_end ] --END-- [ RunTime:0.000416s ]

[ 2018-11-13T18:29:39+08:00 ] 127.0.0.1 /index.php/M/Index/vip
INFO: [ app_init ] --START--
INFO: Run Behavior\BuildLiteBehavior [ RunTime:0.000015s ]
INFO: [ app_init ] --END-- [ RunTime:0.000491s ]
INFO: [ app_begin ] --START--
INFO: Run Behavior\ReadHtmlCacheBehavior [ RunTime:0.000601s ]
INFO: [ app_begin ] --END-- [ RunTime:0.000666s ]
SQL: SHOW COLUMNS FROM `sp_category` [ RunTime:0.0158s ]
SQL: SELECT * FROM `sp_category` WHERE `type` = 1  [ RunTime:0.0004s ]
SQL: SHOW COLUMNS FROM `sp_article` [ RunTime:0.0145s ]
SQL: SELECT * FROM `sp_article` WHERE `cateid` = 1  [ RunTime:0.0004s ]
SQL: SELECT * FROM `sp_article` WHERE `cateid` = 2  [ RunTime:0.0003s ]
SQL: SHOW COLUMNS FROM `sp_nav` [ RunTime:0.0136s ]
SQL: SELECT * FROM `sp_nav`  [ RunTime:0.0003s ]
NOTIC: [8] Undefined offset: 1 D:\phpStudy\PHPTutorial\WWW\x\Application\M\Controller\CommonController.class.php 第 34 行.
NOTIC: [8] Undefined offset: 2 D:\phpStudy\PHPTutorial\WWW\x\Application\M\Controller\CommonController.class.php 第 35 行.
NOTIC: [8] Undefined offset: 3 D:\phpStudy\PHPTutorial\WWW\x\Application\M\Controller\CommonController.class.php 第 36 行.
SQL: SHOW COLUMNS FROM `sp_config` [ RunTime:0.0121s ]
SQL: SELECT `enname`,`value` FROM `sp_config`  [ RunTime:0.0017s ]
NOTIC: [8] Undefined variable: configres D:\phpStudy\PHPTutorial\WWW\x\Application\M\Controller\CommonController.class.php 第 45 行.
NOTIC: [8] Undefined variable: configres D:\phpStudy\PHPTutorial\WWW\x\Application\M\Controller\CommonController.class.php 第 46 行.
INFO: [ view_parse ] --START--
INFO: [ template_filter ] --START--
INFO: Run Behavior\ContentReplaceBehavior [ RunTime:0.000087s ]
INFO: [ template_filter ] --END-- [ RunTime:0.000121s ]
INFO: Run Behavior\ParseTemplateBehavior [ RunTime:0.014698s ]
INFO: [ view_parse ] --END-- [ RunTime:0.014745s ]
INFO: [ view_filter ] --START--
INFO: Run Behavior\WriteHtmlCacheBehavior [ RunTime:0.000342s ]
INFO: [ view_filter ] --END-- [ RunTime:0.000373s ]
INFO: [ app_end ] --START--
INFO: Run Behavior\ShowPageTraceBehavior [ RunTime:0.000407s ]
INFO: [ app_end ] --END-- [ RunTime:0.000439s ]

[ 2018-11-13T18:29:40+08:00 ] 127.0.0.1 /index.php/M/Index/vip
INFO: [ app_init ] --START--
INFO: Run Behavior\BuildLiteBehavior [ RunTime:0.000011s ]
INFO: [ app_init ] --END-- [ RunTime:0.000585s ]
INFO: [ app_begin ] --START--
INFO: Run Behavior\ReadHtmlCacheBehavior [ RunTime:0.000392s ]
INFO: [ app_begin ] --END-- [ RunTime:0.000434s ]
SQL: SHOW COLUMNS FROM `sp_category` [ RunTime:0.0345s ]
SQL: SELECT * FROM `sp_category` WHERE `type` = 1  [ RunTime:0.0030s ]
SQL: SHOW COLUMNS FROM `sp_article` [ RunTime:0.0179s ]
SQL: SELECT * FROM `sp_article` WHERE `cateid` = 1  [ RunTime:0.0008s ]
SQL: SELECT * FROM `sp_article` WHERE `cateid` = 2  [ RunTime:0.0006s ]
SQL: SHOW COLUMNS FROM `sp_nav` [ RunTime:0.0122s ]
SQL: SELECT * FROM `sp_nav`  [ RunTime:0.0005s ]
NOTIC: [8] Undefined offset: 1 D:\phpStudy\PHPTutorial\WWW\x\Application\M\Controller\CommonController.class.php 第 34 行.
NOTIC: [8] Undefined offset: 2 D:\phpStudy\PHPTutorial\WWW\x\Application\M\Controller\CommonController.class.php 第 35 行.
NOTIC: [8] Undefined offset: 3 D:\phpStudy\PHPTutorial\WWW\x\Application\M\Controller\CommonController.class.php 第 36 行.
SQL: SHOW COLUMNS FROM `sp_config` [ RunTime:0.0098s ]
SQL: SELECT `enname`,`value` FROM `sp_config`  [ RunTime:0.0005s ]
NOTIC: [8] Undefined variable: configres D:\phpStudy\PHPTutorial\WWW\x\Application\M\Controller\CommonController.class.php 第 45 行.
NOTIC: [8] Undefined variable: configres D:\phpStudy\PHPTutorial\WWW\x\Application\M\Controller\CommonController.class.php 第 46 行.
INFO: [ view_parse ] --START--
INFO: [ template_filter ] --START--
INFO: Run Behavior\ContentReplaceBehavior [ RunTime:0.000094s ]
INFO: [ template_filter ] --END-- [ RunTime:0.000127s ]
INFO: Run Behavior\ParseTemplateBehavior [ RunTime:0.013528s ]
INFO: [ view_parse ] --END-- [ RunTime:0.013565s ]
INFO: [ view_filter ] --START--
INFO: Run Behavior\WriteHtmlCacheBehavior [ RunTime:0.000214s ]
INFO: [ view_filter ] --END-- [ RunTime:0.000236s ]
INFO: [ app_end ] --START--
INFO: Run Behavior\ShowPageTraceBehavior [ RunTime:0.000398s ]
INFO: [ app_end ] --END-- [ RunTime:0.000435s ]

[ 2018-11-13T18:29:42+08:00 ] 127.0.0.1 /index.php/M/Index/vip
INFO: [ app_init ] --START--
INFO: Run Behavior\BuildLiteBehavior [ RunTime:0.000022s ]
INFO: [ app_init ] --END-- [ RunTime:0.000307s ]
INFO: [ app_begin ] --START--
INFO: Run Behavior\ReadHtmlCacheBehavior [ RunTime:0.000344s ]
INFO: [ app_begin ] --END-- [ RunTime:0.000377s ]
SQL: SHOW COLUMNS FROM `sp_category` [ RunTime:0.0316s ]
SQL: SELECT * FROM `sp_category` WHERE `type` = 1  [ RunTime:0.0006s ]
SQL: SHOW COLUMNS FROM `sp_article` [ RunTime:0.0138s ]
SQL: SELECT * FROM `sp_article` WHERE `cateid` = 1  [ RunTime:0.0005s ]
SQL: SELECT * FROM `sp_article` WHERE `cateid` = 2  [ RunTime:0.0005s ]
SQL: SHOW COLUMNS FROM `sp_nav` [ RunTime:0.0106s ]
SQL: SELECT * FROM `sp_nav`  [ RunTime:0.0003s ]
NOTIC: [8] Undefined offset: 1 D:\phpStudy\PHPTutorial\WWW\x\Application\M\Controller\CommonController.class.php 第 34 行.
NOTIC: [8] Undefined offset: 2 D:\phpStudy\PHPTutorial\WWW\x\Application\M\Controller\CommonController.class.php 第 35 行.
NOTIC: [8] Undefined offset: 3 D:\phpStudy\PHPTutorial\WWW\x\Application\M\Controller\CommonController.class.php 第 36 行.
SQL: SHOW COLUMNS FROM `sp_config` [ RunTime:0.0099s ]
SQL: SELECT `enname`,`value` FROM `sp_config`  [ RunTime:0.0003s ]
NOTIC: [8] Undefined variable: configres D:\phpStudy\PHPTutorial\WWW\x\Application\M\Controller\CommonController.class.php 第 45 行.
NOTIC: [8] Undefined variable: configres D:\phpStudy\PHPTutorial\WWW\x\Application\M\Controller\CommonController.class.php 第 46 行.
INFO: [ view_parse ] --START--
INFO: [ template_filter ] --START--
INFO: Run Behavior\ContentReplaceBehavior [ RunTime:0.000134s ]
INFO: [ template_filter ] --END-- [ RunTime:0.000184s ]
INFO: Run Behavior\ParseTemplateBehavior [ RunTime:0.014018s ]
INFO: [ view_parse ] --END-- [ RunTime:0.014051s ]
INFO: [ view_filter ] --START--
INFO: Run Behavior\WriteHtmlCacheBehavior [ RunTime:0.000209s ]
INFO: [ view_filter ] --END-- [ RunTime:0.000230s ]
INFO: [ app_end ] --START--
INFO: Run Behavior\ShowPageTraceBehavior [ RunTime:0.000402s ]
INFO: [ app_end ] --END-- [ RunTime:0.000431s ]

[ 2018-11-13T18:29:43+08:00 ] 127.0.0.1 /index.php/M/Index/vip
INFO: [ app_init ] --START--
INFO: Run Behavior\BuildLiteBehavior [ RunTime:0.000016s ]
INFO: [ app_init ] --END-- [ RunTime:0.000634s ]
INFO: [ app_begin ] --START--
INFO: Run Behavior\ReadHtmlCacheBehavior [ RunTime:0.000844s ]
INFO: [ app_begin ] --END-- [ RunTime:0.000937s ]
SQL: SHOW COLUMNS FROM `sp_category` [ RunTime:0.0251s ]
SQL: SELECT * FROM `sp_category` WHERE `type` = 1  [ RunTime:0.0009s ]
SQL: SHOW COLUMNS FROM `sp_article` [ RunTime:0.0147s ]
SQL: SELECT * FROM `sp_article` WHERE `cateid` = 1  [ RunTime:0.0006s ]
SQL: SELECT * FROM `sp_article` WHERE `cateid` = 2  [ RunTime:0.0005s ]
SQL: SHOW COLUMNS FROM `sp_nav` [ RunTime:0.0095s ]
SQL: SELECT * FROM `sp_nav`  [ RunTime:0.0006s ]
NOTIC: [8] Undefined offset: 1 D:\phpStudy\PHPTutorial\WWW\x\Application\M\Controller\CommonController.class.php 第 34 行.
NOTIC: [8] Undefined offset: 2 D:\phpStudy\PHPTutorial\WWW\x\Application\M\Controller\CommonController.class.php 第 35 行.
NOTIC: [8] Undefined offset: 3 D:\phpStudy\PHPTutorial\WWW\x\Application\M\Controller\CommonController.class.php 第 36 行.
SQL: SHOW COLUMNS FROM `sp_config` [ RunTime:0.0119s ]
SQL: SELECT `enname`,`value` FROM `sp_config`  [ RunTime:0.0006s ]
NOTIC: [8] Undefined variable: configres D:\phpStudy\PHPTutorial\WWW\x\Application\M\Controller\CommonController.class.php 第 45 行.
NOTIC: [8] Undefined variable: configres D:\phpStudy\PHPTutorial\WWW\x\Application\M\Controller\CommonController.class.php 第 46 行.
INFO: [ view_parse ] --START--
INFO: [ template_filter ] --START--
INFO: Run Behavior\ContentReplaceBehavior [ RunTime:0.000126s ]
INFO: [ template_filter ] --END-- [ RunTime:0.000171s ]
INFO: Run Behavior\ParseTemplateBehavior [ RunTime:0.016496s ]
INFO: [ view_parse ] --END-- [ RunTime:0.016540s ]
INFO: [ view_filter ] --START--
INFO: Run Behavior\WriteHtmlCacheBehavior [ RunTime:0.000293s ]
INFO: [ view_filter ] --END-- [ RunTime:0.000324s ]
INFO: [ app_end ] --START--
INFO: Run Behavior\ShowPageTraceBehavior [ RunTime:0.000504s ]
INFO: [ app_end ] --END-- [ RunTime:0.000549s ]

[ 2018-11-13T18:29:44+08:00 ] 127.0.0.1 /index.php/M/Index/olst_files/vkad.reset.css
INFO: [ app_init ] --START--
INFO: Run Behavior\BuildLiteBehavior [ RunTime:0.000014s ]
INFO: [ app_init ] --END-- [ RunTime:0.000398s ]
INFO: [ app_begin ] --START--
INFO: Run Behavior\ReadHtmlCacheBehavior [ RunTime:0.000420s ]
INFO: [ app_begin ] --END-- [ RunTime:0.000475s ]
SQL: SHOW COLUMNS FROM `sp_category` [ RunTime:0.0248s ]
SQL: SELECT * FROM `sp_category` WHERE `type` = 1  [ RunTime:0.0013s ]
SQL: SHOW COLUMNS FROM `sp_article` [ RunTime:0.0240s ]
SQL: SELECT * FROM `sp_article` WHERE `cateid` = 1  [ RunTime:0.0009s ]
SQL: SELECT * FROM `sp_article` WHERE `cateid` = 2  [ RunTime:0.0006s ]
SQL: SHOW COLUMNS FROM `sp_nav` [ RunTime:0.0138s ]
SQL: SELECT * FROM `sp_nav`  [ RunTime:0.0006s ]
NOTIC: [8] Undefined offset: 1 D:\phpStudy\PHPTutorial\WWW\x\Application\M\Controller\CommonController.class.php 第 34 行.
NOTIC: [8] Undefined offset: 2 D:\phpStudy\PHPTutorial\WWW\x\Application\M\Controller\CommonController.class.php 第 35 行.
NOTIC: [8] Undefined offset: 3 D:\phpStudy\PHPTutorial\WWW\x\Application\M\Controller\CommonController.class.php 第 36 行.
SQL: SHOW COLUMNS FROM `sp_config` [ RunTime:0.0134s ]
SQL: SELECT `enname`,`value` FROM `sp_config`  [ RunTime:0.0006s ]
NOTIC: [8] Undefined variable: configres D:\phpStudy\PHPTutorial\WWW\x\Application\M\Controller\CommonController.class.php 第 45 行.
NOTIC: [8] Undefined variable: configres D:\phpStudy\PHPTutorial\WWW\x\Application\M\Controller\CommonController.class.php 第 46 行.
ERR: 非法操作:olst_files

[ 2018-11-13T18:30:20+08:00 ] 127.0.0.1 /index.php/M/Index/problems
INFO: [ app_init ] --START--
INFO: Run Behavior\BuildLiteBehavior [ RunTime:0.000007s ]
INFO: [ app_init ] --END-- [ RunTime:0.000208s ]
INFO: [ app_begin ] --START--
INFO: Run Behavior\ReadHtmlCacheBehavior [ RunTime:0.000266s ]
INFO: [ app_begin ] --END-- [ RunTime:0.000295s ]
SQL: SHOW COLUMNS FROM `sp_category` [ RunTime:0.0240s ]
SQL: SELECT * FROM `sp_category` WHERE `type` = 1  [ RunTime:0.0005s ]
SQL: SHOW COLUMNS FROM `sp_article` [ RunTime:0.0137s ]
SQL: SELECT * FROM `sp_article` WHERE `cateid` = 1  [ RunTime:0.0006s ]
SQL: SELECT * FROM `sp_article` WHERE `cateid` = 2  [ RunTime:0.0004s ]
SQL: SHOW COLUMNS FROM `sp_nav` [ RunTime:0.0130s ]
SQL: SELECT * FROM `sp_nav`  [ RunTime:0.0003s ]
NOTIC: [8] Undefined offset: 1 D:\phpStudy\PHPTutorial\WWW\x\Application\M\Controller\CommonController.class.php 第 34 行.
NOTIC: [8] Undefined offset: 2 D:\phpStudy\PHPTutorial\WWW\x\Application\M\Controller\CommonController.class.php 第 35 行.
NOTIC: [8] Undefined offset: 3 D:\phpStudy\PHPTutorial\WWW\x\Application\M\Controller\CommonController.class.php 第 36 行.
SQL: SHOW COLUMNS FROM `sp_config` [ RunTime:0.0087s ]
SQL: SELECT `enname`,`value` FROM `sp_config`  [ RunTime:0.0007s ]
NOTIC: [8] Undefined variable: configres D:\phpStudy\PHPTutorial\WWW\x\Application\M\Controller\CommonController.class.php 第 45 行.
NOTIC: [8] Undefined variable: configres D:\phpStudy\PHPTutorial\WWW\x\Application\M\Controller\CommonController.class.php 第 46 行.
INFO: [ view_parse ] --START--
INFO: [ template_filter ] --START--
INFO: Run Behavior\ContentReplaceBehavior [ RunTime:0.000091s ]
INFO: [ template_filter ] --END-- [ RunTime:0.000120s ]
INFO: Run Behavior\ParseTemplateBehavior [ RunTime:0.005393s ]
INFO: [ view_parse ] --END-- [ RunTime:0.005429s ]
INFO: [ view_filter ] --START--
INFO: Run Behavior\WriteHtmlCacheBehavior [ RunTime:0.000162s ]
INFO: [ view_filter ] --END-- [ RunTime:0.000181s ]
INFO: [ app_end ] --START--
INFO: Run Behavior\ShowPageTraceBehavior [ RunTime:0.000368s ]
INFO: [ app_end ] --END-- [ RunTime:0.000401s ]

[ 2018-11-13T18:30:20+08:00 ] 127.0.0.1 /index.php/M/Index/olst_files/backtop91.png
INFO: [ app_init ] --START--
INFO: Run Behavior\BuildLiteBehavior [ RunTime:0.000021s ]
INFO: [ app_init ] --END-- [ RunTime:0.000927s ]

[ 2018-11-13T18:30:21+08:00 ] 127.0.0.1 /index.php/M/Index/olst_files/vkad.reset.css
INFO: [ app_init ] --START--
INFO: Run Behavior\BuildLiteBehavior [ RunTime:0.000017s ]
INFO: [ app_init ] --END-- [ RunTime:0.000437s ]
INFO: [ app_begin ] --START--
INFO: Run Behavior\ReadHtmlCacheBehavior [ RunTime:0.000668s ]
INFO: [ app_begin ] --END-- [ RunTime:0.000756s ]
SQL: SHOW COLUMNS FROM `sp_category` [ RunTime:0.0213s ]
SQL: SELECT * FROM `sp_category` WHERE `type` = 1  [ RunTime:0.0006s ]
SQL: SHOW COLUMNS FROM `sp_article` [ RunTime:0.0135s ]
SQL: SELECT * FROM `sp_article` WHERE `cateid` = 1  [ RunTime:0.0004s ]
SQL: SELECT * FROM `sp_article` WHERE `cateid` = 2  [ RunTime:0.0003s ]
SQL: SHOW COLUMNS FROM `sp_nav` [ RunTime:0.0132s ]
SQL: SELECT * FROM `sp_nav`  [ RunTime:0.0003s ]
NOTIC: [8] Undefined offset: 1 D:\phpStudy\PHPTutorial\WWW\x\Application\M\Controller\CommonController.class.php 第 34 行.
NOTIC: [8] Undefined offset: 2 D:\phpStudy\PHPTutorial\WWW\x\Application\M\Controller\CommonController.class.php 第 35 行.
NOTIC: [8] Undefined offset: 3 D:\phpStudy\PHPTutorial\WWW\x\Application\M\Controller\CommonController.class.php 第 36 行.
SQL: SHOW COLUMNS FROM `sp_config` [ RunTime:0.0134s ]
SQL: SELECT `enname`,`value` FROM `sp_config`  [ RunTime:0.0003s ]
NOTIC: [8] Undefined variable: configres D:\phpStudy\PHPTutorial\WWW\x\Application\M\Controller\CommonController.class.php 第 45 行.
NOTIC: [8] Undefined variable: configres D:\phpStudy\PHPTutorial\WWW\x\Application\M\Controller\CommonController.class.php 第 46 行.
ERR: 非法操作:olst_files

[ 2018-11-13T18:30:34+08:00 ] 127.0.0.1 /index.php/M/Index/problems
INFO: [ app_init ] --START--
INFO: Run Behavior\BuildLiteBehavior [ RunTime:0.000011s ]
INFO: [ app_init ] --END-- [ RunTime:0.000304s ]
INFO: [ app_begin ] --START--
INFO: Run Behavior\ReadHtmlCacheBehavior [ RunTime:0.002276s ]
INFO: [ app_begin ] --END-- [ RunTime:0.002427s ]
SQL: SHOW COLUMNS FROM `sp_category` [ RunTime:0.0189s ]
SQL: SELECT * FROM `sp_category` WHERE `type` = 1  [ RunTime:0.0007s ]
SQL: SHOW COLUMNS FROM `sp_article` [ RunTime:0.0157s ]
SQL: SELECT * FROM `sp_article` WHERE `cateid` = 1  [ RunTime:0.0005s ]
SQL: SELECT * FROM `sp_article` WHERE `cateid` = 2  [ RunTime:0.0003s ]
SQL: SHOW COLUMNS FROM `sp_nav` [ RunTime:0.0118s ]
SQL: SELECT * FROM `sp_nav`  [ RunTime:0.0003s ]
NOTIC: [8] Undefined offset: 1 D:\phpStudy\PHPTutorial\WWW\x\Application\M\Controller\CommonController.class.php 第 34 行.
NOTIC: [8] Undefined offset: 2 D:\phpStudy\PHPTutorial\WWW\x\Application\M\Controller\CommonController.class.php 第 35 行.
NOTIC: [8] Undefined offset: 3 D:\phpStudy\PHPTutorial\WWW\x\Application\M\Controller\CommonController.class.php 第 36 行.
SQL: SHOW COLUMNS FROM `sp_config` [ RunTime:0.0103s ]
SQL: SELECT `enname`,`value` FROM `sp_config`  [ RunTime:0.0003s ]
NOTIC: [8] Undefined variable: configres D:\phpStudy\PHPTutorial\WWW\x\Application\M\Controller\CommonController.class.php 第 45 行.
NOTIC: [8] Undefined variable: configres D:\phpStudy\PHPTutorial\WWW\x\Application\M\Controller\CommonController.class.php 第 46 行.
INFO: [ view_parse ] --START--
INFO: [ template_filter ] --START--
INFO: Run Behavior\ContentReplaceBehavior [ RunTime:0.000092s ]
INFO: [ template_filter ] --END-- [ RunTime:0.000123s ]
INFO: Run Behavior\ParseTemplateBehavior [ RunTime:0.005272s ]
INFO: [ view_parse ] --END-- [ RunTime:0.005318s ]
INFO: [ view_filter ] --START--
INFO: Run Behavior\WriteHtmlCacheBehavior [ RunTime:0.000164s ]
INFO: [ view_filter ] --END-- [ RunTime:0.000183s ]
INFO: [ app_end ] --START--
INFO: Run Behavior\ShowPageTraceBehavior [ RunTime:0.000327s ]
INFO: [ app_end ] --END-- [ RunTime:0.000360s ]

[ 2018-11-13T18:30:34+08:00 ] 127.0.0.1 /index.php/M/Index/olst_files/backtop91.png
INFO: [ app_init ] --START--
INFO: Run Behavior\BuildLiteBehavior [ RunTime:0.000018s ]
INFO: [ app_init ] --END-- [ RunTime:0.000481s ]

[ 2018-11-13T18:30:36+08:00 ] 127.0.0.1 /index.php/M/Index/olst_files/vkad.reset.css
INFO: [ app_init ] --START--
INFO: Run Behavior\BuildLiteBehavior [ RunTime:0.000013s ]
INFO: [ app_init ] --END-- [ RunTime:0.000418s ]
INFO: [ app_begin ] --START--
INFO: Run Behavior\ReadHtmlCacheBehavior [ RunTime:0.000670s ]
INFO: [ app_begin ] --END-- [ RunTime:0.000736s ]
SQL: SHOW COLUMNS FROM `sp_category` [ RunTime:0.0113s ]
SQL: SELECT * FROM `sp_category` WHERE `type` = 1  [ RunTime:0.0009s ]
SQL: SHOW COLUMNS FROM `sp_article` [ RunTime:0.0192s ]
SQL: SELECT * FROM `sp_article` WHERE `cateid` = 1  [ RunTime:0.0006s ]
SQL: SELECT * FROM `sp_article` WHERE `cateid` = 2  [ RunTime:0.0007s ]
SQL: SHOW COLUMNS FROM `sp_nav` [ RunTime:0.0332s ]
SQL: SELECT * FROM `sp_nav`  [ RunTime:0.0009s ]
NOTIC: [8] Undefined offset: 1 D:\phpStudy\PHPTutorial\WWW\x\Application\M\Controller\CommonController.class.php 第 34 行.
NOTIC: [8] Undefined offset: 2 D:\phpStudy\PHPTutorial\WWW\x\Application\M\Controller\CommonController.class.php 第 35 行.
NOTIC: [8] Undefined offset: 3 D:\phpStudy\PHPTutorial\WWW\x\Application\M\Controller\CommonController.class.php 第 36 行.
SQL: SHOW COLUMNS FROM `sp_config` [ RunTime:0.0163s ]
SQL: SELECT `enname`,`value` FROM `sp_config`  [ RunTime:0.0011s ]
NOTIC: [8] Undefined variable: configres D:\phpStudy\PHPTutorial\WWW\x\Application\M\Controller\CommonController.class.php 第 45 行.
NOTIC: [8] Undefined variable: configres D:\phpStudy\PHPTutorial\WWW\x\Application\M\Controller\CommonController.class.php 第 46 行.
ERR: 非法操作:olst_files

[ 2018-11-13T18:31:11+08:00 ] 127.0.0.1 /index.php/M/Index/address
INFO: [ app_init ] --START--
INFO: Run Behavior\BuildLiteBehavior [ RunTime:0.000021s ]
INFO: [ app_init ] --END-- [ RunTime:0.000438s ]
INFO: [ app_begin ] --START--
INFO: Run Behavior\ReadHtmlCacheBehavior [ RunTime:0.000560s ]
INFO: [ app_begin ] --END-- [ RunTime:0.000606s ]
SQL: SHOW COLUMNS FROM `sp_category` [ RunTime:0.0137s ]
SQL: SELECT * FROM `sp_category` WHERE `type` = 1  [ RunTime:0.0010s ]
SQL: SHOW COLUMNS FROM `sp_article` [ RunTime:0.0113s ]
SQL: SELECT * FROM `sp_article` WHERE `cateid` = 1  [ RunTime:0.0005s ]
SQL: SELECT * FROM `sp_article` WHERE `cateid` = 2  [ RunTime:0.0004s ]
SQL: SHOW COLUMNS FROM `sp_nav` [ RunTime:0.0102s ]
SQL: SELECT * FROM `sp_nav`  [ RunTime:0.0006s ]
NOTIC: [8] Undefined offset: 1 D:\phpStudy\PHPTutorial\WWW\x\Application\M\Controller\CommonController.class.php 第 34 行.
NOTIC: [8] Undefined offset: 2 D:\phpStudy\PHPTutorial\WWW\x\Application\M\Controller\CommonController.class.php 第 35 行.
NOTIC: [8] Undefined offset: 3 D:\phpStudy\PHPTutorial\WWW\x\Application\M\Controller\CommonController.class.php 第 36 行.
SQL: SHOW COLUMNS FROM `sp_config` [ RunTime:0.0101s ]
SQL: SELECT `enname`,`value` FROM `sp_config`  [ RunTime:0.0008s ]
NOTIC: [8] Undefined variable: configres D:\phpStudy\PHPTutorial\WWW\x\Application\M\Controller\CommonController.class.php 第 45 行.
NOTIC: [8] Undefined variable: configres D:\phpStudy\PHPTutorial\WWW\x\Application\M\Controller\CommonController.class.php 第 46 行.
SQL: SHOW COLUMNS FROM `sp_address` [ RunTime:0.0080s ]
SQL: SELECT * FROM `sp_address` WHERE `user_id` = 15  [ RunTime:0.0005s ]
INFO: [ view_parse ] --START--
INFO: [ template_filter ] --START--
INFO: Run Behavior\ContentReplaceBehavior [ RunTime:0.000098s ]
INFO: [ template_filter ] --END-- [ RunTime:0.000137s ]
INFO: Run Behavior\ParseTemplateBehavior [ RunTime:0.009368s ]
INFO: [ view_parse ] --END-- [ RunTime:0.009401s ]
INFO: [ view_filter ] --START--
INFO: Run Behavior\WriteHtmlCacheBehavior [ RunTime:0.000161s ]
INFO: [ view_filter ] --END-- [ RunTime:0.000181s ]
INFO: [ app_end ] --START--
INFO: Run Behavior\ShowPageTraceBehavior [ RunTime:0.000378s ]
INFO: [ app_end ] --END-- [ RunTime:0.000412s ]

[ 2018-11-13T18:31:11+08:00 ] 127.0.0.1 /index.php/M/Index/olst_files/backtop91.png
INFO: [ app_init ] --START--
INFO: Run Behavior\BuildLiteBehavior [ RunTime:0.000012s ]
INFO: [ app_init ] --END-- [ RunTime:0.000350s ]

[ 2018-11-13T18:31:12+08:00 ] 127.0.0.1 /index.php/M/Index/olst_files/vkad.reset.css
INFO: [ app_init ] --START--
INFO: Run Behavior\BuildLiteBehavior [ RunTime:0.000015s ]
INFO: [ app_init ] --END-- [ RunTime:0.000331s ]
INFO: [ app_begin ] --START--
INFO: Run Behavior\ReadHtmlCacheBehavior [ RunTime:0.000440s ]
INFO: [ app_begin ] --END-- [ RunTime:0.000501s ]
SQL: SHOW COLUMNS FROM `sp_category` [ RunTime:0.0134s ]
SQL: SELECT * FROM `sp_category` WHERE `type` = 1  [ RunTime:0.0010s ]
SQL: SHOW COLUMNS FROM `sp_article` [ RunTime:0.0100s ]
SQL: SELECT * FROM `sp_article` WHERE `cateid` = 1  [ RunTime:0.0006s ]
SQL: SELECT * FROM `sp_article` WHERE `cateid` = 2  [ RunTime:0.0004s ]
SQL: SHOW COLUMNS FROM `sp_nav` [ RunTime:0.0084s ]
SQL: SELECT * FROM `sp_nav`  [ RunTime:0.0010s ]
NOTIC: [8] Undefined offset: 1 D:\phpStudy\PHPTutorial\WWW\x\Application\M\Controller\CommonController.class.php 第 34 行.
NOTIC: [8] Undefined offset: 2 D:\phpStudy\PHPTutorial\WWW\x\Application\M\Controller\CommonController.class.php 第 35 行.
NOTIC: [8] Undefined offset: 3 D:\phpStudy\PHPTutorial\WWW\x\Application\M\Controller\CommonController.class.php 第 36 行.
SQL: SHOW COLUMNS FROM `sp_config` [ RunTime:0.0106s ]
SQL: SELECT `enname`,`value` FROM `sp_config`  [ RunTime:0.0006s ]
NOTIC: [8] Undefined variable: configres D:\phpStudy\PHPTutorial\WWW\x\Application\M\Controller\CommonController.class.php 第 45 行.
NOTIC: [8] Undefined variable: configres D:\phpStudy\PHPTutorial\WWW\x\Application\M\Controller\CommonController.class.php 第 46 行.
ERR: 非法操作:olst_files

