[ 2018-10-03T19:47:11+08:00 ] 51.38.12.13 /x/
INFO: [ app_init ] --START--
INFO: Run Behavior\BuildLiteBehavior [ RunTime:0.000027s ]
INFO: [ app_init ] --END-- [ RunTime:0.000847s ]
INFO: [ app_begin ] --START--
INFO: Run Behavior\ReadHtmlCacheBehavior [ RunTime:0.002611s ]
INFO: [ app_begin ] --END-- [ RunTime:0.002726s ]
SQL: SHOW COLUMNS FROM `sp_category` [ RunTime:0.0042s ]
SQL: SELECT * FROM `sp_category` WHERE `type` = 1  [ RunTime:0.0008s ]
SQL: SHOW COLUMNS FROM `sp_article` [ RunTime:0.0034s ]
SQL: SELECT * FROM `sp_article` WHERE `cateid` = 1  [ RunTime:0.0008s ]
SQL: SELECT * FROM `sp_article` WHERE `cateid` = 2  [ RunTime:0.0005s ]
SQL: SHOW COLUMNS FROM `sp_nav` [ RunTime:0.0034s ]
SQL: SELECT * FROM `sp_nav`  [ RunTime:0.0048s ]
NOTIC: [8] Undefined offset: 1 C:\xampp\htdocs\www\x\Application\M\Controller\CommonController.class.php 第 34 行.
NOTIC: [8] Undefined offset: 2 C:\xampp\htdocs\www\x\Application\M\Controller\CommonController.class.php 第 35 行.
NOTIC: [8] Undefined offset: 3 C:\xampp\htdocs\www\x\Application\M\Controller\CommonController.class.php 第 36 行.
SQL: SHOW COLUMNS FROM `sp_config` [ RunTime:0.0056s ]
SQL: SELECT `enname`,`value` FROM `sp_config`  [ RunTime:0.0010s ]
NOTIC: [8] Undefined variable: configres C:\xampp\htdocs\www\x\Application\M\Controller\CommonController.class.php 第 45 行.
NOTIC: [8] Undefined variable: configres C:\xampp\htdocs\www\x\Application\M\Controller\CommonController.class.php 第 46 行.
SQL: SHOW COLUMNS FROM `sp_ip` [ RunTime:0.0044s ]
SQL: SELECT * FROM `sp_ip` WHERE `ip` = '51.38.12.13' AND `area` = '法国' AND `url` = 'm_index' ORDER BY id desc LIMIT 1   [ RunTime:0.0208s ]
SQL: INSERT INTO `sp_ip` (`ip`,`area`,`url`,`time`) VALUES ('51.38.12.13','法国','m_index','1538567230') [ RunTime:0.7660s ]
SQL: SHOW COLUMNS FROM `sp_cate` [ RunTime:0.0053s ]
SQL: SELECT * FROM `sp_cate` WHERE `pid` = 0  [ RunTime:0.0005s ]
SQL: SELECT * FROM `sp_cate` WHERE `pid` = 14  [ RunTime:0.0006s ]
SQL: SELECT * FROM `sp_cate` WHERE `pid` = 15  [ RunTime:0.0003s ]
SQL: SELECT * FROM `sp_cate` WHERE `pid` = 16  [ RunTime:0.0003s ]
SQL: SELECT * FROM `sp_cate` WHERE `pid` = 17  [ RunTime:0.0002s ]
SQL: SELECT * FROM `sp_cate` WHERE `pid` = 18  [ RunTime:0.0002s ]
SQL: SELECT * FROM `sp_cate` WHERE `pid` = 19  [ RunTime:0.0002s ]
SQL: SELECT * FROM `sp_cate` WHERE `pid` = 20  [ RunTime:0.0003s ]
SQL: SELECT * FROM `sp_cate` WHERE `pid` = 21  [ RunTime:0.0002s ]
SQL: SHOW COLUMNS FROM `sp_goods` [ RunTime:0.0023s ]
SQL: SELECT * FROM `sp_goods`  [ RunTime:0.0009s ]
INFO: [ view_parse ] --START--
INFO: [ template_filter ] --START--
INFO: Run Behavior\ContentReplaceBehavior [ RunTime:0.000207s ]
INFO: [ template_filter ] --END-- [ RunTime:0.000250s ]
NOTIC: [8] Undefined index: id C:\xampp\htdocs\www\x\Application\Runtime\Cache\M\25a51a7f1f7f04d51bb1f9e1db10c1c5.php 第 588 行.
NOTIC: [8] Undefined index: id C:\xampp\htdocs\www\x\Application\Runtime\Cache\M\25a51a7f1f7f04d51bb1f9e1db10c1c5.php 第 589 行.
NOTIC: [2] Illegal string offset 'id' C:\xampp\htdocs\www\x\Application\Runtime\Cache\M\25a51a7f1f7f04d51bb1f9e1db10c1c5.php 第 588 行.
NOTIC: [2] Illegal string offset 'id' C:\xampp\htdocs\www\x\Application\Runtime\Cache\M\25a51a7f1f7f04d51bb1f9e1db10c1c5.php 第 589 行.
NOTIC: [2] Illegal string offset 'id' C:\xampp\htdocs\www\x\Application\Runtime\Cache\M\25a51a7f1f7f04d51bb1f9e1db10c1c5.php 第 588 行.
NOTIC: [2] Illegal string offset 'id' C:\xampp\htdocs\www\x\Application\Runtime\Cache\M\25a51a7f1f7f04d51bb1f9e1db10c1c5.php 第 589 行.
NOTIC: [8] Undefined index: id C:\xampp\htdocs\www\x\Application\Runtime\Cache\M\25a51a7f1f7f04d51bb1f9e1db10c1c5.php 第 588 行.
NOTIC: [8] Undefined index: id C:\xampp\htdocs\www\x\Application\Runtime\Cache\M\25a51a7f1f7f04d51bb1f9e1db10c1c5.php 第 589 行.
NOTIC: [2] Illegal string offset 'id' C:\xampp\htdocs\www\x\Application\Runtime\Cache\M\25a51a7f1f7f04d51bb1f9e1db10c1c5.php 第 588 行.
NOTIC: [2] Illegal string offset 'id' C:\xampp\htdocs\www\x\Application\Runtime\Cache\M\25a51a7f1f7f04d51bb1f9e1db10c1c5.php 第 589 行.
NOTIC: [2] Illegal string offset 'id' C:\xampp\htdocs\www\x\Application\Runtime\Cache\M\25a51a7f1f7f04d51bb1f9e1db10c1c5.php 第 588 行.
NOTIC: [2] Illegal string offset 'id' C:\xampp\htdocs\www\x\Application\Runtime\Cache\M\25a51a7f1f7f04d51bb1f9e1db10c1c5.php 第 589 行.
NOTIC: [8] Undefined index: id C:\xampp\htdocs\www\x\Application\Runtime\Cache\M\25a51a7f1f7f04d51bb1f9e1db10c1c5.php 第 588 行.
NOTIC: [8] Undefined index: id C:\xampp\htdocs\www\x\Application\Runtime\Cache\M\25a51a7f1f7f04d51bb1f9e1db10c1c5.php 第 589 行.
NOTIC: [2] Illegal string offset 'id' C:\xampp\htdocs\www\x\Application\Runtime\Cache\M\25a51a7f1f7f04d51bb1f9e1db10c1c5.php 第 588 行.
NOTIC: [2] Illegal string offset 'id' C:\xampp\htdocs\www\x\Application\Runtime\Cache\M\25a51a7f1f7f04d51bb1f9e1db10c1c5.php 第 589 行.
NOTIC: [2] Illegal string offset 'id' C:\xampp\htdocs\www\x\Application\Runtime\Cache\M\25a51a7f1f7f04d51bb1f9e1db10c1c5.php 第 588 行.
NOTIC: [2] Illegal string offset 'id' C:\xampp\htdocs\www\x\Application\Runtime\Cache\M\25a51a7f1f7f04d51bb1f9e1db10c1c5.php 第 589 行.
NOTIC: [8] Undefined index: id C:\xampp\htdocs\www\x\Application\Runtime\Cache\M\25a51a7f1f7f04d51bb1f9e1db10c1c5.php 第 588 行.
NOTIC: [8] Undefined index: id C:\xampp\htdocs\www\x\Application\Runtime\Cache\M\25a51a7f1f7f04d51bb1f9e1db10c1c5.php 第 589 行.
NOTIC: [2] Illegal string offset 'id' C:\xampp\htdocs\www\x\Application\Runtime\Cache\M\25a51a7f1f7f04d51bb1f9e1db10c1c5.php 第 588 行.
NOTIC: [2] Illegal string offset 'id' C:\xampp\htdocs\www\x\Application\Runtime\Cache\M\25a51a7f1f7f04d51bb1f9e1db10c1c5.php 第 589 行.
NOTIC: [2] Illegal string offset 'id' C:\xampp\htdocs\www\x\Application\Runtime\Cache\M\25a51a7f1f7f04d51bb1f9e1db10c1c5.php 第 588 行.
NOTIC: [2] Illegal string offset 'id' C:\xampp\htdocs\www\x\Application\Runtime\Cache\M\25a51a7f1f7f04d51bb1f9e1db10c1c5.php 第 589 行.
NOTIC: [8] Undefined index: id C:\xampp\htdocs\www\x\Application\Runtime\Cache\M\25a51a7f1f7f04d51bb1f9e1db10c1c5.php 第 588 行.
NOTIC: [8] Undefined index: id C:\xampp\htdocs\www\x\Application\Runtime\Cache\M\25a51a7f1f7f04d51bb1f9e1db10c1c5.php 第 589 行.
NOTIC: [2] Illegal string offset 'id' C:\xampp\htdocs\www\x\Application\Runtime\Cache\M\25a51a7f1f7f04d51bb1f9e1db10c1c5.php 第 588 行.
NOTIC: [2] Illegal string offset 'id' C:\xampp\htdocs\www\x\Application\Runtime\Cache\M\25a51a7f1f7f04d51bb1f9e1db10c1c5.php 第 589 行.
NOTIC: [2] Illegal string offset 'id' C:\xampp\htdocs\www\x\Application\Runtime\Cache\M\25a51a7f1f7f04d51bb1f9e1db10c1c5.php 第 588 行.
NOTIC: [2] Illegal string offset 'id' C:\xampp\htdocs\www\x\Application\Runtime\Cache\M\25a51a7f1f7f04d51bb1f9e1db10c1c5.php 第 589 行.
NOTIC: [8] Undefined index: id C:\xampp\htdocs\www\x\Application\Runtime\Cache\M\25a51a7f1f7f04d51bb1f9e1db10c1c5.php 第 588 行.
NOTIC: [8] Undefined index: id C:\xampp\htdocs\www\x\Application\Runtime\Cache\M\25a51a7f1f7f04d51bb1f9e1db10c1c5.php 第 589 行.
NOTIC: [2] Illegal string offset 'id' C:\xampp\htdocs\www\x\Application\Runtime\Cache\M\25a51a7f1f7f04d51bb1f9e1db10c1c5.php 第 588 行.
NOTIC: [2] Illegal string offset 'id' C:\xampp\htdocs\www\x\Application\Runtime\Cache\M\25a51a7f1f7f04d51bb1f9e1db10c1c5.php 第 589 行.
NOTIC: [2] Illegal string offset 'id' C:\xampp\htdocs\www\x\Application\Runtime\Cache\M\25a51a7f1f7f04d51bb1f9e1db10c1c5.php 第 588 行.
NOTIC: [2] Illegal string offset 'id' C:\xampp\htdocs\www\x\Application\Runtime\Cache\M\25a51a7f1f7f04d51bb1f9e1db10c1c5.php 第 589 行.
NOTIC: [8] Undefined index: id C:\xampp\htdocs\www\x\Application\Runtime\Cache\M\25a51a7f1f7f04d51bb1f9e1db10c1c5.php 第 588 行.
NOTIC: [8] Undefined index: id C:\xampp\htdocs\www\x\Application\Runtime\Cache\M\25a51a7f1f7f04d51bb1f9e1db10c1c5.php 第 589 行.
NOTIC: [2] Illegal string offset 'id' C:\xampp\htdocs\www\x\Application\Runtime\Cache\M\25a51a7f1f7f04d51bb1f9e1db10c1c5.php 第 588 行.
NOTIC: [2] Illegal string offset 'id' C:\xampp\htdocs\www\x\Application\Runtime\Cache\M\25a51a7f1f7f04d51bb1f9e1db10c1c5.php 第 589 行.
NOTIC: [2] Illegal string offset 'id' C:\xampp\htdocs\www\x\Application\Runtime\Cache\M\25a51a7f1f7f04d51bb1f9e1db10c1c5.php 第 588 行.
NOTIC: [2] Illegal string offset 'id' C:\xampp\htdocs\www\x\Application\Runtime\Cache\M\25a51a7f1f7f04d51bb1f9e1db10c1c5.php 第 589 行.
NOTIC: [8] Undefined index: id C:\xampp\htdocs\www\x\Application\Runtime\Cache\M\25a51a7f1f7f04d51bb1f9e1db10c1c5.php 第 588 行.
NOTIC: [8] Undefined index: id C:\xampp\htdocs\www\x\Application\Runtime\Cache\M\25a51a7f1f7f04d51bb1f9e1db10c1c5.php 第 589 行.
NOTIC: [2] Illegal string offset 'id' C:\xampp\htdocs\www\x\Application\Runtime\Cache\M\25a51a7f1f7f04d51bb1f9e1db10c1c5.php 第 588 行.
NOTIC: [2] Illegal string offset 'id' C:\xampp\htdocs\www\x\Application\Runtime\Cache\M\25a51a7f1f7f04d51bb1f9e1db10c1c5.php 第 589 行.
NOTIC: [2] Illegal string offset 'id' C:\xampp\htdocs\www\x\Application\Runtime\Cache\M\25a51a7f1f7f04d51bb1f9e1db10c1c5.php 第 588 行.
NOTIC: [2] Illegal string offset 'id' C:\xampp\htdocs\www\x\Application\Runtime\Cache\M\25a51a7f1f7f04d51bb1f9e1db10c1c5.php 第 589 行.
INFO: Run Behavior\ParseTemplateBehavior [ RunTime:0.019463s ]
INFO: [ view_parse ] --END-- [ RunTime:0.019501s ]
INFO: [ view_filter ] --START--
INFO: Run Behavior\WriteHtmlCacheBehavior [ RunTime:0.000305s ]
INFO: [ view_filter ] --END-- [ RunTime:0.000328s ]
INFO: [ app_end ] --START--
INFO: Run Behavior\ShowPageTraceBehavior [ RunTime:0.000605s ]
INFO: [ app_end ] --END-- [ RunTime:0.000638s ]

