[ 2018-11-01T18:07:41+08:00 ] 127.0.0.1 /index.php/M/Index/car
INFO: [ app_init ] --START--
INFO: Run Behavior\BuildLiteBehavior [ RunTime:0.000008s ]
INFO: [ app_init ] --END-- [ RunTime:0.000198s ]
INFO: [ app_begin ] --START--
INFO: Run Behavior\ReadHtmlCacheBehavior [ RunTime:0.000344s ]
INFO: [ app_begin ] --END-- [ RunTime:0.000389s ]
SQL: SHOW COLUMNS FROM `sp_category` [ RunTime:0.0100s ]
SQL: SELECT * FROM `sp_category` WHERE `type` = 1  [ RunTime:0.0010s ]
SQL: SHOW COLUMNS FROM `sp_article` [ RunTime:0.0109s ]
SQL: SELECT * FROM `sp_article` WHERE `cateid` = 1  [ RunTime:0.0006s ]
SQL: SELECT * FROM `sp_article` WHERE `cateid` = 2  [ RunTime:0.0005s ]
SQL: SHOW COLUMNS FROM `sp_nav` [ RunTime:0.0061s ]
SQL: SELECT * FROM `sp_nav`  [ RunTime:0.0004s ]
NOTIC: [8] Undefined offset: 1 D:\phpStudy\PHPTutorial\WWW\x\Application\M\Controller\CommonController.class.php 第 34 行.
NOTIC: [8] Undefined offset: 2 D:\phpStudy\PHPTutorial\WWW\x\Application\M\Controller\CommonController.class.php 第 35 行.
NOTIC: [8] Undefined offset: 3 D:\phpStudy\PHPTutorial\WWW\x\Application\M\Controller\CommonController.class.php 第 36 行.
SQL: SHOW COLUMNS FROM `sp_config` [ RunTime:0.0061s ]
SQL: SELECT `enname`,`value` FROM `sp_config`  [ RunTime:0.0006s ]
NOTIC: [8] Undefined variable: configres D:\phpStudy\PHPTutorial\WWW\x\Application\M\Controller\CommonController.class.php 第 45 行.
NOTIC: [8] Undefined variable: configres D:\phpStudy\PHPTutorial\WWW\x\Application\M\Controller\CommonController.class.php 第 46 行.
NOTIC: [2] array_column() expects parameter 1 to be array, null given D:\phpStudy\PHPTutorial\WWW\x\Application\M\Controller\IndexController.class.php 第 463 行.
NOTIC: [2] array_multisort(): Argument #1 is expected to be an array or a sort flag D:\phpStudy\PHPTutorial\WWW\x\Application\M\Controller\IndexController.class.php 第 464 行.
INFO: [ view_parse ] --START--
INFO: [ template_filter ] --START--
INFO: Run Behavior\ContentReplaceBehavior [ RunTime:0.000291s ]
INFO: [ template_filter ] --END-- [ RunTime:0.000343s ]
NOTIC: [8] Undefined index: sid D:\phpStudy\PHPTutorial\WWW\x\Application\Runtime\Cache\M\3782b0e4fe640b684821f92da6b8c9bc.php 第 419 行.
INFO: Run Behavior\ParseTemplateBehavior [ RunTime:0.016023s ]
INFO: [ view_parse ] --END-- [ RunTime:0.016133s ]
INFO: [ view_filter ] --START--
INFO: Run Behavior\WriteHtmlCacheBehavior [ RunTime:0.000224s ]
INFO: [ view_filter ] --END-- [ RunTime:0.000254s ]
INFO: [ app_end ] --START--
INFO: Run Behavior\ShowPageTraceBehavior [ RunTime:0.000743s ]
INFO: [ app_end ] --END-- [ RunTime:0.000807s ]

[ 2018-11-01T18:07:46+08:00 ] 127.0.0.1 /index.php/M/Index/grzx
INFO: [ app_init ] --START--
INFO: Run Behavior\BuildLiteBehavior [ RunTime:0.000008s ]
INFO: [ app_init ] --END-- [ RunTime:0.000229s ]
INFO: [ app_begin ] --START--
INFO: Run Behavior\ReadHtmlCacheBehavior [ RunTime:0.000272s ]
INFO: [ app_begin ] --END-- [ RunTime:0.000302s ]
SQL: SHOW COLUMNS FROM `sp_category` [ RunTime:0.0223s ]
SQL: SELECT * FROM `sp_category` WHERE `type` = 1  [ RunTime:0.0008s ]
SQL: SHOW COLUMNS FROM `sp_article` [ RunTime:0.0075s ]
SQL: SELECT * FROM `sp_article` WHERE `cateid` = 1  [ RunTime:0.0005s ]
SQL: SELECT * FROM `sp_article` WHERE `cateid` = 2  [ RunTime:0.0005s ]
SQL: SHOW COLUMNS FROM `sp_nav` [ RunTime:0.0064s ]
SQL: SELECT * FROM `sp_nav`  [ RunTime:0.0004s ]
NOTIC: [8] Undefined offset: 1 D:\phpStudy\PHPTutorial\WWW\x\Application\M\Controller\CommonController.class.php 第 34 行.
NOTIC: [8] Undefined offset: 2 D:\phpStudy\PHPTutorial\WWW\x\Application\M\Controller\CommonController.class.php 第 35 行.
NOTIC: [8] Undefined offset: 3 D:\phpStudy\PHPTutorial\WWW\x\Application\M\Controller\CommonController.class.php 第 36 行.
SQL: SHOW COLUMNS FROM `sp_config` [ RunTime:0.0073s ]
SQL: SELECT `enname`,`value` FROM `sp_config`  [ RunTime:0.0005s ]
NOTIC: [8] Undefined variable: configres D:\phpStudy\PHPTutorial\WWW\x\Application\M\Controller\CommonController.class.php 第 45 行.
NOTIC: [8] Undefined variable: configres D:\phpStudy\PHPTutorial\WWW\x\Application\M\Controller\CommonController.class.php 第 46 行.
INFO: [ view_parse ] --START--
INFO: [ template_filter ] --START--
INFO: Run Behavior\ContentReplaceBehavior [ RunTime:0.000127s ]
INFO: [ template_filter ] --END-- [ RunTime:0.000251s ]
NOTIC: [8] Undefined index: user D:\phpStudy\PHPTutorial\WWW\x\Application\Runtime\Cache\M\f89eace6278e6d0ce196e23c257c572d.php 第 120 行.
NOTIC: [8] Undefined index: user D:\phpStudy\PHPTutorial\WWW\x\Application\Runtime\Cache\M\f89eace6278e6d0ce196e23c257c572d.php 第 136 行.
NOTIC: [8] Undefined index: user D:\phpStudy\PHPTutorial\WWW\x\Application\Runtime\Cache\M\f89eace6278e6d0ce196e23c257c572d.php 第 197 行.
INFO: Run Behavior\ParseTemplateBehavior [ RunTime:0.013254s ]
INFO: [ view_parse ] --END-- [ RunTime:0.013348s ]
INFO: [ view_filter ] --START--
INFO: Run Behavior\WriteHtmlCacheBehavior [ RunTime:0.000509s ]
INFO: [ view_filter ] --END-- [ RunTime:0.000619s ]
INFO: [ app_end ] --START--
INFO: Run Behavior\ShowPageTraceBehavior [ RunTime:0.000870s ]
INFO: [ app_end ] --END-- [ RunTime:0.000939s ]

[ 2018-11-01T18:07:49+08:00 ] 127.0.0.1 /index.php/M/Index/car
INFO: [ app_init ] --START--
INFO: Run Behavior\BuildLiteBehavior [ RunTime:0.000010s ]
INFO: [ app_init ] --END-- [ RunTime:0.000277s ]
INFO: [ app_begin ] --START--
INFO: Run Behavior\ReadHtmlCacheBehavior [ RunTime:0.000328s ]
INFO: [ app_begin ] --END-- [ RunTime:0.000363s ]
SQL: SHOW COLUMNS FROM `sp_category` [ RunTime:0.0108s ]
SQL: SELECT * FROM `sp_category` WHERE `type` = 1  [ RunTime:0.0008s ]
SQL: SHOW COLUMNS FROM `sp_article` [ RunTime:0.0103s ]
SQL: SELECT * FROM `sp_article` WHERE `cateid` = 1  [ RunTime:0.0008s ]
SQL: SELECT * FROM `sp_article` WHERE `cateid` = 2  [ RunTime:0.0007s ]
SQL: SHOW COLUMNS FROM `sp_nav` [ RunTime:0.0111s ]
SQL: SELECT * FROM `sp_nav`  [ RunTime:0.0008s ]
NOTIC: [8] Undefined offset: 1 D:\phpStudy\PHPTutorial\WWW\x\Application\M\Controller\CommonController.class.php 第 34 行.
NOTIC: [8] Undefined offset: 2 D:\phpStudy\PHPTutorial\WWW\x\Application\M\Controller\CommonController.class.php 第 35 行.
NOTIC: [8] Undefined offset: 3 D:\phpStudy\PHPTutorial\WWW\x\Application\M\Controller\CommonController.class.php 第 36 行.
SQL: SHOW COLUMNS FROM `sp_config` [ RunTime:0.0074s ]
SQL: SELECT `enname`,`value` FROM `sp_config`  [ RunTime:0.0005s ]
NOTIC: [8] Undefined variable: configres D:\phpStudy\PHPTutorial\WWW\x\Application\M\Controller\CommonController.class.php 第 45 行.
NOTIC: [8] Undefined variable: configres D:\phpStudy\PHPTutorial\WWW\x\Application\M\Controller\CommonController.class.php 第 46 行.
NOTIC: [2] array_column() expects parameter 1 to be array, null given D:\phpStudy\PHPTutorial\WWW\x\Application\M\Controller\IndexController.class.php 第 463 行.
NOTIC: [2] array_multisort(): Argument #1 is expected to be an array or a sort flag D:\phpStudy\PHPTutorial\WWW\x\Application\M\Controller\IndexController.class.php 第 464 行.
INFO: [ view_parse ] --START--
INFO: [ template_filter ] --START--
INFO: Run Behavior\ContentReplaceBehavior [ RunTime:0.000646s ]
INFO: [ template_filter ] --END-- [ RunTime:0.000752s ]
NOTIC: [8] Undefined index: sid D:\phpStudy\PHPTutorial\WWW\x\Application\Runtime\Cache\M\3782b0e4fe640b684821f92da6b8c9bc.php 第 419 行.
INFO: Run Behavior\ParseTemplateBehavior [ RunTime:0.021613s ]
INFO: [ view_parse ] --END-- [ RunTime:0.021718s ]
INFO: [ view_filter ] --START--
INFO: Run Behavior\WriteHtmlCacheBehavior [ RunTime:0.000357s ]
INFO: [ view_filter ] --END-- [ RunTime:0.000397s ]
INFO: [ app_end ] --START--
INFO: Run Behavior\ShowPageTraceBehavior [ RunTime:0.000674s ]
INFO: [ app_end ] --END-- [ RunTime:0.000747s ]

[ 2018-11-01T18:08:06+08:00 ] 127.0.0.1 /index.php/M/Index/grzx
INFO: [ app_init ] --START--
INFO: Run Behavior\BuildLiteBehavior [ RunTime:0.000008s ]
INFO: [ app_init ] --END-- [ RunTime:0.000200s ]
INFO: [ app_begin ] --START--
INFO: Run Behavior\ReadHtmlCacheBehavior [ RunTime:0.000315s ]
INFO: [ app_begin ] --END-- [ RunTime:0.000346s ]
SQL: SHOW COLUMNS FROM `sp_category` [ RunTime:0.0201s ]
SQL: SELECT * FROM `sp_category` WHERE `type` = 1  [ RunTime:0.0008s ]
SQL: SHOW COLUMNS FROM `sp_article` [ RunTime:0.0107s ]
SQL: SELECT * FROM `sp_article` WHERE `cateid` = 1  [ RunTime:0.0008s ]
SQL: SELECT * FROM `sp_article` WHERE `cateid` = 2  [ RunTime:0.0007s ]
SQL: SHOW COLUMNS FROM `sp_nav` [ RunTime:0.0123s ]
SQL: SELECT * FROM `sp_nav`  [ RunTime:0.0007s ]
NOTIC: [8] Undefined offset: 1 D:\phpStudy\PHPTutorial\WWW\x\Application\M\Controller\CommonController.class.php 第 34 行.
NOTIC: [8] Undefined offset: 2 D:\phpStudy\PHPTutorial\WWW\x\Application\M\Controller\CommonController.class.php 第 35 行.
NOTIC: [8] Undefined offset: 3 D:\phpStudy\PHPTutorial\WWW\x\Application\M\Controller\CommonController.class.php 第 36 行.
SQL: SHOW COLUMNS FROM `sp_config` [ RunTime:0.0102s ]
SQL: SELECT `enname`,`value` FROM `sp_config`  [ RunTime:0.0006s ]
NOTIC: [8] Undefined variable: configres D:\phpStudy\PHPTutorial\WWW\x\Application\M\Controller\CommonController.class.php 第 45 行.
NOTIC: [8] Undefined variable: configres D:\phpStudy\PHPTutorial\WWW\x\Application\M\Controller\CommonController.class.php 第 46 行.
INFO: [ view_parse ] --START--
INFO: [ template_filter ] --START--
INFO: Run Behavior\ContentReplaceBehavior [ RunTime:0.000191s ]
INFO: [ template_filter ] --END-- [ RunTime:0.000320s ]
NOTIC: [8] Undefined index: user D:\phpStudy\PHPTutorial\WWW\x\Application\Runtime\Cache\M\f89eace6278e6d0ce196e23c257c572d.php 第 120 行.
NOTIC: [8] Undefined index: user D:\phpStudy\PHPTutorial\WWW\x\Application\Runtime\Cache\M\f89eace6278e6d0ce196e23c257c572d.php 第 136 行.
NOTIC: [8] Undefined index: user D:\phpStudy\PHPTutorial\WWW\x\Application\Runtime\Cache\M\f89eace6278e6d0ce196e23c257c572d.php 第 197 行.
INFO: Run Behavior\ParseTemplateBehavior [ RunTime:0.020447s ]
INFO: [ view_parse ] --END-- [ RunTime:0.020659s ]
INFO: [ view_filter ] --START--
INFO: Run Behavior\WriteHtmlCacheBehavior [ RunTime:0.001179s ]
INFO: [ view_filter ] --END-- [ RunTime:0.001337s ]
INFO: [ app_end ] --START--
INFO: Run Behavior\ShowPageTraceBehavior [ RunTime:0.001708s ]
INFO: [ app_end ] --END-- [ RunTime:0.001878s ]

[ 2018-11-01T18:08:09+08:00 ] 127.0.0.1 /index.php/M/Index/login.html
INFO: [ app_init ] --START--
INFO: Run Behavior\BuildLiteBehavior [ RunTime:0.000008s ]
INFO: [ app_init ] --END-- [ RunTime:0.000192s ]
INFO: [ app_begin ] --START--
INFO: Run Behavior\ReadHtmlCacheBehavior [ RunTime:0.000507s ]
INFO: [ app_begin ] --END-- [ RunTime:0.000559s ]
SQL: SHOW COLUMNS FROM `sp_category` [ RunTime:0.0134s ]
SQL: SELECT * FROM `sp_category` WHERE `type` = 1  [ RunTime:0.0008s ]
SQL: SHOW COLUMNS FROM `sp_article` [ RunTime:0.0120s ]
SQL: SELECT * FROM `sp_article` WHERE `cateid` = 1  [ RunTime:0.0009s ]
SQL: SELECT * FROM `sp_article` WHERE `cateid` = 2  [ RunTime:0.0008s ]
SQL: SHOW COLUMNS FROM `sp_nav` [ RunTime:0.0114s ]
SQL: SELECT * FROM `sp_nav`  [ RunTime:0.0007s ]
NOTIC: [8] Undefined offset: 1 D:\phpStudy\PHPTutorial\WWW\x\Application\M\Controller\CommonController.class.php 第 34 行.
NOTIC: [8] Undefined offset: 2 D:\phpStudy\PHPTutorial\WWW\x\Application\M\Controller\CommonController.class.php 第 35 行.
NOTIC: [8] Undefined offset: 3 D:\phpStudy\PHPTutorial\WWW\x\Application\M\Controller\CommonController.class.php 第 36 行.
SQL: SHOW COLUMNS FROM `sp_config` [ RunTime:0.0082s ]
SQL: SELECT `enname`,`value` FROM `sp_config`  [ RunTime:0.0005s ]
NOTIC: [8] Undefined variable: configres D:\phpStudy\PHPTutorial\WWW\x\Application\M\Controller\CommonController.class.php 第 45 行.
NOTIC: [8] Undefined variable: configres D:\phpStudy\PHPTutorial\WWW\x\Application\M\Controller\CommonController.class.php 第 46 行.
INFO: [ view_parse ] --START--
INFO: [ template_filter ] --START--
INFO: Run Behavior\ContentReplaceBehavior [ RunTime:0.000090s ]
INFO: [ template_filter ] --END-- [ RunTime:0.000178s ]
INFO: Run Behavior\ParseTemplateBehavior [ RunTime:0.011008s ]
INFO: [ view_parse ] --END-- [ RunTime:0.011140s ]
INFO: [ view_filter ] --START--
INFO: Run Behavior\WriteHtmlCacheBehavior [ RunTime:0.000446s ]
INFO: [ view_filter ] --END-- [ RunTime:0.000513s ]
INFO: [ app_end ] --START--
INFO: Run Behavior\ShowPageTraceBehavior [ RunTime:0.000860s ]
INFO: [ app_end ] --END-- [ RunTime:0.000935s ]

[ 2018-11-01T18:08:19+08:00 ] 127.0.0.1 /index.php/M/Index/login.html
INFO: [ app_init ] --START--
INFO: Run Behavior\BuildLiteBehavior [ RunTime:0.000008s ]
INFO: [ app_init ] --END-- [ RunTime:0.000206s ]
INFO: [ app_begin ] --START--
INFO: Run Behavior\ReadHtmlCacheBehavior [ RunTime:0.000266s ]
INFO: [ app_begin ] --END-- [ RunTime:0.000301s ]
SQL: SHOW COLUMNS FROM `sp_category` [ RunTime:0.0024s ]
SQL: SELECT * FROM `sp_category` WHERE `type` = 1  [ RunTime:0.0002s ]
SQL: SHOW COLUMNS FROM `sp_article` [ RunTime:0.0026s ]
SQL: SELECT * FROM `sp_article` WHERE `cateid` = 1  [ RunTime:0.0002s ]
SQL: SELECT * FROM `sp_article` WHERE `cateid` = 2  [ RunTime:0.0002s ]
SQL: SHOW COLUMNS FROM `sp_nav` [ RunTime:0.0029s ]
SQL: SELECT * FROM `sp_nav`  [ RunTime:0.0002s ]
NOTIC: [8] Undefined offset: 1 D:\phpStudy\PHPTutorial\WWW\x\Application\M\Controller\CommonController.class.php 第 34 行.
NOTIC: [8] Undefined offset: 2 D:\phpStudy\PHPTutorial\WWW\x\Application\M\Controller\CommonController.class.php 第 35 行.
NOTIC: [8] Undefined offset: 3 D:\phpStudy\PHPTutorial\WWW\x\Application\M\Controller\CommonController.class.php 第 36 行.
SQL: SHOW COLUMNS FROM `sp_config` [ RunTime:0.0026s ]
SQL: SELECT `enname`,`value` FROM `sp_config`  [ RunTime:0.0002s ]
NOTIC: [8] Undefined variable: configres D:\phpStudy\PHPTutorial\WWW\x\Application\M\Controller\CommonController.class.php 第 45 行.
NOTIC: [8] Undefined variable: configres D:\phpStudy\PHPTutorial\WWW\x\Application\M\Controller\CommonController.class.php 第 46 行.
SQL: SHOW COLUMNS FROM `sp_user` [ RunTime:0.0043s ]
SQL: SELECT * FROM `sp_user` WHERE `phone` = '15626140870' LIMIT 1   [ RunTime:0.0002s ]
INFO: [ view_parse ] --START--
INFO: [ template_filter ] --START--
INFO: Run Behavior\ContentReplaceBehavior [ RunTime:0.000019s ]
INFO: [ template_filter ] --END-- [ RunTime:0.000050s ]
INFO: Run Behavior\ParseTemplateBehavior [ RunTime:0.003698s ]
INFO: [ view_parse ] --END-- [ RunTime:0.003743s ]
INFO: [ view_filter ] --START--
INFO: Run Behavior\WriteHtmlCacheBehavior [ RunTime:0.000141s ]
INFO: [ view_filter ] --END-- [ RunTime:0.000160s ]
INFO: [ app_end ] --START--
INFO: Run Behavior\ShowPageTraceBehavior [ RunTime:0.000276s ]
INFO: [ app_end ] --END-- [ RunTime:0.000298s ]

[ 2018-11-01T18:08:22+08:00 ] 127.0.0.1 /index.php/M/Index/grzx.html
INFO: [ app_init ] --START--
INFO: Run Behavior\BuildLiteBehavior [ RunTime:0.000068s ]
INFO: [ app_init ] --END-- [ RunTime:0.001175s ]
INFO: [ app_begin ] --START--
INFO: Run Behavior\ReadHtmlCacheBehavior [ RunTime:0.000419s ]
INFO: [ app_begin ] --END-- [ RunTime:0.000469s ]
SQL: SHOW COLUMNS FROM `sp_category` [ RunTime:0.0228s ]
SQL: SELECT * FROM `sp_category` WHERE `type` = 1  [ RunTime:0.0008s ]
SQL: SHOW COLUMNS FROM `sp_article` [ RunTime:0.0105s ]
SQL: SELECT * FROM `sp_article` WHERE `cateid` = 1  [ RunTime:0.0008s ]
SQL: SELECT * FROM `sp_article` WHERE `cateid` = 2  [ RunTime:0.0009s ]
SQL: SHOW COLUMNS FROM `sp_nav` [ RunTime:0.0116s ]
SQL: SELECT * FROM `sp_nav`  [ RunTime:0.0007s ]
NOTIC: [8] Undefined offset: 1 D:\phpStudy\PHPTutorial\WWW\x\Application\M\Controller\CommonController.class.php 第 34 行.
NOTIC: [8] Undefined offset: 2 D:\phpStudy\PHPTutorial\WWW\x\Application\M\Controller\CommonController.class.php 第 35 行.
NOTIC: [8] Undefined offset: 3 D:\phpStudy\PHPTutorial\WWW\x\Application\M\Controller\CommonController.class.php 第 36 行.
SQL: SHOW COLUMNS FROM `sp_config` [ RunTime:0.0117s ]
SQL: SELECT `enname`,`value` FROM `sp_config`  [ RunTime:0.0007s ]
NOTIC: [8] Undefined variable: configres D:\phpStudy\PHPTutorial\WWW\x\Application\M\Controller\CommonController.class.php 第 45 行.
NOTIC: [8] Undefined variable: configres D:\phpStudy\PHPTutorial\WWW\x\Application\M\Controller\CommonController.class.php 第 46 行.
INFO: [ view_parse ] --START--
INFO: [ template_filter ] --START--
INFO: Run Behavior\ContentReplaceBehavior [ RunTime:0.000191s ]
INFO: [ template_filter ] --END-- [ RunTime:0.000313s ]
INFO: Run Behavior\ParseTemplateBehavior [ RunTime:0.019285s ]
INFO: [ view_parse ] --END-- [ RunTime:0.019558s ]
INFO: [ view_filter ] --START--
INFO: Run Behavior\WriteHtmlCacheBehavior [ RunTime:0.001147s ]
INFO: [ view_filter ] --END-- [ RunTime:0.001303s ]
INFO: [ app_end ] --START--
INFO: Run Behavior\ShowPageTraceBehavior [ RunTime:0.001845s ]
INFO: [ app_end ] --END-- [ RunTime:0.002030s ]

[ 2018-11-01T18:08:23+08:00 ] 127.0.0.1 /index.php/M/Index/grzx.html
INFO: [ app_init ] --START--
INFO: Run Behavior\BuildLiteBehavior [ RunTime:0.000026s ]
INFO: [ app_init ] --END-- [ RunTime:0.000355s ]
INFO: [ app_begin ] --START--
INFO: Run Behavior\ReadHtmlCacheBehavior [ RunTime:0.000438s ]
INFO: [ app_begin ] --END-- [ RunTime:0.000487s ]
SQL: SHOW COLUMNS FROM `sp_category` [ RunTime:0.0100s ]
SQL: SELECT * FROM `sp_category` WHERE `type` = 1  [ RunTime:0.0009s ]
SQL: SHOW COLUMNS FROM `sp_article` [ RunTime:0.0108s ]
SQL: SELECT * FROM `sp_article` WHERE `cateid` = 1  [ RunTime:0.0008s ]
SQL: SELECT * FROM `sp_article` WHERE `cateid` = 2  [ RunTime:0.0007s ]
SQL: SHOW COLUMNS FROM `sp_nav` [ RunTime:0.0178s ]
SQL: SELECT * FROM `sp_nav`  [ RunTime:0.0008s ]
NOTIC: [8] Undefined offset: 1 D:\phpStudy\PHPTutorial\WWW\x\Application\M\Controller\CommonController.class.php 第 34 行.
NOTIC: [8] Undefined offset: 2 D:\phpStudy\PHPTutorial\WWW\x\Application\M\Controller\CommonController.class.php 第 35 行.
NOTIC: [8] Undefined offset: 3 D:\phpStudy\PHPTutorial\WWW\x\Application\M\Controller\CommonController.class.php 第 36 行.
SQL: SHOW COLUMNS FROM `sp_config` [ RunTime:0.0101s ]
SQL: SELECT `enname`,`value` FROM `sp_config`  [ RunTime:0.0006s ]
NOTIC: [8] Undefined variable: configres D:\phpStudy\PHPTutorial\WWW\x\Application\M\Controller\CommonController.class.php 第 45 行.
NOTIC: [8] Undefined variable: configres D:\phpStudy\PHPTutorial\WWW\x\Application\M\Controller\CommonController.class.php 第 46 行.
INFO: [ view_parse ] --START--
INFO: [ template_filter ] --START--
INFO: Run Behavior\ContentReplaceBehavior [ RunTime:0.000194s ]
INFO: [ template_filter ] --END-- [ RunTime:0.000334s ]
INFO: Run Behavior\ParseTemplateBehavior [ RunTime:0.025243s ]
INFO: [ view_parse ] --END-- [ RunTime:0.025448s ]
INFO: [ view_filter ] --START--
INFO: Run Behavior\WriteHtmlCacheBehavior [ RunTime:0.000653s ]
INFO: [ view_filter ] --END-- [ RunTime:0.000742s ]
INFO: [ app_end ] --START--
INFO: Run Behavior\ShowPageTraceBehavior [ RunTime:0.001143s ]
INFO: [ app_end ] --END-- [ RunTime:0.001246s ]

[ 2018-11-01T18:08:25+08:00 ] 127.0.0.1 /index.php/M/Index/car
INFO: [ app_init ] --START--
INFO: Run Behavior\BuildLiteBehavior [ RunTime:0.000010s ]
INFO: [ app_init ] --END-- [ RunTime:0.000294s ]
INFO: [ app_begin ] --START--
INFO: Run Behavior\ReadHtmlCacheBehavior [ RunTime:0.000423s ]
INFO: [ app_begin ] --END-- [ RunTime:0.000467s ]
SQL: SHOW COLUMNS FROM `sp_category` [ RunTime:0.0091s ]
SQL: SELECT * FROM `sp_category` WHERE `type` = 1  [ RunTime:0.0005s ]
SQL: SHOW COLUMNS FROM `sp_article` [ RunTime:0.0067s ]
SQL: SELECT * FROM `sp_article` WHERE `cateid` = 1  [ RunTime:0.0007s ]
SQL: SELECT * FROM `sp_article` WHERE `cateid` = 2  [ RunTime:0.0005s ]
SQL: SHOW COLUMNS FROM `sp_nav` [ RunTime:0.0065s ]
SQL: SELECT * FROM `sp_nav`  [ RunTime:0.0004s ]
NOTIC: [8] Undefined offset: 1 D:\phpStudy\PHPTutorial\WWW\x\Application\M\Controller\CommonController.class.php 第 34 行.
NOTIC: [8] Undefined offset: 2 D:\phpStudy\PHPTutorial\WWW\x\Application\M\Controller\CommonController.class.php 第 35 行.
NOTIC: [8] Undefined offset: 3 D:\phpStudy\PHPTutorial\WWW\x\Application\M\Controller\CommonController.class.php 第 36 行.
SQL: SHOW COLUMNS FROM `sp_config` [ RunTime:0.0061s ]
SQL: SELECT `enname`,`value` FROM `sp_config`  [ RunTime:0.0004s ]
NOTIC: [8] Undefined variable: configres D:\phpStudy\PHPTutorial\WWW\x\Application\M\Controller\CommonController.class.php 第 45 行.
NOTIC: [8] Undefined variable: configres D:\phpStudy\PHPTutorial\WWW\x\Application\M\Controller\CommonController.class.php 第 46 行.
NOTIC: [2] array_column() expects parameter 1 to be array, null given D:\phpStudy\PHPTutorial\WWW\x\Application\M\Controller\IndexController.class.php 第 463 行.
NOTIC: [2] array_multisort(): Argument #1 is expected to be an array or a sort flag D:\phpStudy\PHPTutorial\WWW\x\Application\M\Controller\IndexController.class.php 第 464 行.
INFO: [ view_parse ] --START--
INFO: [ template_filter ] --START--
INFO: Run Behavior\ContentReplaceBehavior [ RunTime:0.000248s ]
INFO: [ template_filter ] --END-- [ RunTime:0.000289s ]
NOTIC: [8] Undefined index: sid D:\phpStudy\PHPTutorial\WWW\x\Application\Runtime\Cache\M\3782b0e4fe640b684821f92da6b8c9bc.php 第 419 行.
INFO: Run Behavior\ParseTemplateBehavior [ RunTime:0.011590s ]
INFO: [ view_parse ] --END-- [ RunTime:0.011665s ]
INFO: [ view_filter ] --START--
INFO: Run Behavior\WriteHtmlCacheBehavior [ RunTime:0.000196s ]
INFO: [ view_filter ] --END-- [ RunTime:0.000226s ]
INFO: [ app_end ] --START--
INFO: Run Behavior\ShowPageTraceBehavior [ RunTime:0.000515s ]
INFO: [ app_end ] --END-- [ RunTime:0.000573s ]

[ 2018-11-01T18:08:30+08:00 ] 127.0.0.1 /index.php/M/Index/index
INFO: [ app_init ] --START--
INFO: Run Behavior\BuildLiteBehavior [ RunTime:0.000010s ]
INFO: [ app_init ] --END-- [ RunTime:0.000257s ]
INFO: [ app_begin ] --START--
INFO: Run Behavior\ReadHtmlCacheBehavior [ RunTime:0.000563s ]
INFO: [ app_begin ] --END-- [ RunTime:0.000719s ]
SQL: SHOW COLUMNS FROM `sp_category` [ RunTime:0.0105s ]
SQL: SELECT * FROM `sp_category` WHERE `type` = 1  [ RunTime:0.0008s ]
SQL: SHOW COLUMNS FROM `sp_article` [ RunTime:0.0106s ]
SQL: SELECT * FROM `sp_article` WHERE `cateid` = 1  [ RunTime:0.0009s ]
SQL: SELECT * FROM `sp_article` WHERE `cateid` = 2  [ RunTime:0.0007s ]
SQL: SHOW COLUMNS FROM `sp_nav` [ RunTime:0.0101s ]
SQL: SELECT * FROM `sp_nav`  [ RunTime:0.0006s ]
NOTIC: [8] Undefined offset: 1 D:\phpStudy\PHPTutorial\WWW\x\Application\M\Controller\CommonController.class.php 第 34 行.
NOTIC: [8] Undefined offset: 2 D:\phpStudy\PHPTutorial\WWW\x\Application\M\Controller\CommonController.class.php 第 35 行.
NOTIC: [8] Undefined offset: 3 D:\phpStudy\PHPTutorial\WWW\x\Application\M\Controller\CommonController.class.php 第 36 行.
SQL: SHOW COLUMNS FROM `sp_config` [ RunTime:0.0121s ]
SQL: SELECT `enname`,`value` FROM `sp_config`  [ RunTime:0.0007s ]
NOTIC: [8] Undefined variable: configres D:\phpStudy\PHPTutorial\WWW\x\Application\M\Controller\CommonController.class.php 第 45 行.
NOTIC: [8] Undefined variable: configres D:\phpStudy\PHPTutorial\WWW\x\Application\M\Controller\CommonController.class.php 第 46 行.
NOTIC: [2] file_get_contents(): Unable to find the wrapper &quot;https&quot; - did you forget to enable it when you configured PHP? D:\phpStudy\PHPTutorial\WWW\x\Application\M\Controller\IndexController.class.php 第 21 行.
NOTIC: [2] file_get_contents(https://sp0.baidu.com/8aQDcjqpAAV3otqbppnN2DJv/api.php?query=127.0.0.1&amp;co=&amp;resource_id=6006&amp;t=1488163851795&amp;ie=utf8&amp;oe=gbk&amp;cb=op_aladdin_callback&amp;format=json&amp;tn=baidu&amp;cb=jQuery1102007553074611919763_1488163568327&amp;_=1488163568331): failed to open stream: No such file or directory D:\phpStudy\PHPTutorial\WWW\x\Application\M\Controller\IndexController.class.php 第 21 行.
SQL: SHOW COLUMNS FROM `sp_ip` [ RunTime:0.0126s ]
SQL: SELECT * FROM `sp_ip` WHERE `ip` = '127.0.0.1' AND `area` = '' AND `url` = 'm_index' ORDER BY id desc LIMIT 1   [ RunTime:0.0008s ]
SQL: UPDATE `sp_ip` SET `ip`='127.0.0.1',`area`='',`url`='m_index',`btime`='1541066910',`count`='106' WHERE `ip` = '127.0.0.1' [ RunTime:0.0035s ]
SQL: SHOW COLUMNS FROM `sp_cate` [ RunTime:0.0090s ]
SQL: SELECT * FROM `sp_cate` WHERE `pid` = 14  [ RunTime:0.0006s ]
SQL: SELECT * FROM `sp_cate` WHERE `pid` = 0  [ RunTime:0.0006s ]
SQL: SHOW COLUMNS FROM `sp_goods` [ RunTime:0.0075s ]
SQL: SELECT `id` FROM `sp_cate` WHERE `pid` = 14  [ RunTime:0.0006s ]
SQL: SELECT `id` FROM `sp_cate` WHERE `pid` = 22  [ RunTime:0.0006s ]
SQL: SELECT * FROM `sp_goods` WHERE `cate_id` = 64  [ RunTime:0.0006s ]
SQL: SELECT * FROM `sp_goods` WHERE `cate_id` = 65  [ RunTime:0.0006s ]
SQL: SELECT * FROM `sp_goods` WHERE `cate_id` = 66  [ RunTime:0.0005s ]
SQL: SELECT * FROM `sp_goods` WHERE `cate_id` = 67  [ RunTime:0.0005s ]
SQL: SELECT * FROM `sp_goods` WHERE `cate_id` = 68  [ RunTime:0.0005s ]
SQL: SELECT * FROM `sp_goods` WHERE `cate_id` = 69  [ RunTime:0.0006s ]
SQL: SELECT * FROM `sp_goods` WHERE `cate_id` = 70  [ RunTime:0.0005s ]
SQL: SELECT `id` FROM `sp_cate` WHERE `pid` = 23  [ RunTime:0.0006s ]
SQL: SELECT * FROM `sp_goods` WHERE `cate_id` = 71  [ RunTime:0.0005s ]
SQL: SELECT * FROM `sp_goods` WHERE `cate_id` = 72  [ RunTime:0.0005s ]
SQL: SELECT * FROM `sp_goods` WHERE `cate_id` = 73  [ RunTime:0.0005s ]
SQL: SELECT * FROM `sp_goods` WHERE `cate_id` = 74  [ RunTime:0.0005s ]
SQL: SELECT * FROM `sp_goods` WHERE `cate_id` = 75  [ RunTime:0.0006s ]
SQL: SELECT * FROM `sp_goods` WHERE `cate_id` = 76  [ RunTime:0.0005s ]
SQL: SELECT `id` FROM `sp_cate` WHERE `pid` = 24  [ RunTime:0.0005s ]
SQL: SELECT * FROM `sp_goods` WHERE `cate_id` = 77  [ RunTime:0.0005s ]
SQL: SELECT * FROM `sp_goods` WHERE `cate_id` = 78  [ RunTime:0.0005s ]
SQL: SELECT * FROM `sp_goods` WHERE `cate_id` = 79  [ RunTime:0.0005s ]
SQL: SELECT * FROM `sp_goods` WHERE `cate_id` = 80  [ RunTime:0.0005s ]
SQL: SELECT * FROM `sp_goods` WHERE `cate_id` = 81  [ RunTime:0.0006s ]
SQL: SELECT `id` FROM `sp_cate` WHERE `pid` = 25  [ RunTime:0.0005s ]
SQL: SELECT * FROM `sp_goods` WHERE `cate_id` = 82  [ RunTime:0.0005s ]
SQL: SELECT * FROM `sp_goods` WHERE `cate_id` = 83  [ RunTime:0.0005s ]
SQL: SELECT * FROM `sp_goods` WHERE `cate_id` = 84  [ RunTime:0.0006s ]
SQL: SELECT * FROM `sp_goods` WHERE `cate_id` = 85  [ RunTime:0.0006s ]
SQL: SELECT * FROM `sp_goods` WHERE `cate_id` = 86  [ RunTime:0.0006s ]
SQL: SELECT * FROM `sp_goods` WHERE `cate_id` = 87  [ RunTime:0.0005s ]
SQL: SELECT * FROM `sp_goods` WHERE `cate_id` = 88  [ RunTime:0.0005s ]
SQL: SELECT * FROM `sp_goods` WHERE `cate_id` = 89  [ RunTime:0.0006s ]
SQL: SELECT * FROM `sp_goods` WHERE `cate_id` = 90  [ RunTime:0.0006s ]
SQL: SELECT `id` FROM `sp_cate` WHERE `pid` = 26  [ RunTime:0.0005s ]
SQL: SELECT * FROM `sp_goods` WHERE `cate_id` = 91  [ RunTime:0.0005s ]
SQL: SELECT * FROM `sp_goods` WHERE `cate_id` = 92  [ RunTime:0.0005s ]
SQL: SELECT * FROM `sp_goods` WHERE `cate_id` = 93  [ RunTime:0.0006s ]
SQL: SELECT * FROM `sp_goods` WHERE `cate_id` = 94  [ RunTime:0.0005s ]
SQL: SELECT `id` FROM `sp_cate` WHERE `pid` = 27  [ RunTime:0.0007s ]
SQL: SELECT * FROM `sp_goods` WHERE `cate_id` = 95  [ RunTime:0.0007s ]
SQL: SELECT * FROM `sp_goods` WHERE `cate_id` = 96  [ RunTime:0.0007s ]
SQL: SELECT * FROM `sp_goods` WHERE `cate_id` = 97  [ RunTime:0.0005s ]
SQL: SELECT * FROM `sp_goods` WHERE `cate_id` = 98  [ RunTime:0.0005s ]
SQL: SELECT `id` FROM `sp_cate` WHERE `pid` = 15  [ RunTime:0.0005s ]
SQL: SELECT `id` FROM `sp_cate` WHERE `pid` = 28  [ RunTime:0.0005s ]
SQL: SELECT * FROM `sp_goods` WHERE `cate_id` = 99  [ RunTime:0.0005s ]
SQL: SELECT * FROM `sp_goods` WHERE `cate_id` = 100  [ RunTime:0.0005s ]
SQL: SELECT * FROM `sp_goods` WHERE `cate_id` = 101  [ RunTime:0.0005s ]
SQL: SELECT * FROM `sp_goods` WHERE `cate_id` = 102  [ RunTime:0.0005s ]
SQL: SELECT * FROM `sp_goods` WHERE `cate_id` = 103  [ RunTime:0.0005s ]
SQL: SELECT * FROM `sp_goods` WHERE `cate_id` = 104  [ RunTime:0.0005s ]
SQL: SELECT * FROM `sp_goods` WHERE `cate_id` = 105  [ RunTime:0.0005s ]
SQL: SELECT * FROM `sp_goods` WHERE `cate_id` = 106  [ RunTime:0.0006s ]
SQL: SELECT * FROM `sp_goods` WHERE `cate_id` = 107  [ RunTime:0.0005s ]
SQL: SELECT * FROM `sp_goods` WHERE `cate_id` = 108  [ RunTime:0.0005s ]
SQL: SELECT `id` FROM `sp_cate` WHERE `pid` = 29  [ RunTime:0.0006s ]
SQL: SELECT * FROM `sp_goods` WHERE `cate_id` = 109  [ RunTime:0.0005s ]
SQL: SELECT * FROM `sp_goods` WHERE `cate_id` = 110  [ RunTime:0.0005s ]
SQL: SELECT * FROM `sp_goods` WHERE `cate_id` = 111  [ RunTime:0.0006s ]
SQL: SELECT * FROM `sp_goods` WHERE `cate_id` = 112  [ RunTime:0.0005s ]
SQL: SELECT * FROM `sp_goods` WHERE `cate_id` = 113  [ RunTime:0.0005s ]
SQL: SELECT * FROM `sp_goods` WHERE `cate_id` = 114  [ RunTime:0.0005s ]
SQL: SELECT * FROM `sp_goods` WHERE `cate_id` = 115  [ RunTime:0.0005s ]
SQL: SELECT * FROM `sp_goods` WHERE `cate_id` = 116  [ RunTime:0.0006s ]
SQL: SELECT * FROM `sp_goods` WHERE `cate_id` = 117  [ RunTime:0.0005s ]
SQL: SELECT * FROM `sp_goods` WHERE `cate_id` = 118  [ RunTime:0.0005s ]
SQL: SELECT `id` FROM `sp_cate` WHERE `pid` = 30  [ RunTime:0.0005s ]
SQL: SELECT * FROM `sp_goods` WHERE `cate_id` = 119  [ RunTime:0.0005s ]
SQL: SELECT * FROM `sp_goods` WHERE `cate_id` = 120  [ RunTime:0.0005s ]
SQL: SELECT * FROM `sp_goods` WHERE `cate_id` = 121  [ RunTime:0.0004s ]
SQL: SELECT * FROM `sp_goods` WHERE `cate_id` = 122  [ RunTime:0.0004s ]
SQL: SELECT * FROM `sp_goods` WHERE `cate_id` = 123  [ RunTime:0.0006s ]
SQL: SELECT * FROM `sp_goods` WHERE `cate_id` = 124  [ RunTime:0.0008s ]
SQL: SELECT * FROM `sp_goods` WHERE `cate_id` = 125  [ RunTime:0.0008s ]
SQL: SELECT * FROM `sp_goods` WHERE `cate_id` = 126  [ RunTime:0.0006s ]
SQL: SELECT * FROM `sp_goods` WHERE `cate_id` = 127  [ RunTime:0.0006s ]
SQL: SELECT * FROM `sp_goods` WHERE `cate_id` = 128  [ RunTime:0.0006s ]
SQL: SELECT `id` FROM `sp_cate` WHERE `pid` = 31  [ RunTime:0.0006s ]
SQL: SELECT * FROM `sp_goods` WHERE `cate_id` = 129  [ RunTime:0.0007s ]
SQL: SELECT * FROM `sp_goods` WHERE `cate_id` = 130  [ RunTime:0.0006s ]
SQL: SELECT * FROM `sp_goods` WHERE `cate_id` = 131  [ RunTime:0.0006s ]
SQL: SELECT * FROM `sp_goods` WHERE `cate_id` = 132  [ RunTime:0.0006s ]
SQL: SELECT * FROM `sp_goods` WHERE `cate_id` = 133  [ RunTime:0.0006s ]
SQL: SELECT * FROM `sp_goods` WHERE `cate_id` = 134  [ RunTime:0.0005s ]
SQL: SELECT * FROM `sp_goods` WHERE `cate_id` = 135  [ RunTime:0.0005s ]
SQL: SELECT * FROM `sp_goods` WHERE `cate_id` = 136  [ RunTime:0.0005s ]
SQL: SELECT * FROM `sp_goods` WHERE `cate_id` = 137  [ RunTime:0.0005s ]
SQL: SELECT * FROM `sp_goods` WHERE `cate_id` = 138  [ RunTime:0.0005s ]
SQL: SELECT * FROM `sp_goods` WHERE `cate_id` = 139  [ RunTime:0.0005s ]
SQL: SELECT * FROM `sp_goods` WHERE `cate_id` = 140  [ RunTime:0.0005s ]
SQL: SELECT * FROM `sp_goods` WHERE `cate_id` = 141  [ RunTime:0.0007s ]
SQL: SELECT * FROM `sp_goods` WHERE `cate_id` = 142  [ RunTime:0.0006s ]
SQL: SELECT * FROM `sp_goods` WHERE `cate_id` = 143  [ RunTime:0.0006s ]
SQL: SELECT `id` FROM `sp_cate` WHERE `pid` = 32  [ RunTime:0.0006s ]
SQL: SELECT * FROM `sp_goods` WHERE `cate_id` = 144  [ RunTime:0.0005s ]
SQL: SELECT * FROM `sp_goods` WHERE `cate_id` = 145  [ RunTime:0.0005s ]
SQL: SELECT * FROM `sp_goods` WHERE `cate_id` = 146  [ RunTime:0.0004s ]
SQL: SELECT * FROM `sp_goods` WHERE `cate_id` = 147  [ RunTime:0.0003s ]
SQL: SELECT * FROM `sp_goods` WHERE `cate_id` = 148  [ RunTime:0.0003s ]
SQL: SELECT * FROM `sp_goods` WHERE `cate_id` = 149  [ RunTime:0.0003s ]
SQL: SELECT * FROM `sp_goods` WHERE `cate_id` = 150  [ RunTime:0.0003s ]
SQL: SELECT * FROM `sp_goods` WHERE `cate_id` = 151  [ RunTime:0.0004s ]
SQL: SELECT * FROM `sp_goods` WHERE `cate_id` = 152  [ RunTime:0.0003s ]
SQL: SELECT * FROM `sp_goods` WHERE `cate_id` = 153  [ RunTime:0.0003s ]
SQL: SELECT * FROM `sp_goods` WHERE `cate_id` = 154  [ RunTime:0.0003s ]
SQL: SELECT `id` FROM `sp_cate` WHERE `pid` = 16  [ RunTime:0.0003s ]
SQL: SELECT `id` FROM `sp_cate` WHERE `pid` = 33  [ RunTime:0.0004s ]
SQL: SELECT * FROM `sp_goods` WHERE `cate_id` = 155  [ RunTime:0.0003s ]
SQL: SELECT * FROM `sp_goods` WHERE `cate_id` = 156  [ RunTime:0.0003s ]
SQL: SELECT * FROM `sp_goods` WHERE `cate_id` = 157  [ RunTime:0.0004s ]
SQL: SELECT * FROM `sp_goods` WHERE `cate_id` = 158  [ RunTime:0.0003s ]
SQL: SELECT * FROM `sp_goods` WHERE `cate_id` = 159  [ RunTime:0.0003s ]
SQL: SELECT * FROM `sp_goods` WHERE `cate_id` = 160  [ RunTime:0.0003s ]
SQL: SELECT `id` FROM `sp_cate` WHERE `pid` = 34  [ RunTime:0.0003s ]
SQL: SELECT * FROM `sp_goods` WHERE `cate_id` = 161  [ RunTime:0.0004s ]
SQL: SELECT * FROM `sp_goods` WHERE `cate_id` = 162  [ RunTime:0.0003s ]
SQL: SELECT * FROM `sp_goods` WHERE `cate_id` = 163  [ RunTime:0.0004s ]
SQL: SELECT * FROM `sp_goods` WHERE `cate_id` = 164  [ RunTime:0.0003s ]
SQL: SELECT * FROM `sp_goods` WHERE `cate_id` = 165  [ RunTime:0.0003s ]
SQL: SELECT * FROM `sp_goods` WHERE `cate_id` = 166  [ RunTime:0.0003s ]
SQL: SELECT * FROM `sp_goods` WHERE `cate_id` = 167  [ RunTime:0.0003s ]
SQL: SELECT `id` FROM `sp_cate` WHERE `pid` = 35  [ RunTime:0.0003s ]
SQL: SELECT * FROM `sp_goods` WHERE `cate_id` = 168  [ RunTime:0.0003s ]
SQL: SELECT * FROM `sp_goods` WHERE `cate_id` = 169  [ RunTime:0.0004s ]
SQL: SELECT * FROM `sp_goods` WHERE `cate_id` = 170  [ RunTime:0.0003s ]
SQL: SELECT * FROM `sp_goods` WHERE `cate_id` = 171  [ RunTime:0.0003s ]
SQL: SELECT `id` FROM `sp_cate` WHERE `pid` = 36  [ RunTime:0.0003s ]
SQL: SELECT * FROM `sp_goods` WHERE `cate_id` = 172  [ RunTime:0.0003s ]
SQL: SELECT * FROM `sp_goods` WHERE `cate_id` = 173  [ RunTime:0.0003s ]
SQL: SELECT * FROM `sp_goods` WHERE `cate_id` = 174  [ RunTime:0.0003s ]
SQL: SELECT * FROM `sp_goods` WHERE `cate_id` = 175  [ RunTime:0.0003s ]
SQL: SELECT `id` FROM `sp_cate` WHERE `pid` = 37  [ RunTime:0.0003s ]
SQL: SELECT * FROM `sp_goods` WHERE `cate_id` = 176  [ RunTime:0.0003s ]
SQL: SELECT * FROM `sp_goods` WHERE `cate_id` = 177  [ RunTime:0.0003s ]
SQL: SELECT * FROM `sp_goods` WHERE `cate_id` = 178  [ RunTime:0.0003s ]
SQL: SELECT * FROM `sp_goods` WHERE `cate_id` = 179  [ RunTime:0.0003s ]
SQL: SELECT `id` FROM `sp_cate` WHERE `pid` = 38  [ RunTime:0.0003s ]
SQL: SELECT * FROM `sp_goods` WHERE `cate_id` = 180  [ RunTime:0.0003s ]
SQL: SELECT * FROM `sp_goods` WHERE `cate_id` = 181  [ RunTime:0.0003s ]
SQL: SELECT * FROM `sp_goods` WHERE `cate_id` = 182  [ RunTime:0.0004s ]
SQL: SELECT * FROM `sp_goods` WHERE `cate_id` = 183  [ RunTime:0.0005s ]
SQL: SELECT * FROM `sp_goods` WHERE `cate_id` = 184  [ RunTime:0.0005s ]
SQL: SELECT `id` FROM `sp_cate` WHERE `pid` = 39  [ RunTime:0.0005s ]
SQL: SELECT * FROM `sp_goods` WHERE `cate_id` = 185  [ RunTime:0.0004s ]
SQL: SELECT * FROM `sp_goods` WHERE `cate_id` = 186  [ RunTime:0.0004s ]
SQL: SELECT * FROM `sp_goods` WHERE `cate_id` = 187  [ RunTime:0.0003s ]
SQL: SELECT * FROM `sp_goods` WHERE `cate_id` = 188  [ RunTime:0.0003s ]
SQL: SELECT `id` FROM `sp_cate` WHERE `pid` = 17  [ RunTime:0.0003s ]
SQL: SELECT `id` FROM `sp_cate` WHERE `pid` = 40  [ RunTime:0.0003s ]
SQL: SELECT * FROM `sp_goods` WHERE `cate_id` = 189  [ RunTime:0.0003s ]
SQL: SELECT * FROM `sp_goods` WHERE `cate_id` = 190  [ RunTime:0.0003s ]
SQL: SELECT * FROM `sp_goods` WHERE `cate_id` = 191  [ RunTime:0.0003s ]
SQL: SELECT * FROM `sp_goods` WHERE `cate_id` = 192  [ RunTime:0.0003s ]
SQL: SELECT * FROM `sp_goods` WHERE `cate_id` = 193  [ RunTime:0.0003s ]
SQL: SELECT `id` FROM `sp_cate` WHERE `pid` = 41  [ RunTime:0.0003s ]
SQL: SELECT * FROM `sp_goods` WHERE `cate_id` = 194  [ RunTime:0.0003s ]
SQL: SELECT * FROM `sp_goods` WHERE `cate_id` = 195  [ RunTime:0.0003s ]
SQL: SELECT * FROM `sp_goods` WHERE `cate_id` = 196  [ RunTime:0.0003s ]
SQL: SELECT * FROM `sp_goods` WHERE `cate_id` = 197  [ RunTime:0.0003s ]
SQL: SELECT * FROM `sp_goods` WHERE `cate_id` = 198  [ RunTime:0.0003s ]
SQL: SELECT `id` FROM `sp_cate` WHERE `pid` = 42  [ RunTime:0.0003s ]
SQL: SELECT * FROM `sp_goods` WHERE `cate_id` = 199  [ RunTime:0.0003s ]
SQL: SELECT * FROM `sp_goods` WHERE `cate_id` = 200  [ RunTime:0.0003s ]
SQL: SELECT * FROM `sp_goods` WHERE `cate_id` = 201  [ RunTime:0.0003s ]
SQL: SELECT * FROM `sp_goods` WHERE `cate_id` = 202  [ RunTime:0.0003s ]
SQL: SELECT * FROM `sp_goods` WHERE `cate_id` = 203  [ RunTime:0.0003s ]
SQL: SELECT `id` FROM `sp_cate` WHERE `pid` = 43  [ RunTime:0.0003s ]
SQL: SELECT * FROM `sp_goods` WHERE `cate_id` = 204  [ RunTime:0.0003s ]
SQL: SELECT * FROM `sp_goods` WHERE `cate_id` = 205  [ RunTime:0.0003s ]
SQL: SELECT * FROM `sp_goods` WHERE `cate_id` = 206  [ RunTime:0.0003s ]
SQL: SELECT * FROM `sp_goods` WHERE `cate_id` = 207  [ RunTime:0.0003s ]
SQL: SELECT * FROM `sp_goods` WHERE `cate_id` = 208  [ RunTime:0.0003s ]
SQL: SELECT `id` FROM `sp_cate` WHERE `pid` = 44  [ RunTime:0.0003s ]
SQL: SELECT * FROM `sp_goods` WHERE `cate_id` = 209  [ RunTime:0.0005s ]
SQL: SELECT * FROM `sp_goods` WHERE `cate_id` = 210  [ RunTime:0.0004s ]
SQL: SELECT * FROM `sp_goods` WHERE `cate_id` = 211  [ RunTime:0.0003s ]
SQL: SELECT * FROM `sp_goods` WHERE `cate_id` = 212  [ RunTime:0.0003s ]
SQL: SELECT * FROM `sp_goods` WHERE `cate_id` = 213  [ RunTime:0.0003s ]
SQL: SELECT `id` FROM `sp_cate` WHERE `pid` = 18  [ RunTime:0.0003s ]
SQL: SELECT `id` FROM `sp_cate` WHERE `pid` = 45  [ RunTime:0.0003s ]
SQL: SELECT * FROM `sp_goods` WHERE `cate_id` = 214  [ RunTime:0.0003s ]
SQL: SELECT * FROM `sp_goods` WHERE `cate_id` = 215  [ RunTime:0.0004s ]
SQL: SELECT * FROM `sp_goods` WHERE `cate_id` = 216  [ RunTime:0.0005s ]
SQL: SELECT * FROM `sp_goods` WHERE `cate_id` = 217  [ RunTime:0.0004s ]
SQL: SELECT * FROM `sp_goods` WHERE `cate_id` = 218  [ RunTime:0.0005s ]
SQL: SELECT * FROM `sp_goods` WHERE `cate_id` = 219  [ RunTime:0.0004s ]
SQL: SELECT * FROM `sp_goods` WHERE `cate_id` = 220  [ RunTime:0.0003s ]
SQL: SELECT * FROM `sp_goods` WHERE `cate_id` = 221  [ RunTime:0.0003s ]
SQL: SELECT * FROM `sp_goods` WHERE `cate_id` = 222  [ RunTime:0.0003s ]
SQL: SELECT * FROM `sp_goods` WHERE `cate_id` = 223  [ RunTime:0.0003s ]
SQL: SELECT * FROM `sp_goods` WHERE `cate_id` = 224  [ RunTime:0.0003s ]
SQL: SELECT * FROM `sp_goods` WHERE `cate_id` = 225  [ RunTime:0.0003s ]
SQL: SELECT `id` FROM `sp_cate` WHERE `pid` = 46  [ RunTime:0.0003s ]
SQL: SELECT * FROM `sp_goods` WHERE `cate_id` = 226  [ RunTime:0.0003s ]
SQL: SELECT * FROM `sp_goods` WHERE `cate_id` = 227  [ RunTime:0.0003s ]
SQL: SELECT * FROM `sp_goods` WHERE `cate_id` = 228  [ RunTime:0.0003s ]
SQL: SELECT * FROM `sp_goods` WHERE `cate_id` = 229  [ RunTime:0.0003s ]
SQL: SELECT * FROM `sp_goods` WHERE `cate_id` = 230  [ RunTime:0.0003s ]
SQL: SELECT `id` FROM `sp_cate` WHERE `pid` = 47  [ RunTime:0.0003s ]
SQL: SELECT * FROM `sp_goods` WHERE `cate_id` = 231  [ RunTime:0.0003s ]
SQL: SELECT * FROM `sp_goods` WHERE `cate_id` = 232  [ RunTime:0.0003s ]
SQL: SELECT * FROM `sp_goods` WHERE `cate_id` = 233  [ RunTime:0.0003s ]
SQL: SELECT * FROM `sp_goods` WHERE `cate_id` = 234  [ RunTime:0.0003s ]
SQL: SELECT * FROM `sp_goods` WHERE `cate_id` = 235  [ RunTime:0.0003s ]
SQL: SELECT `id` FROM `sp_cate` WHERE `pid` = 48  [ RunTime:0.0003s ]
SQL: SELECT * FROM `sp_goods` WHERE `cate_id` = 236  [ RunTime:0.0003s ]
SQL: SELECT * FROM `sp_goods` WHERE `cate_id` = 237  [ RunTime:0.0003s ]
SQL: SELECT * FROM `sp_goods` WHERE `cate_id` = 238  [ RunTime:0.0004s ]
SQL: SELECT * FROM `sp_goods` WHERE `cate_id` = 239  [ RunTime:0.0006s ]
SQL: SELECT * FROM `sp_goods` WHERE `cate_id` = 240  [ RunTime:0.0004s ]
SQL: SELECT `id` FROM `sp_cate` WHERE `pid` = 19  [ RunTime:0.0003s ]
SQL: SELECT `id` FROM `sp_cate` WHERE `pid` = 49  [ RunTime:0.0003s ]
SQL: SELECT * FROM `sp_goods` WHERE `cate_id` = 241  [ RunTime:0.0003s ]
SQL: SELECT * FROM `sp_goods` WHERE `cate_id` = 242  [ RunTime:0.0003s ]
SQL: SELECT * FROM `sp_goods` WHERE `cate_id` = 243  [ RunTime:0.0003s ]
SQL: SELECT * FROM `sp_goods` WHERE `cate_id` = 244  [ RunTime:0.0003s ]
SQL: SELECT `id` FROM `sp_cate` WHERE `pid` = 50  [ RunTime:0.0003s ]
SQL: SELECT * FROM `sp_goods` WHERE `cate_id` = 245  [ RunTime:0.0003s ]
SQL: SELECT * FROM `sp_goods` WHERE `cate_id` = 246  [ RunTime:0.0003s ]
SQL: SELECT * FROM `sp_goods` WHERE `cate_id` = 247  [ RunTime:0.0003s ]
SQL: SELECT `id` FROM `sp_cate` WHERE `pid` = 51  [ RunTime:0.0003s ]
SQL: SELECT * FROM `sp_goods` WHERE `cate_id` = 248  [ RunTime:0.0003s ]
SQL: SELECT * FROM `sp_goods` WHERE `cate_id` = 249  [ RunTime:0.0003s ]
SQL: SELECT * FROM `sp_goods` WHERE `cate_id` = 250  [ RunTime:0.0003s ]
SQL: SELECT * FROM `sp_goods` WHERE `cate_id` = 251  [ RunTime:0.0003s ]
SQL: SELECT `id` FROM `sp_cate` WHERE `pid` = 52  [ RunTime:0.0004s ]
SQL: SELECT * FROM `sp_goods` WHERE `cate_id` = 252  [ RunTime:0.0004s ]
SQL: SELECT * FROM `sp_goods` WHERE `cate_id` = 253  [ RunTime:0.0003s ]
SQL: SELECT * FROM `sp_goods` WHERE `cate_id` = 254  [ RunTime:0.0003s ]
SQL: SELECT * FROM `sp_goods` WHERE `cate_id` = 255  [ RunTime:0.0003s ]
SQL: SELECT * FROM `sp_goods` WHERE `cate_id` = 256  [ RunTime:0.0003s ]
SQL: SELECT * FROM `sp_goods` WHERE `cate_id` = 257  [ RunTime:0.0003s ]
SQL: SELECT * FROM `sp_goods` WHERE `cate_id` = 258  [ RunTime:0.0003s ]
SQL: SELECT * FROM `sp_goods` WHERE `cate_id` = 259  [ RunTime:0.0003s ]
SQL: SELECT * FROM `sp_goods` WHERE `cate_id` = 260  [ RunTime:0.0003s ]
SQL: SELECT * FROM `sp_goods` WHERE `cate_id` = 261  [ RunTime:0.0003s ]
SQL: SELECT * FROM `sp_goods` WHERE `cate_id` = 262  [ RunTime:0.0003s ]
SQL: SELECT * FROM `sp_goods` WHERE `cate_id` = 263  [ RunTime:0.0003s ]
SQL: SELECT * FROM `sp_goods` WHERE `cate_id` = 264  [ RunTime:0.0003s ]
SQL: SELECT `id` FROM `sp_cate` WHERE `pid` = 53  [ RunTime:0.0004s ]
SQL: SELECT * FROM `sp_goods` WHERE `cate_id` = 265  [ RunTime:0.0004s ]
SQL: SELECT * FROM `sp_goods` WHERE `cate_id` = 266  [ RunTime:0.0003s ]
SQL: SELECT * FROM `sp_goods` WHERE `cate_id` = 267  [ RunTime:0.0003s ]
SQL: SELECT * FROM `sp_goods` WHERE `cate_id` = 268  [ RunTime:0.0003s ]
SQL: SELECT * FROM `sp_goods` WHERE `cate_id` = 269  [ RunTime:0.0003s ]
SQL: SELECT * FROM `sp_goods` WHERE `cate_id` = 270  [ RunTime:0.0003s ]
SQL: SELECT * FROM `sp_goods` WHERE `cate_id` = 271  [ RunTime:0.0003s ]
SQL: SELECT `id` FROM `sp_cate` WHERE `pid` = 20  [ RunTime:0.0003s ]
SQL: SELECT `id` FROM `sp_cate` WHERE `pid` = 54  [ RunTime:0.0003s ]
SQL: SELECT * FROM `sp_goods` WHERE `cate_id` = 272  [ RunTime:0.0003s ]
SQL: SELECT * FROM `sp_goods` WHERE `cate_id` = 273  [ RunTime:0.0003s ]
SQL: SELECT * FROM `sp_goods` WHERE `cate_id` = 274  [ RunTime:0.0003s ]
SQL: SELECT * FROM `sp_goods` WHERE `cate_id` = 275  [ RunTime:0.0003s ]
SQL: SELECT `id` FROM `sp_cate` WHERE `pid` = 55  [ RunTime:0.0003s ]
SQL: SELECT * FROM `sp_goods` WHERE `cate_id` = 276  [ RunTime:0.0003s ]
SQL: SELECT `id` FROM `sp_cate` WHERE `pid` = 56  [ RunTime:0.0003s ]
SQL: SELECT * FROM `sp_goods` WHERE `cate_id` = 277  [ RunTime:0.0003s ]
SQL: SELECT * FROM `sp_goods` WHERE `cate_id` = 278  [ RunTime:0.0003s ]
SQL: SELECT * FROM `sp_goods` WHERE `cate_id` = 279  [ RunTime:0.0003s ]
SQL: SELECT * FROM `sp_goods` WHERE `cate_id` = 280  [ RunTime:0.0003s ]
SQL: SELECT `id` FROM `sp_cate` WHERE `pid` = 21  [ RunTime:0.0004s ]
SQL: SELECT `id` FROM `sp_cate` WHERE `pid` = 57  [ RunTime:0.0003s ]
SQL: SELECT * FROM `sp_goods` WHERE `cate_id` = 281  [ RunTime:0.0004s ]
SQL: SELECT * FROM `sp_goods` WHERE `cate_id` = 282  [ RunTime:0.0003s ]
SQL: SELECT * FROM `sp_goods` WHERE `cate_id` = 283  [ RunTime:0.0003s ]
SQL: SELECT * FROM `sp_goods` WHERE `cate_id` = 284  [ RunTime:0.0003s ]
SQL: SELECT * FROM `sp_goods` WHERE `cate_id` = 285  [ RunTime:0.0003s ]
SQL: SELECT * FROM `sp_goods` WHERE `cate_id` = 286  [ RunTime:0.0003s ]
SQL: SELECT * FROM `sp_goods` WHERE `cate_id` = 287  [ RunTime:0.0003s ]
SQL: SELECT * FROM `sp_goods` WHERE `cate_id` = 288  [ RunTime:0.0003s ]
SQL: SELECT * FROM `sp_goods` WHERE `cate_id` = 289  [ RunTime:0.0003s ]
SQL: SELECT * FROM `sp_goods` WHERE `cate_id` = 290  [ RunTime:0.0003s ]
SQL: SELECT * FROM `sp_goods` WHERE `cate_id` = 291  [ RunTime:0.0003s ]
SQL: SELECT * FROM `sp_goods` WHERE `cate_id` = 292  [ RunTime:0.0003s ]
SQL: SELECT * FROM `sp_goods` WHERE `cate_id` = 293  [ RunTime:0.0003s ]
SQL: SELECT `id` FROM `sp_cate` WHERE `pid` = 58  [ RunTime:0.0003s ]
SQL: SELECT * FROM `sp_goods` WHERE `cate_id` = 294  [ RunTime:0.0003s ]
SQL: SELECT * FROM `sp_goods` WHERE `cate_id` = 295  [ RunTime:0.0004s ]
SQL: SELECT * FROM `sp_goods` WHERE `cate_id` = 296  [ RunTime:0.0003s ]
SQL: SELECT * FROM `sp_goods` WHERE `cate_id` = 297  [ RunTime:0.0003s ]
SQL: SELECT * FROM `sp_goods` WHERE `cate_id` = 298  [ RunTime:0.0003s ]
SQL: SELECT * FROM `sp_goods` WHERE `cate_id` = 299  [ RunTime:0.0003s ]
SQL: SELECT * FROM `sp_goods` WHERE `cate_id` = 300  [ RunTime:0.0003s ]
SQL: SELECT * FROM `sp_goods` WHERE `cate_id` = 301  [ RunTime:0.0004s ]
SQL: SELECT * FROM `sp_goods` WHERE `cate_id` = 302  [ RunTime:0.0005s ]
SQL: SELECT * FROM `sp_goods` WHERE `cate_id` = 303  [ RunTime:0.0005s ]
SQL: SELECT `id` FROM `sp_cate` WHERE `pid` = 59  [ RunTime:0.0004s ]
SQL: SELECT * FROM `sp_goods` WHERE `cate_id` = 304  [ RunTime:0.0003s ]
SQL: SELECT * FROM `sp_goods` WHERE `cate_id` = 305  [ RunTime:0.0002s ]
SQL: SELECT * FROM `sp_goods` WHERE `cate_id` = 306  [ RunTime:0.0002s ]
SQL: SELECT * FROM `sp_goods` WHERE `cate_id` = 307  [ RunTime:0.0002s ]
SQL: SELECT `id` FROM `sp_cate` WHERE `pid` = 60  [ RunTime:0.0002s ]
SQL: SELECT * FROM `sp_goods` WHERE `cate_id` = 308  [ RunTime:0.0002s ]
SQL: SELECT * FROM `sp_goods` WHERE `cate_id` = 309  [ RunTime:0.0002s ]
SQL: SELECT * FROM `sp_goods` WHERE `cate_id` = 310  [ RunTime:0.0002s ]
SQL: SELECT * FROM `sp_goods` WHERE `cate_id` = 311  [ RunTime:0.0002s ]
SQL: SELECT * FROM `sp_goods` WHERE `cate_id` = 312  [ RunTime:0.0002s ]
SQL: SELECT * FROM `sp_goods` WHERE `cate_id` = 313  [ RunTime:0.0002s ]
SQL: SELECT * FROM `sp_goods` WHERE `cate_id` = 314  [ RunTime:0.0002s ]
SQL: SELECT * FROM `sp_goods` WHERE `cate_id` = 315  [ RunTime:0.0002s ]
SQL: SELECT * FROM `sp_goods` WHERE `cate_id` = 316  [ RunTime:0.0002s ]
SQL: SELECT * FROM `sp_goods` WHERE `cate_id` = 317  [ RunTime:0.0002s ]
SQL: SELECT * FROM `sp_goods` WHERE `cate_id` = 318  [ RunTime:0.0002s ]
SQL: SELECT * FROM `sp_goods` WHERE `cate_id` = 319  [ RunTime:0.0002s ]
SQL: SELECT * FROM `sp_goods` WHERE `cate_id` = 320  [ RunTime:0.0002s ]
SQL: SELECT `id` FROM `sp_cate` WHERE `pid` = 61  [ RunTime:0.0002s ]
SQL: SELECT * FROM `sp_goods` WHERE `cate_id` = 321  [ RunTime:0.0002s ]
SQL: SELECT * FROM `sp_goods` WHERE `cate_id` = 322  [ RunTime:0.0002s ]
SQL: SELECT * FROM `sp_goods` WHERE `cate_id` = 323  [ RunTime:0.0002s ]
SQL: SELECT * FROM `sp_goods` WHERE `cate_id` = 324  [ RunTime:0.0002s ]
SQL: SELECT * FROM `sp_goods` WHERE `cate_id` = 325  [ RunTime:0.0002s ]
SQL: SELECT `id` FROM `sp_cate` WHERE `pid` = 62  [ RunTime:0.0002s ]
SQL: SELECT * FROM `sp_goods` WHERE `cate_id` = 326  [ RunTime:0.0002s ]
SQL: SELECT * FROM `sp_goods` WHERE `cate_id` = 327  [ RunTime:0.0002s ]
SQL: SELECT * FROM `sp_goods` WHERE `cate_id` = 328  [ RunTime:0.0002s ]
SQL: SELECT * FROM `sp_goods` WHERE `cate_id` = 329  [ RunTime:0.0002s ]
SQL: SELECT * FROM `sp_goods` WHERE `cate_id` = 330  [ RunTime:0.0002s ]
SQL: SELECT `id` FROM `sp_cate` WHERE `pid` = 63  [ RunTime:0.0002s ]
SQL: SELECT * FROM `sp_goods` WHERE `cate_id` = 331  [ RunTime:0.0002s ]
SQL: SELECT * FROM `sp_goods` WHERE `cate_id` = 332  [ RunTime:0.0002s ]
SQL: SELECT * FROM `sp_goods` WHERE `cate_id` = 333  [ RunTime:0.0002s ]
SQL: SELECT * FROM `sp_goods` WHERE `cate_id` = 334  [ RunTime:0.0002s ]
SQL: SELECT * FROM `sp_goods`  [ RunTime:0.0002s ]
INFO: [ view_parse ] --START--
INFO: [ template_filter ] --START--
INFO: Run Behavior\ContentReplaceBehavior [ RunTime:0.000174s ]
INFO: [ template_filter ] --END-- [ RunTime:0.000210s ]
INFO: Run Behavior\ParseTemplateBehavior [ RunTime:0.010398s ]
INFO: [ view_parse ] --END-- [ RunTime:0.010454s ]
INFO: [ view_filter ] --START--
INFO: Run Behavior\WriteHtmlCacheBehavior [ RunTime:0.000153s ]
INFO: [ view_filter ] --END-- [ RunTime:0.000173s ]
INFO: [ app_end ] --START--
INFO: Run Behavior\ShowPageTraceBehavior [ RunTime:0.000379s ]
INFO: [ app_end ] --END-- [ RunTime:0.000409s ]

[ 2018-11-01T18:08:33+08:00 ] 127.0.0.1 /index.php/M/Index/detail/id/78
INFO: [ app_init ] --START--
INFO: Run Behavior\BuildLiteBehavior [ RunTime:0.000007s ]
INFO: [ app_init ] --END-- [ RunTime:0.000197s ]
INFO: [ app_begin ] --START--
INFO: Run Behavior\ReadHtmlCacheBehavior [ RunTime:0.000243s ]
INFO: [ app_begin ] --END-- [ RunTime:0.000269s ]
SQL: SHOW COLUMNS FROM `sp_category` [ RunTime:0.0222s ]
SQL: SELECT * FROM `sp_category` WHERE `type` = 1  [ RunTime:0.0009s ]
SQL: SHOW COLUMNS FROM `sp_article` [ RunTime:0.0106s ]
SQL: SELECT * FROM `sp_article` WHERE `cateid` = 1  [ RunTime:0.0008s ]
SQL: SELECT * FROM `sp_article` WHERE `cateid` = 2  [ RunTime:0.0008s ]
SQL: SHOW COLUMNS FROM `sp_nav` [ RunTime:0.0111s ]
SQL: SELECT * FROM `sp_nav`  [ RunTime:0.0006s ]
NOTIC: [8] Undefined offset: 1 D:\phpStudy\PHPTutorial\WWW\x\Application\M\Controller\CommonController.class.php 第 34 行.
NOTIC: [8] Undefined offset: 2 D:\phpStudy\PHPTutorial\WWW\x\Application\M\Controller\CommonController.class.php 第 35 行.
NOTIC: [8] Undefined offset: 3 D:\phpStudy\PHPTutorial\WWW\x\Application\M\Controller\CommonController.class.php 第 36 行.
SQL: SHOW COLUMNS FROM `sp_config` [ RunTime:0.0104s ]
SQL: SELECT `enname`,`value` FROM `sp_config`  [ RunTime:0.0006s ]
NOTIC: [8] Undefined variable: configres D:\phpStudy\PHPTutorial\WWW\x\Application\M\Controller\CommonController.class.php 第 45 行.
NOTIC: [8] Undefined variable: configres D:\phpStudy\PHPTutorial\WWW\x\Application\M\Controller\CommonController.class.php 第 46 行.
SQL: SHOW COLUMNS FROM `sp_goods` [ RunTime:0.0110s ]
SQL: SELECT * FROM `sp_goods` WHERE `id` = 78 LIMIT 1   [ RunTime:0.0012s ]
INFO: [ view_parse ] --START--
INFO: [ template_filter ] --START--
INFO: Run Behavior\ContentReplaceBehavior [ RunTime:0.000343s ]
INFO: [ template_filter ] --END-- [ RunTime:0.000460s ]
NOTIC: [8] Undefined index: car1 D:\phpStudy\PHPTutorial\WWW\x\Application\Runtime\Cache\M\8ee8d171bd2149b415c5dbca569fed73.php 第 428 行.
INFO: Run Behavior\ParseTemplateBehavior [ RunTime:0.026435s ]
INFO: [ view_parse ] --END-- [ RunTime:0.026726s ]
INFO: [ view_filter ] --START--
INFO: Run Behavior\WriteHtmlCacheBehavior [ RunTime:0.001089s ]
INFO: [ view_filter ] --END-- [ RunTime:0.001238s ]
INFO: [ app_end ] --START--
INFO: Run Behavior\ShowPageTraceBehavior [ RunTime:0.002659s ]
INFO: [ app_end ] --END-- [ RunTime:0.002777s ]

[ 2018-11-01T18:08:36+08:00 ] 127.0.0.1 /index.php/M/Index/car/id/78
INFO: [ app_init ] --START--
INFO: Run Behavior\BuildLiteBehavior [ RunTime:0.000008s ]
INFO: [ app_init ] --END-- [ RunTime:0.000197s ]
INFO: [ app_begin ] --START--
INFO: Run Behavior\ReadHtmlCacheBehavior [ RunTime:0.000248s ]
INFO: [ app_begin ] --END-- [ RunTime:0.000275s ]
SQL: SHOW COLUMNS FROM `sp_category` [ RunTime:0.0188s ]
SQL: SELECT * FROM `sp_category` WHERE `type` = 1  [ RunTime:0.0011s ]
SQL: SHOW COLUMNS FROM `sp_article` [ RunTime:0.0110s ]
SQL: SELECT * FROM `sp_article` WHERE `cateid` = 1  [ RunTime:0.0008s ]
SQL: SELECT * FROM `sp_article` WHERE `cateid` = 2  [ RunTime:0.0007s ]
SQL: SHOW COLUMNS FROM `sp_nav` [ RunTime:0.0109s ]
SQL: SELECT * FROM `sp_nav`  [ RunTime:0.0008s ]
NOTIC: [8] Undefined offset: 1 D:\phpStudy\PHPTutorial\WWW\x\Application\M\Controller\CommonController.class.php 第 34 行.
NOTIC: [8] Undefined offset: 2 D:\phpStudy\PHPTutorial\WWW\x\Application\M\Controller\CommonController.class.php 第 35 行.
NOTIC: [8] Undefined offset: 3 D:\phpStudy\PHPTutorial\WWW\x\Application\M\Controller\CommonController.class.php 第 36 行.
SQL: SHOW COLUMNS FROM `sp_config` [ RunTime:0.0112s ]
SQL: SELECT `enname`,`value` FROM `sp_config`  [ RunTime:0.0006s ]
NOTIC: [8] Undefined variable: configres D:\phpStudy\PHPTutorial\WWW\x\Application\M\Controller\CommonController.class.php 第 45 行.
NOTIC: [8] Undefined variable: configres D:\phpStudy\PHPTutorial\WWW\x\Application\M\Controller\CommonController.class.php 第 46 行.
SQL: SHOW COLUMNS FROM `sp_goods` [ RunTime:0.0089s ]
SQL: SELECT * FROM `sp_goods` WHERE `id` = 78 LIMIT 1   [ RunTime:0.0007s ]
INFO: [ view_parse ] --START--
INFO: [ template_filter ] --START--
INFO: Run Behavior\ContentReplaceBehavior [ RunTime:0.000669s ]
INFO: [ template_filter ] --END-- [ RunTime:0.000780s ]
NOTIC: [8] Undefined index: sid D:\phpStudy\PHPTutorial\WWW\x\Application\Runtime\Cache\M\3782b0e4fe640b684821f92da6b8c9bc.php 第 419 行.
INFO: Run Behavior\ParseTemplateBehavior [ RunTime:0.022444s ]
INFO: [ view_parse ] --END-- [ RunTime:0.022523s ]
INFO: [ view_filter ] --START--
INFO: Run Behavior\WriteHtmlCacheBehavior [ RunTime:0.000440s ]
INFO: [ view_filter ] --END-- [ RunTime:0.000499s ]
INFO: [ app_end ] --START--
INFO: Run Behavior\ShowPageTraceBehavior [ RunTime:0.000639s ]
INFO: [ app_end ] --END-- [ RunTime:0.000701s ]

[ 2018-11-01T18:08:41+08:00 ] 127.0.0.1 /index.php/M/Index/detail/id/79
INFO: [ app_init ] --START--
INFO: Run Behavior\BuildLiteBehavior [ RunTime:0.000007s ]
INFO: [ app_init ] --END-- [ RunTime:0.000195s ]
INFO: [ app_begin ] --START--
INFO: Run Behavior\ReadHtmlCacheBehavior [ RunTime:0.000248s ]
INFO: [ app_begin ] --END-- [ RunTime:0.000276s ]
SQL: SHOW COLUMNS FROM `sp_category` [ RunTime:0.0226s ]
SQL: SELECT * FROM `sp_category` WHERE `type` = 1  [ RunTime:0.0008s ]
SQL: SHOW COLUMNS FROM `sp_article` [ RunTime:0.0114s ]
SQL: SELECT * FROM `sp_article` WHERE `cateid` = 1  [ RunTime:0.0008s ]
SQL: SELECT * FROM `sp_article` WHERE `cateid` = 2  [ RunTime:0.0007s ]
SQL: SHOW COLUMNS FROM `sp_nav` [ RunTime:0.0103s ]
SQL: SELECT * FROM `sp_nav`  [ RunTime:0.0007s ]
NOTIC: [8] Undefined offset: 1 D:\phpStudy\PHPTutorial\WWW\x\Application\M\Controller\CommonController.class.php 第 34 行.
NOTIC: [8] Undefined offset: 2 D:\phpStudy\PHPTutorial\WWW\x\Application\M\Controller\CommonController.class.php 第 35 行.
NOTIC: [8] Undefined offset: 3 D:\phpStudy\PHPTutorial\WWW\x\Application\M\Controller\CommonController.class.php 第 36 行.
SQL: SHOW COLUMNS FROM `sp_config` [ RunTime:0.0107s ]
SQL: SELECT `enname`,`value` FROM `sp_config`  [ RunTime:0.0007s ]
NOTIC: [8] Undefined variable: configres D:\phpStudy\PHPTutorial\WWW\x\Application\M\Controller\CommonController.class.php 第 45 行.
NOTIC: [8] Undefined variable: configres D:\phpStudy\PHPTutorial\WWW\x\Application\M\Controller\CommonController.class.php 第 46 行.
SQL: SHOW COLUMNS FROM `sp_goods` [ RunTime:0.0072s ]
SQL: SELECT * FROM `sp_goods` WHERE `id` = 79 LIMIT 1   [ RunTime:0.0008s ]
INFO: [ view_parse ] --START--
INFO: [ template_filter ] --START--
INFO: Run Behavior\ContentReplaceBehavior [ RunTime:0.000220s ]
INFO: [ template_filter ] --END-- [ RunTime:0.000310s ]
INFO: Run Behavior\ParseTemplateBehavior [ RunTime:0.013699s ]
INFO: [ view_parse ] --END-- [ RunTime:0.013795s ]
INFO: [ view_filter ] --START--
INFO: Run Behavior\WriteHtmlCacheBehavior [ RunTime:0.000455s ]
INFO: [ view_filter ] --END-- [ RunTime:0.000514s ]
INFO: [ app_end ] --START--
INFO: Run Behavior\ShowPageTraceBehavior [ RunTime:0.000904s ]
INFO: [ app_end ] --END-- [ RunTime:0.000994s ]

[ 2018-11-01T18:08:43+08:00 ] 127.0.0.1 /index.php/M/Index/car/id/79
INFO: [ app_init ] --START--
INFO: Run Behavior\BuildLiteBehavior [ RunTime:0.000015s ]
INFO: [ app_init ] --END-- [ RunTime:0.000526s ]
INFO: [ app_begin ] --START--
INFO: Run Behavior\ReadHtmlCacheBehavior [ RunTime:0.000278s ]
INFO: [ app_begin ] --END-- [ RunTime:0.000308s ]
SQL: SHOW COLUMNS FROM `sp_category` [ RunTime:0.0108s ]
SQL: SELECT * FROM `sp_category` WHERE `type` = 1  [ RunTime:0.0009s ]
SQL: SHOW COLUMNS FROM `sp_article` [ RunTime:0.0111s ]
SQL: SELECT * FROM `sp_article` WHERE `cateid` = 1  [ RunTime:0.0010s ]
SQL: SELECT * FROM `sp_article` WHERE `cateid` = 2  [ RunTime:0.0008s ]
SQL: SHOW COLUMNS FROM `sp_nav` [ RunTime:0.0075s ]
SQL: SELECT * FROM `sp_nav`  [ RunTime:0.0004s ]
NOTIC: [8] Undefined offset: 1 D:\phpStudy\PHPTutorial\WWW\x\Application\M\Controller\CommonController.class.php 第 34 行.
NOTIC: [8] Undefined offset: 2 D:\phpStudy\PHPTutorial\WWW\x\Application\M\Controller\CommonController.class.php 第 35 行.
NOTIC: [8] Undefined offset: 3 D:\phpStudy\PHPTutorial\WWW\x\Application\M\Controller\CommonController.class.php 第 36 行.
SQL: SHOW COLUMNS FROM `sp_config` [ RunTime:0.0065s ]
SQL: SELECT `enname`,`value` FROM `sp_config`  [ RunTime:0.0005s ]
NOTIC: [8] Undefined variable: configres D:\phpStudy\PHPTutorial\WWW\x\Application\M\Controller\CommonController.class.php 第 45 行.
NOTIC: [8] Undefined variable: configres D:\phpStudy\PHPTutorial\WWW\x\Application\M\Controller\CommonController.class.php 第 46 行.
SQL: SHOW COLUMNS FROM `sp_goods` [ RunTime:0.0072s ]
SQL: SELECT * FROM `sp_goods` WHERE `id` = 79 LIMIT 1   [ RunTime:0.0006s ]
INFO: [ view_parse ] --START--
INFO: [ template_filter ] --START--
INFO: Run Behavior\ContentReplaceBehavior [ RunTime:0.000264s ]
INFO: [ template_filter ] --END-- [ RunTime:0.000309s ]
NOTIC: [8] Undefined index: sid D:\phpStudy\PHPTutorial\WWW\x\Application\Runtime\Cache\M\3782b0e4fe640b684821f92da6b8c9bc.php 第 419 行.
INFO: Run Behavior\ParseTemplateBehavior [ RunTime:0.013811s ]
INFO: [ view_parse ] --END-- [ RunTime:0.013863s ]
INFO: [ view_filter ] --START--
INFO: Run Behavior\WriteHtmlCacheBehavior [ RunTime:0.000233s ]
INFO: [ view_filter ] --END-- [ RunTime:0.000264s ]
INFO: [ app_end ] --START--
INFO: Run Behavior\ShowPageTraceBehavior [ RunTime:0.000556s ]
INFO: [ app_end ] --END-- [ RunTime:0.000619s ]

[ 2018-11-01T18:08:53+08:00 ] 127.0.0.1 /index.php/M/Index/order
INFO: [ app_init ] --START--
INFO: Run Behavior\BuildLiteBehavior [ RunTime:0.000010s ]
INFO: [ app_init ] --END-- [ RunTime:0.000210s ]
INFO: [ app_begin ] --START--
INFO: Run Behavior\ReadHtmlCacheBehavior [ RunTime:0.000237s ]
INFO: [ app_begin ] --END-- [ RunTime:0.000266s ]
SQL: SHOW COLUMNS FROM `sp_category` [ RunTime:0.0120s ]
SQL: SELECT * FROM `sp_category` WHERE `type` = 1  [ RunTime:0.0008s ]
SQL: SHOW COLUMNS FROM `sp_article` [ RunTime:0.0121s ]
SQL: SELECT * FROM `sp_article` WHERE `cateid` = 1  [ RunTime:0.0008s ]
SQL: SELECT * FROM `sp_article` WHERE `cateid` = 2  [ RunTime:0.0007s ]
SQL: SHOW COLUMNS FROM `sp_nav` [ RunTime:0.0107s ]
SQL: SELECT * FROM `sp_nav`  [ RunTime:0.0006s ]
NOTIC: [8] Undefined offset: 1 D:\phpStudy\PHPTutorial\WWW\x\Application\M\Controller\CommonController.class.php 第 34 行.
NOTIC: [8] Undefined offset: 2 D:\phpStudy\PHPTutorial\WWW\x\Application\M\Controller\CommonController.class.php 第 35 行.
NOTIC: [8] Undefined offset: 3 D:\phpStudy\PHPTutorial\WWW\x\Application\M\Controller\CommonController.class.php 第 36 行.
SQL: SHOW COLUMNS FROM `sp_config` [ RunTime:0.0065s ]
SQL: SELECT `enname`,`value` FROM `sp_config`  [ RunTime:0.0005s ]
NOTIC: [8] Undefined variable: configres D:\phpStudy\PHPTutorial\WWW\x\Application\M\Controller\CommonController.class.php 第 45 行.
NOTIC: [8] Undefined variable: configres D:\phpStudy\PHPTutorial\WWW\x\Application\M\Controller\CommonController.class.php 第 46 行.
SQL: SHOW COLUMNS FROM `sp_goods` [ RunTime:0.0072s ]
NOTIC: [8] Undefined index: id3 D:\phpStudy\PHPTutorial\WWW\x\Application\M\Controller\IndexController.class.php 第 345 行.
NOTIC: [8] Undefined index: id4 D:\phpStudy\PHPTutorial\WWW\x\Application\M\Controller\IndexController.class.php 第 345 行.
NOTIC: [8] Undefined index: id5 D:\phpStudy\PHPTutorial\WWW\x\Application\M\Controller\IndexController.class.php 第 345 行.
NOTIC: [8] Undefined index: id6 D:\phpStudy\PHPTutorial\WWW\x\Application\M\Controller\IndexController.class.php 第 345 行.
SQL: SELECT * FROM `sp_goods` WHERE `id` IN ('78','79',null,null,null,null)  [ RunTime:0.0009s ]
NOTIC: [8] Undefined variable: hj D:\phpStudy\PHPTutorial\WWW\x\Application\M\Controller\IndexController.class.php 第 354 行.
SQL: SHOW COLUMNS FROM `sp_user` [ RunTime:0.0068s ]
SQL: SELECT * FROM `sp_user` WHERE `phone` = '15626140870' AND `nick` = 'klwlbj' LIMIT 1   [ RunTime:0.0007s ]
SQL: SHOW COLUMNS FROM `sp_dingdans` [ RunTime:0.0116s ]
SQL: SELECT * FROM `sp_dingdans` WHERE `userid` = 15 ORDER BY id desc LIMIT 1   [ RunTime:0.0006s ]
INFO: [ view_parse ] --START--
INFO: [ template_filter ] --START--
INFO: Run Behavior\ContentReplaceBehavior [ RunTime:0.000203s ]
INFO: [ template_filter ] --END-- [ RunTime:0.000302s ]
NOTIC: [8] Array to string conversion D:\phpStudy\PHPTutorial\WWW\x\Application\Runtime\Cache\M\dffe724747cf96ab7e99d9f77553fa68.php 第 146 行.
INFO: Run Behavior\ParseTemplateBehavior [ RunTime:0.014926s ]
INFO: [ view_parse ] --END-- [ RunTime:0.014994s ]
INFO: [ view_filter ] --START--
INFO: Run Behavior\WriteHtmlCacheBehavior [ RunTime:0.000377s ]
INFO: [ view_filter ] --END-- [ RunTime:0.000431s ]
INFO: [ app_end ] --START--
INFO: Run Behavior\ShowPageTraceBehavior [ RunTime:0.000824s ]
INFO: [ app_end ] --END-- [ RunTime:0.000897s ]

[ 2018-11-01T18:09:24+08:00 ] 127.0.0.1 /index.php/M/Index/grzx
INFO: [ app_init ] --START--
INFO: Run Behavior\BuildLiteBehavior [ RunTime:0.000013s ]
INFO: [ app_init ] --END-- [ RunTime:0.000400s ]
INFO: [ app_begin ] --START--
INFO: Run Behavior\ReadHtmlCacheBehavior [ RunTime:0.000448s ]
INFO: [ app_begin ] --END-- [ RunTime:0.000494s ]
SQL: SHOW COLUMNS FROM `sp_category` [ RunTime:0.0135s ]
SQL: SELECT * FROM `sp_category` WHERE `type` = 1  [ RunTime:0.0008s ]
SQL: SHOW COLUMNS FROM `sp_article` [ RunTime:0.0113s ]
SQL: SELECT * FROM `sp_article` WHERE `cateid` = 1  [ RunTime:0.0008s ]
SQL: SELECT * FROM `sp_article` WHERE `cateid` = 2  [ RunTime:0.0007s ]
SQL: SHOW COLUMNS FROM `sp_nav` [ RunTime:0.0107s ]
SQL: SELECT * FROM `sp_nav`  [ RunTime:0.0006s ]
NOTIC: [8] Undefined offset: 1 D:\phpStudy\PHPTutorial\WWW\x\Application\M\Controller\CommonController.class.php 第 34 行.
NOTIC: [8] Undefined offset: 2 D:\phpStudy\PHPTutorial\WWW\x\Application\M\Controller\CommonController.class.php 第 35 行.
NOTIC: [8] Undefined offset: 3 D:\phpStudy\PHPTutorial\WWW\x\Application\M\Controller\CommonController.class.php 第 36 行.
SQL: SHOW COLUMNS FROM `sp_config` [ RunTime:0.0101s ]
SQL: SELECT `enname`,`value` FROM `sp_config`  [ RunTime:0.0008s ]
NOTIC: [8] Undefined variable: configres D:\phpStudy\PHPTutorial\WWW\x\Application\M\Controller\CommonController.class.php 第 45 行.
NOTIC: [8] Undefined variable: configres D:\phpStudy\PHPTutorial\WWW\x\Application\M\Controller\CommonController.class.php 第 46 行.
INFO: [ view_parse ] --START--
INFO: [ template_filter ] --START--
INFO: Run Behavior\ContentReplaceBehavior [ RunTime:0.000191s ]
INFO: [ template_filter ] --END-- [ RunTime:0.000321s ]
INFO: Run Behavior\ParseTemplateBehavior [ RunTime:0.019515s ]
INFO: [ view_parse ] --END-- [ RunTime:0.019716s ]
INFO: [ view_filter ] --START--
INFO: Run Behavior\WriteHtmlCacheBehavior [ RunTime:0.000637s ]
INFO: [ view_filter ] --END-- [ RunTime:0.000725s ]
INFO: [ app_end ] --START--
INFO: Run Behavior\ShowPageTraceBehavior [ RunTime:0.001157s ]
INFO: [ app_end ] --END-- [ RunTime:0.001260s ]

[ 2018-11-01T18:09:27+08:00 ] 127.0.0.1 /index.php/M/Index/car
INFO: [ app_init ] --START--
INFO: Run Behavior\BuildLiteBehavior [ RunTime:0.000009s ]
INFO: [ app_init ] --END-- [ RunTime:0.000210s ]
INFO: [ app_begin ] --START--
INFO: Run Behavior\ReadHtmlCacheBehavior [ RunTime:0.000252s ]
INFO: [ app_begin ] --END-- [ RunTime:0.000279s ]
SQL: SHOW COLUMNS FROM `sp_category` [ RunTime:0.0143s ]
SQL: SELECT * FROM `sp_category` WHERE `type` = 1  [ RunTime:0.0007s ]
SQL: SHOW COLUMNS FROM `sp_article` [ RunTime:0.0117s ]
SQL: SELECT * FROM `sp_article` WHERE `cateid` = 1  [ RunTime:0.0008s ]
SQL: SELECT * FROM `sp_article` WHERE `cateid` = 2  [ RunTime:0.0007s ]
SQL: SHOW COLUMNS FROM `sp_nav` [ RunTime:0.0103s ]
SQL: SELECT * FROM `sp_nav`  [ RunTime:0.0006s ]
NOTIC: [8] Undefined offset: 1 D:\phpStudy\PHPTutorial\WWW\x\Application\M\Controller\CommonController.class.php 第 34 行.
NOTIC: [8] Undefined offset: 2 D:\phpStudy\PHPTutorial\WWW\x\Application\M\Controller\CommonController.class.php 第 35 行.
NOTIC: [8] Undefined offset: 3 D:\phpStudy\PHPTutorial\WWW\x\Application\M\Controller\CommonController.class.php 第 36 行.
SQL: SHOW COLUMNS FROM `sp_config` [ RunTime:0.0087s ]
SQL: SELECT `enname`,`value` FROM `sp_config`  [ RunTime:0.0004s ]
NOTIC: [8] Undefined variable: configres D:\phpStudy\PHPTutorial\WWW\x\Application\M\Controller\CommonController.class.php 第 45 行.
NOTIC: [8] Undefined variable: configres D:\phpStudy\PHPTutorial\WWW\x\Application\M\Controller\CommonController.class.php 第 46 行.
INFO: [ view_parse ] --START--
INFO: [ template_filter ] --START--
INFO: Run Behavior\ContentReplaceBehavior [ RunTime:0.000515s ]
INFO: [ template_filter ] --END-- [ RunTime:0.000601s ]
NOTIC: [8] Undefined index: sid D:\phpStudy\PHPTutorial\WWW\x\Application\Runtime\Cache\M\3782b0e4fe640b684821f92da6b8c9bc.php 第 419 行.
INFO: Run Behavior\ParseTemplateBehavior [ RunTime:0.018354s ]
INFO: [ view_parse ] --END-- [ RunTime:0.018472s ]
INFO: [ view_filter ] --START--
INFO: Run Behavior\WriteHtmlCacheBehavior [ RunTime:0.000361s ]
INFO: [ view_filter ] --END-- [ RunTime:0.000411s ]
INFO: [ app_end ] --START--
INFO: Run Behavior\ShowPageTraceBehavior [ RunTime:0.001001s ]
INFO: [ app_end ] --END-- [ RunTime:0.001101s ]

[ 2018-11-01T18:09:30+08:00 ] 127.0.0.1 /index.php/M/Index/grzx
INFO: [ app_init ] --START--
INFO: Run Behavior\BuildLiteBehavior [ RunTime:0.000014s ]
INFO: [ app_init ] --END-- [ RunTime:0.001336s ]
INFO: [ app_begin ] --START--
INFO: Run Behavior\ReadHtmlCacheBehavior [ RunTime:0.000257s ]
INFO: [ app_begin ] --END-- [ RunTime:0.000284s ]
SQL: SHOW COLUMNS FROM `sp_category` [ RunTime:0.0096s ]
SQL: SELECT * FROM `sp_category` WHERE `type` = 1  [ RunTime:0.0009s ]
SQL: SHOW COLUMNS FROM `sp_article` [ RunTime:0.0108s ]
SQL: SELECT * FROM `sp_article` WHERE `cateid` = 1  [ RunTime:0.0012s ]
SQL: SELECT * FROM `sp_article` WHERE `cateid` = 2  [ RunTime:0.0011s ]
SQL: SHOW COLUMNS FROM `sp_nav` [ RunTime:0.0128s ]
SQL: SELECT * FROM `sp_nav`  [ RunTime:0.0008s ]
NOTIC: [8] Undefined offset: 1 D:\phpStudy\PHPTutorial\WWW\x\Application\M\Controller\CommonController.class.php 第 34 行.
NOTIC: [8] Undefined offset: 2 D:\phpStudy\PHPTutorial\WWW\x\Application\M\Controller\CommonController.class.php 第 35 行.
NOTIC: [8] Undefined offset: 3 D:\phpStudy\PHPTutorial\WWW\x\Application\M\Controller\CommonController.class.php 第 36 行.
SQL: SHOW COLUMNS FROM `sp_config` [ RunTime:0.0070s ]
SQL: SELECT `enname`,`value` FROM `sp_config`  [ RunTime:0.0004s ]
NOTIC: [8] Undefined variable: configres D:\phpStudy\PHPTutorial\WWW\x\Application\M\Controller\CommonController.class.php 第 45 行.
NOTIC: [8] Undefined variable: configres D:\phpStudy\PHPTutorial\WWW\x\Application\M\Controller\CommonController.class.php 第 46 行.
INFO: [ view_parse ] --START--
INFO: [ template_filter ] --START--
INFO: Run Behavior\ContentReplaceBehavior [ RunTime:0.000105s ]
INFO: [ template_filter ] --END-- [ RunTime:0.000175s ]
INFO: Run Behavior\ParseTemplateBehavior [ RunTime:0.010464s ]
INFO: [ view_parse ] --END-- [ RunTime:0.010569s ]
INFO: [ view_filter ] --START--
INFO: Run Behavior\WriteHtmlCacheBehavior [ RunTime:0.000364s ]
INFO: [ view_filter ] --END-- [ RunTime:0.000421s ]
INFO: [ app_end ] --START--
INFO: Run Behavior\ShowPageTraceBehavior [ RunTime:0.000625s ]
INFO: [ app_end ] --END-- [ RunTime:0.000680s ]

[ 2018-11-01T18:09:34+08:00 ] 127.0.0.1 /index.php/M/Index/olst
INFO: [ app_init ] --START--
INFO: Run Behavior\BuildLiteBehavior [ RunTime:0.000008s ]
INFO: [ app_init ] --END-- [ RunTime:0.000213s ]
INFO: [ app_begin ] --START--
INFO: Run Behavior\ReadHtmlCacheBehavior [ RunTime:0.000247s ]
INFO: [ app_begin ] --END-- [ RunTime:0.000274s ]
SQL: SHOW COLUMNS FROM `sp_category` [ RunTime:0.0107s ]
SQL: SELECT * FROM `sp_category` WHERE `type` = 1  [ RunTime:0.0008s ]
SQL: SHOW COLUMNS FROM `sp_article` [ RunTime:0.0102s ]
SQL: SELECT * FROM `sp_article` WHERE `cateid` = 1  [ RunTime:0.0009s ]
SQL: SELECT * FROM `sp_article` WHERE `cateid` = 2  [ RunTime:0.0007s ]
SQL: SHOW COLUMNS FROM `sp_nav` [ RunTime:0.0120s ]
SQL: SELECT * FROM `sp_nav`  [ RunTime:0.0007s ]
NOTIC: [8] Undefined offset: 1 D:\phpStudy\PHPTutorial\WWW\x\Application\M\Controller\CommonController.class.php 第 34 行.
NOTIC: [8] Undefined offset: 2 D:\phpStudy\PHPTutorial\WWW\x\Application\M\Controller\CommonController.class.php 第 35 行.
NOTIC: [8] Undefined offset: 3 D:\phpStudy\PHPTutorial\WWW\x\Application\M\Controller\CommonController.class.php 第 36 行.
SQL: SHOW COLUMNS FROM `sp_config` [ RunTime:0.0106s ]
SQL: SELECT `enname`,`value` FROM `sp_config`  [ RunTime:0.0005s ]
NOTIC: [8] Undefined variable: configres D:\phpStudy\PHPTutorial\WWW\x\Application\M\Controller\CommonController.class.php 第 45 行.
NOTIC: [8] Undefined variable: configres D:\phpStudy\PHPTutorial\WWW\x\Application\M\Controller\CommonController.class.php 第 46 行.
SQL: SHOW COLUMNS FROM `sp_user` [ RunTime:0.0076s ]
SQL: SELECT * FROM `sp_user` WHERE `phone` = '15626140870' AND `nick` = 'klwlbj' LIMIT 1   [ RunTime:0.0006s ]
SQL: SHOW COLUMNS FROM `sp_dingdans` [ RunTime:0.0076s ]
SQL: SELECT * FROM `sp_dingdans` WHERE `userid` = 15 AND `nick` = 'klwlbj' ORDER BY id desc  [ RunTime:0.0027s ]
INFO: [ view_parse ] --START--
INFO: [ template_filter ] --START--
INFO: Run Behavior\ContentReplaceBehavior [ RunTime:0.000149s ]
INFO: [ template_filter ] --END-- [ RunTime:0.000199s ]
INFO: Run Behavior\ParseTemplateBehavior [ RunTime:0.012266s ]
INFO: [ view_parse ] --END-- [ RunTime:0.012325s ]
INFO: [ view_filter ] --START--
INFO: Run Behavior\WriteHtmlCacheBehavior [ RunTime:0.000238s ]
INFO: [ view_filter ] --END-- [ RunTime:0.000270s ]
INFO: [ app_end ] --START--
INFO: Run Behavior\ShowPageTraceBehavior [ RunTime:0.000742s ]
INFO: [ app_end ] --END-- [ RunTime:0.000814s ]

[ 2018-11-01T18:09:35+08:00 ] 127.0.0.1 /index.php/M/Index/olst_files/vkad.reset.css
INFO: [ app_init ] --START--
INFO: Run Behavior\BuildLiteBehavior [ RunTime:0.000016s ]
INFO: [ app_init ] --END-- [ RunTime:0.000449s ]
INFO: [ app_begin ] --START--
INFO: Run Behavior\ReadHtmlCacheBehavior [ RunTime:0.000588s ]
INFO: [ app_begin ] --END-- [ RunTime:0.000652s ]
SQL: SHOW COLUMNS FROM `sp_category` [ RunTime:0.0065s ]
SQL: SELECT * FROM `sp_category` WHERE `type` = 1  [ RunTime:0.0005s ]
SQL: SHOW COLUMNS FROM `sp_article` [ RunTime:0.0055s ]
SQL: SELECT * FROM `sp_article` WHERE `cateid` = 1  [ RunTime:0.0004s ]
SQL: SELECT * FROM `sp_article` WHERE `cateid` = 2  [ RunTime:0.0002s ]
SQL: SHOW COLUMNS FROM `sp_nav` [ RunTime:0.0029s ]
SQL: SELECT * FROM `sp_nav`  [ RunTime:0.0002s ]
NOTIC: [8] Undefined offset: 1 D:\phpStudy\PHPTutorial\WWW\x\Application\M\Controller\CommonController.class.php 第 34 行.
NOTIC: [8] Undefined offset: 2 D:\phpStudy\PHPTutorial\WWW\x\Application\M\Controller\CommonController.class.php 第 35 行.
NOTIC: [8] Undefined offset: 3 D:\phpStudy\PHPTutorial\WWW\x\Application\M\Controller\CommonController.class.php 第 36 行.
SQL: SHOW COLUMNS FROM `sp_config` [ RunTime:0.0031s ]
SQL: SELECT `enname`,`value` FROM `sp_config`  [ RunTime:0.0002s ]
NOTIC: [8] Undefined variable: configres D:\phpStudy\PHPTutorial\WWW\x\Application\M\Controller\CommonController.class.php 第 45 行.
NOTIC: [8] Undefined variable: configres D:\phpStudy\PHPTutorial\WWW\x\Application\M\Controller\CommonController.class.php 第 46 行.
ERR: 非法操作:olst_files

[ 2018-11-01T18:09:37+08:00 ] 127.0.0.1 /index.php/M/Index/olst_files/backtop91.png
INFO: [ app_init ] --START--
INFO: Run Behavior\BuildLiteBehavior [ RunTime:0.000020s ]
INFO: [ app_init ] --END-- [ RunTime:0.000650s ]

[ 2018-11-01T18:09:54+08:00 ] 127.0.0.1 /index.php/M/Index/car
INFO: [ app_init ] --START--
INFO: Run Behavior\BuildLiteBehavior [ RunTime:0.000021s ]
INFO: [ app_init ] --END-- [ RunTime:0.000511s ]
INFO: [ app_begin ] --START--
INFO: Run Behavior\ReadHtmlCacheBehavior [ RunTime:0.000525s ]
INFO: [ app_begin ] --END-- [ RunTime:0.000595s ]
SQL: SHOW COLUMNS FROM `sp_category` [ RunTime:0.0131s ]
SQL: SELECT * FROM `sp_category` WHERE `type` = 1  [ RunTime:0.0009s ]
SQL: SHOW COLUMNS FROM `sp_article` [ RunTime:0.0104s ]
SQL: SELECT * FROM `sp_article` WHERE `cateid` = 1  [ RunTime:0.0008s ]
SQL: SELECT * FROM `sp_article` WHERE `cateid` = 2  [ RunTime:0.0007s ]
SQL: SHOW COLUMNS FROM `sp_nav` [ RunTime:0.0123s ]
SQL: SELECT * FROM `sp_nav`  [ RunTime:0.0007s ]
NOTIC: [8] Undefined offset: 1 D:\phpStudy\PHPTutorial\WWW\x\Application\M\Controller\CommonController.class.php 第 34 行.
NOTIC: [8] Undefined offset: 2 D:\phpStudy\PHPTutorial\WWW\x\Application\M\Controller\CommonController.class.php 第 35 行.
NOTIC: [8] Undefined offset: 3 D:\phpStudy\PHPTutorial\WWW\x\Application\M\Controller\CommonController.class.php 第 36 行.
SQL: SHOW COLUMNS FROM `sp_config` [ RunTime:0.0101s ]
SQL: SELECT `enname`,`value` FROM `sp_config`  [ RunTime:0.0004s ]
NOTIC: [8] Undefined variable: configres D:\phpStudy\PHPTutorial\WWW\x\Application\M\Controller\CommonController.class.php 第 45 行.
NOTIC: [8] Undefined variable: configres D:\phpStudy\PHPTutorial\WWW\x\Application\M\Controller\CommonController.class.php 第 46 行.
INFO: [ view_parse ] --START--
INFO: [ template_filter ] --START--
INFO: Run Behavior\ContentReplaceBehavior [ RunTime:0.000271s ]
INFO: [ template_filter ] --END-- [ RunTime:0.000324s ]
NOTIC: [8] Undefined index: sid D:\phpStudy\PHPTutorial\WWW\x\Application\Runtime\Cache\M\3782b0e4fe640b684821f92da6b8c9bc.php 第 419 行.
INFO: Run Behavior\ParseTemplateBehavior [ RunTime:0.033170s ]
INFO: [ view_parse ] --END-- [ RunTime:0.033285s ]
INFO: [ view_filter ] --START--
INFO: Run Behavior\WriteHtmlCacheBehavior [ RunTime:0.000307s ]
INFO: [ view_filter ] --END-- [ RunTime:0.000341s ]
INFO: [ app_end ] --START--
INFO: Run Behavior\ShowPageTraceBehavior [ RunTime:0.000650s ]
INFO: [ app_end ] --END-- [ RunTime:0.000712s ]

[ 2018-11-01T18:09:57+08:00 ] 127.0.0.1 /index.php/M/Index/order
INFO: [ app_init ] --START--
INFO: Run Behavior\BuildLiteBehavior [ RunTime:0.000111s ]
INFO: [ app_init ] --END-- [ RunTime:0.001076s ]
INFO: [ app_begin ] --START--
INFO: Run Behavior\ReadHtmlCacheBehavior [ RunTime:0.000255s ]
INFO: [ app_begin ] --END-- [ RunTime:0.000289s ]
SQL: SHOW COLUMNS FROM `sp_category` [ RunTime:0.0100s ]
SQL: SELECT * FROM `sp_category` WHERE `type` = 1  [ RunTime:0.0008s ]
SQL: SHOW COLUMNS FROM `sp_article` [ RunTime:0.0108s ]
SQL: SELECT * FROM `sp_article` WHERE `cateid` = 1  [ RunTime:0.0012s ]
SQL: SELECT * FROM `sp_article` WHERE `cateid` = 2  [ RunTime:0.0009s ]
SQL: SHOW COLUMNS FROM `sp_nav` [ RunTime:0.0084s ]
SQL: SELECT * FROM `sp_nav`  [ RunTime:0.0004s ]
NOTIC: [8] Undefined offset: 1 D:\phpStudy\PHPTutorial\WWW\x\Application\M\Controller\CommonController.class.php 第 34 行.
NOTIC: [8] Undefined offset: 2 D:\phpStudy\PHPTutorial\WWW\x\Application\M\Controller\CommonController.class.php 第 35 行.
NOTIC: [8] Undefined offset: 3 D:\phpStudy\PHPTutorial\WWW\x\Application\M\Controller\CommonController.class.php 第 36 行.
SQL: SHOW COLUMNS FROM `sp_config` [ RunTime:0.0065s ]
SQL: SELECT `enname`,`value` FROM `sp_config`  [ RunTime:0.0004s ]
NOTIC: [8] Undefined variable: configres D:\phpStudy\PHPTutorial\WWW\x\Application\M\Controller\CommonController.class.php 第 45 行.
NOTIC: [8] Undefined variable: configres D:\phpStudy\PHPTutorial\WWW\x\Application\M\Controller\CommonController.class.php 第 46 行.
SQL: SHOW COLUMNS FROM `sp_goods` [ RunTime:0.0071s ]
NOTIC: [8] Undefined index: id3 D:\phpStudy\PHPTutorial\WWW\x\Application\M\Controller\IndexController.class.php 第 345 行.
NOTIC: [8] Undefined index: id4 D:\phpStudy\PHPTutorial\WWW\x\Application\M\Controller\IndexController.class.php 第 345 行.
NOTIC: [8] Undefined index: id5 D:\phpStudy\PHPTutorial\WWW\x\Application\M\Controller\IndexController.class.php 第 345 行.
NOTIC: [8] Undefined index: id6 D:\phpStudy\PHPTutorial\WWW\x\Application\M\Controller\IndexController.class.php 第 345 行.
SQL: SELECT * FROM `sp_goods` WHERE `id` IN ('78','79',null,null,null,null)  [ RunTime:0.0007s ]
NOTIC: [8] Undefined variable: hj D:\phpStudy\PHPTutorial\WWW\x\Application\M\Controller\IndexController.class.php 第 354 行.
SQL: SHOW COLUMNS FROM `sp_user` [ RunTime:0.0056s ]
SQL: SELECT * FROM `sp_user` WHERE `phone` = '15626140870' AND `nick` = 'klwlbj' LIMIT 1   [ RunTime:0.0004s ]
SQL: SHOW COLUMNS FROM `sp_dingdans` [ RunTime:0.0038s ]
SQL: SELECT * FROM `sp_dingdans` WHERE `userid` = 15 ORDER BY id desc LIMIT 1   [ RunTime:0.0003s ]
INFO: [ view_parse ] --START--
INFO: [ template_filter ] --START--
INFO: Run Behavior\ContentReplaceBehavior [ RunTime:0.000106s ]
INFO: [ template_filter ] --END-- [ RunTime:0.000150s ]
NOTIC: [8] Array to string conversion D:\phpStudy\PHPTutorial\WWW\x\Application\Runtime\Cache\M\dffe724747cf96ab7e99d9f77553fa68.php 第 146 行.
INFO: Run Behavior\ParseTemplateBehavior [ RunTime:0.008590s ]
INFO: [ view_parse ] --END-- [ RunTime:0.008630s ]
INFO: [ view_filter ] --START--
INFO: Run Behavior\WriteHtmlCacheBehavior [ RunTime:0.000208s ]
INFO: [ view_filter ] --END-- [ RunTime:0.000236s ]
INFO: [ app_end ] --START--
INFO: Run Behavior\ShowPageTraceBehavior [ RunTime:0.000616s ]
INFO: [ app_end ] --END-- [ RunTime:0.000681s ]

[ 2018-11-01T18:10:06+08:00 ] 127.0.0.1 /index.php/M/Index/grzx
INFO: [ app_init ] --START--
INFO: Run Behavior\BuildLiteBehavior [ RunTime:0.000008s ]
INFO: [ app_init ] --END-- [ RunTime:0.000205s ]
INFO: [ app_begin ] --START--
INFO: Run Behavior\ReadHtmlCacheBehavior [ RunTime:0.000239s ]
INFO: [ app_begin ] --END-- [ RunTime:0.000264s ]
SQL: SHOW COLUMNS FROM `sp_category` [ RunTime:0.0123s ]
SQL: SELECT * FROM `sp_category` WHERE `type` = 1  [ RunTime:0.0008s ]
SQL: SHOW COLUMNS FROM `sp_article` [ RunTime:0.0121s ]
SQL: SELECT * FROM `sp_article` WHERE `cateid` = 1  [ RunTime:0.0010s ]
SQL: SELECT * FROM `sp_article` WHERE `cateid` = 2  [ RunTime:0.0008s ]
SQL: SHOW COLUMNS FROM `sp_nav` [ RunTime:0.0123s ]
SQL: SELECT * FROM `sp_nav`  [ RunTime:0.0005s ]
NOTIC: [8] Undefined offset: 1 D:\phpStudy\PHPTutorial\WWW\x\Application\M\Controller\CommonController.class.php 第 34 行.
NOTIC: [8] Undefined offset: 2 D:\phpStudy\PHPTutorial\WWW\x\Application\M\Controller\CommonController.class.php 第 35 行.
NOTIC: [8] Undefined offset: 3 D:\phpStudy\PHPTutorial\WWW\x\Application\M\Controller\CommonController.class.php 第 36 行.
SQL: SHOW COLUMNS FROM `sp_config` [ RunTime:0.0060s ]
SQL: SELECT `enname`,`value` FROM `sp_config`  [ RunTime:0.0004s ]
NOTIC: [8] Undefined variable: configres D:\phpStudy\PHPTutorial\WWW\x\Application\M\Controller\CommonController.class.php 第 45 行.
NOTIC: [8] Undefined variable: configres D:\phpStudy\PHPTutorial\WWW\x\Application\M\Controller\CommonController.class.php 第 46 行.
INFO: [ view_parse ] --START--
INFO: [ template_filter ] --START--
INFO: Run Behavior\ContentReplaceBehavior [ RunTime:0.000108s ]
INFO: [ template_filter ] --END-- [ RunTime:0.000182s ]
INFO: Run Behavior\ParseTemplateBehavior [ RunTime:0.011902s ]
INFO: [ view_parse ] --END-- [ RunTime:0.012029s ]
INFO: [ view_filter ] --START--
INFO: Run Behavior\WriteHtmlCacheBehavior [ RunTime:0.000398s ]
INFO: [ view_filter ] --END-- [ RunTime:0.000454s ]
INFO: [ app_end ] --START--
INFO: Run Behavior\ShowPageTraceBehavior [ RunTime:0.000703s ]
INFO: [ app_end ] --END-- [ RunTime:0.000787s ]

