[ 2018-09-28T09:58:05+08:00 ] 58.62.30.19 /
INFO: [ app_init ] --START--
INFO: Run Behavior\BuildLiteBehavior [ RunTime:0.000011s ]
INFO: [ app_init ] --END-- [ RunTime:0.000379s ]
INFO: [ app_begin ] --START--
INFO: Run Behavior\ReadHtmlCacheBehavior [ RunTime:0.000627s ]
INFO: [ app_begin ] --END-- [ RunTime:0.000672s ]
SQL: SHOW COLUMNS FROM `sp_category` [ RunTime:0.0014s ]
SQL: SELECT * FROM `sp_category` WHERE `type` = 1  [ RunTime:0.0005s ]
SQL: SHOW COLUMNS FROM `sp_article` [ RunTime:0.0011s ]
SQL: SELECT * FROM `sp_article` WHERE `cateid` = 1  [ RunTime:0.0002s ]
SQL: SELECT * FROM `sp_article` WHERE `cateid` = 2  [ RunTime:0.0002s ]
SQL: SHOW COLUMNS FROM `sp_nav` [ RunTime:0.0010s ]
SQL: SELECT * FROM `sp_nav`  [ RunTime:0.0001s ]
NOTIC: [8] Undefined offset: 1 C:\xampp\htdocs\www\x\Application\Home\Controller\CommonController.class.php 第 34 行.
NOTIC: [8] Undefined offset: 2 C:\xampp\htdocs\www\x\Application\Home\Controller\CommonController.class.php 第 35 行.
NOTIC: [8] Undefined offset: 3 C:\xampp\htdocs\www\x\Application\Home\Controller\CommonController.class.php 第 36 行.
SQL: SHOW COLUMNS FROM `sp_config` [ RunTime:0.0012s ]
SQL: SELECT `enname`,`value` FROM `sp_config`  [ RunTime:0.0001s ]
NOTIC: [8] Undefined variable: configres C:\xampp\htdocs\www\x\Application\Home\Controller\CommonController.class.php 第 45 行.
NOTIC: [8] Undefined variable: configres C:\xampp\htdocs\www\x\Application\Home\Controller\CommonController.class.php 第 46 行.
SQL: SHOW COLUMNS FROM `sp_goods` [ RunTime:0.0014s ]
SQL: SHOW COLUMNS FROM `sp_recvalue` [ RunTime:0.0011s ]
SQL: SELECT * FROM sp_recvalue a LEFT JOIN sp_goods b ON a.valueid=b.id  WHERE a.recid = 3  [ RunTime:0.0004s ]
SQL: SELECT * FROM sp_recvalue a LEFT JOIN sp_goods b ON a.valueid=b.id  WHERE a.recid = 1  [ RunTime:0.0003s ]
SQL: SELECT `id`,`goods_name`,`shop_price`,`max_thumb` FROM `sp_goods` WHERE ( cate_id=1 ) LIMIT 1   [ RunTime:0.0002s ]
SQL: SELECT `id`,`goods_name`,`shop_price`,`max_thumb` FROM `sp_goods` WHERE ( cate_id=1 ) ORDER BY id desc LIMIT 1   [ RunTime:0.0002s ]
SQL: SELECT `id`,`goods_name`,`shop_price`,`max_thumb` FROM `sp_goods` WHERE ( cate_id=1 ) ORDER BY id desc LIMIT 8   [ RunTime:0.0001s ]
SQL: SELECT `id`,`goods_name`,`shop_price`,`max_thumb` FROM `sp_goods` WHERE ( cate_id=2 ) LIMIT 1   [ RunTime:0.0001s ]
SQL: SELECT `id`,`goods_name`,`shop_price`,`max_thumb` FROM `sp_goods` WHERE ( cate_id=2 ) ORDER BY id desc LIMIT 1   [ RunTime:0.0001s ]
SQL: SELECT `id`,`goods_name`,`shop_price`,`max_thumb` FROM `sp_goods` WHERE ( cate_id=2 ) ORDER BY id desc LIMIT 8   [ RunTime:0.0002s ]
SQL: SELECT `id`,`goods_name`,`shop_price`,`max_thumb` FROM `sp_goods` WHERE ( cate_id=3 ) LIMIT 1   [ RunTime:0.0001s ]
SQL: SELECT `id`,`goods_name`,`shop_price`,`max_thumb` FROM `sp_goods` WHERE ( cate_id=3 ) ORDER BY id desc LIMIT 1   [ RunTime:0.0001s ]
SQL: SELECT `id`,`goods_name`,`shop_price`,`max_thumb` FROM `sp_goods` WHERE ( cate_id=3 ) ORDER BY id desc LIMIT 8   [ RunTime:0.0001s ]
SQL: SELECT `id`,`goods_name`,`shop_price`,`max_thumb` FROM `sp_goods` WHERE ( cate_id=4 ) LIMIT 1   [ RunTime:0.0002s ]
SQL: SELECT `id`,`goods_name`,`shop_price`,`max_thumb` FROM `sp_goods` WHERE ( cate_id=4 ) ORDER BY id desc LIMIT 1   [ RunTime:0.0002s ]
SQL: SELECT `id`,`goods_name`,`shop_price`,`max_thumb` FROM `sp_goods` WHERE ( cate_id=4 ) ORDER BY id desc LIMIT 8   [ RunTime:0.0002s ]
SQL: SELECT `id`,`goods_name`,`shop_price`,`max_thumb` FROM `sp_goods` WHERE ( cate_id=5 ) LIMIT 1   [ RunTime:0.0001s ]
SQL: SELECT `id`,`goods_name`,`shop_price`,`max_thumb` FROM `sp_goods` WHERE ( cate_id=5 ) ORDER BY id desc LIMIT 1   [ RunTime:0.0001s ]
SQL: SELECT `id`,`goods_name`,`shop_price`,`max_thumb` FROM `sp_goods` WHERE ( cate_id=5 ) ORDER BY id desc LIMIT 8   [ RunTime:0.0001s ]
SQL: SELECT `id`,`goods_name`,`shop_price`,`max_thumb` FROM `sp_goods` WHERE ( cate_id=6 ) LIMIT 1   [ RunTime:0.0002s ]
SQL: SELECT `id`,`goods_name`,`shop_price`,`max_thumb` FROM `sp_goods` WHERE ( cate_id=6 ) ORDER BY id desc LIMIT 1   [ RunTime:0.0001s ]
SQL: SELECT `id`,`goods_name`,`shop_price`,`max_thumb` FROM `sp_goods` WHERE ( cate_id=6 ) ORDER BY id desc LIMIT 8   [ RunTime:0.0001s ]
SQL: SELECT `id`,`goods_name`,`shop_price`,`max_thumb` FROM `sp_goods` WHERE ( cate_id=7 ) LIMIT 1   [ RunTime:0.0001s ]
SQL: SELECT `id`,`goods_name`,`shop_price`,`max_thumb` FROM `sp_goods` WHERE ( cate_id=7 ) ORDER BY id desc LIMIT 1   [ RunTime:0.0001s ]
SQL: SELECT `id`,`goods_name`,`shop_price`,`max_thumb` FROM `sp_goods` WHERE ( cate_id=7 ) ORDER BY id desc LIMIT 8   [ RunTime:0.0002s ]
SQL: SELECT `id`,`goods_name`,`shop_price`,`max_thumb` FROM `sp_goods` WHERE ( cate_id=8 ) LIMIT 1   [ RunTime:0.0002s ]
SQL: SELECT `id`,`goods_name`,`shop_price`,`max_thumb` FROM `sp_goods` WHERE ( cate_id=8 ) ORDER BY id desc LIMIT 1   [ RunTime:0.0001s ]
SQL: SELECT `id`,`goods_name`,`shop_price`,`max_thumb` FROM `sp_goods` WHERE ( cate_id=8 ) ORDER BY id desc LIMIT 8   [ RunTime:0.0001s ]
SQL: SELECT `id`,`goods_name`,`shop_price`,`max_thumb` FROM `sp_goods` WHERE ( cate_id=9 ) LIMIT 1   [ RunTime:0.0001s ]
SQL: SELECT `id`,`goods_name`,`shop_price`,`max_thumb` FROM `sp_goods` WHERE ( cate_id=9 ) ORDER BY id desc LIMIT 1   [ RunTime:0.0002s ]
SQL: SELECT `id`,`goods_name`,`shop_price`,`max_thumb` FROM `sp_goods` WHERE ( cate_id=9 ) ORDER BY id desc LIMIT 8   [ RunTime:0.0001s ]
SQL: SELECT `id`,`goods_name`,`shop_price`,`max_thumb` FROM `sp_goods` WHERE ( cate_id=10 ) LIMIT 1   [ RunTime:0.0001s ]
SQL: SELECT `id`,`goods_name`,`shop_price`,`max_thumb` FROM `sp_goods` WHERE ( cate_id=10 ) ORDER BY id desc LIMIT 1   [ RunTime:0.0001s ]
SQL: SELECT `id`,`goods_name`,`shop_price`,`max_thumb` FROM `sp_goods` WHERE ( cate_id=10 ) ORDER BY id desc LIMIT 8   [ RunTime:0.0001s ]
SQL: SELECT `id`,`goods_name`,`shop_price`,`max_thumb` FROM `sp_goods` WHERE ( cate_id=11 ) LIMIT 1   [ RunTime:0.0001s ]
SQL: SELECT `id`,`goods_name`,`shop_price`,`max_thumb` FROM `sp_goods` WHERE ( cate_id=11 ) ORDER BY id desc LIMIT 1   [ RunTime:0.0002s ]
SQL: SELECT `id`,`goods_name`,`shop_price`,`max_thumb` FROM `sp_goods` WHERE ( cate_id=11 ) ORDER BY id desc LIMIT 8   [ RunTime:0.0002s ]
SQL: SELECT `id`,`goods_name`,`shop_price`,`max_thumb` FROM `sp_goods` WHERE ( cate_id=12 ) LIMIT 1   [ RunTime:0.0001s ]
SQL: SELECT `id`,`goods_name`,`shop_price`,`max_thumb` FROM `sp_goods` WHERE ( cate_id=12 ) ORDER BY id desc LIMIT 1   [ RunTime:0.0001s ]
SQL: SELECT `id`,`goods_name`,`shop_price`,`max_thumb` FROM `sp_goods` WHERE ( cate_id=12 ) ORDER BY id desc LIMIT 8   [ RunTime:0.0001s ]
SQL: SELECT `id`,`goods_name`,`shop_price`,`max_thumb` FROM `sp_goods` WHERE ( cate_id=13 ) LIMIT 1   [ RunTime:0.0002s ]
SQL: SELECT `id`,`goods_name`,`shop_price`,`max_thumb` FROM `sp_goods` WHERE ( cate_id=13 ) ORDER BY id desc LIMIT 1   [ RunTime:0.0001s ]
SQL: SELECT `id`,`goods_name`,`shop_price`,`max_thumb` FROM `sp_goods` WHERE ( cate_id=13 ) ORDER BY id desc LIMIT 8   [ RunTime:0.0001s ]
INFO: [ view_parse ] --START--
INFO: [ template_filter ] --START--
INFO: Run Behavior\ContentReplaceBehavior [ RunTime:0.000294s ]
INFO: [ template_filter ] --END-- [ RunTime:0.000337s ]
NOTIC: [8] Undefined index: username C:\xampp\htdocs\www\x\Application\Runtime\Cache\Home\4444dba8a9b760dcff3c32c405202b5c.php 第 32 行.
INFO: Run Behavior\ParseTemplateBehavior [ RunTime:0.014645s ]
INFO: [ view_parse ] --END-- [ RunTime:0.014677s ]
INFO: [ view_filter ] --START--
INFO: Run Behavior\WriteHtmlCacheBehavior [ RunTime:0.000275s ]
INFO: [ view_filter ] --END-- [ RunTime:0.000297s ]
INFO: [ app_end ] --START--
INFO: Run Behavior\ShowPageTraceBehavior [ RunTime:0.000520s ]
INFO: [ app_end ] --END-- [ RunTime:0.000546s ]

[ 2018-09-28T09:58:09+08:00 ] 58.62.30.19 /
INFO: [ app_init ] --START--
INFO: Run Behavior\BuildLiteBehavior [ RunTime:0.000013s ]
INFO: [ app_init ] --END-- [ RunTime:0.000389s ]
INFO: [ app_begin ] --START--
INFO: Run Behavior\ReadHtmlCacheBehavior [ RunTime:0.000421s ]
INFO: [ app_begin ] --END-- [ RunTime:0.000452s ]
SQL: SHOW COLUMNS FROM `sp_category` [ RunTime:0.0018s ]
SQL: SELECT * FROM `sp_category` WHERE `type` = 1  [ RunTime:0.0003s ]
SQL: SHOW COLUMNS FROM `sp_article` [ RunTime:0.0011s ]
SQL: SELECT * FROM `sp_article` WHERE `cateid` = 1  [ RunTime:0.0003s ]
SQL: SELECT * FROM `sp_article` WHERE `cateid` = 2  [ RunTime:0.0002s ]
SQL: SHOW COLUMNS FROM `sp_nav` [ RunTime:0.0011s ]
SQL: SELECT * FROM `sp_nav`  [ RunTime:0.0002s ]
NOTIC: [8] Undefined offset: 1 C:\xampp\htdocs\www\x\Application\Home\Controller\CommonController.class.php 第 34 行.
NOTIC: [8] Undefined offset: 2 C:\xampp\htdocs\www\x\Application\Home\Controller\CommonController.class.php 第 35 行.
NOTIC: [8] Undefined offset: 3 C:\xampp\htdocs\www\x\Application\Home\Controller\CommonController.class.php 第 36 行.
SQL: SHOW COLUMNS FROM `sp_config` [ RunTime:0.0010s ]
SQL: SELECT `enname`,`value` FROM `sp_config`  [ RunTime:0.0002s ]
NOTIC: [8] Undefined variable: configres C:\xampp\htdocs\www\x\Application\Home\Controller\CommonController.class.php 第 45 行.
NOTIC: [8] Undefined variable: configres C:\xampp\htdocs\www\x\Application\Home\Controller\CommonController.class.php 第 46 行.
SQL: SHOW COLUMNS FROM `sp_goods` [ RunTime:0.0011s ]
SQL: SHOW COLUMNS FROM `sp_recvalue` [ RunTime:0.0010s ]
SQL: SELECT * FROM sp_recvalue a LEFT JOIN sp_goods b ON a.valueid=b.id  WHERE a.recid = 3  [ RunTime:0.0003s ]
SQL: SELECT * FROM sp_recvalue a LEFT JOIN sp_goods b ON a.valueid=b.id  WHERE a.recid = 1  [ RunTime:0.0004s ]
SQL: SELECT `id`,`goods_name`,`shop_price`,`max_thumb` FROM `sp_goods` WHERE ( cate_id=1 ) LIMIT 1   [ RunTime:0.0003s ]
SQL: SELECT `id`,`goods_name`,`shop_price`,`max_thumb` FROM `sp_goods` WHERE ( cate_id=1 ) ORDER BY id desc LIMIT 1   [ RunTime:0.0002s ]
SQL: SELECT `id`,`goods_name`,`shop_price`,`max_thumb` FROM `sp_goods` WHERE ( cate_id=1 ) ORDER BY id desc LIMIT 8   [ RunTime:0.0002s ]
SQL: SELECT `id`,`goods_name`,`shop_price`,`max_thumb` FROM `sp_goods` WHERE ( cate_id=2 ) LIMIT 1   [ RunTime:0.0002s ]
SQL: SELECT `id`,`goods_name`,`shop_price`,`max_thumb` FROM `sp_goods` WHERE ( cate_id=2 ) ORDER BY id desc LIMIT 1   [ RunTime:0.0002s ]
SQL: SELECT `id`,`goods_name`,`shop_price`,`max_thumb` FROM `sp_goods` WHERE ( cate_id=2 ) ORDER BY id desc LIMIT 8   [ RunTime:0.0002s ]
SQL: SELECT `id`,`goods_name`,`shop_price`,`max_thumb` FROM `sp_goods` WHERE ( cate_id=3 ) LIMIT 1   [ RunTime:0.0002s ]
SQL: SELECT `id`,`goods_name`,`shop_price`,`max_thumb` FROM `sp_goods` WHERE ( cate_id=3 ) ORDER BY id desc LIMIT 1   [ RunTime:0.0002s ]
SQL: SELECT `id`,`goods_name`,`shop_price`,`max_thumb` FROM `sp_goods` WHERE ( cate_id=3 ) ORDER BY id desc LIMIT 8   [ RunTime:0.0002s ]
SQL: SELECT `id`,`goods_name`,`shop_price`,`max_thumb` FROM `sp_goods` WHERE ( cate_id=4 ) LIMIT 1   [ RunTime:0.0002s ]
SQL: SELECT `id`,`goods_name`,`shop_price`,`max_thumb` FROM `sp_goods` WHERE ( cate_id=4 ) ORDER BY id desc LIMIT 1   [ RunTime:0.0002s ]
SQL: SELECT `id`,`goods_name`,`shop_price`,`max_thumb` FROM `sp_goods` WHERE ( cate_id=4 ) ORDER BY id desc LIMIT 8   [ RunTime:0.0001s ]
SQL: SELECT `id`,`goods_name`,`shop_price`,`max_thumb` FROM `sp_goods` WHERE ( cate_id=5 ) LIMIT 1   [ RunTime:0.0001s ]
SQL: SELECT `id`,`goods_name`,`shop_price`,`max_thumb` FROM `sp_goods` WHERE ( cate_id=5 ) ORDER BY id desc LIMIT 1   [ RunTime:0.0002s ]
SQL: SELECT `id`,`goods_name`,`shop_price`,`max_thumb` FROM `sp_goods` WHERE ( cate_id=5 ) ORDER BY id desc LIMIT 8   [ RunTime:0.0001s ]
SQL: SELECT `id`,`goods_name`,`shop_price`,`max_thumb` FROM `sp_goods` WHERE ( cate_id=6 ) LIMIT 1   [ RunTime:0.0001s ]
SQL: SELECT `id`,`goods_name`,`shop_price`,`max_thumb` FROM `sp_goods` WHERE ( cate_id=6 ) ORDER BY id desc LIMIT 1   [ RunTime:0.0001s ]
SQL: SELECT `id`,`goods_name`,`shop_price`,`max_thumb` FROM `sp_goods` WHERE ( cate_id=6 ) ORDER BY id desc LIMIT 8   [ RunTime:0.0001s ]
SQL: SELECT `id`,`goods_name`,`shop_price`,`max_thumb` FROM `sp_goods` WHERE ( cate_id=7 ) LIMIT 1   [ RunTime:0.0002s ]
SQL: SELECT `id`,`goods_name`,`shop_price`,`max_thumb` FROM `sp_goods` WHERE ( cate_id=7 ) ORDER BY id desc LIMIT 1   [ RunTime:0.0002s ]
SQL: SELECT `id`,`goods_name`,`shop_price`,`max_thumb` FROM `sp_goods` WHERE ( cate_id=7 ) ORDER BY id desc LIMIT 8   [ RunTime:0.0002s ]
SQL: SELECT `id`,`goods_name`,`shop_price`,`max_thumb` FROM `sp_goods` WHERE ( cate_id=8 ) LIMIT 1   [ RunTime:0.0002s ]
SQL: SELECT `id`,`goods_name`,`shop_price`,`max_thumb` FROM `sp_goods` WHERE ( cate_id=8 ) ORDER BY id desc LIMIT 1   [ RunTime:0.0005s ]
SQL: SELECT `id`,`goods_name`,`shop_price`,`max_thumb` FROM `sp_goods` WHERE ( cate_id=8 ) ORDER BY id desc LIMIT 8   [ RunTime:0.0002s ]
SQL: SELECT `id`,`goods_name`,`shop_price`,`max_thumb` FROM `sp_goods` WHERE ( cate_id=9 ) LIMIT 1   [ RunTime:0.0004s ]
SQL: SELECT `id`,`goods_name`,`shop_price`,`max_thumb` FROM `sp_goods` WHERE ( cate_id=9 ) ORDER BY id desc LIMIT 1   [ RunTime:0.0002s ]
SQL: SELECT `id`,`goods_name`,`shop_price`,`max_thumb` FROM `sp_goods` WHERE ( cate_id=9 ) ORDER BY id desc LIMIT 8   [ RunTime:0.0002s ]
SQL: SELECT `id`,`goods_name`,`shop_price`,`max_thumb` FROM `sp_goods` WHERE ( cate_id=10 ) LIMIT 1   [ RunTime:0.0002s ]
SQL: SELECT `id`,`goods_name`,`shop_price`,`max_thumb` FROM `sp_goods` WHERE ( cate_id=10 ) ORDER BY id desc LIMIT 1   [ RunTime:0.0003s ]
SQL: SELECT `id`,`goods_name`,`shop_price`,`max_thumb` FROM `sp_goods` WHERE ( cate_id=10 ) ORDER BY id desc LIMIT 8   [ RunTime:0.0003s ]
SQL: SELECT `id`,`goods_name`,`shop_price`,`max_thumb` FROM `sp_goods` WHERE ( cate_id=11 ) LIMIT 1   [ RunTime:0.0002s ]
SQL: SELECT `id`,`goods_name`,`shop_price`,`max_thumb` FROM `sp_goods` WHERE ( cate_id=11 ) ORDER BY id desc LIMIT 1   [ RunTime:0.0002s ]
SQL: SELECT `id`,`goods_name`,`shop_price`,`max_thumb` FROM `sp_goods` WHERE ( cate_id=11 ) ORDER BY id desc LIMIT 8   [ RunTime:0.0002s ]
SQL: SELECT `id`,`goods_name`,`shop_price`,`max_thumb` FROM `sp_goods` WHERE ( cate_id=12 ) LIMIT 1   [ RunTime:0.0002s ]
SQL: SELECT `id`,`goods_name`,`shop_price`,`max_thumb` FROM `sp_goods` WHERE ( cate_id=12 ) ORDER BY id desc LIMIT 1   [ RunTime:0.0003s ]
SQL: SELECT `id`,`goods_name`,`shop_price`,`max_thumb` FROM `sp_goods` WHERE ( cate_id=12 ) ORDER BY id desc LIMIT 8   [ RunTime:0.0002s ]
SQL: SELECT `id`,`goods_name`,`shop_price`,`max_thumb` FROM `sp_goods` WHERE ( cate_id=13 ) LIMIT 1   [ RunTime:0.0002s ]
SQL: SELECT `id`,`goods_name`,`shop_price`,`max_thumb` FROM `sp_goods` WHERE ( cate_id=13 ) ORDER BY id desc LIMIT 1   [ RunTime:0.0004s ]
SQL: SELECT `id`,`goods_name`,`shop_price`,`max_thumb` FROM `sp_goods` WHERE ( cate_id=13 ) ORDER BY id desc LIMIT 8   [ RunTime:0.0002s ]
INFO: [ view_parse ] --START--
INFO: [ template_filter ] --START--
INFO: Run Behavior\ContentReplaceBehavior [ RunTime:0.000285s ]
INFO: [ template_filter ] --END-- [ RunTime:0.000331s ]
NOTIC: [8] Undefined index: username C:\xampp\htdocs\www\x\Application\Runtime\Cache\Home\4444dba8a9b760dcff3c32c405202b5c.php 第 32 行.
INFO: Run Behavior\ParseTemplateBehavior [ RunTime:0.015073s ]
INFO: [ view_parse ] --END-- [ RunTime:0.015112s ]
INFO: [ view_filter ] --START--
INFO: Run Behavior\WriteHtmlCacheBehavior [ RunTime:0.000260s ]
INFO: [ view_filter ] --END-- [ RunTime:0.000281s ]
INFO: [ app_end ] --START--
INFO: Run Behavior\ShowPageTraceBehavior [ RunTime:0.000538s ]
INFO: [ app_end ] --END-- [ RunTime:0.000566s ]

[ 2018-09-28T09:58:12+08:00 ] 58.62.30.19 /
INFO: [ app_init ] --START--
INFO: Run Behavior\BuildLiteBehavior [ RunTime:0.000018s ]
INFO: [ app_init ] --END-- [ RunTime:0.000692s ]
INFO: [ app_begin ] --START--
INFO: Run Behavior\ReadHtmlCacheBehavior [ RunTime:0.000511s ]
INFO: [ app_begin ] --END-- [ RunTime:0.000552s ]
SQL: SHOW COLUMNS FROM `sp_category` [ RunTime:0.0015s ]
SQL: SELECT * FROM `sp_category` WHERE `type` = 1  [ RunTime:0.0003s ]
SQL: SHOW COLUMNS FROM `sp_article` [ RunTime:0.0013s ]
SQL: SELECT * FROM `sp_article` WHERE `cateid` = 1  [ RunTime:0.0003s ]
SQL: SELECT * FROM `sp_article` WHERE `cateid` = 2  [ RunTime:0.0002s ]
SQL: SHOW COLUMNS FROM `sp_nav` [ RunTime:0.0013s ]
SQL: SELECT * FROM `sp_nav`  [ RunTime:0.0001s ]
NOTIC: [8] Undefined offset: 1 C:\xampp\htdocs\www\x\Application\Home\Controller\CommonController.class.php 第 34 行.
NOTIC: [8] Undefined offset: 2 C:\xampp\htdocs\www\x\Application\Home\Controller\CommonController.class.php 第 35 行.
NOTIC: [8] Undefined offset: 3 C:\xampp\htdocs\www\x\Application\Home\Controller\CommonController.class.php 第 36 行.
SQL: SHOW COLUMNS FROM `sp_config` [ RunTime:0.0010s ]
SQL: SELECT `enname`,`value` FROM `sp_config`  [ RunTime:0.0001s ]
NOTIC: [8] Undefined variable: configres C:\xampp\htdocs\www\x\Application\Home\Controller\CommonController.class.php 第 45 行.
NOTIC: [8] Undefined variable: configres C:\xampp\htdocs\www\x\Application\Home\Controller\CommonController.class.php 第 46 行.
SQL: SHOW COLUMNS FROM `sp_goods` [ RunTime:0.0011s ]
SQL: SHOW COLUMNS FROM `sp_recvalue` [ RunTime:0.0009s ]
SQL: SELECT * FROM sp_recvalue a LEFT JOIN sp_goods b ON a.valueid=b.id  WHERE a.recid = 3  [ RunTime:0.0003s ]
SQL: SELECT * FROM sp_recvalue a LEFT JOIN sp_goods b ON a.valueid=b.id  WHERE a.recid = 1  [ RunTime:0.0003s ]
SQL: SELECT `id`,`goods_name`,`shop_price`,`max_thumb` FROM `sp_goods` WHERE ( cate_id=1 ) LIMIT 1   [ RunTime:0.0001s ]
SQL: SELECT `id`,`goods_name`,`shop_price`,`max_thumb` FROM `sp_goods` WHERE ( cate_id=1 ) ORDER BY id desc LIMIT 1   [ RunTime:0.0001s ]
SQL: SELECT `id`,`goods_name`,`shop_price`,`max_thumb` FROM `sp_goods` WHERE ( cate_id=1 ) ORDER BY id desc LIMIT 8   [ RunTime:0.0001s ]
SQL: SELECT `id`,`goods_name`,`shop_price`,`max_thumb` FROM `sp_goods` WHERE ( cate_id=2 ) LIMIT 1   [ RunTime:0.0001s ]
SQL: SELECT `id`,`goods_name`,`shop_price`,`max_thumb` FROM `sp_goods` WHERE ( cate_id=2 ) ORDER BY id desc LIMIT 1   [ RunTime:0.0001s ]
SQL: SELECT `id`,`goods_name`,`shop_price`,`max_thumb` FROM `sp_goods` WHERE ( cate_id=2 ) ORDER BY id desc LIMIT 8   [ RunTime:0.0001s ]
SQL: SELECT `id`,`goods_name`,`shop_price`,`max_thumb` FROM `sp_goods` WHERE ( cate_id=3 ) LIMIT 1   [ RunTime:0.0001s ]
SQL: SELECT `id`,`goods_name`,`shop_price`,`max_thumb` FROM `sp_goods` WHERE ( cate_id=3 ) ORDER BY id desc LIMIT 1   [ RunTime:0.0001s ]
SQL: SELECT `id`,`goods_name`,`shop_price`,`max_thumb` FROM `sp_goods` WHERE ( cate_id=3 ) ORDER BY id desc LIMIT 8   [ RunTime:0.0001s ]
SQL: SELECT `id`,`goods_name`,`shop_price`,`max_thumb` FROM `sp_goods` WHERE ( cate_id=4 ) LIMIT 1   [ RunTime:0.0001s ]
SQL: SELECT `id`,`goods_name`,`shop_price`,`max_thumb` FROM `sp_goods` WHERE ( cate_id=4 ) ORDER BY id desc LIMIT 1   [ RunTime:0.0001s ]
SQL: SELECT `id`,`goods_name`,`shop_price`,`max_thumb` FROM `sp_goods` WHERE ( cate_id=4 ) ORDER BY id desc LIMIT 8   [ RunTime:0.0001s ]
SQL: SELECT `id`,`goods_name`,`shop_price`,`max_thumb` FROM `sp_goods` WHERE ( cate_id=5 ) LIMIT 1   [ RunTime:0.0001s ]
SQL: SELECT `id`,`goods_name`,`shop_price`,`max_thumb` FROM `sp_goods` WHERE ( cate_id=5 ) ORDER BY id desc LIMIT 1   [ RunTime:0.0001s ]
SQL: SELECT `id`,`goods_name`,`shop_price`,`max_thumb` FROM `sp_goods` WHERE ( cate_id=5 ) ORDER BY id desc LIMIT 8   [ RunTime:0.0001s ]
SQL: SELECT `id`,`goods_name`,`shop_price`,`max_thumb` FROM `sp_goods` WHERE ( cate_id=6 ) LIMIT 1   [ RunTime:0.0001s ]
SQL: SELECT `id`,`goods_name`,`shop_price`,`max_thumb` FROM `sp_goods` WHERE ( cate_id=6 ) ORDER BY id desc LIMIT 1   [ RunTime:0.0001s ]
SQL: SELECT `id`,`goods_name`,`shop_price`,`max_thumb` FROM `sp_goods` WHERE ( cate_id=6 ) ORDER BY id desc LIMIT 8   [ RunTime:0.0001s ]
SQL: SELECT `id`,`goods_name`,`shop_price`,`max_thumb` FROM `sp_goods` WHERE ( cate_id=7 ) LIMIT 1   [ RunTime:0.0001s ]
SQL: SELECT `id`,`goods_name`,`shop_price`,`max_thumb` FROM `sp_goods` WHERE ( cate_id=7 ) ORDER BY id desc LIMIT 1   [ RunTime:0.0001s ]
SQL: SELECT `id`,`goods_name`,`shop_price`,`max_thumb` FROM `sp_goods` WHERE ( cate_id=7 ) ORDER BY id desc LIMIT 8   [ RunTime:0.0001s ]
SQL: SELECT `id`,`goods_name`,`shop_price`,`max_thumb` FROM `sp_goods` WHERE ( cate_id=8 ) LIMIT 1   [ RunTime:0.0001s ]
SQL: SELECT `id`,`goods_name`,`shop_price`,`max_thumb` FROM `sp_goods` WHERE ( cate_id=8 ) ORDER BY id desc LIMIT 1   [ RunTime:0.0001s ]
SQL: SELECT `id`,`goods_name`,`shop_price`,`max_thumb` FROM `sp_goods` WHERE ( cate_id=8 ) ORDER BY id desc LIMIT 8   [ RunTime:0.0001s ]
SQL: SELECT `id`,`goods_name`,`shop_price`,`max_thumb` FROM `sp_goods` WHERE ( cate_id=9 ) LIMIT 1   [ RunTime:0.0001s ]
SQL: SELECT `id`,`goods_name`,`shop_price`,`max_thumb` FROM `sp_goods` WHERE ( cate_id=9 ) ORDER BY id desc LIMIT 1   [ RunTime:0.0001s ]
SQL: SELECT `id`,`goods_name`,`shop_price`,`max_thumb` FROM `sp_goods` WHERE ( cate_id=9 ) ORDER BY id desc LIMIT 8   [ RunTime:0.0001s ]
SQL: SELECT `id`,`goods_name`,`shop_price`,`max_thumb` FROM `sp_goods` WHERE ( cate_id=10 ) LIMIT 1   [ RunTime:0.0001s ]
SQL: SELECT `id`,`goods_name`,`shop_price`,`max_thumb` FROM `sp_goods` WHERE ( cate_id=10 ) ORDER BY id desc LIMIT 1   [ RunTime:0.0001s ]
SQL: SELECT `id`,`goods_name`,`shop_price`,`max_thumb` FROM `sp_goods` WHERE ( cate_id=10 ) ORDER BY id desc LIMIT 8   [ RunTime:0.0001s ]
SQL: SELECT `id`,`goods_name`,`shop_price`,`max_thumb` FROM `sp_goods` WHERE ( cate_id=11 ) LIMIT 1   [ RunTime:0.0001s ]
SQL: SELECT `id`,`goods_name`,`shop_price`,`max_thumb` FROM `sp_goods` WHERE ( cate_id=11 ) ORDER BY id desc LIMIT 1   [ RunTime:0.0001s ]
SQL: SELECT `id`,`goods_name`,`shop_price`,`max_thumb` FROM `sp_goods` WHERE ( cate_id=11 ) ORDER BY id desc LIMIT 8   [ RunTime:0.0001s ]
SQL: SELECT `id`,`goods_name`,`shop_price`,`max_thumb` FROM `sp_goods` WHERE ( cate_id=12 ) LIMIT 1   [ RunTime:0.0001s ]
SQL: SELECT `id`,`goods_name`,`shop_price`,`max_thumb` FROM `sp_goods` WHERE ( cate_id=12 ) ORDER BY id desc LIMIT 1   [ RunTime:0.0001s ]
SQL: SELECT `id`,`goods_name`,`shop_price`,`max_thumb` FROM `sp_goods` WHERE ( cate_id=12 ) ORDER BY id desc LIMIT 8   [ RunTime:0.0001s ]
SQL: SELECT `id`,`goods_name`,`shop_price`,`max_thumb` FROM `sp_goods` WHERE ( cate_id=13 ) LIMIT 1   [ RunTime:0.0001s ]
SQL: SELECT `id`,`goods_name`,`shop_price`,`max_thumb` FROM `sp_goods` WHERE ( cate_id=13 ) ORDER BY id desc LIMIT 1   [ RunTime:0.0001s ]
SQL: SELECT `id`,`goods_name`,`shop_price`,`max_thumb` FROM `sp_goods` WHERE ( cate_id=13 ) ORDER BY id desc LIMIT 8   [ RunTime:0.0001s ]
INFO: [ view_parse ] --START--
INFO: [ template_filter ] --START--
INFO: Run Behavior\ContentReplaceBehavior [ RunTime:0.000296s ]
INFO: [ template_filter ] --END-- [ RunTime:0.000414s ]
NOTIC: [8] Undefined index: username C:\xampp\htdocs\www\x\Application\Runtime\Cache\Home\4444dba8a9b760dcff3c32c405202b5c.php 第 32 行.
INFO: Run Behavior\ParseTemplateBehavior [ RunTime:0.015014s ]
INFO: [ view_parse ] --END-- [ RunTime:0.015050s ]
INFO: [ view_filter ] --START--
INFO: Run Behavior\WriteHtmlCacheBehavior [ RunTime:0.000279s ]
INFO: [ view_filter ] --END-- [ RunTime:0.000309s ]
INFO: [ app_end ] --START--
INFO: Run Behavior\ShowPageTraceBehavior [ RunTime:0.000532s ]
INFO: [ app_end ] --END-- [ RunTime:0.000563s ]

[ 2018-09-28T09:58:13+08:00 ] 58.62.30.19 /
INFO: [ app_init ] --START--
INFO: Run Behavior\BuildLiteBehavior [ RunTime:0.000009s ]
INFO: [ app_init ] --END-- [ RunTime:0.000277s ]
INFO: [ app_begin ] --START--
INFO: Run Behavior\ReadHtmlCacheBehavior [ RunTime:0.000404s ]
INFO: [ app_begin ] --END-- [ RunTime:0.000433s ]
SQL: SHOW COLUMNS FROM `sp_category` [ RunTime:0.0019s ]
SQL: SELECT * FROM `sp_category` WHERE `type` = 1  [ RunTime:0.0003s ]
SQL: SHOW COLUMNS FROM `sp_article` [ RunTime:0.0018s ]
SQL: SELECT * FROM `sp_article` WHERE `cateid` = 1  [ RunTime:0.0004s ]
SQL: SELECT * FROM `sp_article` WHERE `cateid` = 2  [ RunTime:0.0002s ]
SQL: SHOW COLUMNS FROM `sp_nav` [ RunTime:0.0019s ]
SQL: SELECT * FROM `sp_nav`  [ RunTime:0.0002s ]
NOTIC: [8] Undefined offset: 1 C:\xampp\htdocs\www\x\Application\Home\Controller\CommonController.class.php 第 34 行.
NOTIC: [8] Undefined offset: 2 C:\xampp\htdocs\www\x\Application\Home\Controller\CommonController.class.php 第 35 行.
NOTIC: [8] Undefined offset: 3 C:\xampp\htdocs\www\x\Application\Home\Controller\CommonController.class.php 第 36 行.
SQL: SHOW COLUMNS FROM `sp_config` [ RunTime:0.0013s ]
SQL: SELECT `enname`,`value` FROM `sp_config`  [ RunTime:0.0002s ]
NOTIC: [8] Undefined variable: configres C:\xampp\htdocs\www\x\Application\Home\Controller\CommonController.class.php 第 45 行.
NOTIC: [8] Undefined variable: configres C:\xampp\htdocs\www\x\Application\Home\Controller\CommonController.class.php 第 46 行.
SQL: SHOW COLUMNS FROM `sp_goods` [ RunTime:0.0019s ]
SQL: SHOW COLUMNS FROM `sp_recvalue` [ RunTime:0.0018s ]
SQL: SELECT * FROM sp_recvalue a LEFT JOIN sp_goods b ON a.valueid=b.id  WHERE a.recid = 3  [ RunTime:0.0005s ]
SQL: SELECT * FROM sp_recvalue a LEFT JOIN sp_goods b ON a.valueid=b.id  WHERE a.recid = 1  [ RunTime:0.0004s ]
SQL: SELECT `id`,`goods_name`,`shop_price`,`max_thumb` FROM `sp_goods` WHERE ( cate_id=1 ) LIMIT 1   [ RunTime:0.0002s ]
SQL: SELECT `id`,`goods_name`,`shop_price`,`max_thumb` FROM `sp_goods` WHERE ( cate_id=1 ) ORDER BY id desc LIMIT 1   [ RunTime:0.0003s ]
SQL: SELECT `id`,`goods_name`,`shop_price`,`max_thumb` FROM `sp_goods` WHERE ( cate_id=1 ) ORDER BY id desc LIMIT 8   [ RunTime:0.0003s ]
SQL: SELECT `id`,`goods_name`,`shop_price`,`max_thumb` FROM `sp_goods` WHERE ( cate_id=2 ) LIMIT 1   [ RunTime:0.0004s ]
SQL: SELECT `id`,`goods_name`,`shop_price`,`max_thumb` FROM `sp_goods` WHERE ( cate_id=2 ) ORDER BY id desc LIMIT 1   [ RunTime:0.0003s ]
SQL: SELECT `id`,`goods_name`,`shop_price`,`max_thumb` FROM `sp_goods` WHERE ( cate_id=2 ) ORDER BY id desc LIMIT 8   [ RunTime:0.0003s ]
SQL: SELECT `id`,`goods_name`,`shop_price`,`max_thumb` FROM `sp_goods` WHERE ( cate_id=3 ) LIMIT 1   [ RunTime:0.0002s ]
SQL: SELECT `id`,`goods_name`,`shop_price`,`max_thumb` FROM `sp_goods` WHERE ( cate_id=3 ) ORDER BY id desc LIMIT 1   [ RunTime:0.0002s ]
SQL: SELECT `id`,`goods_name`,`shop_price`,`max_thumb` FROM `sp_goods` WHERE ( cate_id=3 ) ORDER BY id desc LIMIT 8   [ RunTime:0.0002s ]
SQL: SELECT `id`,`goods_name`,`shop_price`,`max_thumb` FROM `sp_goods` WHERE ( cate_id=4 ) LIMIT 1   [ RunTime:0.0003s ]
SQL: SELECT `id`,`goods_name`,`shop_price`,`max_thumb` FROM `sp_goods` WHERE ( cate_id=4 ) ORDER BY id desc LIMIT 1   [ RunTime:0.0003s ]
SQL: SELECT `id`,`goods_name`,`shop_price`,`max_thumb` FROM `sp_goods` WHERE ( cate_id=4 ) ORDER BY id desc LIMIT 8   [ RunTime:0.0005s ]
SQL: SELECT `id`,`goods_name`,`shop_price`,`max_thumb` FROM `sp_goods` WHERE ( cate_id=5 ) LIMIT 1   [ RunTime:0.0002s ]
SQL: SELECT `id`,`goods_name`,`shop_price`,`max_thumb` FROM `sp_goods` WHERE ( cate_id=5 ) ORDER BY id desc LIMIT 1   [ RunTime:0.0003s ]
SQL: SELECT `id`,`goods_name`,`shop_price`,`max_thumb` FROM `sp_goods` WHERE ( cate_id=5 ) ORDER BY id desc LIMIT 8   [ RunTime:0.0002s ]
SQL: SELECT `id`,`goods_name`,`shop_price`,`max_thumb` FROM `sp_goods` WHERE ( cate_id=6 ) LIMIT 1   [ RunTime:0.0002s ]
SQL: SELECT `id`,`goods_name`,`shop_price`,`max_thumb` FROM `sp_goods` WHERE ( cate_id=6 ) ORDER BY id desc LIMIT 1   [ RunTime:0.0002s ]
SQL: SELECT `id`,`goods_name`,`shop_price`,`max_thumb` FROM `sp_goods` WHERE ( cate_id=6 ) ORDER BY id desc LIMIT 8   [ RunTime:0.0002s ]
SQL: SELECT `id`,`goods_name`,`shop_price`,`max_thumb` FROM `sp_goods` WHERE ( cate_id=7 ) LIMIT 1   [ RunTime:0.0003s ]
SQL: SELECT `id`,`goods_name`,`shop_price`,`max_thumb` FROM `sp_goods` WHERE ( cate_id=7 ) ORDER BY id desc LIMIT 1   [ RunTime:0.0002s ]
SQL: SELECT `id`,`goods_name`,`shop_price`,`max_thumb` FROM `sp_goods` WHERE ( cate_id=7 ) ORDER BY id desc LIMIT 8   [ RunTime:0.0002s ]
SQL: SELECT `id`,`goods_name`,`shop_price`,`max_thumb` FROM `sp_goods` WHERE ( cate_id=8 ) LIMIT 1   [ RunTime:0.0002s ]
SQL: SELECT `id`,`goods_name`,`shop_price`,`max_thumb` FROM `sp_goods` WHERE ( cate_id=8 ) ORDER BY id desc LIMIT 1   [ RunTime:0.0004s ]
SQL: SELECT `id`,`goods_name`,`shop_price`,`max_thumb` FROM `sp_goods` WHERE ( cate_id=8 ) ORDER BY id desc LIMIT 8   [ RunTime:0.0002s ]
SQL: SELECT `id`,`goods_name`,`shop_price`,`max_thumb` FROM `sp_goods` WHERE ( cate_id=9 ) LIMIT 1   [ RunTime:0.0002s ]
SQL: SELECT `id`,`goods_name`,`shop_price`,`max_thumb` FROM `sp_goods` WHERE ( cate_id=9 ) ORDER BY id desc LIMIT 1   [ RunTime:0.0002s ]
SQL: SELECT `id`,`goods_name`,`shop_price`,`max_thumb` FROM `sp_goods` WHERE ( cate_id=9 ) ORDER BY id desc LIMIT 8   [ RunTime:0.0003s ]
SQL: SELECT `id`,`goods_name`,`shop_price`,`max_thumb` FROM `sp_goods` WHERE ( cate_id=10 ) LIMIT 1   [ RunTime:0.0002s ]
SQL: SELECT `id`,`goods_name`,`shop_price`,`max_thumb` FROM `sp_goods` WHERE ( cate_id=10 ) ORDER BY id desc LIMIT 1   [ RunTime:0.0002s ]
SQL: SELECT `id`,`goods_name`,`shop_price`,`max_thumb` FROM `sp_goods` WHERE ( cate_id=10 ) ORDER BY id desc LIMIT 8   [ RunTime:0.0008s ]
SQL: SELECT `id`,`goods_name`,`shop_price`,`max_thumb` FROM `sp_goods` WHERE ( cate_id=11 ) LIMIT 1   [ RunTime:0.0003s ]
SQL: SELECT `id`,`goods_name`,`shop_price`,`max_thumb` FROM `sp_goods` WHERE ( cate_id=11 ) ORDER BY id desc LIMIT 1   [ RunTime:0.0003s ]
SQL: SELECT `id`,`goods_name`,`shop_price`,`max_thumb` FROM `sp_goods` WHERE ( cate_id=11 ) ORDER BY id desc LIMIT 8   [ RunTime:0.0002s ]
SQL: SELECT `id`,`goods_name`,`shop_price`,`max_thumb` FROM `sp_goods` WHERE ( cate_id=12 ) LIMIT 1   [ RunTime:0.0003s ]
SQL: SELECT `id`,`goods_name`,`shop_price`,`max_thumb` FROM `sp_goods` WHERE ( cate_id=12 ) ORDER BY id desc LIMIT 1   [ RunTime:0.0003s ]
SQL: SELECT `id`,`goods_name`,`shop_price`,`max_thumb` FROM `sp_goods` WHERE ( cate_id=12 ) ORDER BY id desc LIMIT 8   [ RunTime:0.0002s ]
SQL: SELECT `id`,`goods_name`,`shop_price`,`max_thumb` FROM `sp_goods` WHERE ( cate_id=13 ) LIMIT 1   [ RunTime:0.0002s ]
SQL: SELECT `id`,`goods_name`,`shop_price`,`max_thumb` FROM `sp_goods` WHERE ( cate_id=13 ) ORDER BY id desc LIMIT 1   [ RunTime:0.0002s ]
SQL: SELECT `id`,`goods_name`,`shop_price`,`max_thumb` FROM `sp_goods` WHERE ( cate_id=13 ) ORDER BY id desc LIMIT 8   [ RunTime:0.0002s ]
INFO: [ view_parse ] --START--
INFO: [ template_filter ] --START--
INFO: Run Behavior\ContentReplaceBehavior [ RunTime:0.000296s ]
INFO: [ template_filter ] --END-- [ RunTime:0.000340s ]
NOTIC: [8] Undefined index: username C:\xampp\htdocs\www\x\Application\Runtime\Cache\Home\4444dba8a9b760dcff3c32c405202b5c.php 第 32 行.
INFO: Run Behavior\ParseTemplateBehavior [ RunTime:0.016744s ]
INFO: [ view_parse ] --END-- [ RunTime:0.016780s ]
INFO: [ view_filter ] --START--
INFO: Run Behavior\WriteHtmlCacheBehavior [ RunTime:0.000243s ]
INFO: [ view_filter ] --END-- [ RunTime:0.000266s ]
INFO: [ app_end ] --START--
INFO: Run Behavior\ShowPageTraceBehavior [ RunTime:0.001478s ]
INFO: [ app_end ] --END-- [ RunTime:0.001537s ]

[ 2018-09-28T09:58:14+08:00 ] 58.62.30.19 /
INFO: [ app_init ] --START--
INFO: Run Behavior\BuildLiteBehavior [ RunTime:0.000010s ]
INFO: [ app_init ] --END-- [ RunTime:0.000280s ]
INFO: [ app_begin ] --START--
INFO: Run Behavior\ReadHtmlCacheBehavior [ RunTime:0.000403s ]
INFO: [ app_begin ] --END-- [ RunTime:0.000434s ]
SQL: SHOW COLUMNS FROM `sp_category` [ RunTime:0.0015s ]
SQL: SELECT * FROM `sp_category` WHERE `type` = 1  [ RunTime:0.0003s ]
SQL: SHOW COLUMNS FROM `sp_article` [ RunTime:0.0011s ]
SQL: SELECT * FROM `sp_article` WHERE `cateid` = 1  [ RunTime:0.0003s ]
SQL: SELECT * FROM `sp_article` WHERE `cateid` = 2  [ RunTime:0.0002s ]
SQL: SHOW COLUMNS FROM `sp_nav` [ RunTime:0.0010s ]
SQL: SELECT * FROM `sp_nav`  [ RunTime:0.0002s ]
NOTIC: [8] Undefined offset: 1 C:\xampp\htdocs\www\x\Application\Home\Controller\CommonController.class.php 第 34 行.
NOTIC: [8] Undefined offset: 2 C:\xampp\htdocs\www\x\Application\Home\Controller\CommonController.class.php 第 35 行.
NOTIC: [8] Undefined offset: 3 C:\xampp\htdocs\www\x\Application\Home\Controller\CommonController.class.php 第 36 行.
SQL: SHOW COLUMNS FROM `sp_config` [ RunTime:0.0011s ]
SQL: SELECT `enname`,`value` FROM `sp_config`  [ RunTime:0.0002s ]
NOTIC: [8] Undefined variable: configres C:\xampp\htdocs\www\x\Application\Home\Controller\CommonController.class.php 第 45 行.
NOTIC: [8] Undefined variable: configres C:\xampp\htdocs\www\x\Application\Home\Controller\CommonController.class.php 第 46 行.
SQL: SHOW COLUMNS FROM `sp_goods` [ RunTime:0.0015s ]
SQL: SHOW COLUMNS FROM `sp_recvalue` [ RunTime:0.0012s ]
SQL: SELECT * FROM sp_recvalue a LEFT JOIN sp_goods b ON a.valueid=b.id  WHERE a.recid = 3  [ RunTime:0.0004s ]
SQL: SELECT * FROM sp_recvalue a LEFT JOIN sp_goods b ON a.valueid=b.id  WHERE a.recid = 1  [ RunTime:0.0003s ]
SQL: SELECT `id`,`goods_name`,`shop_price`,`max_thumb` FROM `sp_goods` WHERE ( cate_id=1 ) LIMIT 1   [ RunTime:0.0002s ]
SQL: SELECT `id`,`goods_name`,`shop_price`,`max_thumb` FROM `sp_goods` WHERE ( cate_id=1 ) ORDER BY id desc LIMIT 1   [ RunTime:0.0002s ]
SQL: SELECT `id`,`goods_name`,`shop_price`,`max_thumb` FROM `sp_goods` WHERE ( cate_id=1 ) ORDER BY id desc LIMIT 8   [ RunTime:0.0002s ]
SQL: SELECT `id`,`goods_name`,`shop_price`,`max_thumb` FROM `sp_goods` WHERE ( cate_id=2 ) LIMIT 1   [ RunTime:0.0002s ]
SQL: SELECT `id`,`goods_name`,`shop_price`,`max_thumb` FROM `sp_goods` WHERE ( cate_id=2 ) ORDER BY id desc LIMIT 1   [ RunTime:0.0002s ]
SQL: SELECT `id`,`goods_name`,`shop_price`,`max_thumb` FROM `sp_goods` WHERE ( cate_id=2 ) ORDER BY id desc LIMIT 8   [ RunTime:0.0001s ]
SQL: SELECT `id`,`goods_name`,`shop_price`,`max_thumb` FROM `sp_goods` WHERE ( cate_id=3 ) LIMIT 1   [ RunTime:0.0002s ]
SQL: SELECT `id`,`goods_name`,`shop_price`,`max_thumb` FROM `sp_goods` WHERE ( cate_id=3 ) ORDER BY id desc LIMIT 1   [ RunTime:0.0001s ]
SQL: SELECT `id`,`goods_name`,`shop_price`,`max_thumb` FROM `sp_goods` WHERE ( cate_id=3 ) ORDER BY id desc LIMIT 8   [ RunTime:0.0001s ]
SQL: SELECT `id`,`goods_name`,`shop_price`,`max_thumb` FROM `sp_goods` WHERE ( cate_id=4 ) LIMIT 1   [ RunTime:0.0001s ]
SQL: SELECT `id`,`goods_name`,`shop_price`,`max_thumb` FROM `sp_goods` WHERE ( cate_id=4 ) ORDER BY id desc LIMIT 1   [ RunTime:0.0001s ]
SQL: SELECT `id`,`goods_name`,`shop_price`,`max_thumb` FROM `sp_goods` WHERE ( cate_id=4 ) ORDER BY id desc LIMIT 8   [ RunTime:0.0001s ]
SQL: SELECT `id`,`goods_name`,`shop_price`,`max_thumb` FROM `sp_goods` WHERE ( cate_id=5 ) LIMIT 1   [ RunTime:0.0001s ]
SQL: SELECT `id`,`goods_name`,`shop_price`,`max_thumb` FROM `sp_goods` WHERE ( cate_id=5 ) ORDER BY id desc LIMIT 1   [ RunTime:0.0001s ]
SQL: SELECT `id`,`goods_name`,`shop_price`,`max_thumb` FROM `sp_goods` WHERE ( cate_id=5 ) ORDER BY id desc LIMIT 8   [ RunTime:0.0002s ]
SQL: SELECT `id`,`goods_name`,`shop_price`,`max_thumb` FROM `sp_goods` WHERE ( cate_id=6 ) LIMIT 1   [ RunTime:0.0001s ]
SQL: SELECT `id`,`goods_name`,`shop_price`,`max_thumb` FROM `sp_goods` WHERE ( cate_id=6 ) ORDER BY id desc LIMIT 1   [ RunTime:0.0001s ]
SQL: SELECT `id`,`goods_name`,`shop_price`,`max_thumb` FROM `sp_goods` WHERE ( cate_id=6 ) ORDER BY id desc LIMIT 8   [ RunTime:0.0001s ]
SQL: SELECT `id`,`goods_name`,`shop_price`,`max_thumb` FROM `sp_goods` WHERE ( cate_id=7 ) LIMIT 1   [ RunTime:0.0002s ]
SQL: SELECT `id`,`goods_name`,`shop_price`,`max_thumb` FROM `sp_goods` WHERE ( cate_id=7 ) ORDER BY id desc LIMIT 1   [ RunTime:0.0002s ]
SQL: SELECT `id`,`goods_name`,`shop_price`,`max_thumb` FROM `sp_goods` WHERE ( cate_id=7 ) ORDER BY id desc LIMIT 8   [ RunTime:0.0002s ]
SQL: SELECT `id`,`goods_name`,`shop_price`,`max_thumb` FROM `sp_goods` WHERE ( cate_id=8 ) LIMIT 1   [ RunTime:0.0001s ]
SQL: SELECT `id`,`goods_name`,`shop_price`,`max_thumb` FROM `sp_goods` WHERE ( cate_id=8 ) ORDER BY id desc LIMIT 1   [ RunTime:0.0001s ]
SQL: SELECT `id`,`goods_name`,`shop_price`,`max_thumb` FROM `sp_goods` WHERE ( cate_id=8 ) ORDER BY id desc LIMIT 8   [ RunTime:0.0001s ]
SQL: SELECT `id`,`goods_name`,`shop_price`,`max_thumb` FROM `sp_goods` WHERE ( cate_id=9 ) LIMIT 1   [ RunTime:0.0001s ]
SQL: SELECT `id`,`goods_name`,`shop_price`,`max_thumb` FROM `sp_goods` WHERE ( cate_id=9 ) ORDER BY id desc LIMIT 1   [ RunTime:0.0001s ]
SQL: SELECT `id`,`goods_name`,`shop_price`,`max_thumb` FROM `sp_goods` WHERE ( cate_id=9 ) ORDER BY id desc LIMIT 8   [ RunTime:0.0001s ]
SQL: SELECT `id`,`goods_name`,`shop_price`,`max_thumb` FROM `sp_goods` WHERE ( cate_id=10 ) LIMIT 1   [ RunTime:0.0001s ]
SQL: SELECT `id`,`goods_name`,`shop_price`,`max_thumb` FROM `sp_goods` WHERE ( cate_id=10 ) ORDER BY id desc LIMIT 1   [ RunTime:0.0001s ]
SQL: SELECT `id`,`goods_name`,`shop_price`,`max_thumb` FROM `sp_goods` WHERE ( cate_id=10 ) ORDER BY id desc LIMIT 8   [ RunTime:0.0001s ]
SQL: SELECT `id`,`goods_name`,`shop_price`,`max_thumb` FROM `sp_goods` WHERE ( cate_id=11 ) LIMIT 1   [ RunTime:0.0001s ]
SQL: SELECT `id`,`goods_name`,`shop_price`,`max_thumb` FROM `sp_goods` WHERE ( cate_id=11 ) ORDER BY id desc LIMIT 1   [ RunTime:0.0001s ]
SQL: SELECT `id`,`goods_name`,`shop_price`,`max_thumb` FROM `sp_goods` WHERE ( cate_id=11 ) ORDER BY id desc LIMIT 8   [ RunTime:0.0001s ]
SQL: SELECT `id`,`goods_name`,`shop_price`,`max_thumb` FROM `sp_goods` WHERE ( cate_id=12 ) LIMIT 1   [ RunTime:0.0001s ]
SQL: SELECT `id`,`goods_name`,`shop_price`,`max_thumb` FROM `sp_goods` WHERE ( cate_id=12 ) ORDER BY id desc LIMIT 1   [ RunTime:0.0003s ]
SQL: SELECT `id`,`goods_name`,`shop_price`,`max_thumb` FROM `sp_goods` WHERE ( cate_id=12 ) ORDER BY id desc LIMIT 8   [ RunTime:0.0003s ]
SQL: SELECT `id`,`goods_name`,`shop_price`,`max_thumb` FROM `sp_goods` WHERE ( cate_id=13 ) LIMIT 1   [ RunTime:0.0002s ]
SQL: SELECT `id`,`goods_name`,`shop_price`,`max_thumb` FROM `sp_goods` WHERE ( cate_id=13 ) ORDER BY id desc LIMIT 1   [ RunTime:0.0002s ]
SQL: SELECT `id`,`goods_name`,`shop_price`,`max_thumb` FROM `sp_goods` WHERE ( cate_id=13 ) ORDER BY id desc LIMIT 8   [ RunTime:0.0002s ]
INFO: [ view_parse ] --START--
INFO: [ template_filter ] --START--
INFO: Run Behavior\ContentReplaceBehavior [ RunTime:0.000347s ]
INFO: [ template_filter ] --END-- [ RunTime:0.000397s ]
NOTIC: [8] Undefined index: username C:\xampp\htdocs\www\x\Application\Runtime\Cache\Home\4444dba8a9b760dcff3c32c405202b5c.php 第 32 行.
INFO: Run Behavior\ParseTemplateBehavior [ RunTime:0.014815s ]
INFO: [ view_parse ] --END-- [ RunTime:0.014847s ]
INFO: [ view_filter ] --START--
INFO: Run Behavior\WriteHtmlCacheBehavior [ RunTime:0.000260s ]
INFO: [ view_filter ] --END-- [ RunTime:0.000287s ]
INFO: [ app_end ] --START--
INFO: Run Behavior\ShowPageTraceBehavior [ RunTime:0.000487s ]
INFO: [ app_end ] --END-- [ RunTime:0.000512s ]

[ 2018-09-28T09:58:14+08:00 ] 58.62.30.19 /
INFO: [ app_init ] --START--
INFO: Run Behavior\BuildLiteBehavior [ RunTime:0.000010s ]
INFO: [ app_init ] --END-- [ RunTime:0.000290s ]
INFO: [ app_begin ] --START--
INFO: Run Behavior\ReadHtmlCacheBehavior [ RunTime:0.000440s ]
INFO: [ app_begin ] --END-- [ RunTime:0.000469s ]
SQL: SHOW COLUMNS FROM `sp_category` [ RunTime:0.0014s ]
SQL: SELECT * FROM `sp_category` WHERE `type` = 1  [ RunTime:0.0003s ]
SQL: SHOW COLUMNS FROM `sp_article` [ RunTime:0.0013s ]
SQL: SELECT * FROM `sp_article` WHERE `cateid` = 1  [ RunTime:0.0002s ]
SQL: SELECT * FROM `sp_article` WHERE `cateid` = 2  [ RunTime:0.0002s ]
SQL: SHOW COLUMNS FROM `sp_nav` [ RunTime:0.0012s ]
SQL: SELECT * FROM `sp_nav`  [ RunTime:0.0002s ]
NOTIC: [8] Undefined offset: 1 C:\xampp\htdocs\www\x\Application\Home\Controller\CommonController.class.php 第 34 行.
NOTIC: [8] Undefined offset: 2 C:\xampp\htdocs\www\x\Application\Home\Controller\CommonController.class.php 第 35 行.
NOTIC: [8] Undefined offset: 3 C:\xampp\htdocs\www\x\Application\Home\Controller\CommonController.class.php 第 36 行.
SQL: SHOW COLUMNS FROM `sp_config` [ RunTime:0.0010s ]
SQL: SELECT `enname`,`value` FROM `sp_config`  [ RunTime:0.0002s ]
NOTIC: [8] Undefined variable: configres C:\xampp\htdocs\www\x\Application\Home\Controller\CommonController.class.php 第 45 行.
NOTIC: [8] Undefined variable: configres C:\xampp\htdocs\www\x\Application\Home\Controller\CommonController.class.php 第 46 行.
SQL: SHOW COLUMNS FROM `sp_goods` [ RunTime:0.0013s ]
SQL: SHOW COLUMNS FROM `sp_recvalue` [ RunTime:0.0012s ]
SQL: SELECT * FROM sp_recvalue a LEFT JOIN sp_goods b ON a.valueid=b.id  WHERE a.recid = 3  [ RunTime:0.0004s ]
SQL: SELECT * FROM sp_recvalue a LEFT JOIN sp_goods b ON a.valueid=b.id  WHERE a.recid = 1  [ RunTime:0.0003s ]
SQL: SELECT `id`,`goods_name`,`shop_price`,`max_thumb` FROM `sp_goods` WHERE ( cate_id=1 ) LIMIT 1   [ RunTime:0.0002s ]
SQL: SELECT `id`,`goods_name`,`shop_price`,`max_thumb` FROM `sp_goods` WHERE ( cate_id=1 ) ORDER BY id desc LIMIT 1   [ RunTime:0.0001s ]
SQL: SELECT `id`,`goods_name`,`shop_price`,`max_thumb` FROM `sp_goods` WHERE ( cate_id=1 ) ORDER BY id desc LIMIT 8   [ RunTime:0.0002s ]
SQL: SELECT `id`,`goods_name`,`shop_price`,`max_thumb` FROM `sp_goods` WHERE ( cate_id=2 ) LIMIT 1   [ RunTime:0.0002s ]
SQL: SELECT `id`,`goods_name`,`shop_price`,`max_thumb` FROM `sp_goods` WHERE ( cate_id=2 ) ORDER BY id desc LIMIT 1   [ RunTime:0.0001s ]
SQL: SELECT `id`,`goods_name`,`shop_price`,`max_thumb` FROM `sp_goods` WHERE ( cate_id=2 ) ORDER BY id desc LIMIT 8   [ RunTime:0.0001s ]
SQL: SELECT `id`,`goods_name`,`shop_price`,`max_thumb` FROM `sp_goods` WHERE ( cate_id=3 ) LIMIT 1   [ RunTime:0.0002s ]
SQL: SELECT `id`,`goods_name`,`shop_price`,`max_thumb` FROM `sp_goods` WHERE ( cate_id=3 ) ORDER BY id desc LIMIT 1   [ RunTime:0.0002s ]
SQL: SELECT `id`,`goods_name`,`shop_price`,`max_thumb` FROM `sp_goods` WHERE ( cate_id=3 ) ORDER BY id desc LIMIT 8   [ RunTime:0.0001s ]
SQL: SELECT `id`,`goods_name`,`shop_price`,`max_thumb` FROM `sp_goods` WHERE ( cate_id=4 ) LIMIT 1   [ RunTime:0.0001s ]
SQL: SELECT `id`,`goods_name`,`shop_price`,`max_thumb` FROM `sp_goods` WHERE ( cate_id=4 ) ORDER BY id desc LIMIT 1   [ RunTime:0.0001s ]
SQL: SELECT `id`,`goods_name`,`shop_price`,`max_thumb` FROM `sp_goods` WHERE ( cate_id=4 ) ORDER BY id desc LIMIT 8   [ RunTime:0.0002s ]
SQL: SELECT `id`,`goods_name`,`shop_price`,`max_thumb` FROM `sp_goods` WHERE ( cate_id=5 ) LIMIT 1   [ RunTime:0.0002s ]
SQL: SELECT `id`,`goods_name`,`shop_price`,`max_thumb` FROM `sp_goods` WHERE ( cate_id=5 ) ORDER BY id desc LIMIT 1   [ RunTime:0.0001s ]
SQL: SELECT `id`,`goods_name`,`shop_price`,`max_thumb` FROM `sp_goods` WHERE ( cate_id=5 ) ORDER BY id desc LIMIT 8   [ RunTime:0.0001s ]
SQL: SELECT `id`,`goods_name`,`shop_price`,`max_thumb` FROM `sp_goods` WHERE ( cate_id=6 ) LIMIT 1   [ RunTime:0.0002s ]
SQL: SELECT `id`,`goods_name`,`shop_price`,`max_thumb` FROM `sp_goods` WHERE ( cate_id=6 ) ORDER BY id desc LIMIT 1   [ RunTime:0.0001s ]
SQL: SELECT `id`,`goods_name`,`shop_price`,`max_thumb` FROM `sp_goods` WHERE ( cate_id=6 ) ORDER BY id desc LIMIT 8   [ RunTime:0.0001s ]
SQL: SELECT `id`,`goods_name`,`shop_price`,`max_thumb` FROM `sp_goods` WHERE ( cate_id=7 ) LIMIT 1   [ RunTime:0.0001s ]
SQL: SELECT `id`,`goods_name`,`shop_price`,`max_thumb` FROM `sp_goods` WHERE ( cate_id=7 ) ORDER BY id desc LIMIT 1   [ RunTime:0.0001s ]
SQL: SELECT `id`,`goods_name`,`shop_price`,`max_thumb` FROM `sp_goods` WHERE ( cate_id=7 ) ORDER BY id desc LIMIT 8   [ RunTime:0.0001s ]
SQL: SELECT `id`,`goods_name`,`shop_price`,`max_thumb` FROM `sp_goods` WHERE ( cate_id=8 ) LIMIT 1   [ RunTime:0.0001s ]
SQL: SELECT `id`,`goods_name`,`shop_price`,`max_thumb` FROM `sp_goods` WHERE ( cate_id=8 ) ORDER BY id desc LIMIT 1   [ RunTime:0.0003s ]
SQL: SELECT `id`,`goods_name`,`shop_price`,`max_thumb` FROM `sp_goods` WHERE ( cate_id=8 ) ORDER BY id desc LIMIT 8   [ RunTime:0.0002s ]
SQL: SELECT `id`,`goods_name`,`shop_price`,`max_thumb` FROM `sp_goods` WHERE ( cate_id=9 ) LIMIT 1   [ RunTime:0.0003s ]
SQL: SELECT `id`,`goods_name`,`shop_price`,`max_thumb` FROM `sp_goods` WHERE ( cate_id=9 ) ORDER BY id desc LIMIT 1   [ RunTime:0.0002s ]
SQL: SELECT `id`,`goods_name`,`shop_price`,`max_thumb` FROM `sp_goods` WHERE ( cate_id=9 ) ORDER BY id desc LIMIT 8   [ RunTime:0.0001s ]
SQL: SELECT `id`,`goods_name`,`shop_price`,`max_thumb` FROM `sp_goods` WHERE ( cate_id=10 ) LIMIT 1   [ RunTime:0.0001s ]
SQL: SELECT `id`,`goods_name`,`shop_price`,`max_thumb` FROM `sp_goods` WHERE ( cate_id=10 ) ORDER BY id desc LIMIT 1   [ RunTime:0.0002s ]
SQL: SELECT `id`,`goods_name`,`shop_price`,`max_thumb` FROM `sp_goods` WHERE ( cate_id=10 ) ORDER BY id desc LIMIT 8   [ RunTime:0.0002s ]
SQL: SELECT `id`,`goods_name`,`shop_price`,`max_thumb` FROM `sp_goods` WHERE ( cate_id=11 ) LIMIT 1   [ RunTime:0.0003s ]
SQL: SELECT `id`,`goods_name`,`shop_price`,`max_thumb` FROM `sp_goods` WHERE ( cate_id=11 ) ORDER BY id desc LIMIT 1   [ RunTime:0.0002s ]
SQL: SELECT `id`,`goods_name`,`shop_price`,`max_thumb` FROM `sp_goods` WHERE ( cate_id=11 ) ORDER BY id desc LIMIT 8   [ RunTime:0.0002s ]
SQL: SELECT `id`,`goods_name`,`shop_price`,`max_thumb` FROM `sp_goods` WHERE ( cate_id=12 ) LIMIT 1   [ RunTime:0.0003s ]
SQL: SELECT `id`,`goods_name`,`shop_price`,`max_thumb` FROM `sp_goods` WHERE ( cate_id=12 ) ORDER BY id desc LIMIT 1   [ RunTime:0.0002s ]
SQL: SELECT `id`,`goods_name`,`shop_price`,`max_thumb` FROM `sp_goods` WHERE ( cate_id=12 ) ORDER BY id desc LIMIT 8   [ RunTime:0.0002s ]
SQL: SELECT `id`,`goods_name`,`shop_price`,`max_thumb` FROM `sp_goods` WHERE ( cate_id=13 ) LIMIT 1   [ RunTime:0.0002s ]
SQL: SELECT `id`,`goods_name`,`shop_price`,`max_thumb` FROM `sp_goods` WHERE ( cate_id=13 ) ORDER BY id desc LIMIT 1   [ RunTime:0.0003s ]
SQL: SELECT `id`,`goods_name`,`shop_price`,`max_thumb` FROM `sp_goods` WHERE ( cate_id=13 ) ORDER BY id desc LIMIT 8   [ RunTime:0.0002s ]
INFO: [ view_parse ] --START--
INFO: [ template_filter ] --START--
INFO: Run Behavior\ContentReplaceBehavior [ RunTime:0.000267s ]
INFO: [ template_filter ] --END-- [ RunTime:0.000307s ]
NOTIC: [8] Undefined index: username C:\xampp\htdocs\www\x\Application\Runtime\Cache\Home\4444dba8a9b760dcff3c32c405202b5c.php 第 32 行.
INFO: Run Behavior\ParseTemplateBehavior [ RunTime:0.013669s ]
INFO: [ view_parse ] --END-- [ RunTime:0.013701s ]
INFO: [ view_filter ] --START--
INFO: Run Behavior\WriteHtmlCacheBehavior [ RunTime:0.000223s ]
INFO: [ view_filter ] --END-- [ RunTime:0.000243s ]
INFO: [ app_end ] --START--
INFO: Run Behavior\ShowPageTraceBehavior [ RunTime:0.000540s ]
INFO: [ app_end ] --END-- [ RunTime:0.000579s ]

[ 2018-09-28T13:03:52+08:00 ] 42.236.10.106 /
INFO: [ app_init ] --START--
INFO: Run Behavior\BuildLiteBehavior [ RunTime:0.000024s ]
INFO: [ app_init ] --END-- [ RunTime:0.000339s ]
INFO: [ app_begin ] --START--
INFO: Run Behavior\ReadHtmlCacheBehavior [ RunTime:0.000373s ]
INFO: [ app_begin ] --END-- [ RunTime:0.000402s ]
SQL: SHOW COLUMNS FROM `sp_category` [ RunTime:0.0019s ]
SQL: SELECT * FROM `sp_category` WHERE `type` = 1  [ RunTime:0.0003s ]
SQL: SHOW COLUMNS FROM `sp_article` [ RunTime:0.0010s ]
SQL: SELECT * FROM `sp_article` WHERE `cateid` = 1  [ RunTime:0.0002s ]
SQL: SELECT * FROM `sp_article` WHERE `cateid` = 2  [ RunTime:0.0001s ]
SQL: SHOW COLUMNS FROM `sp_nav` [ RunTime:0.0009s ]
SQL: SELECT * FROM `sp_nav`  [ RunTime:0.0001s ]
NOTIC: [8] Undefined offset: 1 C:\xampp\htdocs\www\x\Application\Home\Controller\CommonController.class.php 第 34 行.
NOTIC: [8] Undefined offset: 2 C:\xampp\htdocs\www\x\Application\Home\Controller\CommonController.class.php 第 35 行.
NOTIC: [8] Undefined offset: 3 C:\xampp\htdocs\www\x\Application\Home\Controller\CommonController.class.php 第 36 行.
SQL: SHOW COLUMNS FROM `sp_config` [ RunTime:0.0009s ]
SQL: SELECT `enname`,`value` FROM `sp_config`  [ RunTime:0.0001s ]
NOTIC: [8] Undefined variable: configres C:\xampp\htdocs\www\x\Application\Home\Controller\CommonController.class.php 第 45 行.
NOTIC: [8] Undefined variable: configres C:\xampp\htdocs\www\x\Application\Home\Controller\CommonController.class.php 第 46 行.
SQL: SHOW COLUMNS FROM `sp_goods` [ RunTime:0.0030s ]
SQL: SHOW COLUMNS FROM `sp_recvalue` [ RunTime:0.0026s ]
SQL: SELECT * FROM sp_recvalue a LEFT JOIN sp_goods b ON a.valueid=b.id  WHERE a.recid = 3  [ RunTime:0.0015s ]
SQL: SELECT * FROM sp_recvalue a LEFT JOIN sp_goods b ON a.valueid=b.id  WHERE a.recid = 1  [ RunTime:0.0007s ]
SQL: SELECT `id`,`goods_name`,`shop_price`,`max_thumb` FROM `sp_goods` WHERE ( cate_id=1 ) LIMIT 1   [ RunTime:0.0006s ]
SQL: SELECT `id`,`goods_name`,`shop_price`,`max_thumb` FROM `sp_goods` WHERE ( cate_id=1 ) ORDER BY id desc LIMIT 1   [ RunTime:0.0002s ]
SQL: SELECT `id`,`goods_name`,`shop_price`,`max_thumb` FROM `sp_goods` WHERE ( cate_id=1 ) ORDER BY id desc LIMIT 8   [ RunTime:0.0001s ]
SQL: SELECT `id`,`goods_name`,`shop_price`,`max_thumb` FROM `sp_goods` WHERE ( cate_id=2 ) LIMIT 1   [ RunTime:0.0001s ]
SQL: SELECT `id`,`goods_name`,`shop_price`,`max_thumb` FROM `sp_goods` WHERE ( cate_id=2 ) ORDER BY id desc LIMIT 1   [ RunTime:0.0001s ]
SQL: SELECT `id`,`goods_name`,`shop_price`,`max_thumb` FROM `sp_goods` WHERE ( cate_id=2 ) ORDER BY id desc LIMIT 8   [ RunTime:0.0001s ]
SQL: SELECT `id`,`goods_name`,`shop_price`,`max_thumb` FROM `sp_goods` WHERE ( cate_id=3 ) LIMIT 1   [ RunTime:0.0002s ]
SQL: SELECT `id`,`goods_name`,`shop_price`,`max_thumb` FROM `sp_goods` WHERE ( cate_id=3 ) ORDER BY id desc LIMIT 1   [ RunTime:0.0001s ]
SQL: SELECT `id`,`goods_name`,`shop_price`,`max_thumb` FROM `sp_goods` WHERE ( cate_id=3 ) ORDER BY id desc LIMIT 8   [ RunTime:0.0001s ]
SQL: SELECT `id`,`goods_name`,`shop_price`,`max_thumb` FROM `sp_goods` WHERE ( cate_id=4 ) LIMIT 1   [ RunTime:0.0001s ]
SQL: SELECT `id`,`goods_name`,`shop_price`,`max_thumb` FROM `sp_goods` WHERE ( cate_id=4 ) ORDER BY id desc LIMIT 1   [ RunTime:0.0003s ]
SQL: SELECT `id`,`goods_name`,`shop_price`,`max_thumb` FROM `sp_goods` WHERE ( cate_id=4 ) ORDER BY id desc LIMIT 8   [ RunTime:0.0001s ]
SQL: SELECT `id`,`goods_name`,`shop_price`,`max_thumb` FROM `sp_goods` WHERE ( cate_id=5 ) LIMIT 1   [ RunTime:0.0001s ]
SQL: SELECT `id`,`goods_name`,`shop_price`,`max_thumb` FROM `sp_goods` WHERE ( cate_id=5 ) ORDER BY id desc LIMIT 1   [ RunTime:0.0001s ]
SQL: SELECT `id`,`goods_name`,`shop_price`,`max_thumb` FROM `sp_goods` WHERE ( cate_id=5 ) ORDER BY id desc LIMIT 8   [ RunTime:0.0003s ]
SQL: SELECT `id`,`goods_name`,`shop_price`,`max_thumb` FROM `sp_goods` WHERE ( cate_id=6 ) LIMIT 1   [ RunTime:0.0002s ]
SQL: SELECT `id`,`goods_name`,`shop_price`,`max_thumb` FROM `sp_goods` WHERE ( cate_id=6 ) ORDER BY id desc LIMIT 1   [ RunTime:0.0001s ]
SQL: SELECT `id`,`goods_name`,`shop_price`,`max_thumb` FROM `sp_goods` WHERE ( cate_id=6 ) ORDER BY id desc LIMIT 8   [ RunTime:0.0002s ]
SQL: SELECT `id`,`goods_name`,`shop_price`,`max_thumb` FROM `sp_goods` WHERE ( cate_id=7 ) LIMIT 1   [ RunTime:0.0001s ]
SQL: SELECT `id`,`goods_name`,`shop_price`,`max_thumb` FROM `sp_goods` WHERE ( cate_id=7 ) ORDER BY id desc LIMIT 1   [ RunTime:0.0001s ]
SQL: SELECT `id`,`goods_name`,`shop_price`,`max_thumb` FROM `sp_goods` WHERE ( cate_id=7 ) ORDER BY id desc LIMIT 8   [ RunTime:0.0002s ]
SQL: SELECT `id`,`goods_name`,`shop_price`,`max_thumb` FROM `sp_goods` WHERE ( cate_id=8 ) LIMIT 1   [ RunTime:0.0002s ]
SQL: SELECT `id`,`goods_name`,`shop_price`,`max_thumb` FROM `sp_goods` WHERE ( cate_id=8 ) ORDER BY id desc LIMIT 1   [ RunTime:0.0001s ]
SQL: SELECT `id`,`goods_name`,`shop_price`,`max_thumb` FROM `sp_goods` WHERE ( cate_id=8 ) ORDER BY id desc LIMIT 8   [ RunTime:0.0001s ]
SQL: SELECT `id`,`goods_name`,`shop_price`,`max_thumb` FROM `sp_goods` WHERE ( cate_id=9 ) LIMIT 1   [ RunTime:0.0001s ]
SQL: SELECT `id`,`goods_name`,`shop_price`,`max_thumb` FROM `sp_goods` WHERE ( cate_id=9 ) ORDER BY id desc LIMIT 1   [ RunTime:0.0001s ]
SQL: SELECT `id`,`goods_name`,`shop_price`,`max_thumb` FROM `sp_goods` WHERE ( cate_id=9 ) ORDER BY id desc LIMIT 8   [ RunTime:0.0001s ]
SQL: SELECT `id`,`goods_name`,`shop_price`,`max_thumb` FROM `sp_goods` WHERE ( cate_id=10 ) LIMIT 1   [ RunTime:0.0001s ]
SQL: SELECT `id`,`goods_name`,`shop_price`,`max_thumb` FROM `sp_goods` WHERE ( cate_id=10 ) ORDER BY id desc LIMIT 1   [ RunTime:0.0001s ]
SQL: SELECT `id`,`goods_name`,`shop_price`,`max_thumb` FROM `sp_goods` WHERE ( cate_id=10 ) ORDER BY id desc LIMIT 8   [ RunTime:0.0001s ]
SQL: SELECT `id`,`goods_name`,`shop_price`,`max_thumb` FROM `sp_goods` WHERE ( cate_id=11 ) LIMIT 1   [ RunTime:0.0001s ]
SQL: SELECT `id`,`goods_name`,`shop_price`,`max_thumb` FROM `sp_goods` WHERE ( cate_id=11 ) ORDER BY id desc LIMIT 1   [ RunTime:0.0001s ]
SQL: SELECT `id`,`goods_name`,`shop_price`,`max_thumb` FROM `sp_goods` WHERE ( cate_id=11 ) ORDER BY id desc LIMIT 8   [ RunTime:0.0001s ]
SQL: SELECT `id`,`goods_name`,`shop_price`,`max_thumb` FROM `sp_goods` WHERE ( cate_id=12 ) LIMIT 1   [ RunTime:0.0001s ]
SQL: SELECT `id`,`goods_name`,`shop_price`,`max_thumb` FROM `sp_goods` WHERE ( cate_id=12 ) ORDER BY id desc LIMIT 1   [ RunTime:0.0001s ]
SQL: SELECT `id`,`goods_name`,`shop_price`,`max_thumb` FROM `sp_goods` WHERE ( cate_id=12 ) ORDER BY id desc LIMIT 8   [ RunTime:0.0001s ]
SQL: SELECT `id`,`goods_name`,`shop_price`,`max_thumb` FROM `sp_goods` WHERE ( cate_id=13 ) LIMIT 1   [ RunTime:0.0001s ]
SQL: SELECT `id`,`goods_name`,`shop_price`,`max_thumb` FROM `sp_goods` WHERE ( cate_id=13 ) ORDER BY id desc LIMIT 1   [ RunTime:0.0001s ]
SQL: SELECT `id`,`goods_name`,`shop_price`,`max_thumb` FROM `sp_goods` WHERE ( cate_id=13 ) ORDER BY id desc LIMIT 8   [ RunTime:0.0001s ]
INFO: [ view_parse ] --START--
INFO: [ template_filter ] --START--
INFO: Run Behavior\ContentReplaceBehavior [ RunTime:0.000280s ]
INFO: [ template_filter ] --END-- [ RunTime:0.000326s ]
NOTIC: [8] Undefined index: username C:\xampp\htdocs\www\x\Application\Runtime\Cache\Home\4444dba8a9b760dcff3c32c405202b5c.php 第 32 行.
INFO: Run Behavior\ParseTemplateBehavior [ RunTime:0.019722s ]
INFO: [ view_parse ] --END-- [ RunTime:0.019756s ]
INFO: [ view_filter ] --START--
INFO: Run Behavior\WriteHtmlCacheBehavior [ RunTime:0.000205s ]
INFO: [ view_filter ] --END-- [ RunTime:0.000225s ]
INFO: [ app_end ] --START--
INFO: Run Behavior\ShowPageTraceBehavior [ RunTime:0.000473s ]
INFO: [ app_end ] --END-- [ RunTime:0.000498s ]

[ 2018-09-28T13:04:44+08:00 ] 180.163.220.124 /
INFO: [ app_init ] --START--
INFO: Run Behavior\BuildLiteBehavior [ RunTime:0.000011s ]
INFO: [ app_init ] --END-- [ RunTime:0.000305s ]
INFO: [ app_begin ] --START--
INFO: Run Behavior\ReadHtmlCacheBehavior [ RunTime:0.000444s ]
INFO: [ app_begin ] --END-- [ RunTime:0.000473s ]
SQL: SHOW COLUMNS FROM `sp_category` [ RunTime:0.0015s ]
SQL: SELECT * FROM `sp_category` WHERE `type` = 1  [ RunTime:0.0002s ]
SQL: SHOW COLUMNS FROM `sp_article` [ RunTime:0.0010s ]
SQL: SELECT * FROM `sp_article` WHERE `cateid` = 1  [ RunTime:0.0002s ]
SQL: SELECT * FROM `sp_article` WHERE `cateid` = 2  [ RunTime:0.0001s ]
SQL: SHOW COLUMNS FROM `sp_nav` [ RunTime:0.0009s ]
SQL: SELECT * FROM `sp_nav`  [ RunTime:0.0001s ]
NOTIC: [8] Undefined offset: 1 C:\xampp\htdocs\www\x\Application\Home\Controller\CommonController.class.php 第 34 行.
NOTIC: [8] Undefined offset: 2 C:\xampp\htdocs\www\x\Application\Home\Controller\CommonController.class.php 第 35 行.
NOTIC: [8] Undefined offset: 3 C:\xampp\htdocs\www\x\Application\Home\Controller\CommonController.class.php 第 36 行.
SQL: SHOW COLUMNS FROM `sp_config` [ RunTime:0.0009s ]
SQL: SELECT `enname`,`value` FROM `sp_config`  [ RunTime:0.0001s ]
NOTIC: [8] Undefined variable: configres C:\xampp\htdocs\www\x\Application\Home\Controller\CommonController.class.php 第 45 行.
NOTIC: [8] Undefined variable: configres C:\xampp\htdocs\www\x\Application\Home\Controller\CommonController.class.php 第 46 行.
SQL: SHOW COLUMNS FROM `sp_goods` [ RunTime:0.0009s ]
SQL: SHOW COLUMNS FROM `sp_recvalue` [ RunTime:0.0008s ]
SQL: SELECT * FROM sp_recvalue a LEFT JOIN sp_goods b ON a.valueid=b.id  WHERE a.recid = 3  [ RunTime:0.0003s ]
SQL: SELECT * FROM sp_recvalue a LEFT JOIN sp_goods b ON a.valueid=b.id  WHERE a.recid = 1  [ RunTime:0.0003s ]
SQL: SELECT `id`,`goods_name`,`shop_price`,`max_thumb` FROM `sp_goods` WHERE ( cate_id=1 ) LIMIT 1   [ RunTime:0.0001s ]
SQL: SELECT `id`,`goods_name`,`shop_price`,`max_thumb` FROM `sp_goods` WHERE ( cate_id=1 ) ORDER BY id desc LIMIT 1   [ RunTime:0.0003s ]
SQL: SELECT `id`,`goods_name`,`shop_price`,`max_thumb` FROM `sp_goods` WHERE ( cate_id=1 ) ORDER BY id desc LIMIT 8   [ RunTime:0.0001s ]
SQL: SELECT `id`,`goods_name`,`shop_price`,`max_thumb` FROM `sp_goods` WHERE ( cate_id=2 ) LIMIT 1   [ RunTime:0.0003s ]
SQL: SELECT `id`,`goods_name`,`shop_price`,`max_thumb` FROM `sp_goods` WHERE ( cate_id=2 ) ORDER BY id desc LIMIT 1   [ RunTime:0.0002s ]
SQL: SELECT `id`,`goods_name`,`shop_price`,`max_thumb` FROM `sp_goods` WHERE ( cate_id=2 ) ORDER BY id desc LIMIT 8   [ RunTime:0.0002s ]
SQL: SELECT `id`,`goods_name`,`shop_price`,`max_thumb` FROM `sp_goods` WHERE ( cate_id=3 ) LIMIT 1   [ RunTime:0.0002s ]
SQL: SELECT `id`,`goods_name`,`shop_price`,`max_thumb` FROM `sp_goods` WHERE ( cate_id=3 ) ORDER BY id desc LIMIT 1   [ RunTime:0.0001s ]
SQL: SELECT `id`,`goods_name`,`shop_price`,`max_thumb` FROM `sp_goods` WHERE ( cate_id=3 ) ORDER BY id desc LIMIT 8   [ RunTime:0.0001s ]
SQL: SELECT `id`,`goods_name`,`shop_price`,`max_thumb` FROM `sp_goods` WHERE ( cate_id=4 ) LIMIT 1   [ RunTime:0.0001s ]
SQL: SELECT `id`,`goods_name`,`shop_price`,`max_thumb` FROM `sp_goods` WHERE ( cate_id=4 ) ORDER BY id desc LIMIT 1   [ RunTime:0.0002s ]
SQL: SELECT `id`,`goods_name`,`shop_price`,`max_thumb` FROM `sp_goods` WHERE ( cate_id=4 ) ORDER BY id desc LIMIT 8   [ RunTime:0.0002s ]
SQL: SELECT `id`,`goods_name`,`shop_price`,`max_thumb` FROM `sp_goods` WHERE ( cate_id=5 ) LIMIT 1   [ RunTime:0.0002s ]
SQL: SELECT `id`,`goods_name`,`shop_price`,`max_thumb` FROM `sp_goods` WHERE ( cate_id=5 ) ORDER BY id desc LIMIT 1   [ RunTime:0.0002s ]
SQL: SELECT `id`,`goods_name`,`shop_price`,`max_thumb` FROM `sp_goods` WHERE ( cate_id=5 ) ORDER BY id desc LIMIT 8   [ RunTime:0.0002s ]
SQL: SELECT `id`,`goods_name`,`shop_price`,`max_thumb` FROM `sp_goods` WHERE ( cate_id=6 ) LIMIT 1   [ RunTime:0.0002s ]
SQL: SELECT `id`,`goods_name`,`shop_price`,`max_thumb` FROM `sp_goods` WHERE ( cate_id=6 ) ORDER BY id desc LIMIT 1   [ RunTime:0.0002s ]
SQL: SELECT `id`,`goods_name`,`shop_price`,`max_thumb` FROM `sp_goods` WHERE ( cate_id=6 ) ORDER BY id desc LIMIT 8   [ RunTime:0.0002s ]
SQL: SELECT `id`,`goods_name`,`shop_price`,`max_thumb` FROM `sp_goods` WHERE ( cate_id=7 ) LIMIT 1   [ RunTime:0.0002s ]
SQL: SELECT `id`,`goods_name`,`shop_price`,`max_thumb` FROM `sp_goods` WHERE ( cate_id=7 ) ORDER BY id desc LIMIT 1   [ RunTime:0.0004s ]
SQL: SELECT `id`,`goods_name`,`shop_price`,`max_thumb` FROM `sp_goods` WHERE ( cate_id=7 ) ORDER BY id desc LIMIT 8   [ RunTime:0.0002s ]
SQL: SELECT `id`,`goods_name`,`shop_price`,`max_thumb` FROM `sp_goods` WHERE ( cate_id=8 ) LIMIT 1   [ RunTime:0.0002s ]
SQL: SELECT `id`,`goods_name`,`shop_price`,`max_thumb` FROM `sp_goods` WHERE ( cate_id=8 ) ORDER BY id desc LIMIT 1   [ RunTime:0.0002s ]
SQL: SELECT `id`,`goods_name`,`shop_price`,`max_thumb` FROM `sp_goods` WHERE ( cate_id=8 ) ORDER BY id desc LIMIT 8   [ RunTime:0.0002s ]
SQL: SELECT `id`,`goods_name`,`shop_price`,`max_thumb` FROM `sp_goods` WHERE ( cate_id=9 ) LIMIT 1   [ RunTime:0.0001s ]
SQL: SELECT `id`,`goods_name`,`shop_price`,`max_thumb` FROM `sp_goods` WHERE ( cate_id=9 ) ORDER BY id desc LIMIT 1   [ RunTime:0.0002s ]
SQL: SELECT `id`,`goods_name`,`shop_price`,`max_thumb` FROM `sp_goods` WHERE ( cate_id=9 ) ORDER BY id desc LIMIT 8   [ RunTime:0.0001s ]
SQL: SELECT `id`,`goods_name`,`shop_price`,`max_thumb` FROM `sp_goods` WHERE ( cate_id=10 ) LIMIT 1   [ RunTime:0.0002s ]
SQL: SELECT `id`,`goods_name`,`shop_price`,`max_thumb` FROM `sp_goods` WHERE ( cate_id=10 ) ORDER BY id desc LIMIT 1   [ RunTime:0.0002s ]
SQL: SELECT `id`,`goods_name`,`shop_price`,`max_thumb` FROM `sp_goods` WHERE ( cate_id=10 ) ORDER BY id desc LIMIT 8   [ RunTime:0.0002s ]
SQL: SELECT `id`,`goods_name`,`shop_price`,`max_thumb` FROM `sp_goods` WHERE ( cate_id=11 ) LIMIT 1   [ RunTime:0.0002s ]
SQL: SELECT `id`,`goods_name`,`shop_price`,`max_thumb` FROM `sp_goods` WHERE ( cate_id=11 ) ORDER BY id desc LIMIT 1   [ RunTime:0.0003s ]
SQL: SELECT `id`,`goods_name`,`shop_price`,`max_thumb` FROM `sp_goods` WHERE ( cate_id=11 ) ORDER BY id desc LIMIT 8   [ RunTime:0.0002s ]
SQL: SELECT `id`,`goods_name`,`shop_price`,`max_thumb` FROM `sp_goods` WHERE ( cate_id=12 ) LIMIT 1   [ RunTime:0.0002s ]
SQL: SELECT `id`,`goods_name`,`shop_price`,`max_thumb` FROM `sp_goods` WHERE ( cate_id=12 ) ORDER BY id desc LIMIT 1   [ RunTime:0.0001s ]
SQL: SELECT `id`,`goods_name`,`shop_price`,`max_thumb` FROM `sp_goods` WHERE ( cate_id=12 ) ORDER BY id desc LIMIT 8   [ RunTime:0.0001s ]
SQL: SELECT `id`,`goods_name`,`shop_price`,`max_thumb` FROM `sp_goods` WHERE ( cate_id=13 ) LIMIT 1   [ RunTime:0.0002s ]
SQL: SELECT `id`,`goods_name`,`shop_price`,`max_thumb` FROM `sp_goods` WHERE ( cate_id=13 ) ORDER BY id desc LIMIT 1   [ RunTime:0.0002s ]
SQL: SELECT `id`,`goods_name`,`shop_price`,`max_thumb` FROM `sp_goods` WHERE ( cate_id=13 ) ORDER BY id desc LIMIT 8   [ RunTime:0.0002s ]
INFO: [ view_parse ] --START--
INFO: [ template_filter ] --START--
INFO: Run Behavior\ContentReplaceBehavior [ RunTime:0.000305s ]
INFO: [ template_filter ] --END-- [ RunTime:0.000350s ]
NOTIC: [8] Undefined index: username C:\xampp\htdocs\www\x\Application\Runtime\Cache\Home\4444dba8a9b760dcff3c32c405202b5c.php 第 32 行.
INFO: Run Behavior\ParseTemplateBehavior [ RunTime:0.016122s ]
INFO: [ view_parse ] --END-- [ RunTime:0.016163s ]
INFO: [ view_filter ] --START--
INFO: Run Behavior\WriteHtmlCacheBehavior [ RunTime:0.000281s ]
INFO: [ view_filter ] --END-- [ RunTime:0.000304s ]
INFO: [ app_end ] --START--
INFO: Run Behavior\ShowPageTraceBehavior [ RunTime:0.000497s ]
INFO: [ app_end ] --END-- [ RunTime:0.000522s ]

[ 2018-09-28T13:10:28+08:00 ] 58.62.31.162 /
INFO: [ app_init ] --START--
INFO: Run Behavior\BuildLiteBehavior [ RunTime:0.000011s ]
INFO: [ app_init ] --END-- [ RunTime:0.000254s ]
INFO: [ app_begin ] --START--
INFO: Run Behavior\ReadHtmlCacheBehavior [ RunTime:0.000379s ]
INFO: [ app_begin ] --END-- [ RunTime:0.000410s ]
SQL: SHOW COLUMNS FROM `sp_category` [ RunTime:0.0013s ]
SQL: SELECT * FROM `sp_category` WHERE `type` = 1  [ RunTime:0.0003s ]
SQL: SHOW COLUMNS FROM `sp_article` [ RunTime:0.0011s ]
SQL: SELECT * FROM `sp_article` WHERE `cateid` = 1  [ RunTime:0.0002s ]
SQL: SELECT * FROM `sp_article` WHERE `cateid` = 2  [ RunTime:0.0002s ]
SQL: SHOW COLUMNS FROM `sp_nav` [ RunTime:0.0012s ]
SQL: SELECT * FROM `sp_nav`  [ RunTime:0.0002s ]
NOTIC: [8] Undefined offset: 1 C:\xampp\htdocs\www\x\Application\Home\Controller\CommonController.class.php 第 34 行.
NOTIC: [8] Undefined offset: 2 C:\xampp\htdocs\www\x\Application\Home\Controller\CommonController.class.php 第 35 行.
NOTIC: [8] Undefined offset: 3 C:\xampp\htdocs\www\x\Application\Home\Controller\CommonController.class.php 第 36 行.
SQL: SHOW COLUMNS FROM `sp_config` [ RunTime:0.0011s ]
SQL: SELECT `enname`,`value` FROM `sp_config`  [ RunTime:0.0002s ]
NOTIC: [8] Undefined variable: configres C:\xampp\htdocs\www\x\Application\Home\Controller\CommonController.class.php 第 45 行.
NOTIC: [8] Undefined variable: configres C:\xampp\htdocs\www\x\Application\Home\Controller\CommonController.class.php 第 46 行.
SQL: SHOW COLUMNS FROM `sp_goods` [ RunTime:0.0012s ]
SQL: SHOW COLUMNS FROM `sp_recvalue` [ RunTime:0.0010s ]
SQL: SELECT * FROM sp_recvalue a LEFT JOIN sp_goods b ON a.valueid=b.id  WHERE a.recid = 3  [ RunTime:0.0004s ]
SQL: SELECT * FROM sp_recvalue a LEFT JOIN sp_goods b ON a.valueid=b.id  WHERE a.recid = 1  [ RunTime:0.0003s ]
SQL: SELECT `id`,`goods_name`,`shop_price`,`max_thumb` FROM `sp_goods` WHERE ( cate_id=1 ) LIMIT 1   [ RunTime:0.0004s ]
SQL: SELECT `id`,`goods_name`,`shop_price`,`max_thumb` FROM `sp_goods` WHERE ( cate_id=1 ) ORDER BY id desc LIMIT 1   [ RunTime:0.0002s ]
SQL: SELECT `id`,`goods_name`,`shop_price`,`max_thumb` FROM `sp_goods` WHERE ( cate_id=1 ) ORDER BY id desc LIMIT 8   [ RunTime:0.0002s ]
SQL: SELECT `id`,`goods_name`,`shop_price`,`max_thumb` FROM `sp_goods` WHERE ( cate_id=2 ) LIMIT 1   [ RunTime:0.0002s ]
SQL: SELECT `id`,`goods_name`,`shop_price`,`max_thumb` FROM `sp_goods` WHERE ( cate_id=2 ) ORDER BY id desc LIMIT 1   [ RunTime:0.0002s ]
SQL: SELECT `id`,`goods_name`,`shop_price`,`max_thumb` FROM `sp_goods` WHERE ( cate_id=2 ) ORDER BY id desc LIMIT 8   [ RunTime:0.0001s ]
SQL: SELECT `id`,`goods_name`,`shop_price`,`max_thumb` FROM `sp_goods` WHERE ( cate_id=3 ) LIMIT 1   [ RunTime:0.0002s ]
SQL: SELECT `id`,`goods_name`,`shop_price`,`max_thumb` FROM `sp_goods` WHERE ( cate_id=3 ) ORDER BY id desc LIMIT 1   [ RunTime:0.0002s ]
SQL: SELECT `id`,`goods_name`,`shop_price`,`max_thumb` FROM `sp_goods` WHERE ( cate_id=3 ) ORDER BY id desc LIMIT 8   [ RunTime:0.0002s ]
SQL: SELECT `id`,`goods_name`,`shop_price`,`max_thumb` FROM `sp_goods` WHERE ( cate_id=4 ) LIMIT 1   [ RunTime:0.0002s ]
SQL: SELECT `id`,`goods_name`,`shop_price`,`max_thumb` FROM `sp_goods` WHERE ( cate_id=4 ) ORDER BY id desc LIMIT 1   [ RunTime:0.0001s ]
SQL: SELECT `id`,`goods_name`,`shop_price`,`max_thumb` FROM `sp_goods` WHERE ( cate_id=4 ) ORDER BY id desc LIMIT 8   [ RunTime:0.0003s ]
SQL: SELECT `id`,`goods_name`,`shop_price`,`max_thumb` FROM `sp_goods` WHERE ( cate_id=5 ) LIMIT 1   [ RunTime:0.0003s ]
SQL: SELECT `id`,`goods_name`,`shop_price`,`max_thumb` FROM `sp_goods` WHERE ( cate_id=5 ) ORDER BY id desc LIMIT 1   [ RunTime:0.0003s ]
SQL: SELECT `id`,`goods_name`,`shop_price`,`max_thumb` FROM `sp_goods` WHERE ( cate_id=5 ) ORDER BY id desc LIMIT 8   [ RunTime:0.0002s ]
SQL: SELECT `id`,`goods_name`,`shop_price`,`max_thumb` FROM `sp_goods` WHERE ( cate_id=6 ) LIMIT 1   [ RunTime:0.0001s ]
SQL: SELECT `id`,`goods_name`,`shop_price`,`max_thumb` FROM `sp_goods` WHERE ( cate_id=6 ) ORDER BY id desc LIMIT 1   [ RunTime:0.0002s ]
SQL: SELECT `id`,`goods_name`,`shop_price`,`max_thumb` FROM `sp_goods` WHERE ( cate_id=6 ) ORDER BY id desc LIMIT 8   [ RunTime:0.0003s ]
SQL: SELECT `id`,`goods_name`,`shop_price`,`max_thumb` FROM `sp_goods` WHERE ( cate_id=7 ) LIMIT 1   [ RunTime:0.0003s ]
SQL: SELECT `id`,`goods_name`,`shop_price`,`max_thumb` FROM `sp_goods` WHERE ( cate_id=7 ) ORDER BY id desc LIMIT 1   [ RunTime:0.0004s ]
SQL: SELECT `id`,`goods_name`,`shop_price`,`max_thumb` FROM `sp_goods` WHERE ( cate_id=7 ) ORDER BY id desc LIMIT 8   [ RunTime:0.0002s ]
SQL: SELECT `id`,`goods_name`,`shop_price`,`max_thumb` FROM `sp_goods` WHERE ( cate_id=8 ) LIMIT 1   [ RunTime:0.0002s ]
SQL: SELECT `id`,`goods_name`,`shop_price`,`max_thumb` FROM `sp_goods` WHERE ( cate_id=8 ) ORDER BY id desc LIMIT 1   [ RunTime:0.0001s ]
SQL: SELECT `id`,`goods_name`,`shop_price`,`max_thumb` FROM `sp_goods` WHERE ( cate_id=8 ) ORDER BY id desc LIMIT 8   [ RunTime:0.0001s ]
SQL: SELECT `id`,`goods_name`,`shop_price`,`max_thumb` FROM `sp_goods` WHERE ( cate_id=9 ) LIMIT 1   [ RunTime:0.0003s ]
SQL: SELECT `id`,`goods_name`,`shop_price`,`max_thumb` FROM `sp_goods` WHERE ( cate_id=9 ) ORDER BY id desc LIMIT 1   [ RunTime:0.0002s ]
SQL: SELECT `id`,`goods_name`,`shop_price`,`max_thumb` FROM `sp_goods` WHERE ( cate_id=9 ) ORDER BY id desc LIMIT 8   [ RunTime:0.0003s ]
SQL: SELECT `id`,`goods_name`,`shop_price`,`max_thumb` FROM `sp_goods` WHERE ( cate_id=10 ) LIMIT 1   [ RunTime:0.0001s ]
SQL: SELECT `id`,`goods_name`,`shop_price`,`max_thumb` FROM `sp_goods` WHERE ( cate_id=10 ) ORDER BY id desc LIMIT 1   [ RunTime:0.0001s ]
SQL: SELECT `id`,`goods_name`,`shop_price`,`max_thumb` FROM `sp_goods` WHERE ( cate_id=10 ) ORDER BY id desc LIMIT 8   [ RunTime:0.0003s ]
SQL: SELECT `id`,`goods_name`,`shop_price`,`max_thumb` FROM `sp_goods` WHERE ( cate_id=11 ) LIMIT 1   [ RunTime:0.0001s ]
SQL: SELECT `id`,`goods_name`,`shop_price`,`max_thumb` FROM `sp_goods` WHERE ( cate_id=11 ) ORDER BY id desc LIMIT 1   [ RunTime:0.0001s ]
SQL: SELECT `id`,`goods_name`,`shop_price`,`max_thumb` FROM `sp_goods` WHERE ( cate_id=11 ) ORDER BY id desc LIMIT 8   [ RunTime:0.0005s ]
SQL: SELECT `id`,`goods_name`,`shop_price`,`max_thumb` FROM `sp_goods` WHERE ( cate_id=12 ) LIMIT 1   [ RunTime:0.0002s ]
SQL: SELECT `id`,`goods_name`,`shop_price`,`max_thumb` FROM `sp_goods` WHERE ( cate_id=12 ) ORDER BY id desc LIMIT 1   [ RunTime:0.0002s ]
SQL: SELECT `id`,`goods_name`,`shop_price`,`max_thumb` FROM `sp_goods` WHERE ( cate_id=12 ) ORDER BY id desc LIMIT 8   [ RunTime:0.0002s ]
SQL: SELECT `id`,`goods_name`,`shop_price`,`max_thumb` FROM `sp_goods` WHERE ( cate_id=13 ) LIMIT 1   [ RunTime:0.0001s ]
SQL: SELECT `id`,`goods_name`,`shop_price`,`max_thumb` FROM `sp_goods` WHERE ( cate_id=13 ) ORDER BY id desc LIMIT 1   [ RunTime:0.0001s ]
SQL: SELECT `id`,`goods_name`,`shop_price`,`max_thumb` FROM `sp_goods` WHERE ( cate_id=13 ) ORDER BY id desc LIMIT 8   [ RunTime:0.0002s ]
INFO: [ view_parse ] --START--
INFO: [ template_filter ] --START--
INFO: Run Behavior\ContentReplaceBehavior [ RunTime:0.000343s ]
INFO: [ template_filter ] --END-- [ RunTime:0.000395s ]
NOTIC: [8] Undefined index: username C:\xampp\htdocs\www\x\Application\Runtime\Cache\Home\4444dba8a9b760dcff3c32c405202b5c.php 第 32 行.
INFO: Run Behavior\ParseTemplateBehavior [ RunTime:0.015111s ]
INFO: [ view_parse ] --END-- [ RunTime:0.015150s ]
INFO: [ view_filter ] --START--
INFO: Run Behavior\WriteHtmlCacheBehavior [ RunTime:0.000234s ]
INFO: [ view_filter ] --END-- [ RunTime:0.000254s ]
INFO: [ app_end ] --START--
INFO: Run Behavior\ShowPageTraceBehavior [ RunTime:0.000496s ]
INFO: [ app_end ] --END-- [ RunTime:0.000523s ]

[ 2018-09-28T13:11:55+08:00 ] 58.62.31.162 /home
INFO: [ app_init ] --START--
INFO: Run Behavior\BuildLiteBehavior [ RunTime:0.000010s ]
INFO: [ app_init ] --END-- [ RunTime:0.000254s ]
INFO: [ app_begin ] --START--
INFO: Run Behavior\ReadHtmlCacheBehavior [ RunTime:0.000382s ]
INFO: [ app_begin ] --END-- [ RunTime:0.000414s ]
SQL: SHOW COLUMNS FROM `sp_category` [ RunTime:0.0016s ]
SQL: SELECT * FROM `sp_category` WHERE `type` = 1  [ RunTime:0.0003s ]
SQL: SHOW COLUMNS FROM `sp_article` [ RunTime:0.0011s ]
SQL: SELECT * FROM `sp_article` WHERE `cateid` = 1  [ RunTime:0.0002s ]
SQL: SELECT * FROM `sp_article` WHERE `cateid` = 2  [ RunTime:0.0001s ]
SQL: SHOW COLUMNS FROM `sp_nav` [ RunTime:0.0010s ]
SQL: SELECT * FROM `sp_nav`  [ RunTime:0.0001s ]
NOTIC: [8] Undefined offset: 1 C:\xampp\htdocs\www\x\Application\Home\Controller\CommonController.class.php 第 34 行.
NOTIC: [8] Undefined offset: 2 C:\xampp\htdocs\www\x\Application\Home\Controller\CommonController.class.php 第 35 行.
NOTIC: [8] Undefined offset: 3 C:\xampp\htdocs\www\x\Application\Home\Controller\CommonController.class.php 第 36 行.
SQL: SHOW COLUMNS FROM `sp_config` [ RunTime:0.0010s ]
SQL: SELECT `enname`,`value` FROM `sp_config`  [ RunTime:0.0001s ]
NOTIC: [8] Undefined variable: configres C:\xampp\htdocs\www\x\Application\Home\Controller\CommonController.class.php 第 45 行.
NOTIC: [8] Undefined variable: configres C:\xampp\htdocs\www\x\Application\Home\Controller\CommonController.class.php 第 46 行.
SQL: SHOW COLUMNS FROM `sp_goods` [ RunTime:0.0011s ]
SQL: SHOW COLUMNS FROM `sp_recvalue` [ RunTime:0.0010s ]
SQL: SELECT * FROM sp_recvalue a LEFT JOIN sp_goods b ON a.valueid=b.id  WHERE a.recid = 3  [ RunTime:0.0003s ]
SQL: SELECT * FROM sp_recvalue a LEFT JOIN sp_goods b ON a.valueid=b.id  WHERE a.recid = 1  [ RunTime:0.0003s ]
SQL: SELECT `id`,`goods_name`,`shop_price`,`max_thumb` FROM `sp_goods` WHERE ( cate_id=1 ) LIMIT 1   [ RunTime:0.0002s ]
SQL: SELECT `id`,`goods_name`,`shop_price`,`max_thumb` FROM `sp_goods` WHERE ( cate_id=1 ) ORDER BY id desc LIMIT 1   [ RunTime:0.0002s ]
SQL: SELECT `id`,`goods_name`,`shop_price`,`max_thumb` FROM `sp_goods` WHERE ( cate_id=1 ) ORDER BY id desc LIMIT 8   [ RunTime:0.0001s ]
SQL: SELECT `id`,`goods_name`,`shop_price`,`max_thumb` FROM `sp_goods` WHERE ( cate_id=2 ) LIMIT 1   [ RunTime:0.0001s ]
SQL: SELECT `id`,`goods_name`,`shop_price`,`max_thumb` FROM `sp_goods` WHERE ( cate_id=2 ) ORDER BY id desc LIMIT 1   [ RunTime:0.0001s ]
SQL: SELECT `id`,`goods_name`,`shop_price`,`max_thumb` FROM `sp_goods` WHERE ( cate_id=2 ) ORDER BY id desc LIMIT 8   [ RunTime:0.0001s ]
SQL: SELECT `id`,`goods_name`,`shop_price`,`max_thumb` FROM `sp_goods` WHERE ( cate_id=3 ) LIMIT 1   [ RunTime:0.0001s ]
SQL: SELECT `id`,`goods_name`,`shop_price`,`max_thumb` FROM `sp_goods` WHERE ( cate_id=3 ) ORDER BY id desc LIMIT 1   [ RunTime:0.0001s ]
SQL: SELECT `id`,`goods_name`,`shop_price`,`max_thumb` FROM `sp_goods` WHERE ( cate_id=3 ) ORDER BY id desc LIMIT 8   [ RunTime:0.0002s ]
SQL: SELECT `id`,`goods_name`,`shop_price`,`max_thumb` FROM `sp_goods` WHERE ( cate_id=4 ) LIMIT 1   [ RunTime:0.0001s ]
SQL: SELECT `id`,`goods_name`,`shop_price`,`max_thumb` FROM `sp_goods` WHERE ( cate_id=4 ) ORDER BY id desc LIMIT 1   [ RunTime:0.0001s ]
SQL: SELECT `id`,`goods_name`,`shop_price`,`max_thumb` FROM `sp_goods` WHERE ( cate_id=4 ) ORDER BY id desc LIMIT 8   [ RunTime:0.0001s ]
SQL: SELECT `id`,`goods_name`,`shop_price`,`max_thumb` FROM `sp_goods` WHERE ( cate_id=5 ) LIMIT 1   [ RunTime:0.0001s ]
SQL: SELECT `id`,`goods_name`,`shop_price`,`max_thumb` FROM `sp_goods` WHERE ( cate_id=5 ) ORDER BY id desc LIMIT 1   [ RunTime:0.0001s ]
SQL: SELECT `id`,`goods_name`,`shop_price`,`max_thumb` FROM `sp_goods` WHERE ( cate_id=5 ) ORDER BY id desc LIMIT 8   [ RunTime:0.0001s ]
SQL: SELECT `id`,`goods_name`,`shop_price`,`max_thumb` FROM `sp_goods` WHERE ( cate_id=6 ) LIMIT 1   [ RunTime:0.0002s ]
SQL: SELECT `id`,`goods_name`,`shop_price`,`max_thumb` FROM `sp_goods` WHERE ( cate_id=6 ) ORDER BY id desc LIMIT 1   [ RunTime:0.0002s ]
SQL: SELECT `id`,`goods_name`,`shop_price`,`max_thumb` FROM `sp_goods` WHERE ( cate_id=6 ) ORDER BY id desc LIMIT 8   [ RunTime:0.0002s ]
SQL: SELECT `id`,`goods_name`,`shop_price`,`max_thumb` FROM `sp_goods` WHERE ( cate_id=7 ) LIMIT 1   [ RunTime:0.0002s ]
SQL: SELECT `id`,`goods_name`,`shop_price`,`max_thumb` FROM `sp_goods` WHERE ( cate_id=7 ) ORDER BY id desc LIMIT 1   [ RunTime:0.0002s ]
SQL: SELECT `id`,`goods_name`,`shop_price`,`max_thumb` FROM `sp_goods` WHERE ( cate_id=7 ) ORDER BY id desc LIMIT 8   [ RunTime:0.0003s ]
SQL: SELECT `id`,`goods_name`,`shop_price`,`max_thumb` FROM `sp_goods` WHERE ( cate_id=8 ) LIMIT 1   [ RunTime:0.0001s ]
SQL: SELECT `id`,`goods_name`,`shop_price`,`max_thumb` FROM `sp_goods` WHERE ( cate_id=8 ) ORDER BY id desc LIMIT 1   [ RunTime:0.0002s ]
SQL: SELECT `id`,`goods_name`,`shop_price`,`max_thumb` FROM `sp_goods` WHERE ( cate_id=8 ) ORDER BY id desc LIMIT 8   [ RunTime:0.0002s ]
SQL: SELECT `id`,`goods_name`,`shop_price`,`max_thumb` FROM `sp_goods` WHERE ( cate_id=9 ) LIMIT 1   [ RunTime:0.0001s ]
SQL: SELECT `id`,`goods_name`,`shop_price`,`max_thumb` FROM `sp_goods` WHERE ( cate_id=9 ) ORDER BY id desc LIMIT 1   [ RunTime:0.0001s ]
SQL: SELECT `id`,`goods_name`,`shop_price`,`max_thumb` FROM `sp_goods` WHERE ( cate_id=9 ) ORDER BY id desc LIMIT 8   [ RunTime:0.0003s ]
SQL: SELECT `id`,`goods_name`,`shop_price`,`max_thumb` FROM `sp_goods` WHERE ( cate_id=10 ) LIMIT 1   [ RunTime:0.0002s ]
SQL: SELECT `id`,`goods_name`,`shop_price`,`max_thumb` FROM `sp_goods` WHERE ( cate_id=10 ) ORDER BY id desc LIMIT 1   [ RunTime:0.0002s ]
SQL: SELECT `id`,`goods_name`,`shop_price`,`max_thumb` FROM `sp_goods` WHERE ( cate_id=10 ) ORDER BY id desc LIMIT 8   [ RunTime:0.0001s ]
SQL: SELECT `id`,`goods_name`,`shop_price`,`max_thumb` FROM `sp_goods` WHERE ( cate_id=11 ) LIMIT 1   [ RunTime:0.0002s ]
SQL: SELECT `id`,`goods_name`,`shop_price`,`max_thumb` FROM `sp_goods` WHERE ( cate_id=11 ) ORDER BY id desc LIMIT 1   [ RunTime:0.0002s ]
SQL: SELECT `id`,`goods_name`,`shop_price`,`max_thumb` FROM `sp_goods` WHERE ( cate_id=11 ) ORDER BY id desc LIMIT 8   [ RunTime:0.0002s ]
SQL: SELECT `id`,`goods_name`,`shop_price`,`max_thumb` FROM `sp_goods` WHERE ( cate_id=12 ) LIMIT 1   [ RunTime:0.0001s ]
SQL: SELECT `id`,`goods_name`,`shop_price`,`max_thumb` FROM `sp_goods` WHERE ( cate_id=12 ) ORDER BY id desc LIMIT 1   [ RunTime:0.0002s ]
SQL: SELECT `id`,`goods_name`,`shop_price`,`max_thumb` FROM `sp_goods` WHERE ( cate_id=12 ) ORDER BY id desc LIMIT 8   [ RunTime:0.0002s ]
SQL: SELECT `id`,`goods_name`,`shop_price`,`max_thumb` FROM `sp_goods` WHERE ( cate_id=13 ) LIMIT 1   [ RunTime:0.0002s ]
SQL: SELECT `id`,`goods_name`,`shop_price`,`max_thumb` FROM `sp_goods` WHERE ( cate_id=13 ) ORDER BY id desc LIMIT 1   [ RunTime:0.0002s ]
SQL: SELECT `id`,`goods_name`,`shop_price`,`max_thumb` FROM `sp_goods` WHERE ( cate_id=13 ) ORDER BY id desc LIMIT 8   [ RunTime:0.0002s ]
INFO: [ view_parse ] --START--
INFO: [ template_filter ] --START--
INFO: Run Behavior\ContentReplaceBehavior [ RunTime:0.000301s ]
INFO: [ template_filter ] --END-- [ RunTime:0.000339s ]
NOTIC: [8] Undefined index: username C:\xampp\htdocs\www\x\Application\Runtime\Cache\Home\4444dba8a9b760dcff3c32c405202b5c.php 第 32 行.
INFO: Run Behavior\ParseTemplateBehavior [ RunTime:0.014645s ]
INFO: [ view_parse ] --END-- [ RunTime:0.014677s ]
INFO: [ view_filter ] --START--
INFO: Run Behavior\WriteHtmlCacheBehavior [ RunTime:0.000227s ]
INFO: [ view_filter ] --END-- [ RunTime:0.000251s ]
INFO: [ app_end ] --START--
INFO: Run Behavior\ShowPageTraceBehavior [ RunTime:0.000520s ]
INFO: [ app_end ] --END-- [ RunTime:0.000547s ]

[ 2018-09-28T13:12:17+08:00 ] 58.62.31.162 /home
INFO: [ app_init ] --START--
INFO: Run Behavior\BuildLiteBehavior [ RunTime:0.000009s ]
INFO: [ app_init ] --END-- [ RunTime:0.000247s ]
INFO: [ app_begin ] --START--
INFO: Run Behavior\ReadHtmlCacheBehavior [ RunTime:0.000424s ]
INFO: [ app_begin ] --END-- [ RunTime:0.000451s ]
SQL: SHOW COLUMNS FROM `sp_category` [ RunTime:0.0016s ]
SQL: SELECT * FROM `sp_category` WHERE `type` = 1  [ RunTime:0.0003s ]
SQL: SHOW COLUMNS FROM `sp_article` [ RunTime:0.0012s ]
SQL: SELECT * FROM `sp_article` WHERE `cateid` = 1  [ RunTime:0.0002s ]
SQL: SELECT * FROM `sp_article` WHERE `cateid` = 2  [ RunTime:0.0002s ]
SQL: SHOW COLUMNS FROM `sp_nav` [ RunTime:0.0012s ]
SQL: SELECT * FROM `sp_nav`  [ RunTime:0.0002s ]
NOTIC: [8] Undefined offset: 1 C:\xampp\htdocs\www\x\Application\Home\Controller\CommonController.class.php 第 34 行.
NOTIC: [8] Undefined offset: 2 C:\xampp\htdocs\www\x\Application\Home\Controller\CommonController.class.php 第 35 行.
NOTIC: [8] Undefined offset: 3 C:\xampp\htdocs\www\x\Application\Home\Controller\CommonController.class.php 第 36 行.
SQL: SHOW COLUMNS FROM `sp_config` [ RunTime:0.0011s ]
SQL: SELECT `enname`,`value` FROM `sp_config`  [ RunTime:0.0002s ]
NOTIC: [8] Undefined variable: configres C:\xampp\htdocs\www\x\Application\Home\Controller\CommonController.class.php 第 45 行.
NOTIC: [8] Undefined variable: configres C:\xampp\htdocs\www\x\Application\Home\Controller\CommonController.class.php 第 46 行.
SQL: SHOW COLUMNS FROM `sp_goods` [ RunTime:0.0012s ]
SQL: SHOW COLUMNS FROM `sp_recvalue` [ RunTime:0.0011s ]
SQL: SELECT * FROM sp_recvalue a LEFT JOIN sp_goods b ON a.valueid=b.id  WHERE a.recid = 3  [ RunTime:0.0003s ]
SQL: SELECT * FROM sp_recvalue a LEFT JOIN sp_goods b ON a.valueid=b.id  WHERE a.recid = 1  [ RunTime:0.0004s ]
SQL: SELECT `id`,`goods_name`,`shop_price`,`max_thumb` FROM `sp_goods` WHERE ( cate_id=1 ) LIMIT 1   [ RunTime:0.0004s ]
SQL: SELECT `id`,`goods_name`,`shop_price`,`max_thumb` FROM `sp_goods` WHERE ( cate_id=1 ) ORDER BY id desc LIMIT 1   [ RunTime:0.0002s ]
SQL: SELECT `id`,`goods_name`,`shop_price`,`max_thumb` FROM `sp_goods` WHERE ( cate_id=1 ) ORDER BY id desc LIMIT 8   [ RunTime:0.0002s ]
SQL: SELECT `id`,`goods_name`,`shop_price`,`max_thumb` FROM `sp_goods` WHERE ( cate_id=2 ) LIMIT 1   [ RunTime:0.0002s ]
SQL: SELECT `id`,`goods_name`,`shop_price`,`max_thumb` FROM `sp_goods` WHERE ( cate_id=2 ) ORDER BY id desc LIMIT 1   [ RunTime:0.0002s ]
SQL: SELECT `id`,`goods_name`,`shop_price`,`max_thumb` FROM `sp_goods` WHERE ( cate_id=2 ) ORDER BY id desc LIMIT 8   [ RunTime:0.0002s ]
SQL: SELECT `id`,`goods_name`,`shop_price`,`max_thumb` FROM `sp_goods` WHERE ( cate_id=3 ) LIMIT 1   [ RunTime:0.0002s ]
SQL: SELECT `id`,`goods_name`,`shop_price`,`max_thumb` FROM `sp_goods` WHERE ( cate_id=3 ) ORDER BY id desc LIMIT 1   [ RunTime:0.0001s ]
SQL: SELECT `id`,`goods_name`,`shop_price`,`max_thumb` FROM `sp_goods` WHERE ( cate_id=3 ) ORDER BY id desc LIMIT 8   [ RunTime:0.0003s ]
SQL: SELECT `id`,`goods_name`,`shop_price`,`max_thumb` FROM `sp_goods` WHERE ( cate_id=4 ) LIMIT 1   [ RunTime:0.0002s ]
SQL: SELECT `id`,`goods_name`,`shop_price`,`max_thumb` FROM `sp_goods` WHERE ( cate_id=4 ) ORDER BY id desc LIMIT 1   [ RunTime:0.0003s ]
SQL: SELECT `id`,`goods_name`,`shop_price`,`max_thumb` FROM `sp_goods` WHERE ( cate_id=4 ) ORDER BY id desc LIMIT 8   [ RunTime:0.0002s ]
SQL: SELECT `id`,`goods_name`,`shop_price`,`max_thumb` FROM `sp_goods` WHERE ( cate_id=5 ) LIMIT 1   [ RunTime:0.0003s ]
SQL: SELECT `id`,`goods_name`,`shop_price`,`max_thumb` FROM `sp_goods` WHERE ( cate_id=5 ) ORDER BY id desc LIMIT 1   [ RunTime:0.0002s ]
SQL: SELECT `id`,`goods_name`,`shop_price`,`max_thumb` FROM `sp_goods` WHERE ( cate_id=5 ) ORDER BY id desc LIMIT 8   [ RunTime:0.0002s ]
SQL: SELECT `id`,`goods_name`,`shop_price`,`max_thumb` FROM `sp_goods` WHERE ( cate_id=6 ) LIMIT 1   [ RunTime:0.0004s ]
SQL: SELECT `id`,`goods_name`,`shop_price`,`max_thumb` FROM `sp_goods` WHERE ( cate_id=6 ) ORDER BY id desc LIMIT 1   [ RunTime:0.0003s ]
SQL: SELECT `id`,`goods_name`,`shop_price`,`max_thumb` FROM `sp_goods` WHERE ( cate_id=6 ) ORDER BY id desc LIMIT 8   [ RunTime:0.0002s ]
SQL: SELECT `id`,`goods_name`,`shop_price`,`max_thumb` FROM `sp_goods` WHERE ( cate_id=7 ) LIMIT 1   [ RunTime:0.0004s ]
SQL: SELECT `id`,`goods_name`,`shop_price`,`max_thumb` FROM `sp_goods` WHERE ( cate_id=7 ) ORDER BY id desc LIMIT 1   [ RunTime:0.0002s ]
SQL: SELECT `id`,`goods_name`,`shop_price`,`max_thumb` FROM `sp_goods` WHERE ( cate_id=7 ) ORDER BY id desc LIMIT 8   [ RunTime:0.0002s ]
SQL: SELECT `id`,`goods_name`,`shop_price`,`max_thumb` FROM `sp_goods` WHERE ( cate_id=8 ) LIMIT 1   [ RunTime:0.0003s ]
SQL: SELECT `id`,`goods_name`,`shop_price`,`max_thumb` FROM `sp_goods` WHERE ( cate_id=8 ) ORDER BY id desc LIMIT 1   [ RunTime:0.0002s ]
SQL: SELECT `id`,`goods_name`,`shop_price`,`max_thumb` FROM `sp_goods` WHERE ( cate_id=8 ) ORDER BY id desc LIMIT 8   [ RunTime:0.0001s ]
SQL: SELECT `id`,`goods_name`,`shop_price`,`max_thumb` FROM `sp_goods` WHERE ( cate_id=9 ) LIMIT 1   [ RunTime:0.0001s ]
SQL: SELECT `id`,`goods_name`,`shop_price`,`max_thumb` FROM `sp_goods` WHERE ( cate_id=9 ) ORDER BY id desc LIMIT 1   [ RunTime:0.0001s ]
SQL: SELECT `id`,`goods_name`,`shop_price`,`max_thumb` FROM `sp_goods` WHERE ( cate_id=9 ) ORDER BY id desc LIMIT 8   [ RunTime:0.0002s ]
SQL: SELECT `id`,`goods_name`,`shop_price`,`max_thumb` FROM `sp_goods` WHERE ( cate_id=10 ) LIMIT 1   [ RunTime:0.0001s ]
SQL: SELECT `id`,`goods_name`,`shop_price`,`max_thumb` FROM `sp_goods` WHERE ( cate_id=10 ) ORDER BY id desc LIMIT 1   [ RunTime:0.0002s ]
SQL: SELECT `id`,`goods_name`,`shop_price`,`max_thumb` FROM `sp_goods` WHERE ( cate_id=10 ) ORDER BY id desc LIMIT 8   [ RunTime:0.0005s ]
SQL: SELECT `id`,`goods_name`,`shop_price`,`max_thumb` FROM `sp_goods` WHERE ( cate_id=11 ) LIMIT 1   [ RunTime:0.0001s ]
SQL: SELECT `id`,`goods_name`,`shop_price`,`max_thumb` FROM `sp_goods` WHERE ( cate_id=11 ) ORDER BY id desc LIMIT 1   [ RunTime:0.0001s ]
SQL: SELECT `id`,`goods_name`,`shop_price`,`max_thumb` FROM `sp_goods` WHERE ( cate_id=11 ) ORDER BY id desc LIMIT 8   [ RunTime:0.0001s ]
SQL: SELECT `id`,`goods_name`,`shop_price`,`max_thumb` FROM `sp_goods` WHERE ( cate_id=12 ) LIMIT 1   [ RunTime:0.0001s ]
SQL: SELECT `id`,`goods_name`,`shop_price`,`max_thumb` FROM `sp_goods` WHERE ( cate_id=12 ) ORDER BY id desc LIMIT 1   [ RunTime:0.0001s ]
SQL: SELECT `id`,`goods_name`,`shop_price`,`max_thumb` FROM `sp_goods` WHERE ( cate_id=12 ) ORDER BY id desc LIMIT 8   [ RunTime:0.0001s ]
SQL: SELECT `id`,`goods_name`,`shop_price`,`max_thumb` FROM `sp_goods` WHERE ( cate_id=13 ) LIMIT 1   [ RunTime:0.0002s ]
SQL: SELECT `id`,`goods_name`,`shop_price`,`max_thumb` FROM `sp_goods` WHERE ( cate_id=13 ) ORDER BY id desc LIMIT 1   [ RunTime:0.0002s ]
SQL: SELECT `id`,`goods_name`,`shop_price`,`max_thumb` FROM `sp_goods` WHERE ( cate_id=13 ) ORDER BY id desc LIMIT 8   [ RunTime:0.0002s ]
INFO: [ view_parse ] --START--
INFO: [ template_filter ] --START--
INFO: Run Behavior\ContentReplaceBehavior [ RunTime:0.000279s ]
INFO: [ template_filter ] --END-- [ RunTime:0.000320s ]
NOTIC: [8] Undefined index: username C:\xampp\htdocs\www\x\Application\Runtime\Cache\Home\4444dba8a9b760dcff3c32c405202b5c.php 第 32 行.
INFO: Run Behavior\ParseTemplateBehavior [ RunTime:0.013483s ]
INFO: [ view_parse ] --END-- [ RunTime:0.013515s ]
INFO: [ view_filter ] --START--
INFO: Run Behavior\WriteHtmlCacheBehavior [ RunTime:0.000251s ]
INFO: [ view_filter ] --END-- [ RunTime:0.000272s ]
INFO: [ app_end ] --START--
INFO: Run Behavior\ShowPageTraceBehavior [ RunTime:0.000473s ]
INFO: [ app_end ] --END-- [ RunTime:0.000497s ]

