[ 2018-10-21T12:15:58+08:00 ] 113.69.245.84 /
INFO: [ app_init ] --START--
INFO: Run Behavior\BuildLiteBehavior [ RunTime:0.000009s ]
INFO: [ app_init ] --END-- [ RunTime:0.000334s ]
INFO: [ app_begin ] --START--
INFO: Run Behavior\ReadHtmlCacheBehavior [ RunTime:0.000505s ]
INFO: [ app_begin ] --END-- [ RunTime:0.000535s ]
SQL: SHOW COLUMNS FROM `sp_category` [ RunTime:0.0016s ]
SQL: SELECT * FROM `sp_category` WHERE `type` = 1  [ RunTime:0.0004s ]
SQL: SHOW COLUMNS FROM `sp_article` [ RunTime:0.0015s ]
SQL: SELECT * FROM `sp_article` WHERE `cateid` = 1  [ RunTime:0.0003s ]
SQL: SELECT * FROM `sp_article` WHERE `cateid` = 2  [ RunTime:0.0002s ]
SQL: SHOW COLUMNS FROM `sp_nav` [ RunTime:0.0015s ]
SQL: SELECT * FROM `sp_nav`  [ RunTime:0.0002s ]
NOTIC: [8] Undefined offset: 1 C:\xampp\htdocs\www\x\Application\Home\Controller\CommonController.class.php 第 34 行.
NOTIC: [8] Undefined offset: 2 C:\xampp\htdocs\www\x\Application\Home\Controller\CommonController.class.php 第 35 行.
NOTIC: [8] Undefined offset: 3 C:\xampp\htdocs\www\x\Application\Home\Controller\CommonController.class.php 第 36 行.
SQL: SHOW COLUMNS FROM `sp_config` [ RunTime:0.0013s ]
SQL: SELECT `enname`,`value` FROM `sp_config`  [ RunTime:0.0002s ]
NOTIC: [8] Undefined variable: configres C:\xampp\htdocs\www\x\Application\Home\Controller\CommonController.class.php 第 45 行.
NOTIC: [8] Undefined variable: configres C:\xampp\htdocs\www\x\Application\Home\Controller\CommonController.class.php 第 46 行.
SQL: SHOW COLUMNS FROM `sp_ip` [ RunTime:0.0020s ]
SQL: SELECT * FROM `sp_ip` WHERE `ip` = '113.69.245.84' AND `area` = '广东省佛山市 电信' AND `url` = 'm_index' ORDER BY id desc LIMIT 1   [ RunTime:0.0216s ]
SQL: INSERT INTO `sp_ip` (`ip`,`area`,`url`,`time`) VALUES ('113.69.245.84','广东省佛山市 电信','m_index','1540095358') [ RunTime:0.0287s ]
SQL: SHOW COLUMNS FROM `sp_goods` [ RunTime:0.0017s ]
SQL: SHOW COLUMNS FROM `sp_cate` [ RunTime:0.0017s ]
SQL: SELECT * FROM `sp_cate` WHERE `pid` = 0  [ RunTime:0.0004s ]
SQL: SELECT * FROM `sp_cate` WHERE `pid` = 14  [ RunTime:0.0003s ]
SQL: SELECT * FROM `sp_cate` WHERE `pid` = 22  [ RunTime:0.0004s ]
SQL: SELECT `id`,`goods_name`,`max_thumb`,`shop_price` FROM `sp_goods` WHERE `cate_id` = 64  [ RunTime:0.0004s ]
SQL: SELECT `id`,`goods_name`,`max_thumb`,`shop_price` FROM `sp_goods` WHERE `cate_id` = 64 LIMIT 9   [ RunTime:0.0002s ]
SQL: SELECT `id`,`goods_name`,`max_thumb`,`shop_price` FROM `sp_goods` WHERE `cate_id` = 65  [ RunTime:0.0003s ]
SQL: SELECT `id`,`goods_name`,`max_thumb`,`shop_price` FROM `sp_goods` WHERE `cate_id` = 65 LIMIT 9   [ RunTime:0.0003s ]
SQL: SELECT `id`,`goods_name`,`max_thumb`,`shop_price` FROM `sp_goods` WHERE `cate_id` = 66  [ RunTime:0.0005s ]
SQL: SELECT `id`,`goods_name`,`max_thumb`,`shop_price` FROM `sp_goods` WHERE `cate_id` = 66 LIMIT 9   [ RunTime:0.0003s ]
SQL: SELECT `id`,`goods_name`,`max_thumb`,`shop_price` FROM `sp_goods` WHERE `cate_id` = 67  [ RunTime:0.0004s ]
SQL: SELECT `id`,`goods_name`,`max_thumb`,`shop_price` FROM `sp_goods` WHERE `cate_id` = 68  [ RunTime:0.0003s ]
SQL: SELECT `id`,`goods_name`,`max_thumb`,`shop_price` FROM `sp_goods` WHERE `cate_id` = 69  [ RunTime:0.0003s ]
SQL: SELECT `id`,`goods_name`,`max_thumb`,`shop_price` FROM `sp_goods` WHERE `cate_id` = 70  [ RunTime:0.0003s ]
SQL: SELECT * FROM `sp_cate` WHERE `pid` = 23  [ RunTime:0.0004s ]
SQL: SELECT `id`,`goods_name`,`max_thumb`,`shop_price` FROM `sp_goods` WHERE `cate_id` = 71  [ RunTime:0.0002s ]
SQL: SELECT `id`,`goods_name`,`max_thumb`,`shop_price` FROM `sp_goods` WHERE `cate_id` = 72  [ RunTime:0.0002s ]
SQL: SELECT `id`,`goods_name`,`max_thumb`,`shop_price` FROM `sp_goods` WHERE `cate_id` = 73  [ RunTime:0.0001s ]
SQL: SELECT `id`,`goods_name`,`max_thumb`,`shop_price` FROM `sp_goods` WHERE `cate_id` = 74  [ RunTime:0.0001s ]
SQL: SELECT `id`,`goods_name`,`max_thumb`,`shop_price` FROM `sp_goods` WHERE `cate_id` = 75  [ RunTime:0.0002s ]
SQL: SELECT `id`,`goods_name`,`max_thumb`,`shop_price` FROM `sp_goods` WHERE `cate_id` = 76  [ RunTime:0.0004s ]
SQL: SELECT * FROM `sp_cate` WHERE `pid` = 24  [ RunTime:0.0003s ]
SQL: SELECT `id`,`goods_name`,`max_thumb`,`shop_price` FROM `sp_goods` WHERE `cate_id` = 77  [ RunTime:0.0003s ]
SQL: SELECT `id`,`goods_name`,`max_thumb`,`shop_price` FROM `sp_goods` WHERE `cate_id` = 78  [ RunTime:0.0002s ]
SQL: SELECT `id`,`goods_name`,`max_thumb`,`shop_price` FROM `sp_goods` WHERE `cate_id` = 79  [ RunTime:0.0002s ]
SQL: SELECT `id`,`goods_name`,`max_thumb`,`shop_price` FROM `sp_goods` WHERE `cate_id` = 80  [ RunTime:0.0002s ]
SQL: SELECT `id`,`goods_name`,`max_thumb`,`shop_price` FROM `sp_goods` WHERE `cate_id` = 81  [ RunTime:0.0001s ]
SQL: SELECT * FROM `sp_cate` WHERE `pid` = 25  [ RunTime:0.0002s ]
SQL: SELECT `id`,`goods_name`,`max_thumb`,`shop_price` FROM `sp_goods` WHERE `cate_id` = 82  [ RunTime:0.0002s ]
SQL: SELECT `id`,`goods_name`,`max_thumb`,`shop_price` FROM `sp_goods` WHERE `cate_id` = 83  [ RunTime:0.0003s ]
SQL: SELECT `id`,`goods_name`,`max_thumb`,`shop_price` FROM `sp_goods` WHERE `cate_id` = 84  [ RunTime:0.0001s ]
SQL: SELECT `id`,`goods_name`,`max_thumb`,`shop_price` FROM `sp_goods` WHERE `cate_id` = 85  [ RunTime:0.0001s ]
SQL: SELECT `id`,`goods_name`,`max_thumb`,`shop_price` FROM `sp_goods` WHERE `cate_id` = 86  [ RunTime:0.0002s ]
SQL: SELECT `id`,`goods_name`,`max_thumb`,`shop_price` FROM `sp_goods` WHERE `cate_id` = 87  [ RunTime:0.0009s ]
SQL: SELECT `id`,`goods_name`,`max_thumb`,`shop_price` FROM `sp_goods` WHERE `cate_id` = 88  [ RunTime:0.0003s ]
SQL: SELECT `id`,`goods_name`,`max_thumb`,`shop_price` FROM `sp_goods` WHERE `cate_id` = 89  [ RunTime:0.0002s ]
SQL: SELECT `id`,`goods_name`,`max_thumb`,`shop_price` FROM `sp_goods` WHERE `cate_id` = 90  [ RunTime:0.0002s ]
SQL: SELECT * FROM `sp_cate` WHERE `pid` = 26  [ RunTime:0.0004s ]
SQL: SELECT `id`,`goods_name`,`max_thumb`,`shop_price` FROM `sp_goods` WHERE `cate_id` = 91  [ RunTime:0.0002s ]
SQL: SELECT `id`,`goods_name`,`max_thumb`,`shop_price` FROM `sp_goods` WHERE `cate_id` = 92  [ RunTime:0.0002s ]
SQL: SELECT `id`,`goods_name`,`max_thumb`,`shop_price` FROM `sp_goods` WHERE `cate_id` = 93  [ RunTime:0.0002s ]
SQL: SELECT `id`,`goods_name`,`max_thumb`,`shop_price` FROM `sp_goods` WHERE `cate_id` = 94  [ RunTime:0.0002s ]
SQL: SELECT * FROM `sp_cate` WHERE `pid` = 27  [ RunTime:0.0003s ]
SQL: SELECT `id`,`goods_name`,`max_thumb`,`shop_price` FROM `sp_goods` WHERE `cate_id` = 95  [ RunTime:0.0002s ]
SQL: SELECT `id`,`goods_name`,`max_thumb`,`shop_price` FROM `sp_goods` WHERE `cate_id` = 96  [ RunTime:0.0002s ]
SQL: SELECT `id`,`goods_name`,`max_thumb`,`shop_price` FROM `sp_goods` WHERE `cate_id` = 97  [ RunTime:0.0002s ]
SQL: SELECT `id`,`goods_name`,`max_thumb`,`shop_price` FROM `sp_goods` WHERE `cate_id` = 98  [ RunTime:0.0004s ]
SQL: SELECT * FROM `sp_cate` WHERE `pid` = 15  [ RunTime:0.0004s ]
SQL: SELECT * FROM `sp_cate` WHERE `pid` = 28  [ RunTime:0.0003s ]
SQL: SELECT `id`,`goods_name`,`max_thumb`,`shop_price` FROM `sp_goods` WHERE `cate_id` = 99  [ RunTime:0.0002s ]
SQL: SELECT `id`,`goods_name`,`max_thumb`,`shop_price` FROM `sp_goods` WHERE `cate_id` = 100  [ RunTime:0.0002s ]
SQL: SELECT `id`,`goods_name`,`max_thumb`,`shop_price` FROM `sp_goods` WHERE `cate_id` = 101  [ RunTime:0.0002s ]
SQL: SELECT `id`,`goods_name`,`max_thumb`,`shop_price` FROM `sp_goods` WHERE `cate_id` = 102  [ RunTime:0.0002s ]
SQL: SELECT `id`,`goods_name`,`max_thumb`,`shop_price` FROM `sp_goods` WHERE `cate_id` = 103  [ RunTime:0.0002s ]
SQL: SELECT `id`,`goods_name`,`max_thumb`,`shop_price` FROM `sp_goods` WHERE `cate_id` = 104  [ RunTime:0.0003s ]
SQL: SELECT `id`,`goods_name`,`max_thumb`,`shop_price` FROM `sp_goods` WHERE `cate_id` = 105  [ RunTime:0.0003s ]
SQL: SELECT `id`,`goods_name`,`max_thumb`,`shop_price` FROM `sp_goods` WHERE `cate_id` = 106  [ RunTime:0.0004s ]
SQL: SELECT `id`,`goods_name`,`max_thumb`,`shop_price` FROM `sp_goods` WHERE `cate_id` = 107  [ RunTime:0.0002s ]
SQL: SELECT `id`,`goods_name`,`max_thumb`,`shop_price` FROM `sp_goods` WHERE `cate_id` = 108  [ RunTime:0.0002s ]
SQL: SELECT `id`,`goods_name`,`max_thumb`,`shop_price` FROM `sp_goods` WHERE `cate_id` = 108 LIMIT 9   [ RunTime:0.0002s ]
SQL: SELECT * FROM `sp_cate` WHERE `pid` = 29  [ RunTime:0.0003s ]
SQL: SELECT `id`,`goods_name`,`max_thumb`,`shop_price` FROM `sp_goods` WHERE `cate_id` = 109  [ RunTime:0.0002s ]
SQL: SELECT `id`,`goods_name`,`max_thumb`,`shop_price` FROM `sp_goods` WHERE `cate_id` = 110  [ RunTime:0.0002s ]
SQL: SELECT `id`,`goods_name`,`max_thumb`,`shop_price` FROM `sp_goods` WHERE `cate_id` = 111  [ RunTime:0.0002s ]
SQL: SELECT `id`,`goods_name`,`max_thumb`,`shop_price` FROM `sp_goods` WHERE `cate_id` = 112  [ RunTime:0.0002s ]
SQL: SELECT `id`,`goods_name`,`max_thumb`,`shop_price` FROM `sp_goods` WHERE `cate_id` = 113  [ RunTime:0.0002s ]
SQL: SELECT `id`,`goods_name`,`max_thumb`,`shop_price` FROM `sp_goods` WHERE `cate_id` = 114  [ RunTime:0.0003s ]
SQL: SELECT `id`,`goods_name`,`max_thumb`,`shop_price` FROM `sp_goods` WHERE `cate_id` = 115  [ RunTime:0.0004s ]
SQL: SELECT `id`,`goods_name`,`max_thumb`,`shop_price` FROM `sp_goods` WHERE `cate_id` = 116  [ RunTime:0.0003s ]
SQL: SELECT `id`,`goods_name`,`max_thumb`,`shop_price` FROM `sp_goods` WHERE `cate_id` = 117  [ RunTime:0.0002s ]
SQL: SELECT `id`,`goods_name`,`max_thumb`,`shop_price` FROM `sp_goods` WHERE `cate_id` = 118  [ RunTime:0.0002s ]
SQL: SELECT * FROM `sp_cate` WHERE `pid` = 30  [ RunTime:0.0003s ]
SQL: SELECT `id`,`goods_name`,`max_thumb`,`shop_price` FROM `sp_goods` WHERE `cate_id` = 119  [ RunTime:0.0002s ]
SQL: SELECT `id`,`goods_name`,`max_thumb`,`shop_price` FROM `sp_goods` WHERE `cate_id` = 120  [ RunTime:0.0002s ]
SQL: SELECT `id`,`goods_name`,`max_thumb`,`shop_price` FROM `sp_goods` WHERE `cate_id` = 121  [ RunTime:0.0002s ]
SQL: SELECT `id`,`goods_name`,`max_thumb`,`shop_price` FROM `sp_goods` WHERE `cate_id` = 122  [ RunTime:0.0002s ]
SQL: SELECT `id`,`goods_name`,`max_thumb`,`shop_price` FROM `sp_goods` WHERE `cate_id` = 123  [ RunTime:0.0005s ]
SQL: SELECT `id`,`goods_name`,`max_thumb`,`shop_price` FROM `sp_goods` WHERE `cate_id` = 124  [ RunTime:0.0002s ]
SQL: SELECT `id`,`goods_name`,`max_thumb`,`shop_price` FROM `sp_goods` WHERE `cate_id` = 125  [ RunTime:0.0002s ]
SQL: SELECT `id`,`goods_name`,`max_thumb`,`shop_price` FROM `sp_goods` WHERE `cate_id` = 126  [ RunTime:0.0003s ]
SQL: SELECT `id`,`goods_name`,`max_thumb`,`shop_price` FROM `sp_goods` WHERE `cate_id` = 127  [ RunTime:0.0002s ]
SQL: SELECT `id`,`goods_name`,`max_thumb`,`shop_price` FROM `sp_goods` WHERE `cate_id` = 128  [ RunTime:0.0002s ]
SQL: SELECT * FROM `sp_cate` WHERE `pid` = 31  [ RunTime:0.0002s ]
SQL: SELECT `id`,`goods_name`,`max_thumb`,`shop_price` FROM `sp_goods` WHERE `cate_id` = 129  [ RunTime:0.0002s ]
SQL: SELECT `id`,`goods_name`,`max_thumb`,`shop_price` FROM `sp_goods` WHERE `cate_id` = 130  [ RunTime:0.0002s ]
SQL: SELECT `id`,`goods_name`,`max_thumb`,`shop_price` FROM `sp_goods` WHERE `cate_id` = 131  [ RunTime:0.0001s ]
SQL: SELECT `id`,`goods_name`,`max_thumb`,`shop_price` FROM `sp_goods` WHERE `cate_id` = 132  [ RunTime:0.0002s ]
SQL: SELECT `id`,`goods_name`,`max_thumb`,`shop_price` FROM `sp_goods` WHERE `cate_id` = 133  [ RunTime:0.0002s ]
SQL: SELECT `id`,`goods_name`,`max_thumb`,`shop_price` FROM `sp_goods` WHERE `cate_id` = 134  [ RunTime:0.0002s ]
SQL: SELECT `id`,`goods_name`,`max_thumb`,`shop_price` FROM `sp_goods` WHERE `cate_id` = 135  [ RunTime:0.0003s ]
SQL: SELECT `id`,`goods_name`,`max_thumb`,`shop_price` FROM `sp_goods` WHERE `cate_id` = 136  [ RunTime:0.0003s ]
SQL: SELECT `id`,`goods_name`,`max_thumb`,`shop_price` FROM `sp_goods` WHERE `cate_id` = 137  [ RunTime:0.0002s ]
SQL: SELECT `id`,`goods_name`,`max_thumb`,`shop_price` FROM `sp_goods` WHERE `cate_id` = 138  [ RunTime:0.0002s ]
SQL: SELECT `id`,`goods_name`,`max_thumb`,`shop_price` FROM `sp_goods` WHERE `cate_id` = 139  [ RunTime:0.0002s ]
SQL: SELECT `id`,`goods_name`,`max_thumb`,`shop_price` FROM `sp_goods` WHERE `cate_id` = 140  [ RunTime:0.0001s ]
SQL: SELECT `id`,`goods_name`,`max_thumb`,`shop_price` FROM `sp_goods` WHERE `cate_id` = 141  [ RunTime:0.0002s ]
SQL: SELECT `id`,`goods_name`,`max_thumb`,`shop_price` FROM `sp_goods` WHERE `cate_id` = 142  [ RunTime:0.0002s ]
SQL: SELECT `id`,`goods_name`,`max_thumb`,`shop_price` FROM `sp_goods` WHERE `cate_id` = 143  [ RunTime:0.0001s ]
SQL: SELECT * FROM `sp_cate` WHERE `pid` = 32  [ RunTime:0.0003s ]
SQL: SELECT `id`,`goods_name`,`max_thumb`,`shop_price` FROM `sp_goods` WHERE `cate_id` = 144  [ RunTime:0.0002s ]
SQL: SELECT `id`,`goods_name`,`max_thumb`,`shop_price` FROM `sp_goods` WHERE `cate_id` = 145  [ RunTime:0.0002s ]
SQL: SELECT `id`,`goods_name`,`max_thumb`,`shop_price` FROM `sp_goods` WHERE `cate_id` = 146  [ RunTime:0.0003s ]
SQL: SELECT `id`,`goods_name`,`max_thumb`,`shop_price` FROM `sp_goods` WHERE `cate_id` = 147  [ RunTime:0.0003s ]
SQL: SELECT `id`,`goods_name`,`max_thumb`,`shop_price` FROM `sp_goods` WHERE `cate_id` = 148  [ RunTime:0.0002s ]
SQL: SELECT `id`,`goods_name`,`max_thumb`,`shop_price` FROM `sp_goods` WHERE `cate_id` = 149  [ RunTime:0.0002s ]
SQL: SELECT `id`,`goods_name`,`max_thumb`,`shop_price` FROM `sp_goods` WHERE `cate_id` = 150  [ RunTime:0.0002s ]
SQL: SELECT `id`,`goods_name`,`max_thumb`,`shop_price` FROM `sp_goods` WHERE `cate_id` = 151  [ RunTime:0.0002s ]
SQL: SELECT `id`,`goods_name`,`max_thumb`,`shop_price` FROM `sp_goods` WHERE `cate_id` = 152  [ RunTime:0.0002s ]
SQL: SELECT `id`,`goods_name`,`max_thumb`,`shop_price` FROM `sp_goods` WHERE `cate_id` = 153  [ RunTime:0.0002s ]
SQL: SELECT `id`,`goods_name`,`max_thumb`,`shop_price` FROM `sp_goods` WHERE `cate_id` = 154  [ RunTime:0.0004s ]
SQL: SELECT * FROM `sp_cate` WHERE `pid` = 16  [ RunTime:0.0004s ]
SQL: SELECT * FROM `sp_cate` WHERE `pid` = 33  [ RunTime:0.0005s ]
SQL: SELECT `id`,`goods_name`,`max_thumb`,`shop_price` FROM `sp_goods` WHERE `cate_id` = 155  [ RunTime:0.0002s ]
SQL: SELECT `id`,`goods_name`,`max_thumb`,`shop_price` FROM `sp_goods` WHERE `cate_id` = 156  [ RunTime:0.0001s ]
SQL: SELECT `id`,`goods_name`,`max_thumb`,`shop_price` FROM `sp_goods` WHERE `cate_id` = 157  [ RunTime:0.0002s ]
SQL: SELECT `id`,`goods_name`,`max_thumb`,`shop_price` FROM `sp_goods` WHERE `cate_id` = 158  [ RunTime:0.0002s ]
SQL: SELECT `id`,`goods_name`,`max_thumb`,`shop_price` FROM `sp_goods` WHERE `cate_id` = 159  [ RunTime:0.0002s ]
SQL: SELECT `id`,`goods_name`,`max_thumb`,`shop_price` FROM `sp_goods` WHERE `cate_id` = 160  [ RunTime:0.0002s ]
SQL: SELECT * FROM `sp_cate` WHERE `pid` = 34  [ RunTime:0.0003s ]
SQL: SELECT `id`,`goods_name`,`max_thumb`,`shop_price` FROM `sp_goods` WHERE `cate_id` = 161  [ RunTime:0.0002s ]
SQL: SELECT `id`,`goods_name`,`max_thumb`,`shop_price` FROM `sp_goods` WHERE `cate_id` = 162  [ RunTime:0.0002s ]
SQL: SELECT `id`,`goods_name`,`max_thumb`,`shop_price` FROM `sp_goods` WHERE `cate_id` = 163  [ RunTime:0.0002s ]
SQL: SELECT `id`,`goods_name`,`max_thumb`,`shop_price` FROM `sp_goods` WHERE `cate_id` = 164  [ RunTime:0.0002s ]
SQL: SELECT `id`,`goods_name`,`max_thumb`,`shop_price` FROM `sp_goods` WHERE `cate_id` = 165  [ RunTime:0.0002s ]
SQL: SELECT `id`,`goods_name`,`max_thumb`,`shop_price` FROM `sp_goods` WHERE `cate_id` = 166  [ RunTime:0.0002s ]
SQL: SELECT `id`,`goods_name`,`max_thumb`,`shop_price` FROM `sp_goods` WHERE `cate_id` = 167  [ RunTime:0.0002s ]
SQL: SELECT * FROM `sp_cate` WHERE `pid` = 35  [ RunTime:0.0003s ]
SQL: SELECT `id`,`goods_name`,`max_thumb`,`shop_price` FROM `sp_goods` WHERE `cate_id` = 168  [ RunTime:0.0002s ]
SQL: SELECT `id`,`goods_name`,`max_thumb`,`shop_price` FROM `sp_goods` WHERE `cate_id` = 169  [ RunTime:0.0002s ]
SQL: SELECT `id`,`goods_name`,`max_thumb`,`shop_price` FROM `sp_goods` WHERE `cate_id` = 170  [ RunTime:0.0002s ]
SQL: SELECT `id`,`goods_name`,`max_thumb`,`shop_price` FROM `sp_goods` WHERE `cate_id` = 171  [ RunTime:0.0003s ]
SQL: SELECT * FROM `sp_cate` WHERE `pid` = 36  [ RunTime:0.0003s ]
SQL: SELECT `id`,`goods_name`,`max_thumb`,`shop_price` FROM `sp_goods` WHERE `cate_id` = 172  [ RunTime:0.0002s ]
SQL: SELECT `id`,`goods_name`,`max_thumb`,`shop_price` FROM `sp_goods` WHERE `cate_id` = 173  [ RunTime:0.0002s ]
SQL: SELECT `id`,`goods_name`,`max_thumb`,`shop_price` FROM `sp_goods` WHERE `cate_id` = 174  [ RunTime:0.0002s ]
SQL: SELECT `id`,`goods_name`,`max_thumb`,`shop_price` FROM `sp_goods` WHERE `cate_id` = 175  [ RunTime:0.0004s ]
SQL: SELECT * FROM `sp_cate` WHERE `pid` = 37  [ RunTime:0.0003s ]
SQL: SELECT `id`,`goods_name`,`max_thumb`,`shop_price` FROM `sp_goods` WHERE `cate_id` = 176  [ RunTime:0.0002s ]
SQL: SELECT `id`,`goods_name`,`max_thumb`,`shop_price` FROM `sp_goods` WHERE `cate_id` = 177  [ RunTime:0.0003s ]
SQL: SELECT `id`,`goods_name`,`max_thumb`,`shop_price` FROM `sp_goods` WHERE `cate_id` = 178  [ RunTime:0.0002s ]
SQL: SELECT `id`,`goods_name`,`max_thumb`,`shop_price` FROM `sp_goods` WHERE `cate_id` = 179  [ RunTime:0.0002s ]
SQL: SELECT * FROM `sp_cate` WHERE `pid` = 38  [ RunTime:0.0003s ]
SQL: SELECT `id`,`goods_name`,`max_thumb`,`shop_price` FROM `sp_goods` WHERE `cate_id` = 180  [ RunTime:0.0002s ]
SQL: SELECT `id`,`goods_name`,`max_thumb`,`shop_price` FROM `sp_goods` WHERE `cate_id` = 181  [ RunTime:0.0002s ]
SQL: SELECT `id`,`goods_name`,`max_thumb`,`shop_price` FROM `sp_goods` WHERE `cate_id` = 182  [ RunTime:0.0003s ]
SQL: SELECT `id`,`goods_name`,`max_thumb`,`shop_price` FROM `sp_goods` WHERE `cate_id` = 183  [ RunTime:0.0002s ]
SQL: SELECT `id`,`goods_name`,`max_thumb`,`shop_price` FROM `sp_goods` WHERE `cate_id` = 184  [ RunTime:0.0001s ]
SQL: SELECT * FROM `sp_cate` WHERE `pid` = 39  [ RunTime:0.0003s ]
SQL: SELECT `id`,`goods_name`,`max_thumb`,`shop_price` FROM `sp_goods` WHERE `cate_id` = 185  [ RunTime:0.0004s ]
SQL: SELECT `id`,`goods_name`,`max_thumb`,`shop_price` FROM `sp_goods` WHERE `cate_id` = 186  [ RunTime:0.0002s ]
SQL: SELECT `id`,`goods_name`,`max_thumb`,`shop_price` FROM `sp_goods` WHERE `cate_id` = 186 LIMIT 9   [ RunTime:0.0002s ]
SQL: SELECT `id`,`goods_name`,`max_thumb`,`shop_price` FROM `sp_goods` WHERE `cate_id` = 187  [ RunTime:0.0003s ]
SQL: SELECT `id`,`goods_name`,`max_thumb`,`shop_price` FROM `sp_goods` WHERE `cate_id` = 188  [ RunTime:0.0002s ]
SQL: SELECT * FROM `sp_cate` WHERE `pid` = 17  [ RunTime:0.0004s ]
SQL: SELECT * FROM `sp_cate` WHERE `pid` = 40  [ RunTime:0.0003s ]
SQL: SELECT `id`,`goods_name`,`max_thumb`,`shop_price` FROM `sp_goods` WHERE `cate_id` = 189  [ RunTime:0.0002s ]
SQL: SELECT `id`,`goods_name`,`max_thumb`,`shop_price` FROM `sp_goods` WHERE `cate_id` = 190  [ RunTime:0.0003s ]
SQL: SELECT `id`,`goods_name`,`max_thumb`,`shop_price` FROM `sp_goods` WHERE `cate_id` = 191  [ RunTime:0.0002s ]
SQL: SELECT `id`,`goods_name`,`max_thumb`,`shop_price` FROM `sp_goods` WHERE `cate_id` = 192  [ RunTime:0.0002s ]
SQL: SELECT `id`,`goods_name`,`max_thumb`,`shop_price` FROM `sp_goods` WHERE `cate_id` = 193  [ RunTime:0.0002s ]
SQL: SELECT * FROM `sp_cate` WHERE `pid` = 41  [ RunTime:0.0003s ]
SQL: SELECT `id`,`goods_name`,`max_thumb`,`shop_price` FROM `sp_goods` WHERE `cate_id` = 194  [ RunTime:0.0002s ]
SQL: SELECT `id`,`goods_name`,`max_thumb`,`shop_price` FROM `sp_goods` WHERE `cate_id` = 195  [ RunTime:0.0002s ]
SQL: SELECT `id`,`goods_name`,`max_thumb`,`shop_price` FROM `sp_goods` WHERE `cate_id` = 196  [ RunTime:0.0002s ]
SQL: SELECT `id`,`goods_name`,`max_thumb`,`shop_price` FROM `sp_goods` WHERE `cate_id` = 197  [ RunTime:0.0007s ]
SQL: SELECT `id`,`goods_name`,`max_thumb`,`shop_price` FROM `sp_goods` WHERE `cate_id` = 198  [ RunTime:0.0002s ]
SQL: SELECT * FROM `sp_cate` WHERE `pid` = 42  [ RunTime:0.0003s ]
SQL: SELECT `id`,`goods_name`,`max_thumb`,`shop_price` FROM `sp_goods` WHERE `cate_id` = 199  [ RunTime:0.0002s ]
SQL: SELECT `id`,`goods_name`,`max_thumb`,`shop_price` FROM `sp_goods` WHERE `cate_id` = 200  [ RunTime:0.0002s ]
SQL: SELECT `id`,`goods_name`,`max_thumb`,`shop_price` FROM `sp_goods` WHERE `cate_id` = 201  [ RunTime:0.0002s ]
SQL: SELECT `id`,`goods_name`,`max_thumb`,`shop_price` FROM `sp_goods` WHERE `cate_id` = 202  [ RunTime:0.0002s ]
SQL: SELECT `id`,`goods_name`,`max_thumb`,`shop_price` FROM `sp_goods` WHERE `cate_id` = 203  [ RunTime:0.0002s ]
SQL: SELECT * FROM `sp_cate` WHERE `pid` = 43  [ RunTime:0.0002s ]
SQL: SELECT `id`,`goods_name`,`max_thumb`,`shop_price` FROM `sp_goods` WHERE `cate_id` = 204  [ RunTime:0.0001s ]
SQL: SELECT `id`,`goods_name`,`max_thumb`,`shop_price` FROM `sp_goods` WHERE `cate_id` = 205  [ RunTime:0.0002s ]
SQL: SELECT `id`,`goods_name`,`max_thumb`,`shop_price` FROM `sp_goods` WHERE `cate_id` = 206  [ RunTime:0.0003s ]
SQL: SELECT `id`,`goods_name`,`max_thumb`,`shop_price` FROM `sp_goods` WHERE `cate_id` = 207  [ RunTime:0.0003s ]
SQL: SELECT `id`,`goods_name`,`max_thumb`,`shop_price` FROM `sp_goods` WHERE `cate_id` = 208  [ RunTime:0.0002s ]
SQL: SELECT * FROM `sp_cate` WHERE `pid` = 44  [ RunTime:0.0003s ]
SQL: SELECT `id`,`goods_name`,`max_thumb`,`shop_price` FROM `sp_goods` WHERE `cate_id` = 209  [ RunTime:0.0002s ]
SQL: SELECT `id`,`goods_name`,`max_thumb`,`shop_price` FROM `sp_goods` WHERE `cate_id` = 210  [ RunTime:0.0002s ]
SQL: SELECT `id`,`goods_name`,`max_thumb`,`shop_price` FROM `sp_goods` WHERE `cate_id` = 210 LIMIT 9   [ RunTime:0.0002s ]
SQL: SELECT `id`,`goods_name`,`max_thumb`,`shop_price` FROM `sp_goods` WHERE `cate_id` = 211  [ RunTime:0.0002s ]
SQL: SELECT `id`,`goods_name`,`max_thumb`,`shop_price` FROM `sp_goods` WHERE `cate_id` = 212  [ RunTime:0.0002s ]
SQL: SELECT `id`,`goods_name`,`max_thumb`,`shop_price` FROM `sp_goods` WHERE `cate_id` = 213  [ RunTime:0.0003s ]
SQL: SELECT * FROM `sp_cate` WHERE `pid` = 18  [ RunTime:0.0003s ]
SQL: SELECT * FROM `sp_cate` WHERE `pid` = 45  [ RunTime:0.0002s ]
SQL: SELECT `id`,`goods_name`,`max_thumb`,`shop_price` FROM `sp_goods` WHERE `cate_id` = 214  [ RunTime:0.0002s ]
SQL: SELECT `id`,`goods_name`,`max_thumb`,`shop_price` FROM `sp_goods` WHERE `cate_id` = 215  [ RunTime:0.0002s ]
SQL: SELECT `id`,`goods_name`,`max_thumb`,`shop_price` FROM `sp_goods` WHERE `cate_id` = 216  [ RunTime:0.0004s ]
SQL: SELECT `id`,`goods_name`,`max_thumb`,`shop_price` FROM `sp_goods` WHERE `cate_id` = 217  [ RunTime:0.0002s ]
SQL: SELECT `id`,`goods_name`,`max_thumb`,`shop_price` FROM `sp_goods` WHERE `cate_id` = 218  [ RunTime:0.0002s ]
SQL: SELECT `id`,`goods_name`,`max_thumb`,`shop_price` FROM `sp_goods` WHERE `cate_id` = 219  [ RunTime:0.0003s ]
SQL: SELECT `id`,`goods_name`,`max_thumb`,`shop_price` FROM `sp_goods` WHERE `cate_id` = 220  [ RunTime:0.0002s ]
SQL: SELECT `id`,`goods_name`,`max_thumb`,`shop_price` FROM `sp_goods` WHERE `cate_id` = 221  [ RunTime:0.0002s ]
SQL: SELECT `id`,`goods_name`,`max_thumb`,`shop_price` FROM `sp_goods` WHERE `cate_id` = 222  [ RunTime:0.0003s ]
SQL: SELECT `id`,`goods_name`,`max_thumb`,`shop_price` FROM `sp_goods` WHERE `cate_id` = 223  [ RunTime:0.0002s ]
SQL: SELECT `id`,`goods_name`,`max_thumb`,`shop_price` FROM `sp_goods` WHERE `cate_id` = 224  [ RunTime:0.0001s ]
SQL: SELECT `id`,`goods_name`,`max_thumb`,`shop_price` FROM `sp_goods` WHERE `cate_id` = 225  [ RunTime:0.0002s ]
SQL: SELECT * FROM `sp_cate` WHERE `pid` = 46  [ RunTime:0.0004s ]
SQL: SELECT `id`,`goods_name`,`max_thumb`,`shop_price` FROM `sp_goods` WHERE `cate_id` = 226  [ RunTime:0.0002s ]
SQL: SELECT `id`,`goods_name`,`max_thumb`,`shop_price` FROM `sp_goods` WHERE `cate_id` = 227  [ RunTime:0.0002s ]
SQL: SELECT `id`,`goods_name`,`max_thumb`,`shop_price` FROM `sp_goods` WHERE `cate_id` = 228  [ RunTime:0.0002s ]
SQL: SELECT `id`,`goods_name`,`max_thumb`,`shop_price` FROM `sp_goods` WHERE `cate_id` = 229  [ RunTime:0.0002s ]
SQL: SELECT `id`,`goods_name`,`max_thumb`,`shop_price` FROM `sp_goods` WHERE `cate_id` = 230  [ RunTime:0.0002s ]
SQL: SELECT * FROM `sp_cate` WHERE `pid` = 47  [ RunTime:0.0002s ]
SQL: SELECT `id`,`goods_name`,`max_thumb`,`shop_price` FROM `sp_goods` WHERE `cate_id` = 231  [ RunTime:0.0003s ]
SQL: SELECT `id`,`goods_name`,`max_thumb`,`shop_price` FROM `sp_goods` WHERE `cate_id` = 232  [ RunTime:0.0002s ]
SQL: SELECT `id`,`goods_name`,`max_thumb`,`shop_price` FROM `sp_goods` WHERE `cate_id` = 233  [ RunTime:0.0002s ]
SQL: SELECT `id`,`goods_name`,`max_thumb`,`shop_price` FROM `sp_goods` WHERE `cate_id` = 234  [ RunTime:0.0002s ]
SQL: SELECT `id`,`goods_name`,`max_thumb`,`shop_price` FROM `sp_goods` WHERE `cate_id` = 235  [ RunTime:0.0004s ]
SQL: SELECT * FROM `sp_cate` WHERE `pid` = 48  [ RunTime:0.0003s ]
SQL: SELECT `id`,`goods_name`,`max_thumb`,`shop_price` FROM `sp_goods` WHERE `cate_id` = 236  [ RunTime:0.0002s ]
SQL: SELECT `id`,`goods_name`,`max_thumb`,`shop_price` FROM `sp_goods` WHERE `cate_id` = 237  [ RunTime:0.0004s ]
SQL: SELECT `id`,`goods_name`,`max_thumb`,`shop_price` FROM `sp_goods` WHERE `cate_id` = 237 LIMIT 9   [ RunTime:0.0004s ]
SQL: SELECT `id`,`goods_name`,`max_thumb`,`shop_price` FROM `sp_goods` WHERE `cate_id` = 238  [ RunTime:0.0005s ]
SQL: SELECT `id`,`goods_name`,`max_thumb`,`shop_price` FROM `sp_goods` WHERE `cate_id` = 239  [ RunTime:0.0002s ]
SQL: SELECT `id`,`goods_name`,`max_thumb`,`shop_price` FROM `sp_goods` WHERE `cate_id` = 240  [ RunTime:0.0003s ]
SQL: SELECT * FROM `sp_cate` WHERE `pid` = 19  [ RunTime:0.0003s ]
SQL: SELECT * FROM `sp_cate` WHERE `pid` = 49  [ RunTime:0.0005s ]
SQL: SELECT `id`,`goods_name`,`max_thumb`,`shop_price` FROM `sp_goods` WHERE `cate_id` = 241  [ RunTime:0.0003s ]
SQL: SELECT `id`,`goods_name`,`max_thumb`,`shop_price` FROM `sp_goods` WHERE `cate_id` = 242  [ RunTime:0.0006s ]
SQL: SELECT `id`,`goods_name`,`max_thumb`,`shop_price` FROM `sp_goods` WHERE `cate_id` = 243  [ RunTime:0.0003s ]
SQL: SELECT `id`,`goods_name`,`max_thumb`,`shop_price` FROM `sp_goods` WHERE `cate_id` = 244  [ RunTime:0.0002s ]
SQL: SELECT * FROM `sp_cate` WHERE `pid` = 50  [ RunTime:0.0003s ]
SQL: SELECT `id`,`goods_name`,`max_thumb`,`shop_price` FROM `sp_goods` WHERE `cate_id` = 245  [ RunTime:0.0002s ]
SQL: SELECT `id`,`goods_name`,`max_thumb`,`shop_price` FROM `sp_goods` WHERE `cate_id` = 246  [ RunTime:0.0003s ]
SQL: SELECT `id`,`goods_name`,`max_thumb`,`shop_price` FROM `sp_goods` WHERE `cate_id` = 247  [ RunTime:0.0002s ]
SQL: SELECT * FROM `sp_cate` WHERE `pid` = 51  [ RunTime:0.0002s ]
SQL: SELECT `id`,`goods_name`,`max_thumb`,`shop_price` FROM `sp_goods` WHERE `cate_id` = 248  [ RunTime:0.0002s ]
SQL: SELECT `id`,`goods_name`,`max_thumb`,`shop_price` FROM `sp_goods` WHERE `cate_id` = 249  [ RunTime:0.0002s ]
SQL: SELECT `id`,`goods_name`,`max_thumb`,`shop_price` FROM `sp_goods` WHERE `cate_id` = 250  [ RunTime:0.0002s ]
SQL: SELECT `id`,`goods_name`,`max_thumb`,`shop_price` FROM `sp_goods` WHERE `cate_id` = 251  [ RunTime:0.0003s ]
SQL: SELECT * FROM `sp_cate` WHERE `pid` = 52  [ RunTime:0.0004s ]
SQL: SELECT `id`,`goods_name`,`max_thumb`,`shop_price` FROM `sp_goods` WHERE `cate_id` = 252  [ RunTime:0.0002s ]
SQL: SELECT `id`,`goods_name`,`max_thumb`,`shop_price` FROM `sp_goods` WHERE `cate_id` = 253  [ RunTime:0.0002s ]
SQL: SELECT `id`,`goods_name`,`max_thumb`,`shop_price` FROM `sp_goods` WHERE `cate_id` = 254  [ RunTime:0.0003s ]
SQL: SELECT `id`,`goods_name`,`max_thumb`,`shop_price` FROM `sp_goods` WHERE `cate_id` = 255  [ RunTime:0.0002s ]
SQL: SELECT `id`,`goods_name`,`max_thumb`,`shop_price` FROM `sp_goods` WHERE `cate_id` = 256  [ RunTime:0.0001s ]
SQL: SELECT `id`,`goods_name`,`max_thumb`,`shop_price` FROM `sp_goods` WHERE `cate_id` = 257  [ RunTime:0.0001s ]
SQL: SELECT `id`,`goods_name`,`max_thumb`,`shop_price` FROM `sp_goods` WHERE `cate_id` = 258  [ RunTime:0.0001s ]
SQL: SELECT `id`,`goods_name`,`max_thumb`,`shop_price` FROM `sp_goods` WHERE `cate_id` = 259  [ RunTime:0.0002s ]
SQL: SELECT `id`,`goods_name`,`max_thumb`,`shop_price` FROM `sp_goods` WHERE `cate_id` = 260  [ RunTime:0.0002s ]
SQL: SELECT `id`,`goods_name`,`max_thumb`,`shop_price` FROM `sp_goods` WHERE `cate_id` = 261  [ RunTime:0.0002s ]
SQL: SELECT `id`,`goods_name`,`max_thumb`,`shop_price` FROM `sp_goods` WHERE `cate_id` = 262  [ RunTime:0.0004s ]
SQL: SELECT `id`,`goods_name`,`max_thumb`,`shop_price` FROM `sp_goods` WHERE `cate_id` = 263  [ RunTime:0.0002s ]
SQL: SELECT `id`,`goods_name`,`max_thumb`,`shop_price` FROM `sp_goods` WHERE `cate_id` = 264  [ RunTime:0.0002s ]
SQL: SELECT * FROM `sp_cate` WHERE `pid` = 53  [ RunTime:0.0004s ]
SQL: SELECT `id`,`goods_name`,`max_thumb`,`shop_price` FROM `sp_goods` WHERE `cate_id` = 265  [ RunTime:0.0002s ]
SQL: SELECT `id`,`goods_name`,`max_thumb`,`shop_price` FROM `sp_goods` WHERE `cate_id` = 265 LIMIT 9   [ RunTime:0.0002s ]
SQL: SELECT `id`,`goods_name`,`max_thumb`,`shop_price` FROM `sp_goods` WHERE `cate_id` = 266  [ RunTime:0.0001s ]
SQL: SELECT `id`,`goods_name`,`max_thumb`,`shop_price` FROM `sp_goods` WHERE `cate_id` = 267  [ RunTime:0.0002s ]
SQL: SELECT `id`,`goods_name`,`max_thumb`,`shop_price` FROM `sp_goods` WHERE `cate_id` = 268  [ RunTime:0.0002s ]
SQL: SELECT `id`,`goods_name`,`max_thumb`,`shop_price` FROM `sp_goods` WHERE `cate_id` = 269  [ RunTime:0.0002s ]
SQL: SELECT `id`,`goods_name`,`max_thumb`,`shop_price` FROM `sp_goods` WHERE `cate_id` = 270  [ RunTime:0.0002s ]
SQL: SELECT `id`,`goods_name`,`max_thumb`,`shop_price` FROM `sp_goods` WHERE `cate_id` = 271  [ RunTime:0.0002s ]
SQL: SELECT * FROM `sp_cate` WHERE `pid` = 20  [ RunTime:0.0002s ]
SQL: SELECT * FROM `sp_cate` WHERE `pid` = 54  [ RunTime:0.0002s ]
SQL: SELECT `id`,`goods_name`,`max_thumb`,`shop_price` FROM `sp_goods` WHERE `cate_id` = 272  [ RunTime:0.0002s ]
SQL: SELECT `id`,`goods_name`,`max_thumb`,`shop_price` FROM `sp_goods` WHERE `cate_id` = 273  [ RunTime:0.0002s ]
SQL: SELECT `id`,`goods_name`,`max_thumb`,`shop_price` FROM `sp_goods` WHERE `cate_id` = 274  [ RunTime:0.0002s ]
SQL: SELECT `id`,`goods_name`,`max_thumb`,`shop_price` FROM `sp_goods` WHERE `cate_id` = 275  [ RunTime:0.0002s ]
SQL: SELECT * FROM `sp_cate` WHERE `pid` = 55  [ RunTime:0.0003s ]
SQL: SELECT `id`,`goods_name`,`max_thumb`,`shop_price` FROM `sp_goods` WHERE `cate_id` = 276  [ RunTime:0.0003s ]
SQL: SELECT * FROM `sp_cate` WHERE `pid` = 56  [ RunTime:0.0003s ]
SQL: SELECT `id`,`goods_name`,`max_thumb`,`shop_price` FROM `sp_goods` WHERE `cate_id` = 277  [ RunTime:0.0002s ]
SQL: SELECT `id`,`goods_name`,`max_thumb`,`shop_price` FROM `sp_goods` WHERE `cate_id` = 278  [ RunTime:0.0002s ]
SQL: SELECT `id`,`goods_name`,`max_thumb`,`shop_price` FROM `sp_goods` WHERE `cate_id` = 279  [ RunTime:0.0002s ]
SQL: SELECT `id`,`goods_name`,`max_thumb`,`shop_price` FROM `sp_goods` WHERE `cate_id` = 279 LIMIT 9   [ RunTime:0.0002s ]
SQL: SELECT `id`,`goods_name`,`max_thumb`,`shop_price` FROM `sp_goods` WHERE `cate_id` = 280  [ RunTime:0.0002s ]
SQL: SELECT * FROM `sp_cate` WHERE `pid` = 21  [ RunTime:0.0006s ]
SQL: SELECT * FROM `sp_cate` WHERE `pid` = 57  [ RunTime:0.0003s ]
SQL: SELECT `id`,`goods_name`,`max_thumb`,`shop_price` FROM `sp_goods` WHERE `cate_id` = 281  [ RunTime:0.0002s ]
SQL: SELECT `id`,`goods_name`,`max_thumb`,`shop_price` FROM `sp_goods` WHERE `cate_id` = 282  [ RunTime:0.0003s ]
SQL: SELECT `id`,`goods_name`,`max_thumb`,`shop_price` FROM `sp_goods` WHERE `cate_id` = 283  [ RunTime:0.0002s ]
SQL: SELECT `id`,`goods_name`,`max_thumb`,`shop_price` FROM `sp_goods` WHERE `cate_id` = 284  [ RunTime:0.0004s ]
SQL: SELECT `id`,`goods_name`,`max_thumb`,`shop_price` FROM `sp_goods` WHERE `cate_id` = 285  [ RunTime:0.0002s ]
SQL: SELECT `id`,`goods_name`,`max_thumb`,`shop_price` FROM `sp_goods` WHERE `cate_id` = 286  [ RunTime:0.0002s ]
SQL: SELECT `id`,`goods_name`,`max_thumb`,`shop_price` FROM `sp_goods` WHERE `cate_id` = 287  [ RunTime:0.0002s ]
SQL: SELECT `id`,`goods_name`,`max_thumb`,`shop_price` FROM `sp_goods` WHERE `cate_id` = 288  [ RunTime:0.0002s ]
SQL: SELECT `id`,`goods_name`,`max_thumb`,`shop_price` FROM `sp_goods` WHERE `cate_id` = 289  [ RunTime:0.0002s ]
SQL: SELECT `id`,`goods_name`,`max_thumb`,`shop_price` FROM `sp_goods` WHERE `cate_id` = 290  [ RunTime:0.0003s ]
SQL: SELECT `id`,`goods_name`,`max_thumb`,`shop_price` FROM `sp_goods` WHERE `cate_id` = 291  [ RunTime:0.0002s ]
SQL: SELECT `id`,`goods_name`,`max_thumb`,`shop_price` FROM `sp_goods` WHERE `cate_id` = 292  [ RunTime:0.0003s ]
SQL: SELECT `id`,`goods_name`,`max_thumb`,`shop_price` FROM `sp_goods` WHERE `cate_id` = 293  [ RunTime:0.0004s ]
SQL: SELECT * FROM `sp_cate` WHERE `pid` = 58  [ RunTime:0.0003s ]
SQL: SELECT `id`,`goods_name`,`max_thumb`,`shop_price` FROM `sp_goods` WHERE `cate_id` = 294  [ RunTime:0.0002s ]
SQL: SELECT `id`,`goods_name`,`max_thumb`,`shop_price` FROM `sp_goods` WHERE `cate_id` = 295  [ RunTime:0.0002s ]
SQL: SELECT `id`,`goods_name`,`max_thumb`,`shop_price` FROM `sp_goods` WHERE `cate_id` = 296  [ RunTime:0.0002s ]
SQL: SELECT `id`,`goods_name`,`max_thumb`,`shop_price` FROM `sp_goods` WHERE `cate_id` = 297  [ RunTime:0.0002s ]
SQL: SELECT `id`,`goods_name`,`max_thumb`,`shop_price` FROM `sp_goods` WHERE `cate_id` = 298  [ RunTime:0.0002s ]
SQL: SELECT `id`,`goods_name`,`max_thumb`,`shop_price` FROM `sp_goods` WHERE `cate_id` = 299  [ RunTime:0.0002s ]
SQL: SELECT `id`,`goods_name`,`max_thumb`,`shop_price` FROM `sp_goods` WHERE `cate_id` = 300  [ RunTime:0.0002s ]
SQL: SELECT `id`,`goods_name`,`max_thumb`,`shop_price` FROM `sp_goods` WHERE `cate_id` = 301  [ RunTime:0.0002s ]
SQL: SELECT `id`,`goods_name`,`max_thumb`,`shop_price` FROM `sp_goods` WHERE `cate_id` = 302  [ RunTime:0.0002s ]
SQL: SELECT `id`,`goods_name`,`max_thumb`,`shop_price` FROM `sp_goods` WHERE `cate_id` = 303  [ RunTime:0.0002s ]
SQL: SELECT * FROM `sp_cate` WHERE `pid` = 59  [ RunTime:0.0002s ]
SQL: SELECT `id`,`goods_name`,`max_thumb`,`shop_price` FROM `sp_goods` WHERE `cate_id` = 304  [ RunTime:0.0002s ]
SQL: SELECT `id`,`goods_name`,`max_thumb`,`shop_price` FROM `sp_goods` WHERE `cate_id` = 305  [ RunTime:0.0004s ]
SQL: SELECT `id`,`goods_name`,`max_thumb`,`shop_price` FROM `sp_goods` WHERE `cate_id` = 306  [ RunTime:0.0002s ]
SQL: SELECT `id`,`goods_name`,`max_thumb`,`shop_price` FROM `sp_goods` WHERE `cate_id` = 307  [ RunTime:0.0002s ]
SQL: SELECT * FROM `sp_cate` WHERE `pid` = 60  [ RunTime:0.0004s ]
SQL: SELECT `id`,`goods_name`,`max_thumb`,`shop_price` FROM `sp_goods` WHERE `cate_id` = 308  [ RunTime:0.0003s ]
SQL: SELECT `id`,`goods_name`,`max_thumb`,`shop_price` FROM `sp_goods` WHERE `cate_id` = 309  [ RunTime:0.0002s ]
SQL: SELECT `id`,`goods_name`,`max_thumb`,`shop_price` FROM `sp_goods` WHERE `cate_id` = 310  [ RunTime:0.0002s ]
SQL: SELECT `id`,`goods_name`,`max_thumb`,`shop_price` FROM `sp_goods` WHERE `cate_id` = 311  [ RunTime:0.0002s ]
SQL: SELECT `id`,`goods_name`,`max_thumb`,`shop_price` FROM `sp_goods` WHERE `cate_id` = 312  [ RunTime:0.0002s ]
SQL: SELECT `id`,`goods_name`,`max_thumb`,`shop_price` FROM `sp_goods` WHERE `cate_id` = 313  [ RunTime:0.0002s ]
SQL: SELECT `id`,`goods_name`,`max_thumb`,`shop_price` FROM `sp_goods` WHERE `cate_id` = 314  [ RunTime:0.0002s ]
SQL: SELECT `id`,`goods_name`,`max_thumb`,`shop_price` FROM `sp_goods` WHERE `cate_id` = 315  [ RunTime:0.0002s ]
SQL: SELECT `id`,`goods_name`,`max_thumb`,`shop_price` FROM `sp_goods` WHERE `cate_id` = 316  [ RunTime:0.0003s ]
SQL: SELECT `id`,`goods_name`,`max_thumb`,`shop_price` FROM `sp_goods` WHERE `cate_id` = 317  [ RunTime:0.0002s ]
SQL: SELECT `id`,`goods_name`,`max_thumb`,`shop_price` FROM `sp_goods` WHERE `cate_id` = 318  [ RunTime:0.0004s ]
SQL: SELECT `id`,`goods_name`,`max_thumb`,`shop_price` FROM `sp_goods` WHERE `cate_id` = 319  [ RunTime:0.0002s ]
SQL: SELECT `id`,`goods_name`,`max_thumb`,`shop_price` FROM `sp_goods` WHERE `cate_id` = 320  [ RunTime:0.0002s ]
SQL: SELECT * FROM `sp_cate` WHERE `pid` = 61  [ RunTime:0.0004s ]
SQL: SELECT `id`,`goods_name`,`max_thumb`,`shop_price` FROM `sp_goods` WHERE `cate_id` = 321  [ RunTime:0.0002s ]
SQL: SELECT `id`,`goods_name`,`max_thumb`,`shop_price` FROM `sp_goods` WHERE `cate_id` = 322  [ RunTime:0.0002s ]
SQL: SELECT `id`,`goods_name`,`max_thumb`,`shop_price` FROM `sp_goods` WHERE `cate_id` = 323  [ RunTime:0.0002s ]
SQL: SELECT `id`,`goods_name`,`max_thumb`,`shop_price` FROM `sp_goods` WHERE `cate_id` = 324  [ RunTime:0.0002s ]
SQL: SELECT `id`,`goods_name`,`max_thumb`,`shop_price` FROM `sp_goods` WHERE `cate_id` = 325  [ RunTime:0.0001s ]
SQL: SELECT * FROM `sp_cate` WHERE `pid` = 62  [ RunTime:0.0002s ]
SQL: SELECT `id`,`goods_name`,`max_thumb`,`shop_price` FROM `sp_goods` WHERE `cate_id` = 326  [ RunTime:0.0001s ]
SQL: SELECT `id`,`goods_name`,`max_thumb`,`shop_price` FROM `sp_goods` WHERE `cate_id` = 327  [ RunTime:0.0002s ]
SQL: SELECT `id`,`goods_name`,`max_thumb`,`shop_price` FROM `sp_goods` WHERE `cate_id` = 328  [ RunTime:0.0002s ]
SQL: SELECT `id`,`goods_name`,`max_thumb`,`shop_price` FROM `sp_goods` WHERE `cate_id` = 329  [ RunTime:0.0001s ]
SQL: SELECT `id`,`goods_name`,`max_thumb`,`shop_price` FROM `sp_goods` WHERE `cate_id` = 330  [ RunTime:0.0001s ]
SQL: SELECT * FROM `sp_cate` WHERE `pid` = 63  [ RunTime:0.0002s ]
SQL: SELECT `id`,`goods_name`,`max_thumb`,`shop_price` FROM `sp_goods` WHERE `cate_id` = 331  [ RunTime:0.0002s ]
SQL: SELECT `id`,`goods_name`,`max_thumb`,`shop_price` FROM `sp_goods` WHERE `cate_id` = 332  [ RunTime:0.0002s ]
SQL: SELECT `id`,`goods_name`,`max_thumb`,`shop_price` FROM `sp_goods` WHERE `cate_id` = 332 LIMIT 9   [ RunTime:0.0002s ]
SQL: SELECT `id`,`goods_name`,`max_thumb`,`shop_price` FROM `sp_goods` WHERE `cate_id` = 333  [ RunTime:0.0001s ]
SQL: SELECT `id`,`goods_name`,`max_thumb`,`shop_price` FROM `sp_goods` WHERE `cate_id` = 334  [ RunTime:0.0001s ]
SQL: SELECT * FROM `sp_goods`  [ RunTime:0.0003s ]
INFO: [ view_parse ] --START--
INFO: [ template_filter ] --START--
INFO: Run Behavior\ContentReplaceBehavior [ RunTime:0.000128s ]
INFO: [ template_filter ] --END-- [ RunTime:0.000166s ]
NOTIC: [8] Undefined index: user C:\xampp\htdocs\www\x\Application\Runtime\Cache\Home\4444dba8a9b760dcff3c32c405202b5c.php 第 27 行.
INFO: Run Behavior\ParseTemplateBehavior [ RunTime:0.010470s ]
INFO: [ view_parse ] --END-- [ RunTime:0.010535s ]
INFO: [ view_filter ] --START--
INFO: Run Behavior\WriteHtmlCacheBehavior [ RunTime:0.000461s ]
INFO: [ view_filter ] --END-- [ RunTime:0.000486s ]
INFO: [ app_end ] --START--
INFO: Run Behavior\ShowPageTraceBehavior [ RunTime:0.000710s ]
INFO: [ app_end ] --END-- [ RunTime:0.000738s ]

