[ 2018-10-20T14:38:29+08:00 ] 219.137.187.253 /admin
INFO: [ app_init ] --START--
INFO: Run Behavior\BuildLiteBehavior [ RunTime:0.000011s ]
INFO: [ app_init ] --END-- [ RunTime:0.000306s ]
INFO: [ app_begin ] --START--
INFO: Run Behavior\ReadHtmlCacheBehavior [ RunTime:0.000570s ]
INFO: [ app_begin ] --END-- [ RunTime:0.000606s ]
INFO: [ view_parse ] --START--
INFO: [ template_filter ] --START--
INFO: Run Behavior\ContentReplaceBehavior [ RunTime:0.000024s ]
INFO: [ template_filter ] --END-- [ RunTime:0.000059s ]
INFO: Run Behavior\ParseTemplateBehavior [ RunTime:0.020325s ]
INFO: [ view_parse ] --END-- [ RunTime:0.020371s ]
INFO: [ view_filter ] --START--
INFO: Run Behavior\WriteHtmlCacheBehavior [ RunTime:0.000383s ]
INFO: [ view_filter ] --END-- [ RunTime:0.000409s ]

[ 2018-10-20T14:38:31+08:00 ] 219.137.187.253 /index.php/Admin/Login/index.html
INFO: [ app_init ] --START--
INFO: Run Behavior\BuildLiteBehavior [ RunTime:0.000012s ]
INFO: [ app_init ] --END-- [ RunTime:0.000343s ]
INFO: [ app_begin ] --START--
INFO: Run Behavior\ReadHtmlCacheBehavior [ RunTime:0.000422s ]
INFO: [ app_begin ] --END-- [ RunTime:0.000452s ]
NOTIC: [2] Use of undefined constant regex - assumed 'regex' (this will throw an Error in a future version of PHP) C:\xampp\htdocs\www\x\ThinkPHP\Common\functions.php 第 588 行.
SQL: SHOW COLUMNS FROM `sp_admin` [ RunTime:0.0017s ]
INFO: [ view_parse ] --START--
INFO: [ template_filter ] --START--
INFO: Run Behavior\ContentReplaceBehavior [ RunTime:0.000042s ]
INFO: [ template_filter ] --END-- [ RunTime:0.000085s ]
INFO: Run Behavior\ParseTemplateBehavior [ RunTime:0.015562s ]
INFO: [ view_parse ] --END-- [ RunTime:0.015625s ]
INFO: [ view_filter ] --START--
INFO: Run Behavior\WriteHtmlCacheBehavior [ RunTime:0.000412s ]
INFO: [ view_filter ] --END-- [ RunTime:0.000448s ]
INFO: [ app_end ] --START--
INFO: Run Behavior\ShowPageTraceBehavior [ RunTime:0.001073s ]
INFO: [ app_end ] --END-- [ RunTime:0.001107s ]

[ 2018-10-20T14:38:31+08:00 ] 219.137.187.253 /index.php/Admin/Login/verify
INFO: [ app_init ] --START--
INFO: Run Behavior\BuildLiteBehavior [ RunTime:0.000010s ]
INFO: [ app_init ] --END-- [ RunTime:0.000322s ]
INFO: [ app_begin ] --START--
INFO: Run Behavior\ReadHtmlCacheBehavior [ RunTime:0.000454s ]
INFO: [ app_begin ] --END-- [ RunTime:0.000488s ]
INFO: [ app_end ] --START--
INFO: Run Behavior\ShowPageTraceBehavior [ RunTime:0.000677s ]
INFO: [ app_end ] --END-- [ RunTime:0.000722s ]

[ 2018-10-20T14:38:38+08:00 ] 219.137.187.253 /index.php/Admin/Login/verify/0.9215970066046841
INFO: [ app_init ] --START--
INFO: Run Behavior\BuildLiteBehavior [ RunTime:0.000009s ]
INFO: [ app_init ] --END-- [ RunTime:0.000290s ]
INFO: [ app_begin ] --START--
INFO: Run Behavior\ReadHtmlCacheBehavior [ RunTime:0.000429s ]
INFO: [ app_begin ] --END-- [ RunTime:0.000460s ]
INFO: [ app_end ] --START--
INFO: Run Behavior\ShowPageTraceBehavior [ RunTime:0.000669s ]
INFO: [ app_end ] --END-- [ RunTime:0.000706s ]

[ 2018-10-20T14:38:39+08:00 ] 219.137.187.253 /index.php/Admin/Login/verify/0.6052709597625408
INFO: [ app_init ] --START--
INFO: Run Behavior\BuildLiteBehavior [ RunTime:0.000012s ]
INFO: [ app_init ] --END-- [ RunTime:0.000291s ]
INFO: [ app_begin ] --START--
INFO: Run Behavior\ReadHtmlCacheBehavior [ RunTime:0.000410s ]
INFO: [ app_begin ] --END-- [ RunTime:0.000444s ]
INFO: [ app_end ] --START--
INFO: Run Behavior\ShowPageTraceBehavior [ RunTime:0.000843s ]
INFO: [ app_end ] --END-- [ RunTime:0.000888s ]

[ 2018-10-20T14:38:45+08:00 ] 219.137.187.253 /index.php/Admin/Login/index.html
INFO: [ app_init ] --START--
INFO: Run Behavior\BuildLiteBehavior [ RunTime:0.000011s ]
INFO: [ app_init ] --END-- [ RunTime:0.000345s ]
INFO: [ app_begin ] --START--
INFO: Run Behavior\ReadHtmlCacheBehavior [ RunTime:0.000477s ]
INFO: [ app_begin ] --END-- [ RunTime:0.000514s ]
NOTIC: [2] Use of undefined constant regex - assumed 'regex' (this will throw an Error in a future version of PHP) C:\xampp\htdocs\www\x\ThinkPHP\Common\functions.php 第 588 行.
SQL: SHOW COLUMNS FROM `sp_admin` [ RunTime:0.0018s ]
SQL: SELECT * FROM `sp_admin` WHERE ( username='ydx' ) LIMIT 1   [ RunTime:0.0004s ]
INFO: [ view_parse ] --START--
INFO: [ template_filter ] --START--
INFO: Run Behavior\ContentReplaceBehavior [ RunTime:0.000029s ]
INFO: [ template_filter ] --END-- [ RunTime:0.000066s ]
INFO: Run Behavior\ParseTemplateBehavior [ RunTime:0.005059s ]
INFO: [ view_parse ] --END-- [ RunTime:0.005097s ]
INFO: [ view_filter ] --START--
INFO: Run Behavior\WriteHtmlCacheBehavior [ RunTime:0.000251s ]
INFO: [ view_filter ] --END-- [ RunTime:0.000283s ]
INFO: [ app_end ] --START--
INFO: Run Behavior\ShowPageTraceBehavior [ RunTime:0.000554s ]
INFO: [ app_end ] --END-- [ RunTime:0.000588s ]

[ 2018-10-20T14:38:46+08:00 ] 219.137.187.253 /index.php/Admin/Index/index.html
INFO: [ app_init ] --START--
INFO: Run Behavior\BuildLiteBehavior [ RunTime:0.000009s ]
INFO: [ app_init ] --END-- [ RunTime:0.000322s ]
INFO: [ app_begin ] --START--
INFO: Run Behavior\ReadHtmlCacheBehavior [ RunTime:0.000573s ]
INFO: [ app_begin ] --END-- [ RunTime:0.000612s ]
INFO: [ view_parse ] --START--
INFO: [ template_filter ] --START--
INFO: Run Behavior\ContentReplaceBehavior [ RunTime:0.000088s ]
INFO: [ template_filter ] --END-- [ RunTime:0.000129s ]
INFO: Run Behavior\ParseTemplateBehavior [ RunTime:0.036871s ]
INFO: [ view_parse ] --END-- [ RunTime:0.036913s ]
INFO: [ view_filter ] --START--
INFO: Run Behavior\WriteHtmlCacheBehavior [ RunTime:0.000262s ]
INFO: [ view_filter ] --END-- [ RunTime:0.000287s ]
INFO: [ app_end ] --START--
INFO: Run Behavior\ShowPageTraceBehavior [ RunTime:0.000729s ]
INFO: [ app_end ] --END-- [ RunTime:0.000759s ]

[ 2018-10-20T14:38:50+08:00 ] 219.137.187.253 /index.php/Admin/Goods/lst
INFO: [ app_init ] --START--
INFO: Run Behavior\BuildLiteBehavior [ RunTime:0.000012s ]
INFO: [ app_init ] --END-- [ RunTime:0.000399s ]
INFO: [ app_begin ] --START--
INFO: Run Behavior\ReadHtmlCacheBehavior [ RunTime:0.000573s ]
INFO: [ app_begin ] --END-- [ RunTime:0.000614s ]
SQL: SHOW COLUMNS FROM `sp_goods` [ RunTime:0.0021s ]
SQL: SHOW COLUMNS FROM `sp_cate` [ RunTime:0.0016s ]
SQL: SHOW COLUMNS FROM `sp_brand` [ RunTime:0.0017s ]
SQL: SELECT COUNT(*) AS tp_count FROM sp_goods Goods  JOIN sp_cate Cate ON goods.cate_id=Cate.id LEFT JOIN sp_brand Brand ON goods.brand_id=brand.id LIMIT 1   [ RunTime:0.0004s ]
SQL: SELECT Goods.id AS id,Goods.goods_name AS goods_name,Goods.sm_thumb AS sm_thumb,Goods.market_price AS market_price,Goods.shop_price AS shop_price,Goods.onsale AS onsale,Goods.cate_id AS cate_id,Goods.brand_id AS brand_id,Cate.catename AS catename,Brand.brand_name AS brand_name FROM sp_goods Goods  JOIN sp_cate Cate ON goods.cate_id=Cate.id LEFT JOIN sp_brand Brand ON goods.brand_id=brand.id ORDER BY Goods.id desc LIMIT 0,8   [ RunTime:0.0008s ]
INFO: [ view_parse ] --START--
INFO: [ template_filter ] --START--
INFO: Run Behavior\ContentReplaceBehavior [ RunTime:0.000121s ]
INFO: [ template_filter ] --END-- [ RunTime:0.000160s ]
INFO: Run Behavior\ParseTemplateBehavior [ RunTime:0.009282s ]
INFO: [ view_parse ] --END-- [ RunTime:0.009328s ]
INFO: [ view_filter ] --START--
INFO: Run Behavior\WriteHtmlCacheBehavior [ RunTime:0.000345s ]
INFO: [ view_filter ] --END-- [ RunTime:0.000387s ]
INFO: [ app_end ] --START--
INFO: Run Behavior\ShowPageTraceBehavior [ RunTime:0.000711s ]
INFO: [ app_end ] --END-- [ RunTime:0.000744s ]

[ 2018-10-20T14:38:51+08:00 ] 219.137.187.253 /index.php/Admin/Goods/add
INFO: [ app_init ] --START--
INFO: Run Behavior\BuildLiteBehavior [ RunTime:0.000021s ]
INFO: [ app_init ] --END-- [ RunTime:0.000431s ]
INFO: [ app_begin ] --START--
INFO: Run Behavior\ReadHtmlCacheBehavior [ RunTime:0.000623s ]
INFO: [ app_begin ] --END-- [ RunTime:0.000661s ]
NOTIC: [2] Use of undefined constant unique - assumed 'unique' (this will throw an Error in a future version of PHP) C:\xampp\htdocs\www\x\ThinkPHP\Common\functions.php 第 588 行.
SQL: SHOW COLUMNS FROM `sp_goods` [ RunTime:0.0020s ]
SQL: SHOW COLUMNS FROM `sp_cate` [ RunTime:0.0016s ]
SQL: SELECT * FROM `sp_cate` ORDER BY id desc  [ RunTime:0.0014s ]
SQL: SHOW COLUMNS FROM `sp_brand` [ RunTime:0.0020s ]
SQL: SELECT * FROM `sp_brand`  [ RunTime:0.0003s ]
NOTIC: [2] Use of undefined constant unique - assumed 'unique' (this will throw an Error in a future version of PHP) C:\xampp\htdocs\www\x\ThinkPHP\Common\functions.php 第 588 行.
SQL: SHOW COLUMNS FROM `sp_member_level` [ RunTime:0.0016s ]
SQL: SELECT * FROM `sp_member_level`  [ RunTime:0.0002s ]
SQL: SHOW COLUMNS FROM `sp_type` [ RunTime:0.0016s ]
SQL: SELECT * FROM `sp_type`  [ RunTime:0.0003s ]
SQL: SHOW COLUMNS FROM `sp_recpos` [ RunTime:0.0016s ]
SQL: SELECT * FROM `sp_recpos` WHERE `rectype` = 1  [ RunTime:0.0003s ]
INFO: [ view_parse ] --START--
INFO: [ template_filter ] --START--
INFO: Run Behavior\ContentReplaceBehavior [ RunTime:0.000168s ]
INFO: [ template_filter ] --END-- [ RunTime:0.000204s ]
INFO: Run Behavior\ParseTemplateBehavior [ RunTime:0.011088s ]
INFO: [ view_parse ] --END-- [ RunTime:0.011125s ]
INFO: [ view_filter ] --START--
INFO: Run Behavior\WriteHtmlCacheBehavior [ RunTime:0.000359s ]
INFO: [ view_filter ] --END-- [ RunTime:0.000382s ]
INFO: [ app_end ] --START--
INFO: Run Behavior\ShowPageTraceBehavior [ RunTime:0.000597s ]
INFO: [ app_end ] --END-- [ RunTime:0.000626s ]

[ 2018-10-20T14:39:18+08:00 ] 219.137.187.253 /index.php/Admin/Goods/add
INFO: [ app_init ] --START--
INFO: Run Behavior\BuildLiteBehavior [ RunTime:0.000011s ]
INFO: [ app_init ] --END-- [ RunTime:0.000382s ]
INFO: [ app_begin ] --START--
INFO: Run Behavior\ReadHtmlCacheBehavior [ RunTime:0.000724s ]
INFO: [ app_begin ] --END-- [ RunTime:0.000768s ]
NOTIC: [2] Use of undefined constant unique - assumed 'unique' (this will throw an Error in a future version of PHP) C:\xampp\htdocs\www\x\ThinkPHP\Common\functions.php 第 588 行.
SQL: SHOW COLUMNS FROM `sp_goods` [ RunTime:0.0018s ]
SQL: SHOW COLUMNS FROM `sp_cate` [ RunTime:0.0015s ]
SQL: SELECT * FROM `sp_cate` ORDER BY id desc  [ RunTime:0.0013s ]
SQL: SHOW COLUMNS FROM `sp_brand` [ RunTime:0.0018s ]
SQL: SELECT * FROM `sp_brand`  [ RunTime:0.0004s ]
NOTIC: [2] Use of undefined constant unique - assumed 'unique' (this will throw an Error in a future version of PHP) C:\xampp\htdocs\www\x\ThinkPHP\Common\functions.php 第 588 行.
SQL: SHOW COLUMNS FROM `sp_member_level` [ RunTime:0.0015s ]
SQL: SELECT * FROM `sp_member_level`  [ RunTime:0.0002s ]
SQL: SHOW COLUMNS FROM `sp_type` [ RunTime:0.0013s ]
SQL: SELECT * FROM `sp_type`  [ RunTime:0.0002s ]
SQL: SHOW COLUMNS FROM `sp_recpos` [ RunTime:0.0016s ]
SQL: SELECT * FROM `sp_recpos` WHERE `rectype` = 1  [ RunTime:0.0003s ]
INFO: [ view_parse ] --START--
INFO: [ template_filter ] --START--
INFO: Run Behavior\ContentReplaceBehavior [ RunTime:0.000184s ]
INFO: [ template_filter ] --END-- [ RunTime:0.000221s ]
INFO: Run Behavior\ParseTemplateBehavior [ RunTime:0.010810s ]
INFO: [ view_parse ] --END-- [ RunTime:0.010856s ]
INFO: [ view_filter ] --START--
INFO: Run Behavior\WriteHtmlCacheBehavior [ RunTime:0.000498s ]
INFO: [ view_filter ] --END-- [ RunTime:0.000523s ]
INFO: [ app_end ] --START--
INFO: Run Behavior\ShowPageTraceBehavior [ RunTime:0.000920s ]
INFO: [ app_end ] --END-- [ RunTime:0.000968s ]

[ 2018-10-20T14:39:31+08:00 ] 61.151.207.186 /index.php/admin/login/index.html
INFO: [ app_init ] --START--
INFO: Run Behavior\BuildLiteBehavior [ RunTime:0.000024s ]
INFO: [ app_init ] --END-- [ RunTime:0.000311s ]
INFO: [ app_begin ] --START--
INFO: Run Behavior\ReadHtmlCacheBehavior [ RunTime:0.000441s ]
INFO: [ app_begin ] --END-- [ RunTime:0.000471s ]
NOTIC: [2] Use of undefined constant regex - assumed 'regex' (this will throw an Error in a future version of PHP) C:\xampp\htdocs\www\x\ThinkPHP\Common\functions.php 第 588 行.
SQL: SHOW COLUMNS FROM `sp_admin` [ RunTime:0.0016s ]
INFO: [ view_parse ] --START--
INFO: [ template_filter ] --START--
INFO: Run Behavior\ContentReplaceBehavior [ RunTime:0.000040s ]
INFO: [ template_filter ] --END-- [ RunTime:0.000074s ]
INFO: Run Behavior\ParseTemplateBehavior [ RunTime:0.004359s ]
INFO: [ view_parse ] --END-- [ RunTime:0.004391s ]
INFO: [ view_filter ] --START--
INFO: Run Behavior\WriteHtmlCacheBehavior [ RunTime:0.000456s ]
INFO: [ view_filter ] --END-- [ RunTime:0.000486s ]
INFO: [ app_end ] --START--
INFO: Run Behavior\ShowPageTraceBehavior [ RunTime:0.000779s ]
INFO: [ app_end ] --END-- [ RunTime:0.000817s ]

[ 2018-10-20T14:39:46+08:00 ] 61.129.6.227 /index.php/admin/index/index.html
INFO: [ app_init ] --START--
INFO: Run Behavior\BuildLiteBehavior [ RunTime:0.000011s ]
INFO: [ app_init ] --END-- [ RunTime:0.000456s ]
INFO: [ app_begin ] --START--
INFO: Run Behavior\ReadHtmlCacheBehavior [ RunTime:0.000681s ]
INFO: [ app_begin ] --END-- [ RunTime:0.000718s ]
INFO: [ view_parse ] --START--
INFO: [ template_filter ] --START--
INFO: Run Behavior\ContentReplaceBehavior [ RunTime:0.000029s ]
INFO: [ template_filter ] --END-- [ RunTime:0.000080s ]
INFO: Run Behavior\ParseTemplateBehavior [ RunTime:0.004685s ]
INFO: [ view_parse ] --END-- [ RunTime:0.004724s ]
INFO: [ view_filter ] --START--
INFO: Run Behavior\WriteHtmlCacheBehavior [ RunTime:0.000224s ]
INFO: [ view_filter ] --END-- [ RunTime:0.000244s ]

[ 2018-10-20T14:39:50+08:00 ] 101.89.239.230 /index.php/admin/goods/lst
INFO: [ app_init ] --START--
INFO: Run Behavior\BuildLiteBehavior [ RunTime:0.000012s ]
INFO: [ app_init ] --END-- [ RunTime:0.000353s ]
INFO: [ app_begin ] --START--
INFO: Run Behavior\ReadHtmlCacheBehavior [ RunTime:0.000557s ]
INFO: [ app_begin ] --END-- [ RunTime:0.000597s ]
INFO: [ view_parse ] --START--
INFO: [ template_filter ] --START--
INFO: Run Behavior\ContentReplaceBehavior [ RunTime:0.000029s ]
INFO: [ template_filter ] --END-- [ RunTime:0.000066s ]
INFO: Run Behavior\ParseTemplateBehavior [ RunTime:0.005115s ]
INFO: [ view_parse ] --END-- [ RunTime:0.005151s ]
INFO: [ view_filter ] --START--
INFO: Run Behavior\WriteHtmlCacheBehavior [ RunTime:0.000341s ]
INFO: [ view_filter ] --END-- [ RunTime:0.000365s ]

[ 2018-10-20T14:39:52+08:00 ] 180.97.118.219 /index.php/admin/goods/add
INFO: [ app_init ] --START--
INFO: Run Behavior\BuildLiteBehavior [ RunTime:0.000009s ]
INFO: [ app_init ] --END-- [ RunTime:0.000319s ]
INFO: [ app_begin ] --START--
INFO: Run Behavior\ReadHtmlCacheBehavior [ RunTime:0.000434s ]
INFO: [ app_begin ] --END-- [ RunTime:0.000465s ]
INFO: [ view_parse ] --START--
INFO: [ template_filter ] --START--
INFO: Run Behavior\ContentReplaceBehavior [ RunTime:0.000031s ]
INFO: [ template_filter ] --END-- [ RunTime:0.000068s ]
INFO: Run Behavior\ParseTemplateBehavior [ RunTime:0.005026s ]
INFO: [ view_parse ] --END-- [ RunTime:0.005060s ]
INFO: [ view_filter ] --START--
INFO: Run Behavior\WriteHtmlCacheBehavior [ RunTime:0.000240s ]
INFO: [ view_filter ] --END-- [ RunTime:0.000263s ]

