[ 2018-11-08T09:11:40+08:00 ] 127.0.0.1 /index.php/Admin/MemberLevel/edit/id/15
INFO: [ app_init ] --START--
INFO: Run Behavior\BuildLiteBehavior [ RunTime:0.000009s ]
INFO: [ app_init ] --END-- [ RunTime:0.000274s ]
INFO: [ app_begin ] --START--
INFO: Run Behavior\ReadHtmlCacheBehavior [ RunTime:0.000333s ]
INFO: [ app_begin ] --END-- [ RunTime:0.000365s ]
SQL: SHOW COLUMNS FROM `sp_user` [ RunTime:0.0301s ]
SQL: SELECT * FROM `sp_user` WHERE `id` = 15 LIMIT 1   [ RunTime:0.0013s ]
INFO: [ view_parse ] --START--
INFO: [ template_filter ] --START--
INFO: Run Behavior\ContentReplaceBehavior [ RunTime:0.000121s ]
INFO: [ template_filter ] --END-- [ RunTime:0.000168s ]
INFO: Run Behavior\ParseTemplateBehavior [ RunTime:0.029715s ]
INFO: [ view_parse ] --END-- [ RunTime:0.029785s ]
INFO: [ view_filter ] --START--
INFO: Run Behavior\WriteHtmlCacheBehavior [ RunTime:0.000355s ]
INFO: [ view_filter ] --END-- [ RunTime:0.000390s ]
INFO: [ app_end ] --START--
INFO: Run Behavior\ShowPageTraceBehavior [ RunTime:0.001200s ]
INFO: [ app_end ] --END-- [ RunTime:0.001321s ]

[ 2018-11-08T09:11:57+08:00 ] 127.0.0.1 /index.php/Admin/Category/lst
INFO: [ app_init ] --START--
INFO: Run Behavior\BuildLiteBehavior [ RunTime:0.000022s ]
INFO: [ app_init ] --END-- [ RunTime:0.003340s ]
INFO: [ app_begin ] --START--
INFO: Run Behavior\ReadHtmlCacheBehavior [ RunTime:0.000657s ]
INFO: [ app_begin ] --END-- [ RunTime:0.000723s ]
SQL: SHOW COLUMNS FROM `sp_category` [ RunTime:0.0195s ]
SQL: SELECT * FROM `sp_category` ORDER BY id desc  [ RunTime:0.0014s ]
INFO: [ view_parse ] --START--
INFO: [ template_filter ] --START--
INFO: Run Behavior\ContentReplaceBehavior [ RunTime:0.000200s ]
INFO: [ template_filter ] --END-- [ RunTime:0.000352s ]
NOTIC: [8] Undefined variable: page D:\phpStudy\PHPTutorial\WWW\x\Application\Runtime\Cache\Admin\395c0ba78bddab9d6617dcec0f2fd9a9.php 第 352 行.
INFO: Run Behavior\ParseTemplateBehavior [ RunTime:0.013191s ]
INFO: [ view_parse ] --END-- [ RunTime:0.013243s ]
INFO: [ view_filter ] --START--
INFO: Run Behavior\WriteHtmlCacheBehavior [ RunTime:0.000182s ]
INFO: [ view_filter ] --END-- [ RunTime:0.000206s ]
INFO: [ app_end ] --START--
INFO: Run Behavior\ShowPageTraceBehavior [ RunTime:0.000527s ]
INFO: [ app_end ] --END-- [ RunTime:0.000578s ]

[ 2018-11-08T09:12:01+08:00 ] 127.0.0.1 /index.php/Admin/Category/edit/id/2
INFO: [ app_init ] --START--
INFO: Run Behavior\BuildLiteBehavior [ RunTime:0.000008s ]
INFO: [ app_init ] --END-- [ RunTime:0.000212s ]
INFO: [ app_begin ] --START--
INFO: Run Behavior\ReadHtmlCacheBehavior [ RunTime:0.000274s ]
INFO: [ app_begin ] --END-- [ RunTime:0.000302s ]
SQL: SHOW COLUMNS FROM `sp_category` [ RunTime:0.0317s ]
SQL: SELECT * FROM `sp_category` WHERE `id` = 2 LIMIT 1   [ RunTime:0.0013s ]
INFO: [ view_parse ] --START--
INFO: [ template_filter ] --START--
INFO: Run Behavior\ContentReplaceBehavior [ RunTime:0.000188s ]
INFO: [ template_filter ] --END-- [ RunTime:0.000263s ]
INFO: Run Behavior\ParseTemplateBehavior [ RunTime:0.018942s ]
INFO: [ view_parse ] --END-- [ RunTime:0.019065s ]
INFO: [ view_filter ] --START--
INFO: Run Behavior\WriteHtmlCacheBehavior [ RunTime:0.000546s ]
INFO: [ view_filter ] --END-- [ RunTime:0.000612s ]
INFO: [ app_end ] --START--
INFO: Run Behavior\ShowPageTraceBehavior [ RunTime:0.000865s ]
INFO: [ app_end ] --END-- [ RunTime:0.000957s ]

[ 2018-11-08T16:44:27+08:00 ] 127.0.0.1 /index.php/Admin/Login/index.html
INFO: [ app_init ] --START--
INFO: Run Behavior\BuildLiteBehavior [ RunTime:0.000011s ]
INFO: [ app_init ] --END-- [ RunTime:0.000286s ]
INFO: [ app_begin ] --START--
INFO: Run Behavior\ReadHtmlCacheBehavior [ RunTime:0.000286s ]
INFO: [ app_begin ] --END-- [ RunTime:0.000322s ]
NOTIC: [8] Use of undefined constant regex - assumed 'regex' D:\phpStudy\PHPTutorial\WWW\x\ThinkPHP\Common\functions.php 第 588 行.
SQL: SHOW COLUMNS FROM `sp_admin` [ RunTime:0.0298s ]
INFO: [ view_parse ] --START--
INFO: [ template_filter ] --START--
INFO: Run Behavior\ContentReplaceBehavior [ RunTime:0.000112s ]
INFO: [ template_filter ] --END-- [ RunTime:0.000234s ]
INFO: Run Behavior\ParseTemplateBehavior [ RunTime:0.014763s ]
INFO: [ view_parse ] --END-- [ RunTime:0.014920s ]
INFO: [ view_filter ] --START--
INFO: Run Behavior\WriteHtmlCacheBehavior [ RunTime:0.000608s ]
INFO: [ view_filter ] --END-- [ RunTime:0.000702s ]
INFO: [ app_end ] --START--
INFO: Run Behavior\ShowPageTraceBehavior [ RunTime:0.001075s ]
INFO: [ app_end ] --END-- [ RunTime:0.001155s ]

[ 2018-11-08T16:44:27+08:00 ] 127.0.0.1 /index.php/Admin/Login/verify
INFO: [ app_init ] --START--
INFO: Run Behavior\BuildLiteBehavior [ RunTime:0.000017s ]
INFO: [ app_init ] --END-- [ RunTime:0.000461s ]
INFO: [ app_begin ] --START--
INFO: Run Behavior\ReadHtmlCacheBehavior [ RunTime:0.000555s ]
INFO: [ app_begin ] --END-- [ RunTime:0.000626s ]
INFO: [ app_end ] --START--
INFO: Run Behavior\ShowPageTraceBehavior [ RunTime:0.001439s ]
INFO: [ app_end ] --END-- [ RunTime:0.001720s ]

[ 2018-11-08T16:44:43+08:00 ] 127.0.0.1 /index.php/Admin/Login/index.html
INFO: [ app_init ] --START--
INFO: Run Behavior\BuildLiteBehavior [ RunTime:0.000008s ]
INFO: [ app_init ] --END-- [ RunTime:0.000205s ]
INFO: [ app_begin ] --START--
INFO: Run Behavior\ReadHtmlCacheBehavior [ RunTime:0.016030s ]
INFO: [ app_begin ] --END-- [ RunTime:0.016081s ]
NOTIC: [8] Use of undefined constant regex - assumed 'regex' D:\phpStudy\PHPTutorial\WWW\x\ThinkPHP\Common\functions.php 第 588 行.
SQL: SHOW COLUMNS FROM `sp_admin` [ RunTime:0.0225s ]
SQL: SELECT * FROM `sp_admin` WHERE ( username='ydx' ) LIMIT 1   [ RunTime:0.0008s ]
INFO: [ view_parse ] --START--
INFO: [ template_filter ] --START--
INFO: Run Behavior\ContentReplaceBehavior [ RunTime:0.000054s ]
INFO: [ template_filter ] --END-- [ RunTime:0.000131s ]
INFO: Run Behavior\ParseTemplateBehavior [ RunTime:0.023545s ]
INFO: [ view_parse ] --END-- [ RunTime:0.023667s ]
INFO: [ view_filter ] --START--
INFO: Run Behavior\WriteHtmlCacheBehavior [ RunTime:0.000568s ]
INFO: [ view_filter ] --END-- [ RunTime:0.000667s ]
INFO: [ app_end ] --START--
INFO: Run Behavior\ShowPageTraceBehavior [ RunTime:0.001201s ]
INFO: [ app_end ] --END-- [ RunTime:0.001303s ]

[ 2018-11-08T16:44:44+08:00 ] 127.0.0.1 /index.php/Admin/Index/index.html
INFO: [ app_init ] --START--
INFO: Run Behavior\BuildLiteBehavior [ RunTime:0.000017s ]
INFO: [ app_init ] --END-- [ RunTime:0.000403s ]
INFO: [ app_begin ] --START--
INFO: Run Behavior\ReadHtmlCacheBehavior [ RunTime:0.000284s ]
INFO: [ app_begin ] --END-- [ RunTime:0.000318s ]
INFO: [ view_parse ] --START--
INFO: [ template_filter ] --START--
INFO: Run Behavior\ContentReplaceBehavior [ RunTime:0.000203s ]
INFO: [ template_filter ] --END-- [ RunTime:0.000341s ]
INFO: Run Behavior\ParseTemplateBehavior [ RunTime:0.010689s ]
INFO: [ view_parse ] --END-- [ RunTime:0.010742s ]
INFO: [ view_filter ] --START--
INFO: Run Behavior\WriteHtmlCacheBehavior [ RunTime:0.000154s ]
INFO: [ view_filter ] --END-- [ RunTime:0.000176s ]
INFO: [ app_end ] --START--
INFO: Run Behavior\ShowPageTraceBehavior [ RunTime:0.000345s ]
INFO: [ app_end ] --END-- [ RunTime:0.000407s ]

[ 2018-11-08T16:44:53+08:00 ] 127.0.0.1 /index.php/Admin/Goods/lst
INFO: [ app_init ] --START--
INFO: Run Behavior\BuildLiteBehavior [ RunTime:0.000016s ]
INFO: [ app_init ] --END-- [ RunTime:0.000538s ]
INFO: [ app_begin ] --START--
INFO: Run Behavior\ReadHtmlCacheBehavior [ RunTime:0.000534s ]
INFO: [ app_begin ] --END-- [ RunTime:0.000621s ]
SQL: SHOW COLUMNS FROM `sp_goods` [ RunTime:0.0165s ]
SQL: SHOW COLUMNS FROM `sp_cate` [ RunTime:0.0105s ]
SQL: SHOW COLUMNS FROM `sp_brand` [ RunTime:0.0107s ]
SQL: SELECT COUNT(*) AS tp_count FROM sp_goods Goods  JOIN sp_cate Cate ON goods.cate_id=Cate.id LEFT JOIN sp_brand Brand ON goods.brand_id=brand.id LIMIT 1   [ RunTime:0.0058s ]
SQL: SELECT Goods.id AS id,Goods.goods_name AS goods_name,Goods.sm_thumb AS sm_thumb,Goods.market_price AS market_price,Goods.shop_price AS shop_price,Goods.vip2_price AS vip2_price,Goods.vip3_price AS vip3_price,Goods.vip4_price AS vip4_price,Goods.onsale AS onsale,Goods.cate_id AS cate_id,Goods.brand_id AS brand_id,Cate.catename AS catename,Brand.brand_name AS brand_name FROM sp_goods Goods  JOIN sp_cate Cate ON goods.cate_id=Cate.id LEFT JOIN sp_brand Brand ON goods.brand_id=brand.id ORDER BY Goods.id desc LIMIT 0,8   [ RunTime:0.0013s ]
INFO: [ view_parse ] --START--
INFO: [ template_filter ] --START--
INFO: Run Behavior\ContentReplaceBehavior [ RunTime:0.000077s ]
INFO: [ template_filter ] --END-- [ RunTime:0.000106s ]
INFO: Run Behavior\ParseTemplateBehavior [ RunTime:0.009772s ]
INFO: [ view_parse ] --END-- [ RunTime:0.009840s ]
INFO: [ view_filter ] --START--
INFO: Run Behavior\WriteHtmlCacheBehavior [ RunTime:0.000306s ]
INFO: [ view_filter ] --END-- [ RunTime:0.000333s ]
INFO: [ app_end ] --START--
INFO: Run Behavior\ShowPageTraceBehavior [ RunTime:0.000364s ]
INFO: [ app_end ] --END-- [ RunTime:0.000398s ]

[ 2018-11-08T16:45:02+08:00 ] 127.0.0.1 /index.php/Admin/Goods/product/id/88
INFO: [ app_init ] --START--
INFO: Run Behavior\BuildLiteBehavior [ RunTime:0.000014s ]
INFO: [ app_init ] --END-- [ RunTime:0.000362s ]
INFO: [ app_begin ] --START--
INFO: Run Behavior\ReadHtmlCacheBehavior [ RunTime:0.000429s ]
INFO: [ app_begin ] --END-- [ RunTime:0.000477s ]
SQL: SHOW COLUMNS FROM `sp_product` [ RunTime:0.0515s ]
NOTIC: [8] Use of undefined constant unique - assumed 'unique' D:\phpStudy\PHPTutorial\WWW\x\ThinkPHP\Common\functions.php 第 588 行.
SQL: SHOW COLUMNS FROM `sp_goods` [ RunTime:0.0237s ]
SQL: 
            SELECT a.id,a.attr_id,a.attr_value,b.attr_name
            FROM  sp_goods_attr a LEFT JOIN sp_attr b ON a.attr_id=b.id
            WHERE a.goods_id = 88 AND b.attr_type='1' [ RunTime:0.0070s ]
SQL: SELECT * FROM `sp_product` WHERE `goods_id` = 88 ORDER BY id desc  [ RunTime:0.0005s ]
INFO: [ view_parse ] --START--
INFO: [ template_filter ] --START--
INFO: Run Behavior\ContentReplaceBehavior [ RunTime:0.000128s ]
INFO: [ template_filter ] --END-- [ RunTime:0.000190s ]
INFO: Run Behavior\ParseTemplateBehavior [ RunTime:0.021831s ]
INFO: [ view_parse ] --END-- [ RunTime:0.021902s ]
INFO: [ view_filter ] --START--
INFO: Run Behavior\WriteHtmlCacheBehavior [ RunTime:0.000247s ]
INFO: [ view_filter ] --END-- [ RunTime:0.000286s ]
INFO: [ app_end ] --START--
INFO: Run Behavior\ShowPageTraceBehavior [ RunTime:0.000543s ]
INFO: [ app_end ] --END-- [ RunTime:0.000594s ]

[ 2018-11-08T17:00:50+08:00 ] 127.0.0.1 /index.php/Admin/Goods/edit/id/88
INFO: [ app_init ] --START--
INFO: Run Behavior\BuildLiteBehavior [ RunTime:0.000008s ]
INFO: [ app_init ] --END-- [ RunTime:0.000220s ]
INFO: [ app_begin ] --START--
INFO: Run Behavior\ReadHtmlCacheBehavior [ RunTime:0.000245s ]
INFO: [ app_begin ] --END-- [ RunTime:0.000272s ]
NOTIC: [8] Use of undefined constant unique - assumed 'unique' D:\phpStudy\PHPTutorial\WWW\x\ThinkPHP\Common\functions.php 第 588 行.
SQL: SHOW COLUMNS FROM `sp_goods` [ RunTime:0.0143s ]
SQL: SELECT * FROM `sp_goods` WHERE `id` = 88 LIMIT 1   [ RunTime:0.0005s ]
SQL: SHOW COLUMNS FROM `sp_cate` [ RunTime:0.0090s ]
SQL: SELECT * FROM `sp_cate` ORDER BY id desc  [ RunTime:0.0013s ]
SQL: SHOW COLUMNS FROM `sp_brand` [ RunTime:0.0068s ]
SQL: SELECT * FROM `sp_brand`  [ RunTime:0.0002s ]
NOTIC: [8] Use of undefined constant unique - assumed 'unique' D:\phpStudy\PHPTutorial\WWW\x\ThinkPHP\Common\functions.php 第 588 行.
SQL: SHOW COLUMNS FROM `sp_member_level` [ RunTime:0.0098s ]
SQL: SELECT * FROM `sp_member_level`  [ RunTime:0.0003s ]
SQL: SHOW COLUMNS FROM `sp_member_price` [ RunTime:0.0100s ]
SQL: SELECT * FROM `sp_member_price` WHERE `goods_id` = 88  [ RunTime:0.0008s ]
SQL: SHOW COLUMNS FROM `sp_goods_pic` [ RunTime:0.0091s ]
SQL: SELECT * FROM `sp_goods_pic` WHERE `goods_id` = 88  [ RunTime:0.0002s ]
SQL: SHOW COLUMNS FROM `sp_type` [ RunTime:0.0090s ]
SQL: SELECT * FROM `sp_type`  [ RunTime:0.0002s ]
SQL: SHOW COLUMNS FROM `sp_attr` [ RunTime:0.0072s ]
SQL: SELECT * FROM `sp_attr` WHERE `type_id` = 0  [ RunTime:0.0002s ]
SQL: SHOW COLUMNS FROM `sp_goods_attr` [ RunTime:0.0065s ]
SQL: SELECT * FROM `sp_goods_attr` WHERE `goods_id` = 88  [ RunTime:0.0001s ]
SQL: SHOW COLUMNS FROM `sp_recpos` [ RunTime:0.0083s ]
SQL: SELECT * FROM `sp_recpos` WHERE `rectype` = 1  [ RunTime:0.0002s ]
SQL: SHOW COLUMNS FROM `sp_recvalue` [ RunTime:0.0080s ]
SQL: SELECT `recid` FROM `sp_recvalue` WHERE `valueid` = 88 AND `rectype` = 1  [ RunTime:0.0002s ]
INFO: [ view_parse ] --START--
INFO: [ template_filter ] --START--
INFO: Run Behavior\ContentReplaceBehavior [ RunTime:0.000166s ]
INFO: [ template_filter ] --END-- [ RunTime:0.000201s ]
INFO: Run Behavior\ParseTemplateBehavior [ RunTime:0.014634s ]
INFO: [ view_parse ] --END-- [ RunTime:0.014672s ]
INFO: [ view_filter ] --START--
INFO: Run Behavior\WriteHtmlCacheBehavior [ RunTime:0.000188s ]
INFO: [ view_filter ] --END-- [ RunTime:0.000208s ]
INFO: [ app_end ] --START--
INFO: Run Behavior\ShowPageTraceBehavior [ RunTime:0.000318s ]
INFO: [ app_end ] --END-- [ RunTime:0.000351s ]

[ 2018-11-08T17:01:38+08:00 ] 127.0.0.1 /index.php/Admin/Goods/edit/id/88
INFO: [ app_init ] --START--
INFO: Run Behavior\BuildLiteBehavior [ RunTime:0.000008s ]
INFO: [ app_init ] --END-- [ RunTime:0.000217s ]
INFO: [ app_begin ] --START--
INFO: Run Behavior\ReadHtmlCacheBehavior [ RunTime:0.000271s ]
INFO: [ app_begin ] --END-- [ RunTime:0.000300s ]
NOTIC: [8] Use of undefined constant unique - assumed 'unique' D:\phpStudy\PHPTutorial\WWW\x\ThinkPHP\Common\functions.php 第 588 行.
SQL: SHOW COLUMNS FROM `sp_goods` [ RunTime:0.0276s ]
SQL: SELECT * FROM `sp_goods` WHERE `goods_name` = '粤粤 玫瑰柠檬茶(代用茶) 3g*6袋' AND `id` <> '88' LIMIT 1   [ RunTime:0.0018s ]
SQL: SELECT `original`,`max_thumb`,`mid_thumb`,`sm_thumb` FROM `sp_goods` WHERE `id` = 88 LIMIT 1   [ RunTime:0.0006s ]
NOTIC: [2] call_user_func() expects parameter 1 to be a valid callback, no array or string given D:\phpStudy\PHPTutorial\WWW\x\ThinkPHP\Library\Think\Upload.class.php 第 170 行.
SQL: SHOW COLUMNS FROM `sp_member_price` [ RunTime:0.0071s ]
SQL: SHOW COLUMNS FROM `sp_recvalue` [ RunTime:0.0064s ]
SQL: DELETE FROM `sp_recvalue` WHERE `valueid` = 88 AND `rectype` = 1 [ RunTime:0.0006s ]
SQL: UPDATE `sp_goods` SET `goods_name`='粤粤 玫瑰柠檬茶(代用茶) 3g*6袋',`cate_id`='332',`brand_id`='0',`market_price`='38.00 ',`shop_price`='19.90',`vip2_price`='101.00',`vip3_price`='100.00',`vip4_price`='100.00',`goods_weight`='1.00',`weight_unit`='g',`onsale`='1',`goods_desc`='&lt;p&gt;&lt;img src=&quot;/ueditor/php/upload/image/20181015/1539618375.jpg&quot; title=&quot;1539618375.jpg&quot; alt=&quot;20181015234507.jpg&quot;/&gt;&lt;/p&gt;',`type_id`='0',`updatetime`='1541667698',`original`='./Public/Uploads/Goods/2018-11-08/5be3fb723ebaa.JPG',`max_thumb`='./Public/Uploads/Goods/2018-11-08/max_5be3fb723ebaa.JPG',`mid_thumb`='./Public/Uploads/Goods/2018-11-08/mid_5be3fb723ebaa.JPG',`sm_thumb`='./Public/Uploads/Goods/2018-11-08/sm_5be3fb723ebaa.JPG' WHERE `id` = 88 [ RunTime:0.0007s ]
INFO: [ view_parse ] --START--
INFO: [ template_filter ] --START--
INFO: Run Behavior\ContentReplaceBehavior [ RunTime:0.000035s ]
INFO: [ template_filter ] --END-- [ RunTime:0.000085s ]
INFO: Run Behavior\ParseTemplateBehavior [ RunTime:0.004979s ]
INFO: [ view_parse ] --END-- [ RunTime:0.005032s ]
INFO: [ view_filter ] --START--
INFO: Run Behavior\WriteHtmlCacheBehavior [ RunTime:0.000396s ]
INFO: [ view_filter ] --END-- [ RunTime:0.000433s ]
INFO: [ app_end ] --START--
INFO: Run Behavior\ShowPageTraceBehavior [ RunTime:0.000435s ]
INFO: [ app_end ] --END-- [ RunTime:0.000470s ]

[ 2018-11-08T17:01:40+08:00 ] 127.0.0.1 /index.php/Admin/Goods/lst.html
INFO: [ app_init ] --START--
INFO: Run Behavior\BuildLiteBehavior [ RunTime:0.000008s ]
INFO: [ app_init ] --END-- [ RunTime:0.000243s ]
INFO: [ app_begin ] --START--
INFO: Run Behavior\ReadHtmlCacheBehavior [ RunTime:0.000291s ]
INFO: [ app_begin ] --END-- [ RunTime:0.000322s ]
SQL: SHOW COLUMNS FROM `sp_goods` [ RunTime:0.0122s ]
SQL: SHOW COLUMNS FROM `sp_cate` [ RunTime:0.0091s ]
SQL: SHOW COLUMNS FROM `sp_brand` [ RunTime:0.0090s ]
SQL: SELECT COUNT(*) AS tp_count FROM sp_goods Goods  JOIN sp_cate Cate ON goods.cate_id=Cate.id LEFT JOIN sp_brand Brand ON goods.brand_id=brand.id LIMIT 1   [ RunTime:0.0004s ]
SQL: SELECT Goods.id AS id,Goods.goods_name AS goods_name,Goods.sm_thumb AS sm_thumb,Goods.market_price AS market_price,Goods.shop_price AS shop_price,Goods.vip2_price AS vip2_price,Goods.vip3_price AS vip3_price,Goods.vip4_price AS vip4_price,Goods.onsale AS onsale,Goods.cate_id AS cate_id,Goods.brand_id AS brand_id,Cate.catename AS catename,Brand.brand_name AS brand_name FROM sp_goods Goods  JOIN sp_cate Cate ON goods.cate_id=Cate.id LEFT JOIN sp_brand Brand ON goods.brand_id=brand.id ORDER BY Goods.id desc LIMIT 0,8   [ RunTime:0.0006s ]
INFO: [ view_parse ] --START--
INFO: [ template_filter ] --START--
INFO: Run Behavior\ContentReplaceBehavior [ RunTime:0.000120s ]
INFO: [ template_filter ] --END-- [ RunTime:0.000165s ]
INFO: Run Behavior\ParseTemplateBehavior [ RunTime:0.011957s ]
INFO: [ view_parse ] --END-- [ RunTime:0.012000s ]
INFO: [ view_filter ] --START--
INFO: Run Behavior\WriteHtmlCacheBehavior [ RunTime:0.000209s ]
INFO: [ view_filter ] --END-- [ RunTime:0.000240s ]
INFO: [ app_end ] --START--
INFO: Run Behavior\ShowPageTraceBehavior [ RunTime:0.000522s ]
INFO: [ app_end ] --END-- [ RunTime:0.000573s ]

[ 2018-11-08T17:01:44+08:00 ] 127.0.0.1 /index.php/Admin/Goods/product/id/88
INFO: [ app_init ] --START--
INFO: Run Behavior\BuildLiteBehavior [ RunTime:0.000009s ]
INFO: [ app_init ] --END-- [ RunTime:0.000202s ]
INFO: [ app_begin ] --START--
INFO: Run Behavior\ReadHtmlCacheBehavior [ RunTime:0.007098s ]
INFO: [ app_begin ] --END-- [ RunTime:0.007172s ]
SQL: SHOW COLUMNS FROM `sp_product` [ RunTime:0.0208s ]
NOTIC: [8] Use of undefined constant unique - assumed 'unique' D:\phpStudy\PHPTutorial\WWW\x\ThinkPHP\Common\functions.php 第 588 行.
SQL: SHOW COLUMNS FROM `sp_goods` [ RunTime:0.0242s ]
SQL: 
            SELECT a.id,a.attr_id,a.attr_value,b.attr_name
            FROM  sp_goods_attr a LEFT JOIN sp_attr b ON a.attr_id=b.id
            WHERE a.goods_id = 88 AND b.attr_type='1' [ RunTime:0.0003s ]
SQL: SELECT * FROM `sp_product` WHERE `goods_id` = 88 ORDER BY id desc  [ RunTime:0.0003s ]
INFO: [ view_parse ] --START--
INFO: [ template_filter ] --START--
INFO: Run Behavior\ContentReplaceBehavior [ RunTime:0.000129s ]
INFO: [ template_filter ] --END-- [ RunTime:0.000177s ]
INFO: Run Behavior\ParseTemplateBehavior [ RunTime:0.014864s ]
INFO: [ view_parse ] --END-- [ RunTime:0.014918s ]
INFO: [ view_filter ] --START--
INFO: Run Behavior\WriteHtmlCacheBehavior [ RunTime:0.000286s ]
INFO: [ view_filter ] --END-- [ RunTime:0.000334s ]
INFO: [ app_end ] --START--
INFO: Run Behavior\ShowPageTraceBehavior [ RunTime:0.000568s ]
INFO: [ app_end ] --END-- [ RunTime:0.000624s ]

[ 2018-11-08T17:01:49+08:00 ] 127.0.0.1 /index.php/Admin/Goods/edit/id/88
INFO: [ app_init ] --START--
INFO: Run Behavior\BuildLiteBehavior [ RunTime:0.000009s ]
INFO: [ app_init ] --END-- [ RunTime:0.000274s ]
INFO: [ app_begin ] --START--
INFO: Run Behavior\ReadHtmlCacheBehavior [ RunTime:0.000276s ]
INFO: [ app_begin ] --END-- [ RunTime:0.000305s ]
NOTIC: [8] Use of undefined constant unique - assumed 'unique' D:\phpStudy\PHPTutorial\WWW\x\ThinkPHP\Common\functions.php 第 588 行.
SQL: SHOW COLUMNS FROM `sp_goods` [ RunTime:0.0317s ]
SQL: SELECT * FROM `sp_goods` WHERE `id` = 88 LIMIT 1   [ RunTime:0.0006s ]
SQL: SHOW COLUMNS FROM `sp_cate` [ RunTime:0.0158s ]
SQL: SELECT * FROM `sp_cate` ORDER BY id desc  [ RunTime:0.0012s ]
SQL: SHOW COLUMNS FROM `sp_brand` [ RunTime:0.0090s ]
SQL: SELECT * FROM `sp_brand`  [ RunTime:0.0002s ]
NOTIC: [8] Use of undefined constant unique - assumed 'unique' D:\phpStudy\PHPTutorial\WWW\x\ThinkPHP\Common\functions.php 第 588 行.
SQL: SHOW COLUMNS FROM `sp_member_level` [ RunTime:0.0078s ]
SQL: SELECT * FROM `sp_member_level`  [ RunTime:0.0002s ]
SQL: SHOW COLUMNS FROM `sp_member_price` [ RunTime:0.0066s ]
SQL: SELECT * FROM `sp_member_price` WHERE `goods_id` = 88  [ RunTime:0.0002s ]
SQL: SHOW COLUMNS FROM `sp_goods_pic` [ RunTime:0.0072s ]
SQL: SELECT * FROM `sp_goods_pic` WHERE `goods_id` = 88  [ RunTime:0.0002s ]
SQL: SHOW COLUMNS FROM `sp_type` [ RunTime:0.0071s ]
SQL: SELECT * FROM `sp_type`  [ RunTime:0.0002s ]
SQL: SHOW COLUMNS FROM `sp_attr` [ RunTime:0.0077s ]
SQL: SELECT * FROM `sp_attr` WHERE `type_id` = 0  [ RunTime:0.0002s ]
SQL: SHOW COLUMNS FROM `sp_goods_attr` [ RunTime:0.0069s ]
SQL: SELECT * FROM `sp_goods_attr` WHERE `goods_id` = 88  [ RunTime:0.0002s ]
SQL: SHOW COLUMNS FROM `sp_recpos` [ RunTime:0.0071s ]
SQL: SELECT * FROM `sp_recpos` WHERE `rectype` = 1  [ RunTime:0.0002s ]
SQL: SHOW COLUMNS FROM `sp_recvalue` [ RunTime:0.0079s ]
SQL: SELECT `recid` FROM `sp_recvalue` WHERE `valueid` = 88 AND `rectype` = 1  [ RunTime:0.0002s ]
INFO: [ view_parse ] --START--
INFO: [ template_filter ] --START--
INFO: Run Behavior\ContentReplaceBehavior [ RunTime:0.000157s ]
INFO: [ template_filter ] --END-- [ RunTime:0.000189s ]
INFO: Run Behavior\ParseTemplateBehavior [ RunTime:0.013710s ]
INFO: [ view_parse ] --END-- [ RunTime:0.013745s ]
INFO: [ view_filter ] --START--
INFO: Run Behavior\WriteHtmlCacheBehavior [ RunTime:0.000204s ]
INFO: [ view_filter ] --END-- [ RunTime:0.000230s ]
INFO: [ app_end ] --START--
INFO: Run Behavior\ShowPageTraceBehavior [ RunTime:0.000539s ]
INFO: [ app_end ] --END-- [ RunTime:0.000593s ]

[ 2018-11-08T17:02:56+08:00 ] 127.0.0.1 /index.php/Admin/Goods/edit/id/87
INFO: [ app_init ] --START--
INFO: Run Behavior\BuildLiteBehavior [ RunTime:0.000008s ]
INFO: [ app_init ] --END-- [ RunTime:0.000235s ]
INFO: [ app_begin ] --START--
INFO: Run Behavior\ReadHtmlCacheBehavior [ RunTime:0.000259s ]
INFO: [ app_begin ] --END-- [ RunTime:0.000287s ]
NOTIC: [8] Use of undefined constant unique - assumed 'unique' D:\phpStudy\PHPTutorial\WWW\x\ThinkPHP\Common\functions.php 第 588 行.
SQL: SHOW COLUMNS FROM `sp_goods` [ RunTime:0.0114s ]
SQL: SELECT * FROM `sp_goods` WHERE `id` = 87 LIMIT 1   [ RunTime:0.0004s ]
SQL: SHOW COLUMNS FROM `sp_cate` [ RunTime:0.0125s ]
SQL: SELECT * FROM `sp_cate` ORDER BY id desc  [ RunTime:0.0011s ]
SQL: SHOW COLUMNS FROM `sp_brand` [ RunTime:0.0115s ]
SQL: SELECT * FROM `sp_brand`  [ RunTime:0.0003s ]
NOTIC: [8] Use of undefined constant unique - assumed 'unique' D:\phpStudy\PHPTutorial\WWW\x\ThinkPHP\Common\functions.php 第 588 行.
SQL: SHOW COLUMNS FROM `sp_member_level` [ RunTime:0.0120s ]
SQL: SELECT * FROM `sp_member_level`  [ RunTime:0.0003s ]
SQL: SHOW COLUMNS FROM `sp_member_price` [ RunTime:0.0124s ]
SQL: SELECT * FROM `sp_member_price` WHERE `goods_id` = 87  [ RunTime:0.0003s ]
SQL: SHOW COLUMNS FROM `sp_goods_pic` [ RunTime:0.0097s ]
SQL: SELECT * FROM `sp_goods_pic` WHERE `goods_id` = 87  [ RunTime:0.0002s ]
SQL: SHOW COLUMNS FROM `sp_type` [ RunTime:0.0077s ]
SQL: SELECT * FROM `sp_type`  [ RunTime:0.0002s ]
SQL: SHOW COLUMNS FROM `sp_attr` [ RunTime:0.0090s ]
SQL: SELECT * FROM `sp_attr` WHERE `type_id` = 0  [ RunTime:0.0003s ]
SQL: SHOW COLUMNS FROM `sp_goods_attr` [ RunTime:0.0082s ]
SQL: SELECT * FROM `sp_goods_attr` WHERE `goods_id` = 87  [ RunTime:0.0003s ]
SQL: SHOW COLUMNS FROM `sp_recpos` [ RunTime:0.0087s ]
SQL: SELECT * FROM `sp_recpos` WHERE `rectype` = 1  [ RunTime:0.0002s ]
SQL: SHOW COLUMNS FROM `sp_recvalue` [ RunTime:0.0091s ]
SQL: SELECT `recid` FROM `sp_recvalue` WHERE `valueid` = 87 AND `rectype` = 1  [ RunTime:0.0002s ]
INFO: [ view_parse ] --START--
INFO: [ template_filter ] --START--
INFO: Run Behavior\ContentReplaceBehavior [ RunTime:0.000197s ]
INFO: [ template_filter ] --END-- [ RunTime:0.000235s ]
INFO: Run Behavior\ParseTemplateBehavior [ RunTime:0.015003s ]
INFO: [ view_parse ] --END-- [ RunTime:0.015042s ]
INFO: [ view_filter ] --START--
INFO: Run Behavior\WriteHtmlCacheBehavior [ RunTime:0.000170s ]
INFO: [ view_filter ] --END-- [ RunTime:0.000190s ]
INFO: [ app_end ] --START--
INFO: Run Behavior\ShowPageTraceBehavior [ RunTime:0.000449s ]
INFO: [ app_end ] --END-- [ RunTime:0.000491s ]

[ 2018-11-08T17:05:05+08:00 ] 127.0.0.1 /index.php/Admin/Goods/lst
INFO: [ app_init ] --START--
INFO: Run Behavior\BuildLiteBehavior [ RunTime:0.000008s ]
INFO: [ app_init ] --END-- [ RunTime:0.000199s ]
INFO: [ app_begin ] --START--
INFO: Run Behavior\ReadHtmlCacheBehavior [ RunTime:0.000251s ]
INFO: [ app_begin ] --END-- [ RunTime:0.000278s ]
SQL: SHOW COLUMNS FROM `sp_goods` [ RunTime:0.0301s ]
SQL: SHOW COLUMNS FROM `sp_cate` [ RunTime:0.0170s ]
SQL: SHOW COLUMNS FROM `sp_brand` [ RunTime:0.0138s ]
SQL: SELECT COUNT(*) AS tp_count FROM sp_goods Goods  JOIN sp_cate Cate ON goods.cate_id=Cate.id LEFT JOIN sp_brand Brand ON goods.brand_id=brand.id LIMIT 1   [ RunTime:0.0003s ]
SQL: SELECT Goods.id AS id,Goods.goods_name AS goods_name,Goods.sm_thumb AS sm_thumb,Goods.market_price AS market_price,Goods.shop_price AS shop_price,Goods.vip2_price AS vip2_price,Goods.vip3_price AS vip3_price,Goods.vip4_price AS vip4_price,Goods.onsale AS onsale,Goods.cate_id AS cate_id,Goods.brand_id AS brand_id,Cate.catename AS catename,Brand.brand_name AS brand_name FROM sp_goods Goods  JOIN sp_cate Cate ON goods.cate_id=Cate.id LEFT JOIN sp_brand Brand ON goods.brand_id=brand.id ORDER BY Goods.id desc LIMIT 0,8   [ RunTime:0.0005s ]
INFO: [ view_parse ] --START--
INFO: [ template_filter ] --START--
INFO: Run Behavior\ContentReplaceBehavior [ RunTime:0.000116s ]
INFO: [ template_filter ] --END-- [ RunTime:0.000159s ]
INFO: Run Behavior\ParseTemplateBehavior [ RunTime:0.011001s ]
INFO: [ view_parse ] --END-- [ RunTime:0.011047s ]
INFO: [ view_filter ] --START--
INFO: Run Behavior\WriteHtmlCacheBehavior [ RunTime:0.000239s ]
INFO: [ view_filter ] --END-- [ RunTime:0.000268s ]
INFO: [ app_end ] --START--
INFO: Run Behavior\ShowPageTraceBehavior [ RunTime:0.000627s ]
INFO: [ app_end ] --END-- [ RunTime:0.000683s ]

[ 2018-11-08T17:07:44+08:00 ] 127.0.0.1 /index.php/Admin/Goods/lst
INFO: [ app_init ] --START--
INFO: Run Behavior\BuildLiteBehavior [ RunTime:0.000009s ]
INFO: [ app_init ] --END-- [ RunTime:0.000300s ]
INFO: [ app_begin ] --START--
INFO: Run Behavior\ReadHtmlCacheBehavior [ RunTime:0.000280s ]
INFO: [ app_begin ] --END-- [ RunTime:0.000307s ]
SQL: SHOW COLUMNS FROM `sp_goods` [ RunTime:0.0412s ]
SQL: SHOW COLUMNS FROM `sp_cate` [ RunTime:0.0147s ]
SQL: SHOW COLUMNS FROM `sp_brand` [ RunTime:0.0110s ]
SQL: SELECT COUNT(*) AS tp_count FROM sp_goods Goods  JOIN sp_cate Cate ON goods.cate_id=Cate.id LEFT JOIN sp_brand Brand ON goods.brand_id=brand.id LIMIT 1   [ RunTime:0.0003s ]
SQL: SELECT Goods.id AS id,Goods.goods_name AS goods_name,Goods.sm_thumb AS sm_thumb,Goods.market_price AS market_price,Goods.shop_price AS shop_price,Goods.vip2_price AS vip2_price,Goods.vip3_price AS vip3_price,Goods.vip4_price AS vip4_price,Goods.onsale AS onsale,Goods.cate_id AS cate_id,Goods.brand_id AS brand_id,Cate.catename AS catename,Brand.brand_name AS brand_name FROM sp_goods Goods  JOIN sp_cate Cate ON goods.cate_id=Cate.id LEFT JOIN sp_brand Brand ON goods.brand_id=brand.id ORDER BY Goods.id desc LIMIT 0,8   [ RunTime:0.0004s ]
INFO: [ view_parse ] --START--
INFO: [ template_filter ] --START--
INFO: Run Behavior\ContentReplaceBehavior [ RunTime:0.000116s ]
INFO: [ template_filter ] --END-- [ RunTime:0.000157s ]
INFO: Run Behavior\ParseTemplateBehavior [ RunTime:0.018835s ]
INFO: [ view_parse ] --END-- [ RunTime:0.018891s ]
INFO: [ view_filter ] --START--
INFO: Run Behavior\WriteHtmlCacheBehavior [ RunTime:0.000458s ]
INFO: [ view_filter ] --END-- [ RunTime:0.000498s ]
INFO: [ app_end ] --START--
INFO: Run Behavior\ShowPageTraceBehavior [ RunTime:0.000660s ]
INFO: [ app_end ] --END-- [ RunTime:0.000730s ]

[ 2018-11-08T17:25:48+08:00 ] 127.0.0.1 /index.php/Admin/Goods/lst
INFO: [ app_init ] --START--
INFO: Run Behavior\BuildLiteBehavior [ RunTime:0.000009s ]
INFO: [ app_init ] --END-- [ RunTime:0.000238s ]
INFO: [ app_begin ] --START--
INFO: Run Behavior\ReadHtmlCacheBehavior [ RunTime:0.000273s ]
INFO: [ app_begin ] --END-- [ RunTime:0.000303s ]
SQL: SHOW COLUMNS FROM `sp_goods` [ RunTime:0.0096s ]
SQL: SHOW COLUMNS FROM `sp_cate` [ RunTime:0.0148s ]
SQL: SHOW COLUMNS FROM `sp_brand` [ RunTime:0.0130s ]
SQL: SELECT COUNT(*) AS tp_count FROM sp_goods Goods  JOIN sp_cate Cate ON goods.cate_id=Cate.id LEFT JOIN sp_brand Brand ON goods.brand_id=brand.id LIMIT 1   [ RunTime:0.0003s ]
SQL: SELECT Goods.id AS id,Goods.goods_name AS goods_name,Goods.sm_thumb AS sm_thumb,Goods.market_price AS market_price,Goods.shop_price AS shop_price,Goods.vip2_price AS vip2_price,Goods.vip3_price AS vip3_price,Goods.vip4_price AS vip4_price,Goods.onsale AS onsale,Goods.cate_id AS cate_id,Goods.brand_id AS brand_id,Cate.catename AS catename,Brand.brand_name AS brand_name FROM sp_goods Goods  JOIN sp_cate Cate ON goods.cate_id=Cate.id LEFT JOIN sp_brand Brand ON goods.brand_id=brand.id ORDER BY Goods.id desc LIMIT 0,8   [ RunTime:0.0004s ]
INFO: [ view_parse ] --START--
INFO: [ template_filter ] --START--
INFO: Run Behavior\ContentReplaceBehavior [ RunTime:0.000134s ]
INFO: [ template_filter ] --END-- [ RunTime:0.000183s ]
INFO: Run Behavior\ParseTemplateBehavior [ RunTime:0.010593s ]
INFO: [ view_parse ] --END-- [ RunTime:0.010640s ]
INFO: [ view_filter ] --START--
INFO: Run Behavior\WriteHtmlCacheBehavior [ RunTime:0.000380s ]
INFO: [ view_filter ] --END-- [ RunTime:0.000411s ]
INFO: [ app_end ] --START--
INFO: Run Behavior\ShowPageTraceBehavior [ RunTime:0.000882s ]
INFO: [ app_end ] --END-- [ RunTime:0.000934s ]

[ 2018-11-08T17:29:07+08:00 ] 127.0.0.1 /index.php/Admin/Cate/lst
INFO: [ app_init ] --START--
INFO: Run Behavior\BuildLiteBehavior [ RunTime:0.000009s ]
INFO: [ app_init ] --END-- [ RunTime:0.000240s ]
INFO: [ app_begin ] --START--
INFO: Run Behavior\ReadHtmlCacheBehavior [ RunTime:0.000285s ]
INFO: [ app_begin ] --END-- [ RunTime:0.000320s ]
SQL: SHOW COLUMNS FROM `sp_cate` [ RunTime:0.0278s ]
SQL: SELECT * FROM `sp_cate` ORDER BY id desc  [ RunTime:0.0011s ]
INFO: [ view_parse ] --START--
INFO: [ template_filter ] --START--
INFO: Run Behavior\ContentReplaceBehavior [ RunTime:0.000076s ]
INFO: [ template_filter ] --END-- [ RunTime:0.000105s ]
NOTIC: [8] Undefined variable: page D:\phpStudy\PHPTutorial\WWW\x\Application\Runtime\Cache\Admin\1e31b38d8d9702701609b47afd2fec77.php 第 346 行.
INFO: Run Behavior\ParseTemplateBehavior [ RunTime:0.008388s ]
INFO: [ view_parse ] --END-- [ RunTime:0.008425s ]
INFO: [ view_filter ] --START--
INFO: Run Behavior\WriteHtmlCacheBehavior [ RunTime:0.000222s ]
INFO: [ view_filter ] --END-- [ RunTime:0.000245s ]
INFO: [ app_end ] --START--
INFO: Run Behavior\ShowPageTraceBehavior [ RunTime:0.000767s ]
INFO: [ app_end ] --END-- [ RunTime:0.000898s ]

[ 2018-11-08T17:30:27+08:00 ] 127.0.0.1 /index.php/Admin/Cate/lst
INFO: [ app_init ] --START--
INFO: Run Behavior\BuildLiteBehavior [ RunTime:0.000011s ]
INFO: [ app_init ] --END-- [ RunTime:0.000343s ]
INFO: [ app_begin ] --START--
INFO: Run Behavior\ReadHtmlCacheBehavior [ RunTime:0.000337s ]
INFO: [ app_begin ] --END-- [ RunTime:0.000381s ]
SQL: SHOW COLUMNS FROM `sp_cate` [ RunTime:0.0177s ]
SQL: SELECT * FROM `sp_cate` ORDER BY id desc  [ RunTime:0.0016s ]
INFO: [ view_parse ] --START--
INFO: [ template_filter ] --START--
INFO: Run Behavior\ContentReplaceBehavior [ RunTime:0.000126s ]
INFO: [ template_filter ] --END-- [ RunTime:0.000170s ]
NOTIC: [8] Undefined variable: page D:\phpStudy\PHPTutorial\WWW\x\Application\Runtime\Cache\Admin\1e31b38d8d9702701609b47afd2fec77.php 第 346 行.
INFO: Run Behavior\ParseTemplateBehavior [ RunTime:0.023902s ]
INFO: [ view_parse ] --END-- [ RunTime:0.023951s ]
INFO: [ view_filter ] --START--
INFO: Run Behavior\WriteHtmlCacheBehavior [ RunTime:0.000285s ]
INFO: [ view_filter ] --END-- [ RunTime:0.000309s ]
INFO: [ app_end ] --START--
INFO: Run Behavior\ShowPageTraceBehavior [ RunTime:0.000525s ]
INFO: [ app_end ] --END-- [ RunTime:0.000592s ]

[ 2018-11-08T17:35:12+08:00 ] 127.0.0.1 /index.php/Admin/Goods/lst
INFO: [ app_init ] --START--
INFO: Run Behavior\BuildLiteBehavior [ RunTime:0.000007s ]
INFO: [ app_init ] --END-- [ RunTime:0.000258s ]
INFO: [ app_begin ] --START--
INFO: Run Behavior\ReadHtmlCacheBehavior [ RunTime:0.000355s ]
INFO: [ app_begin ] --END-- [ RunTime:0.000413s ]
SQL: SHOW COLUMNS FROM `sp_goods` [ RunTime:0.0254s ]
SQL: SHOW COLUMNS FROM `sp_cate` [ RunTime:0.0211s ]
SQL: SHOW COLUMNS FROM `sp_brand` [ RunTime:0.0089s ]
SQL: SELECT COUNT(*) AS tp_count FROM sp_goods Goods  JOIN sp_cate Cate ON goods.cate_id=Cate.id LEFT JOIN sp_brand Brand ON goods.brand_id=brand.id LIMIT 1   [ RunTime:0.0003s ]
SQL: SELECT Goods.id AS id,Goods.goods_name AS goods_name,Goods.sm_thumb AS sm_thumb,Goods.market_price AS market_price,Goods.shop_price AS shop_price,Goods.vip2_price AS vip2_price,Goods.vip3_price AS vip3_price,Goods.vip4_price AS vip4_price,Goods.onsale AS onsale,Goods.cate_id AS cate_id,Goods.brand_id AS brand_id,Cate.catename AS catename,Brand.brand_name AS brand_name FROM sp_goods Goods  JOIN sp_cate Cate ON goods.cate_id=Cate.id LEFT JOIN sp_brand Brand ON goods.brand_id=brand.id ORDER BY Goods.id desc LIMIT 0,8   [ RunTime:0.0005s ]
INFO: [ view_parse ] --START--
INFO: [ template_filter ] --START--
INFO: Run Behavior\ContentReplaceBehavior [ RunTime:0.000092s ]
INFO: [ template_filter ] --END-- [ RunTime:0.000125s ]
INFO: Run Behavior\ParseTemplateBehavior [ RunTime:0.016258s ]
INFO: [ view_parse ] --END-- [ RunTime:0.016298s ]
INFO: [ view_filter ] --START--
INFO: Run Behavior\WriteHtmlCacheBehavior [ RunTime:0.000208s ]
INFO: [ view_filter ] --END-- [ RunTime:0.000229s ]
INFO: [ app_end ] --START--
INFO: Run Behavior\ShowPageTraceBehavior [ RunTime:0.000449s ]
INFO: [ app_end ] --END-- [ RunTime:0.000491s ]

