[ 2018-11-16T09:26:56+08:00 ] 127.0.0.1 /index.php/Admin/
INFO: [ app_init ] --START--
INFO: Run Behavior\BuildLiteBehavior [ RunTime:0.000013s ]
INFO: [ app_init ] --END-- [ RunTime:0.000318s ]
INFO: [ app_begin ] --START--
INFO: Run Behavior\ReadHtmlCacheBehavior [ RunTime:0.000329s ]
INFO: [ app_begin ] --END-- [ RunTime:0.000359s ]
INFO: [ view_parse ] --START--
INFO: [ template_filter ] --START--
INFO: Run Behavior\ContentReplaceBehavior [ RunTime:0.000022s ]
INFO: [ template_filter ] --END-- [ RunTime:0.000053s ]
INFO: Run Behavior\ParseTemplateBehavior [ RunTime:0.016671s ]
INFO: [ view_parse ] --END-- [ RunTime:0.016726s ]
INFO: [ view_filter ] --START--
INFO: Run Behavior\WriteHtmlCacheBehavior [ RunTime:0.000646s ]
INFO: [ view_filter ] --END-- [ RunTime:0.000679s ]

[ 2018-11-16T09:27:01+08:00 ] 127.0.0.1 /index.php/Admin/Login/index.html
INFO: [ app_init ] --START--
INFO: Run Behavior\BuildLiteBehavior [ RunTime:0.000009s ]
INFO: [ app_init ] --END-- [ RunTime:0.000262s ]
INFO: [ app_begin ] --START--
INFO: Run Behavior\ReadHtmlCacheBehavior [ RunTime:0.000295s ]
INFO: [ app_begin ] --END-- [ RunTime:0.000326s ]
NOTIC: [8] Use of undefined constant regex - assumed 'regex' D:\phpStudy\PHPTutorial\WWW\x\ThinkPHP\Common\functions.php 第 588 行.
SQL: SHOW COLUMNS FROM `sp_admin` [ RunTime:0.0156s ]
INFO: [ view_parse ] --START--
INFO: [ template_filter ] --START--
INFO: Run Behavior\ContentReplaceBehavior [ RunTime:0.000051s ]
INFO: [ template_filter ] --END-- [ RunTime:0.000103s ]
INFO: Run Behavior\ParseTemplateBehavior [ RunTime:0.010284s ]
INFO: [ view_parse ] --END-- [ RunTime:0.010343s ]
INFO: [ view_filter ] --START--
INFO: Run Behavior\WriteHtmlCacheBehavior [ RunTime:0.000270s ]
INFO: [ view_filter ] --END-- [ RunTime:0.000294s ]
INFO: [ app_end ] --START--
INFO: Run Behavior\ShowPageTraceBehavior [ RunTime:0.000828s ]
INFO: [ app_end ] --END-- [ RunTime:0.000856s ]

[ 2018-11-16T09:27:01+08:00 ] 127.0.0.1 /index.php/Admin/Login/verify
INFO: [ app_init ] --START--
INFO: Run Behavior\BuildLiteBehavior [ RunTime:0.000013s ]
INFO: [ app_init ] --END-- [ RunTime:0.000416s ]
INFO: [ app_begin ] --START--
INFO: Run Behavior\ReadHtmlCacheBehavior [ RunTime:0.000488s ]
INFO: [ app_begin ] --END-- [ RunTime:0.000569s ]
INFO: [ app_end ] --START--
INFO: Run Behavior\ShowPageTraceBehavior [ RunTime:0.000563s ]
INFO: [ app_end ] --END-- [ RunTime:0.000631s ]

[ 2018-11-16T11:12:39+08:00 ] 127.0.0.1 /index.php/Admin/Login/verify/0.6934651198390502
INFO: [ app_init ] --START--
INFO: Run Behavior\BuildLiteBehavior [ RunTime:0.000008s ]
INFO: [ app_init ] --END-- [ RunTime:0.000214s ]
INFO: [ app_begin ] --START--
INFO: Run Behavior\ReadHtmlCacheBehavior [ RunTime:0.000262s ]
INFO: [ app_begin ] --END-- [ RunTime:0.000294s ]
INFO: [ app_end ] --START--
INFO: Run Behavior\ShowPageTraceBehavior [ RunTime:0.000514s ]
INFO: [ app_end ] --END-- [ RunTime:0.000572s ]

[ 2018-11-16T11:12:50+08:00 ] 127.0.0.1 /index.php/Admin/Login/index.html
INFO: [ app_init ] --START--
INFO: Run Behavior\BuildLiteBehavior [ RunTime:0.000013s ]
INFO: [ app_init ] --END-- [ RunTime:0.000428s ]
INFO: [ app_begin ] --START--
INFO: Run Behavior\ReadHtmlCacheBehavior [ RunTime:0.000713s ]
INFO: [ app_begin ] --END-- [ RunTime:0.000918s ]
NOTIC: [8] Use of undefined constant regex - assumed 'regex' D:\phpStudy\PHPTutorial\WWW\x\ThinkPHP\Common\functions.php 第 588 行.
SQL: SHOW COLUMNS FROM `sp_admin` [ RunTime:0.0218s ]
INFO: [ view_parse ] --START--
INFO: [ template_filter ] --START--
INFO: Run Behavior\ContentReplaceBehavior [ RunTime:0.000030s ]
INFO: [ template_filter ] --END-- [ RunTime:0.000071s ]
INFO: Run Behavior\ParseTemplateBehavior [ RunTime:0.005483s ]
INFO: [ view_parse ] --END-- [ RunTime:0.005532s ]
INFO: [ view_filter ] --START--
INFO: Run Behavior\WriteHtmlCacheBehavior [ RunTime:0.006256s ]
INFO: [ view_filter ] --END-- [ RunTime:0.006300s ]

[ 2018-11-16T11:12:55+08:00 ] 127.0.0.1 /index.php/Admin/Login/index.html
INFO: [ app_init ] --START--
INFO: Run Behavior\BuildLiteBehavior [ RunTime:0.000017s ]
INFO: [ app_init ] --END-- [ RunTime:0.000546s ]
INFO: [ app_begin ] --START--
INFO: Run Behavior\ReadHtmlCacheBehavior [ RunTime:0.002463s ]
INFO: [ app_begin ] --END-- [ RunTime:0.002542s ]
NOTIC: [8] Use of undefined constant regex - assumed 'regex' D:\phpStudy\PHPTutorial\WWW\x\ThinkPHP\Common\functions.php 第 588 行.
SQL: SHOW COLUMNS FROM `sp_admin` [ RunTime:0.0145s ]
INFO: [ view_parse ] --START--
INFO: [ template_filter ] --START--
INFO: Run Behavior\ContentReplaceBehavior [ RunTime:0.000043s ]
INFO: [ template_filter ] --END-- [ RunTime:0.000090s ]
INFO: Run Behavior\ParseTemplateBehavior [ RunTime:0.012729s ]
INFO: [ view_parse ] --END-- [ RunTime:0.012930s ]
INFO: [ view_filter ] --START--
INFO: Run Behavior\WriteHtmlCacheBehavior [ RunTime:0.000201s ]
INFO: [ view_filter ] --END-- [ RunTime:0.000228s ]
INFO: [ app_end ] --START--
INFO: Run Behavior\ShowPageTraceBehavior [ RunTime:0.000349s ]
INFO: [ app_end ] --END-- [ RunTime:0.000380s ]

[ 2018-11-16T11:12:55+08:00 ] 127.0.0.1 /index.php/Admin/Login/verify
INFO: [ app_init ] --START--
INFO: Run Behavior\BuildLiteBehavior [ RunTime:0.000016s ]
INFO: [ app_init ] --END-- [ RunTime:0.000485s ]
INFO: [ app_begin ] --START--
INFO: Run Behavior\ReadHtmlCacheBehavior [ RunTime:0.000471s ]
INFO: [ app_begin ] --END-- [ RunTime:0.000527s ]
INFO: [ app_end ] --START--
INFO: Run Behavior\ShowPageTraceBehavior [ RunTime:0.000573s ]
INFO: [ app_end ] --END-- [ RunTime:0.000631s ]

[ 2018-11-16T11:12:57+08:00 ] 127.0.0.1 /index.php/Admin/Login/verify/0.8641132545874264
INFO: [ app_init ] --START--
INFO: Run Behavior\BuildLiteBehavior [ RunTime:0.000008s ]
INFO: [ app_init ] --END-- [ RunTime:0.000215s ]
INFO: [ app_begin ] --START--
INFO: Run Behavior\ReadHtmlCacheBehavior [ RunTime:0.000241s ]
INFO: [ app_begin ] --END-- [ RunTime:0.000269s ]
INFO: [ app_end ] --START--
INFO: Run Behavior\ShowPageTraceBehavior [ RunTime:0.000413s ]
INFO: [ app_end ] --END-- [ RunTime:0.000476s ]

[ 2018-11-16T11:13:04+08:00 ] 127.0.0.1 /index.php/Admin/Login/index.html
INFO: [ app_init ] --START--
INFO: Run Behavior\BuildLiteBehavior [ RunTime:0.000008s ]
INFO: [ app_init ] --END-- [ RunTime:0.000207s ]
INFO: [ app_begin ] --START--
INFO: Run Behavior\ReadHtmlCacheBehavior [ RunTime:0.000241s ]
INFO: [ app_begin ] --END-- [ RunTime:0.000268s ]
NOTIC: [8] Use of undefined constant regex - assumed 'regex' D:\phpStudy\PHPTutorial\WWW\x\ThinkPHP\Common\functions.php 第 588 行.
SQL: SHOW COLUMNS FROM `sp_admin` [ RunTime:0.0172s ]
SQL: SELECT * FROM `sp_admin` WHERE ( username='ydx' ) LIMIT 1   [ RunTime:0.0003s ]
INFO: [ view_parse ] --START--
INFO: [ template_filter ] --START--
INFO: Run Behavior\ContentReplaceBehavior [ RunTime:0.000032s ]
INFO: [ template_filter ] --END-- [ RunTime:0.000077s ]
INFO: Run Behavior\ParseTemplateBehavior [ RunTime:0.007359s ]
INFO: [ view_parse ] --END-- [ RunTime:0.007402s ]
INFO: [ view_filter ] --START--
INFO: Run Behavior\WriteHtmlCacheBehavior [ RunTime:0.000148s ]
INFO: [ view_filter ] --END-- [ RunTime:0.000170s ]
INFO: [ app_end ] --START--
INFO: Run Behavior\ShowPageTraceBehavior [ RunTime:0.000255s ]
INFO: [ app_end ] --END-- [ RunTime:0.000276s ]

[ 2018-11-16T11:13:05+08:00 ] 127.0.0.1 /index.php/Admin/Index/index.html
INFO: [ app_init ] --START--
INFO: Run Behavior\BuildLiteBehavior [ RunTime:0.000095s ]
INFO: [ app_init ] --END-- [ RunTime:0.000846s ]
INFO: [ app_begin ] --START--
INFO: Run Behavior\ReadHtmlCacheBehavior [ RunTime:0.000356s ]
INFO: [ app_begin ] --END-- [ RunTime:0.000402s ]
INFO: [ view_parse ] --START--
INFO: [ template_filter ] --START--
INFO: Run Behavior\ContentReplaceBehavior [ RunTime:0.000079s ]
INFO: [ template_filter ] --END-- [ RunTime:0.000116s ]
INFO: Run Behavior\ParseTemplateBehavior [ RunTime:0.012276s ]
INFO: [ view_parse ] --END-- [ RunTime:0.012330s ]
INFO: [ view_filter ] --START--
INFO: Run Behavior\WriteHtmlCacheBehavior [ RunTime:0.000257s ]
INFO: [ view_filter ] --END-- [ RunTime:0.000288s ]
INFO: [ app_end ] --START--
INFO: Run Behavior\ShowPageTraceBehavior [ RunTime:0.001834s ]
INFO: [ app_end ] --END-- [ RunTime:0.001908s ]

[ 2018-11-16T11:13:09+08:00 ] 127.0.0.1 /index.php/Admin/Article/lst
INFO: [ app_init ] --START--
INFO: Run Behavior\BuildLiteBehavior [ RunTime:0.000008s ]
INFO: [ app_init ] --END-- [ RunTime:0.000203s ]
INFO: [ app_begin ] --START--
INFO: Run Behavior\ReadHtmlCacheBehavior [ RunTime:0.000245s ]
INFO: [ app_begin ] --END-- [ RunTime:0.000270s ]
SQL: SHOW COLUMNS FROM `sp_article` [ RunTime:0.0182s ]
SQL: SELECT COUNT(*) AS tp_count FROM `sp_article` LIMIT 1   [ RunTime:0.0005s ]
SQL: SELECT a.id,a.title,b.catename FROM sp_article a LEFT JOIN sp_category b ON a.cateid=b.id  ORDER BY id desc LIMIT 0,2   [ RunTime:0.0006s ]
INFO: [ view_parse ] --START--
INFO: [ template_filter ] --START--
INFO: Run Behavior\ContentReplaceBehavior [ RunTime:0.000189s ]
INFO: [ template_filter ] --END-- [ RunTime:0.000260s ]
INFO: Run Behavior\ParseTemplateBehavior [ RunTime:0.019091s ]
INFO: [ view_parse ] --END-- [ RunTime:0.019177s ]
INFO: [ view_filter ] --START--
INFO: Run Behavior\WriteHtmlCacheBehavior [ RunTime:0.000926s ]
INFO: [ view_filter ] --END-- [ RunTime:0.001091s ]
INFO: [ app_end ] --START--
INFO: Run Behavior\ShowPageTraceBehavior [ RunTime:0.000903s ]
INFO: [ app_end ] --END-- [ RunTime:0.001045s ]

[ 2018-11-16T11:13:13+08:00 ] 127.0.0.1 /index.php/Admin/Category/lst
INFO: [ app_init ] --START--
INFO: Run Behavior\BuildLiteBehavior [ RunTime:0.000007s ]
INFO: [ app_init ] --END-- [ RunTime:0.000198s ]
INFO: [ app_begin ] --START--
INFO: Run Behavior\ReadHtmlCacheBehavior [ RunTime:0.000242s ]
INFO: [ app_begin ] --END-- [ RunTime:0.000269s ]
SQL: SHOW COLUMNS FROM `sp_category` [ RunTime:0.0281s ]
SQL: SELECT * FROM `sp_category` ORDER BY id desc  [ RunTime:0.0004s ]
INFO: [ view_parse ] --START--
INFO: [ template_filter ] --START--
INFO: Run Behavior\ContentReplaceBehavior [ RunTime:0.000191s ]
INFO: [ template_filter ] --END-- [ RunTime:0.000267s ]
NOTIC: [8] Undefined variable: page D:\phpStudy\PHPTutorial\WWW\x\Application\Runtime\Cache\Admin\395c0ba78bddab9d6617dcec0f2fd9a9.php 第 352 行.
INFO: Run Behavior\ParseTemplateBehavior [ RunTime:0.033712s ]
INFO: [ view_parse ] --END-- [ RunTime:0.033780s ]
INFO: [ view_filter ] --START--
INFO: Run Behavior\WriteHtmlCacheBehavior [ RunTime:0.000401s ]
INFO: [ view_filter ] --END-- [ RunTime:0.000453s ]
INFO: [ app_end ] --START--
INFO: Run Behavior\ShowPageTraceBehavior [ RunTime:0.000935s ]
INFO: [ app_end ] --END-- [ RunTime:0.001013s ]

[ 2018-11-16T11:13:19+08:00 ] 127.0.0.1 /index.php/Admin/index/ip
INFO: [ app_init ] --START--
INFO: Run Behavior\BuildLiteBehavior [ RunTime:0.000010s ]
INFO: [ app_init ] --END-- [ RunTime:0.000368s ]
INFO: [ app_begin ] --START--
INFO: Run Behavior\ReadHtmlCacheBehavior [ RunTime:0.000273s ]
INFO: [ app_begin ] --END-- [ RunTime:0.000305s ]
SQL: SHOW COLUMNS FROM `sp_ip` [ RunTime:0.0331s ]
SQL: SELECT * FROM `sp_ip` ORDER BY id desc  [ RunTime:0.0013s ]
INFO: [ view_parse ] --START--
INFO: [ template_filter ] --START--
INFO: Run Behavior\ContentReplaceBehavior [ RunTime:0.000650s ]
INFO: [ template_filter ] --END-- [ RunTime:0.000947s ]
NOTIC: [8] Undefined variable: page D:\phpStudy\PHPTutorial\WWW\x\Application\Runtime\Cache\Admin\e510d7bd94972232462a201f9b9f9fe8.php 第 344 行.
INFO: Run Behavior\ParseTemplateBehavior [ RunTime:0.017827s ]
INFO: [ view_parse ] --END-- [ RunTime:0.017882s ]
INFO: [ view_filter ] --START--
INFO: Run Behavior\WriteHtmlCacheBehavior [ RunTime:0.000281s ]
INFO: [ view_filter ] --END-- [ RunTime:0.000312s ]
INFO: [ app_end ] --START--
INFO: Run Behavior\ShowPageTraceBehavior [ RunTime:0.000516s ]
INFO: [ app_end ] --END-- [ RunTime:0.000571s ]

[ 2018-11-16T11:13:23+08:00 ] 127.0.0.1 /index.php/Admin/index/dds
INFO: [ app_init ] --START--
INFO: Run Behavior\BuildLiteBehavior [ RunTime:0.000007s ]
INFO: [ app_init ] --END-- [ RunTime:0.000200s ]
INFO: [ app_begin ] --START--
INFO: Run Behavior\ReadHtmlCacheBehavior [ RunTime:0.000247s ]
INFO: [ app_begin ] --END-- [ RunTime:0.000274s ]
SQL: SHOW COLUMNS FROM `sp_dingdans` [ RunTime:0.0405s ]
SQL: SELECT * FROM `sp_dingdans` ORDER BY time desc  [ RunTime:0.0011s ]
NOTIC: [8] Use of undefined constant unique - assumed 'unique' D:\phpStudy\PHPTutorial\WWW\x\ThinkPHP\Common\functions.php 第 588 行.
SQL: SHOW COLUMNS FROM `sp_goods` [ RunTime:0.0250s ]
NOTIC: [8] Undefined index: sid D:\phpStudy\PHPTutorial\WWW\x\Application\Admin\Controller\IndexController.class.php 第 76 行.
SQL: SELECT * FROM `sp_goods` LIMIT 1   [ RunTime:0.0005s ]
NOTIC: [8] Undefined index: sid D:\phpStudy\PHPTutorial\WWW\x\Application\Admin\Controller\IndexController.class.php 第 76 行.
SQL: SELECT * FROM `sp_goods` LIMIT 1   [ RunTime:0.0004s ]
NOTIC: [8] Undefined index: sid D:\phpStudy\PHPTutorial\WWW\x\Application\Admin\Controller\IndexController.class.php 第 76 行.
SQL: SELECT * FROM `sp_goods` LIMIT 1   [ RunTime:0.0004s ]
NOTIC: [8] Undefined index: sid D:\phpStudy\PHPTutorial\WWW\x\Application\Admin\Controller\IndexController.class.php 第 76 行.
SQL: SELECT * FROM `sp_goods` LIMIT 1   [ RunTime:0.0004s ]
NOTIC: [8] Undefined index: sid D:\phpStudy\PHPTutorial\WWW\x\Application\Admin\Controller\IndexController.class.php 第 76 行.
SQL: SELECT * FROM `sp_goods` LIMIT 1   [ RunTime:0.0004s ]
INFO: [ view_parse ] --START--
INFO: [ template_filter ] --START--
INFO: Run Behavior\ContentReplaceBehavior [ RunTime:0.000123s ]
INFO: [ template_filter ] --END-- [ RunTime:0.000171s ]
NOTIC: [8] Undefined variable: page D:\phpStudy\PHPTutorial\WWW\x\Application\Runtime\Cache\Admin\7b3c0cfe72716cfc62e3ee7efb6a665c.php 第 364 行.
INFO: Run Behavior\ParseTemplateBehavior [ RunTime:0.018197s ]
INFO: [ view_parse ] --END-- [ RunTime:0.018264s ]
INFO: [ view_filter ] --START--
INFO: Run Behavior\WriteHtmlCacheBehavior [ RunTime:0.000226s ]
INFO: [ view_filter ] --END-- [ RunTime:0.000265s ]
INFO: [ app_end ] --START--
INFO: Run Behavior\ShowPageTraceBehavior [ RunTime:0.000448s ]
INFO: [ app_end ] --END-- [ RunTime:0.000493s ]

[ 2018-11-16T11:14:35+08:00 ] 127.0.0.1 /index.php/Admin/Index/edit/id/39
INFO: [ app_init ] --START--
INFO: Run Behavior\BuildLiteBehavior [ RunTime:0.000070s ]
INFO: [ app_init ] --END-- [ RunTime:0.001749s ]
INFO: [ app_begin ] --START--
INFO: Run Behavior\ReadHtmlCacheBehavior [ RunTime:0.000293s ]
INFO: [ app_begin ] --END-- [ RunTime:0.000326s ]
SQL: SHOW COLUMNS FROM `sp_dingdans` [ RunTime:0.0251s ]
SQL: SELECT * FROM `sp_dingdans` WHERE `id` = 39 LIMIT 1   [ RunTime:0.0003s ]
INFO: [ view_parse ] --START--
INFO: [ template_filter ] --START--
INFO: Run Behavior\ContentReplaceBehavior [ RunTime:0.000131s ]
INFO: [ template_filter ] --END-- [ RunTime:0.000169s ]
NOTIC: [8] Undefined variable: goods D:\phpStudy\PHPTutorial\WWW\x\Application\Runtime\Cache\Admin\99b7957f812bd941fa1b6309e9d8655c.php 第 331 行.
INFO: Run Behavior\ParseTemplateBehavior [ RunTime:0.011158s ]
INFO: [ view_parse ] --END-- [ RunTime:0.011207s ]
INFO: [ view_filter ] --START--
INFO: Run Behavior\WriteHtmlCacheBehavior [ RunTime:0.000351s ]
INFO: [ view_filter ] --END-- [ RunTime:0.000391s ]
INFO: [ app_end ] --START--
INFO: Run Behavior\ShowPageTraceBehavior [ RunTime:0.000509s ]
INFO: [ app_end ] --END-- [ RunTime:0.000554s ]

[ 2018-11-16T11:14:42+08:00 ] 127.0.0.1 /index.php/Admin/Cate/lst
INFO: [ app_init ] --START--
INFO: Run Behavior\BuildLiteBehavior [ RunTime:0.000014s ]
INFO: [ app_init ] --END-- [ RunTime:0.000204s ]
INFO: [ app_begin ] --START--
INFO: Run Behavior\ReadHtmlCacheBehavior [ RunTime:0.000244s ]
INFO: [ app_begin ] --END-- [ RunTime:0.000273s ]
SQL: SHOW COLUMNS FROM `sp_cate` [ RunTime:0.0266s ]
SQL: SELECT * FROM `sp_cate` ORDER BY id desc  [ RunTime:0.0010s ]
INFO: [ view_parse ] --START--
INFO: [ template_filter ] --START--
INFO: Run Behavior\ContentReplaceBehavior [ RunTime:0.000081s ]
INFO: [ template_filter ] --END-- [ RunTime:0.000113s ]
NOTIC: [8] Undefined variable: page D:\phpStudy\PHPTutorial\WWW\x\Application\Runtime\Cache\Admin\1e31b38d8d9702701609b47afd2fec77.php 第 346 行.
INFO: Run Behavior\ParseTemplateBehavior [ RunTime:0.010731s ]
INFO: [ view_parse ] --END-- [ RunTime:0.010777s ]
INFO: [ view_filter ] --START--
INFO: Run Behavior\WriteHtmlCacheBehavior [ RunTime:0.001595s ]
INFO: [ view_filter ] --END-- [ RunTime:0.001647s ]
INFO: [ app_end ] --START--
INFO: Run Behavior\ShowPageTraceBehavior [ RunTime:0.000468s ]
INFO: [ app_end ] --END-- [ RunTime:0.000544s ]

[ 2018-11-16T13:48:01+08:00 ] 127.0.0.1 /index.php/Admin/MemberLevel/lst
INFO: [ app_init ] --START--
INFO: Run Behavior\BuildLiteBehavior [ RunTime:0.000008s ]
INFO: [ app_init ] --END-- [ RunTime:0.000206s ]
INFO: [ app_begin ] --START--
INFO: Run Behavior\ReadHtmlCacheBehavior [ RunTime:0.000252s ]
INFO: [ app_begin ] --END-- [ RunTime:0.000279s ]
SQL: SHOW COLUMNS FROM `sp_user` [ RunTime:0.0372s ]
SQL: SELECT COUNT(*) AS tp_count FROM `sp_user` LIMIT 1   [ RunTime:0.0137s ]
SQL: SELECT * FROM `sp_user` ORDER BY id desc LIMIT 0,6   [ RunTime:0.0004s ]
INFO: [ view_parse ] --START--
INFO: [ template_filter ] --START--
INFO: Run Behavior\ContentReplaceBehavior [ RunTime:0.000157s ]
INFO: [ template_filter ] --END-- [ RunTime:0.000214s ]
NOTIC: [8] Undefined index: points_min D:\phpStudy\PHPTutorial\WWW\x\Application\Runtime\Cache\Admin\664aa4264dc1193ec1068c21baa85f3d.php 第 340 行.
NOTIC: [8] Undefined index: points_max D:\phpStudy\PHPTutorial\WWW\x\Application\Runtime\Cache\Admin\664aa4264dc1193ec1068c21baa85f3d.php 第 341 行.
NOTIC: [8] Undefined index: rate D:\phpStudy\PHPTutorial\WWW\x\Application\Runtime\Cache\Admin\664aa4264dc1193ec1068c21baa85f3d.php 第 342 行.
NOTIC: [8] Undefined index: points_min D:\phpStudy\PHPTutorial\WWW\x\Application\Runtime\Cache\Admin\664aa4264dc1193ec1068c21baa85f3d.php 第 340 行.
NOTIC: [8] Undefined index: points_max D:\phpStudy\PHPTutorial\WWW\x\Application\Runtime\Cache\Admin\664aa4264dc1193ec1068c21baa85f3d.php 第 341 行.
NOTIC: [8] Undefined index: rate D:\phpStudy\PHPTutorial\WWW\x\Application\Runtime\Cache\Admin\664aa4264dc1193ec1068c21baa85f3d.php 第 342 行.
NOTIC: [8] Undefined index: points_min D:\phpStudy\PHPTutorial\WWW\x\Application\Runtime\Cache\Admin\664aa4264dc1193ec1068c21baa85f3d.php 第 340 行.
NOTIC: [8] Undefined index: points_max D:\phpStudy\PHPTutorial\WWW\x\Application\Runtime\Cache\Admin\664aa4264dc1193ec1068c21baa85f3d.php 第 341 行.
NOTIC: [8] Undefined index: rate D:\phpStudy\PHPTutorial\WWW\x\Application\Runtime\Cache\Admin\664aa4264dc1193ec1068c21baa85f3d.php 第 342 行.
NOTIC: [8] Undefined index: points_min D:\phpStudy\PHPTutorial\WWW\x\Application\Runtime\Cache\Admin\664aa4264dc1193ec1068c21baa85f3d.php 第 340 行.
NOTIC: [8] Undefined index: points_max D:\phpStudy\PHPTutorial\WWW\x\Application\Runtime\Cache\Admin\664aa4264dc1193ec1068c21baa85f3d.php 第 341 行.
NOTIC: [8] Undefined index: rate D:\phpStudy\PHPTutorial\WWW\x\Application\Runtime\Cache\Admin\664aa4264dc1193ec1068c21baa85f3d.php 第 342 行.
NOTIC: [8] Undefined index: points_min D:\phpStudy\PHPTutorial\WWW\x\Application\Runtime\Cache\Admin\664aa4264dc1193ec1068c21baa85f3d.php 第 340 行.
NOTIC: [8] Undefined index: points_max D:\phpStudy\PHPTutorial\WWW\x\Application\Runtime\Cache\Admin\664aa4264dc1193ec1068c21baa85f3d.php 第 341 行.
NOTIC: [8] Undefined index: rate D:\phpStudy\PHPTutorial\WWW\x\Application\Runtime\Cache\Admin\664aa4264dc1193ec1068c21baa85f3d.php 第 342 行.
NOTIC: [8] Undefined index: points_min D:\phpStudy\PHPTutorial\WWW\x\Application\Runtime\Cache\Admin\664aa4264dc1193ec1068c21baa85f3d.php 第 340 行.
NOTIC: [8] Undefined index: points_max D:\phpStudy\PHPTutorial\WWW\x\Application\Runtime\Cache\Admin\664aa4264dc1193ec1068c21baa85f3d.php 第 341 行.
NOTIC: [8] Undefined index: rate D:\phpStudy\PHPTutorial\WWW\x\Application\Runtime\Cache\Admin\664aa4264dc1193ec1068c21baa85f3d.php 第 342 行.
INFO: Run Behavior\ParseTemplateBehavior [ RunTime:0.018179s ]
INFO: [ view_parse ] --END-- [ RunTime:0.018250s ]
INFO: [ view_filter ] --START--
INFO: Run Behavior\WriteHtmlCacheBehavior [ RunTime:0.000363s ]
INFO: [ view_filter ] --END-- [ RunTime:0.000423s ]
INFO: [ app_end ] --START--
INFO: Run Behavior\ShowPageTraceBehavior [ RunTime:0.001331s ]
INFO: [ app_end ] --END-- [ RunTime:0.001440s ]

[ 2018-11-16T13:48:08+08:00 ] 127.0.0.1 /index.php/Admin/MemberLevel/edit/id/21
INFO: [ app_init ] --START--
INFO: Run Behavior\BuildLiteBehavior [ RunTime:0.000014s ]
INFO: [ app_init ] --END-- [ RunTime:0.000424s ]
INFO: [ app_begin ] --START--
INFO: Run Behavior\ReadHtmlCacheBehavior [ RunTime:0.000277s ]
INFO: [ app_begin ] --END-- [ RunTime:0.000314s ]
SQL: SHOW COLUMNS FROM `sp_user` [ RunTime:0.0227s ]
SQL: SELECT * FROM `sp_user` WHERE `id` = 21 LIMIT 1   [ RunTime:0.0005s ]
INFO: [ view_parse ] --START--
INFO: [ template_filter ] --START--
INFO: Run Behavior\ContentReplaceBehavior [ RunTime:0.000321s ]
INFO: [ template_filter ] --END-- [ RunTime:0.000553s ]
INFO: Run Behavior\ParseTemplateBehavior [ RunTime:0.023825s ]
INFO: [ view_parse ] --END-- [ RunTime:0.023887s ]
INFO: [ view_filter ] --START--
INFO: Run Behavior\WriteHtmlCacheBehavior [ RunTime:0.000234s ]
INFO: [ view_filter ] --END-- [ RunTime:0.000266s ]
INFO: [ app_end ] --START--
INFO: Run Behavior\ShowPageTraceBehavior [ RunTime:0.000478s ]
INFO: [ app_end ] --END-- [ RunTime:0.000528s ]

[ 2018-11-16T13:48:15+08:00 ] 127.0.0.1 /index.php/Admin/MemberLevel/edit/id/19
INFO: [ app_init ] --START--
INFO: Run Behavior\BuildLiteBehavior [ RunTime:0.000008s ]
INFO: [ app_init ] --END-- [ RunTime:0.000212s ]
INFO: [ app_begin ] --START--
INFO: Run Behavior\ReadHtmlCacheBehavior [ RunTime:0.000250s ]
INFO: [ app_begin ] --END-- [ RunTime:0.000277s ]
SQL: SHOW COLUMNS FROM `sp_user` [ RunTime:0.0204s ]
SQL: SELECT * FROM `sp_user` WHERE `id` = 19 LIMIT 1   [ RunTime:0.0002s ]
INFO: [ view_parse ] --START--
INFO: [ template_filter ] --START--
INFO: Run Behavior\ContentReplaceBehavior [ RunTime:0.000078s ]
INFO: [ template_filter ] --END-- [ RunTime:0.000108s ]
INFO: Run Behavior\ParseTemplateBehavior [ RunTime:0.007321s ]
INFO: [ view_parse ] --END-- [ RunTime:0.007354s ]
INFO: [ view_filter ] --START--
INFO: Run Behavior\WriteHtmlCacheBehavior [ RunTime:0.000147s ]
INFO: [ view_filter ] --END-- [ RunTime:0.000174s ]
INFO: [ app_end ] --START--
INFO: Run Behavior\ShowPageTraceBehavior [ RunTime:0.000409s ]
INFO: [ app_end ] --END-- [ RunTime:0.000445s ]

[ 2018-11-16T13:48:26+08:00 ] 127.0.0.1 /index.php/Admin/MemberLevel/edit/id/17
INFO: [ app_init ] --START--
INFO: Run Behavior\BuildLiteBehavior [ RunTime:0.000017s ]
INFO: [ app_init ] --END-- [ RunTime:0.001667s ]
INFO: [ app_begin ] --START--
INFO: Run Behavior\ReadHtmlCacheBehavior [ RunTime:0.000635s ]
INFO: [ app_begin ] --END-- [ RunTime:0.000695s ]
SQL: SHOW COLUMNS FROM `sp_user` [ RunTime:0.0230s ]
SQL: SELECT * FROM `sp_user` WHERE `id` = 17 LIMIT 1   [ RunTime:0.0014s ]
INFO: [ view_parse ] --START--
INFO: [ template_filter ] --START--
INFO: Run Behavior\ContentReplaceBehavior [ RunTime:0.000117s ]
INFO: [ template_filter ] --END-- [ RunTime:0.000160s ]
INFO: Run Behavior\ParseTemplateBehavior [ RunTime:0.012207s ]
INFO: [ view_parse ] --END-- [ RunTime:0.012309s ]
INFO: [ view_filter ] --START--
INFO: Run Behavior\WriteHtmlCacheBehavior [ RunTime:0.000247s ]
INFO: [ view_filter ] --END-- [ RunTime:0.000280s ]
INFO: [ app_end ] --START--
INFO: Run Behavior\ShowPageTraceBehavior [ RunTime:0.000863s ]
INFO: [ app_end ] --END-- [ RunTime:0.000947s ]

[ 2018-11-16T13:48:36+08:00 ] 127.0.0.1 /index.php/Admin/MemberLevel/lst/p/2.html
INFO: [ app_init ] --START--
INFO: Run Behavior\BuildLiteBehavior [ RunTime:0.000010s ]
INFO: [ app_init ] --END-- [ RunTime:0.000305s ]
INFO: [ app_begin ] --START--
INFO: Run Behavior\ReadHtmlCacheBehavior [ RunTime:0.001407s ]
INFO: [ app_begin ] --END-- [ RunTime:0.001549s ]
SQL: SHOW COLUMNS FROM `sp_user` [ RunTime:0.0393s ]
SQL: SELECT COUNT(*) AS tp_count FROM `sp_user` LIMIT 1   [ RunTime:0.0005s ]
SQL: SELECT * FROM `sp_user` ORDER BY id desc LIMIT 6,6   [ RunTime:0.0006s ]
INFO: [ view_parse ] --START--
INFO: [ template_filter ] --START--
INFO: Run Behavior\ContentReplaceBehavior [ RunTime:0.000252s ]
INFO: [ template_filter ] --END-- [ RunTime:0.000333s ]
NOTIC: [8] Undefined index: points_min D:\phpStudy\PHPTutorial\WWW\x\Application\Runtime\Cache\Admin\664aa4264dc1193ec1068c21baa85f3d.php 第 340 行.
NOTIC: [8] Undefined index: points_max D:\phpStudy\PHPTutorial\WWW\x\Application\Runtime\Cache\Admin\664aa4264dc1193ec1068c21baa85f3d.php 第 341 行.
NOTIC: [8] Undefined index: rate D:\phpStudy\PHPTutorial\WWW\x\Application\Runtime\Cache\Admin\664aa4264dc1193ec1068c21baa85f3d.php 第 342 行.
NOTIC: [8] Undefined index: points_min D:\phpStudy\PHPTutorial\WWW\x\Application\Runtime\Cache\Admin\664aa4264dc1193ec1068c21baa85f3d.php 第 340 行.
NOTIC: [8] Undefined index: points_max D:\phpStudy\PHPTutorial\WWW\x\Application\Runtime\Cache\Admin\664aa4264dc1193ec1068c21baa85f3d.php 第 341 行.
NOTIC: [8] Undefined index: rate D:\phpStudy\PHPTutorial\WWW\x\Application\Runtime\Cache\Admin\664aa4264dc1193ec1068c21baa85f3d.php 第 342 行.
NOTIC: [8] Undefined index: points_min D:\phpStudy\PHPTutorial\WWW\x\Application\Runtime\Cache\Admin\664aa4264dc1193ec1068c21baa85f3d.php 第 340 行.
NOTIC: [8] Undefined index: points_max D:\phpStudy\PHPTutorial\WWW\x\Application\Runtime\Cache\Admin\664aa4264dc1193ec1068c21baa85f3d.php 第 341 行.
NOTIC: [8] Undefined index: rate D:\phpStudy\PHPTutorial\WWW\x\Application\Runtime\Cache\Admin\664aa4264dc1193ec1068c21baa85f3d.php 第 342 行.
NOTIC: [8] Undefined index: points_min D:\phpStudy\PHPTutorial\WWW\x\Application\Runtime\Cache\Admin\664aa4264dc1193ec1068c21baa85f3d.php 第 340 行.
NOTIC: [8] Undefined index: points_max D:\phpStudy\PHPTutorial\WWW\x\Application\Runtime\Cache\Admin\664aa4264dc1193ec1068c21baa85f3d.php 第 341 行.
NOTIC: [8] Undefined index: rate D:\phpStudy\PHPTutorial\WWW\x\Application\Runtime\Cache\Admin\664aa4264dc1193ec1068c21baa85f3d.php 第 342 行.
INFO: Run Behavior\ParseTemplateBehavior [ RunTime:0.021588s ]
INFO: [ view_parse ] --END-- [ RunTime:0.021676s ]
INFO: [ view_filter ] --START--
INFO: Run Behavior\WriteHtmlCacheBehavior [ RunTime:0.000438s ]
INFO: [ view_filter ] --END-- [ RunTime:0.000499s ]
INFO: [ app_end ] --START--
INFO: Run Behavior\ShowPageTraceBehavior [ RunTime:0.000873s ]
INFO: [ app_end ] --END-- [ RunTime:0.000971s ]

[ 2018-11-16T13:48:40+08:00 ] 127.0.0.1 /index.php/Admin/MemberLevel/lst/p/1.html
INFO: [ app_init ] --START--
INFO: Run Behavior\BuildLiteBehavior [ RunTime:0.000014s ]
INFO: [ app_init ] --END-- [ RunTime:0.000836s ]
INFO: [ app_begin ] --START--
INFO: Run Behavior\ReadHtmlCacheBehavior [ RunTime:0.000355s ]
INFO: [ app_begin ] --END-- [ RunTime:0.000390s ]
SQL: SHOW COLUMNS FROM `sp_user` [ RunTime:0.0223s ]
SQL: SELECT COUNT(*) AS tp_count FROM `sp_user` LIMIT 1   [ RunTime:0.0003s ]
SQL: SELECT * FROM `sp_user` ORDER BY id desc LIMIT 0,6   [ RunTime:0.0003s ]
INFO: [ view_parse ] --START--
INFO: [ template_filter ] --START--
INFO: Run Behavior\ContentReplaceBehavior [ RunTime:0.000082s ]
INFO: [ template_filter ] --END-- [ RunTime:0.000123s ]
NOTIC: [8] Undefined index: points_min D:\phpStudy\PHPTutorial\WWW\x\Application\Runtime\Cache\Admin\664aa4264dc1193ec1068c21baa85f3d.php 第 340 行.
NOTIC: [8] Undefined index: points_max D:\phpStudy\PHPTutorial\WWW\x\Application\Runtime\Cache\Admin\664aa4264dc1193ec1068c21baa85f3d.php 第 341 行.
NOTIC: [8] Undefined index: rate D:\phpStudy\PHPTutorial\WWW\x\Application\Runtime\Cache\Admin\664aa4264dc1193ec1068c21baa85f3d.php 第 342 行.
NOTIC: [8] Undefined index: points_min D:\phpStudy\PHPTutorial\WWW\x\Application\Runtime\Cache\Admin\664aa4264dc1193ec1068c21baa85f3d.php 第 340 行.
NOTIC: [8] Undefined index: points_max D:\phpStudy\PHPTutorial\WWW\x\Application\Runtime\Cache\Admin\664aa4264dc1193ec1068c21baa85f3d.php 第 341 行.
NOTIC: [8] Undefined index: rate D:\phpStudy\PHPTutorial\WWW\x\Application\Runtime\Cache\Admin\664aa4264dc1193ec1068c21baa85f3d.php 第 342 行.
NOTIC: [8] Undefined index: points_min D:\phpStudy\PHPTutorial\WWW\x\Application\Runtime\Cache\Admin\664aa4264dc1193ec1068c21baa85f3d.php 第 340 行.
NOTIC: [8] Undefined index: points_max D:\phpStudy\PHPTutorial\WWW\x\Application\Runtime\Cache\Admin\664aa4264dc1193ec1068c21baa85f3d.php 第 341 行.
NOTIC: [8] Undefined index: rate D:\phpStudy\PHPTutorial\WWW\x\Application\Runtime\Cache\Admin\664aa4264dc1193ec1068c21baa85f3d.php 第 342 行.
NOTIC: [8] Undefined index: points_min D:\phpStudy\PHPTutorial\WWW\x\Application\Runtime\Cache\Admin\664aa4264dc1193ec1068c21baa85f3d.php 第 340 行.
NOTIC: [8] Undefined index: points_max D:\phpStudy\PHPTutorial\WWW\x\Application\Runtime\Cache\Admin\664aa4264dc1193ec1068c21baa85f3d.php 第 341 行.
NOTIC: [8] Undefined index: rate D:\phpStudy\PHPTutorial\WWW\x\Application\Runtime\Cache\Admin\664aa4264dc1193ec1068c21baa85f3d.php 第 342 行.
NOTIC: [8] Undefined index: points_min D:\phpStudy\PHPTutorial\WWW\x\Application\Runtime\Cache\Admin\664aa4264dc1193ec1068c21baa85f3d.php 第 340 行.
NOTIC: [8] Undefined index: points_max D:\phpStudy\PHPTutorial\WWW\x\Application\Runtime\Cache\Admin\664aa4264dc1193ec1068c21baa85f3d.php 第 341 行.
NOTIC: [8] Undefined index: rate D:\phpStudy\PHPTutorial\WWW\x\Application\Runtime\Cache\Admin\664aa4264dc1193ec1068c21baa85f3d.php 第 342 行.
NOTIC: [8] Undefined index: points_min D:\phpStudy\PHPTutorial\WWW\x\Application\Runtime\Cache\Admin\664aa4264dc1193ec1068c21baa85f3d.php 第 340 行.
NOTIC: [8] Undefined index: points_max D:\phpStudy\PHPTutorial\WWW\x\Application\Runtime\Cache\Admin\664aa4264dc1193ec1068c21baa85f3d.php 第 341 行.
NOTIC: [8] Undefined index: rate D:\phpStudy\PHPTutorial\WWW\x\Application\Runtime\Cache\Admin\664aa4264dc1193ec1068c21baa85f3d.php 第 342 行.
INFO: Run Behavior\ParseTemplateBehavior [ RunTime:0.008699s ]
INFO: [ view_parse ] --END-- [ RunTime:0.008746s ]
INFO: [ view_filter ] --START--
INFO: Run Behavior\WriteHtmlCacheBehavior [ RunTime:0.001833s ]
INFO: [ view_filter ] --END-- [ RunTime:0.001886s ]
INFO: [ app_end ] --START--
INFO: Run Behavior\ShowPageTraceBehavior [ RunTime:0.000652s ]
INFO: [ app_end ] --END-- [ RunTime:0.000704s ]

[ 2018-11-16T14:09:08+08:00 ] 127.0.0.1 /index.php/Admin/Category/lst
INFO: [ app_init ] --START--
INFO: Run Behavior\BuildLiteBehavior [ RunTime:0.000008s ]
INFO: [ app_init ] --END-- [ RunTime:0.000253s ]
INFO: [ app_begin ] --START--
INFO: Run Behavior\ReadHtmlCacheBehavior [ RunTime:0.000305s ]
INFO: [ app_begin ] --END-- [ RunTime:0.000333s ]
SQL: SHOW COLUMNS FROM `sp_category` [ RunTime:0.0397s ]
SQL: SELECT * FROM `sp_category` ORDER BY id desc  [ RunTime:0.0004s ]
INFO: [ view_parse ] --START--
INFO: [ template_filter ] --START--
INFO: Run Behavior\ContentReplaceBehavior [ RunTime:0.000157s ]
INFO: [ template_filter ] --END-- [ RunTime:0.000225s ]
NOTIC: [8] Undefined variable: page D:\phpStudy\PHPTutorial\WWW\x\Application\Runtime\Cache\Admin\395c0ba78bddab9d6617dcec0f2fd9a9.php 第 352 行.
INFO: Run Behavior\ParseTemplateBehavior [ RunTime:0.025805s ]
INFO: [ view_parse ] --END-- [ RunTime:0.025844s ]
INFO: [ view_filter ] --START--
INFO: Run Behavior\WriteHtmlCacheBehavior [ RunTime:0.000205s ]
INFO: [ view_filter ] --END-- [ RunTime:0.000226s ]
INFO: [ app_end ] --START--
INFO: Run Behavior\ShowPageTraceBehavior [ RunTime:0.000458s ]
INFO: [ app_end ] --END-- [ RunTime:0.000502s ]

[ 2018-11-16T14:09:11+08:00 ] 127.0.0.1 /index.php/Admin/Article/lst
INFO: [ app_init ] --START--
INFO: Run Behavior\BuildLiteBehavior [ RunTime:0.000023s ]
INFO: [ app_init ] --END-- [ RunTime:0.000728s ]
INFO: [ app_begin ] --START--
INFO: Run Behavior\ReadHtmlCacheBehavior [ RunTime:0.000415s ]
INFO: [ app_begin ] --END-- [ RunTime:0.000471s ]
SQL: SHOW COLUMNS FROM `sp_article` [ RunTime:0.0327s ]
SQL: SELECT COUNT(*) AS tp_count FROM `sp_article` LIMIT 1   [ RunTime:0.0002s ]
SQL: SELECT a.id,a.title,b.catename FROM sp_article a LEFT JOIN sp_category b ON a.cateid=b.id  ORDER BY id desc LIMIT 0,2   [ RunTime:0.0006s ]
INFO: [ view_parse ] --START--
INFO: [ template_filter ] --START--
INFO: Run Behavior\ContentReplaceBehavior [ RunTime:0.000133s ]
INFO: [ template_filter ] --END-- [ RunTime:0.000180s ]
INFO: Run Behavior\ParseTemplateBehavior [ RunTime:0.015562s ]
INFO: [ view_parse ] --END-- [ RunTime:0.015650s ]
INFO: [ view_filter ] --START--
INFO: Run Behavior\WriteHtmlCacheBehavior [ RunTime:0.001738s ]
INFO: [ view_filter ] --END-- [ RunTime:0.001791s ]
INFO: [ app_end ] --START--
INFO: Run Behavior\ShowPageTraceBehavior [ RunTime:0.000652s ]
INFO: [ app_end ] --END-- [ RunTime:0.000714s ]

[ 2018-11-16T14:09:14+08:00 ] 127.0.0.1 /index.php/Admin/Cate/lst
INFO: [ app_init ] --START--
INFO: Run Behavior\BuildLiteBehavior [ RunTime:0.000008s ]
INFO: [ app_init ] --END-- [ RunTime:0.000208s ]
INFO: [ app_begin ] --START--
INFO: Run Behavior\ReadHtmlCacheBehavior [ RunTime:0.000259s ]
INFO: [ app_begin ] --END-- [ RunTime:0.000287s ]
SQL: SHOW COLUMNS FROM `sp_cate` [ RunTime:0.0219s ]
SQL: SELECT * FROM `sp_cate` ORDER BY id desc  [ RunTime:0.0020s ]
INFO: [ view_parse ] --START--
INFO: [ template_filter ] --START--
INFO: Run Behavior\ContentReplaceBehavior [ RunTime:0.000083s ]
INFO: [ template_filter ] --END-- [ RunTime:0.000114s ]
NOTIC: [8] Undefined variable: page D:\phpStudy\PHPTutorial\WWW\x\Application\Runtime\Cache\Admin\1e31b38d8d9702701609b47afd2fec77.php 第 346 行.
INFO: Run Behavior\ParseTemplateBehavior [ RunTime:0.007681s ]
INFO: [ view_parse ] --END-- [ RunTime:0.007714s ]
INFO: [ view_filter ] --START--
INFO: Run Behavior\WriteHtmlCacheBehavior [ RunTime:0.000207s ]
INFO: [ view_filter ] --END-- [ RunTime:0.000230s ]
INFO: [ app_end ] --START--
INFO: Run Behavior\ShowPageTraceBehavior [ RunTime:0.000629s ]
INFO: [ app_end ] --END-- [ RunTime:0.000708s ]

[ 2018-11-16T14:09:18+08:00 ] 127.0.0.1 /index.php/Admin/Goods/lst
INFO: [ app_init ] --START--
INFO: Run Behavior\BuildLiteBehavior [ RunTime:0.000008s ]
INFO: [ app_init ] --END-- [ RunTime:0.000200s ]
INFO: [ app_begin ] --START--
INFO: Run Behavior\ReadHtmlCacheBehavior [ RunTime:0.000598s ]
INFO: [ app_begin ] --END-- [ RunTime:0.000718s ]
SQL: SHOW COLUMNS FROM `sp_goods` [ RunTime:0.0178s ]
SQL: SHOW COLUMNS FROM `sp_cate` [ RunTime:0.0130s ]
SQL: SHOW COLUMNS FROM `sp_brand` [ RunTime:0.0148s ]
SQL: SELECT COUNT(*) AS tp_count FROM sp_goods Goods  JOIN sp_cate Cate ON goods.cate_id=Cate.id LEFT JOIN sp_brand Brand ON goods.brand_id=brand.id LIMIT 1   [ RunTime:0.0003s ]
SQL: SELECT Goods.id AS id,Goods.goods_name AS goods_name,Goods.sm_thumb AS sm_thumb,Goods.market_price AS market_price,Goods.shop_price AS shop_price,Goods.vip2_price AS vip2_price,Goods.vip3_price AS vip3_price,Goods.vip4_price AS vip4_price,Goods.onsale AS onsale,Goods.cate_id AS cate_id,Goods.brand_id AS brand_id,Cate.catename AS catename,Brand.brand_name AS brand_name FROM sp_goods Goods  JOIN sp_cate Cate ON goods.cate_id=Cate.id LEFT JOIN sp_brand Brand ON goods.brand_id=brand.id ORDER BY Goods.id desc LIMIT 0,8   [ RunTime:0.0003s ]
INFO: [ view_parse ] --START--
INFO: [ template_filter ] --START--
INFO: Run Behavior\ContentReplaceBehavior [ RunTime:0.000098s ]
INFO: [ template_filter ] --END-- [ RunTime:0.000141s ]
INFO: Run Behavior\ParseTemplateBehavior [ RunTime:0.018484s ]
INFO: [ view_parse ] --END-- [ RunTime:0.018524s ]
INFO: [ view_filter ] --START--
INFO: Run Behavior\WriteHtmlCacheBehavior [ RunTime:0.000165s ]
INFO: [ view_filter ] --END-- [ RunTime:0.000185s ]
INFO: [ app_end ] --START--
INFO: Run Behavior\ShowPageTraceBehavior [ RunTime:0.000486s ]
INFO: [ app_end ] --END-- [ RunTime:0.000524s ]

[ 2018-11-16T14:09:21+08:00 ] 127.0.0.1 /index.php/Admin/Goods/edit/id/97
INFO: [ app_init ] --START--
INFO: Run Behavior\BuildLiteBehavior [ RunTime:0.000008s ]
INFO: [ app_init ] --END-- [ RunTime:0.000205s ]
INFO: [ app_begin ] --START--
INFO: Run Behavior\ReadHtmlCacheBehavior [ RunTime:0.000262s ]
INFO: [ app_begin ] --END-- [ RunTime:0.000289s ]
NOTIC: [8] Use of undefined constant unique - assumed 'unique' D:\phpStudy\PHPTutorial\WWW\x\ThinkPHP\Common\functions.php 第 588 行.
SQL: SHOW COLUMNS FROM `sp_goods` [ RunTime:0.0449s ]
SQL: SELECT * FROM `sp_goods` WHERE `id` = 97 LIMIT 1   [ RunTime:0.0012s ]
SQL: SHOW COLUMNS FROM `sp_cate` [ RunTime:0.0142s ]
SQL: SELECT * FROM `sp_cate` ORDER BY id desc  [ RunTime:0.0010s ]
SQL: SHOW COLUMNS FROM `sp_brand` [ RunTime:0.0134s ]
SQL: SELECT * FROM `sp_brand`  [ RunTime:0.0001s ]
NOTIC: [8] Use of undefined constant unique - assumed 'unique' D:\phpStudy\PHPTutorial\WWW\x\ThinkPHP\Common\functions.php 第 588 行.
SQL: SHOW COLUMNS FROM `sp_member_level` [ RunTime:0.0085s ]
SQL: SELECT * FROM `sp_member_level`  [ RunTime:0.0002s ]
SQL: SHOW COLUMNS FROM `sp_member_price` [ RunTime:0.0100s ]
SQL: SELECT * FROM `sp_member_price` WHERE `goods_id` = 97  [ RunTime:0.0017s ]
SQL: SHOW COLUMNS FROM `sp_goods_pic` [ RunTime:0.0106s ]
SQL: SELECT * FROM `sp_goods_pic` WHERE `goods_id` = 97  [ RunTime:0.0002s ]
SQL: SHOW COLUMNS FROM `sp_type` [ RunTime:0.0087s ]
SQL: SELECT * FROM `sp_type`  [ RunTime:0.0002s ]
SQL: SHOW COLUMNS FROM `sp_attr` [ RunTime:0.0107s ]
SQL: SELECT * FROM `sp_attr` WHERE `type_id` = 0  [ RunTime:0.0002s ]
SQL: SHOW COLUMNS FROM `sp_goods_attr` [ RunTime:0.0106s ]
SQL: SELECT * FROM `sp_goods_attr` WHERE `goods_id` = 97  [ RunTime:0.0002s ]
SQL: SHOW COLUMNS FROM `sp_recpos` [ RunTime:0.0085s ]
SQL: SELECT * FROM `sp_recpos` WHERE `rectype` = 1  [ RunTime:0.0002s ]
SQL: SHOW COLUMNS FROM `sp_recvalue` [ RunTime:0.0104s ]
SQL: SELECT `recid` FROM `sp_recvalue` WHERE `valueid` = 97 AND `rectype` = 1  [ RunTime:0.0003s ]
INFO: [ view_parse ] --START--
INFO: [ template_filter ] --START--
INFO: Run Behavior\ContentReplaceBehavior [ RunTime:0.000168s ]
INFO: [ template_filter ] --END-- [ RunTime:0.000203s ]
INFO: Run Behavior\ParseTemplateBehavior [ RunTime:0.017799s ]
INFO: [ view_parse ] --END-- [ RunTime:0.017837s ]
INFO: [ view_filter ] --START--
INFO: Run Behavior\WriteHtmlCacheBehavior [ RunTime:0.000173s ]
INFO: [ view_filter ] --END-- [ RunTime:0.000193s ]
INFO: [ app_end ] --START--
INFO: Run Behavior\ShowPageTraceBehavior [ RunTime:0.000461s ]
INFO: [ app_end ] --END-- [ RunTime:0.000492s ]

[ 2018-11-16T14:46:56+08:00 ] 127.0.0.1 /index.php/Admin/Goods/add
INFO: [ app_init ] --START--
INFO: Run Behavior\BuildLiteBehavior [ RunTime:0.000008s ]
INFO: [ app_init ] --END-- [ RunTime:0.000250s ]
INFO: [ app_begin ] --START--
INFO: Run Behavior\ReadHtmlCacheBehavior [ RunTime:0.000281s ]
INFO: [ app_begin ] --END-- [ RunTime:0.000310s ]
NOTIC: [8] Use of undefined constant unique - assumed 'unique' D:\phpStudy\PHPTutorial\WWW\x\ThinkPHP\Common\functions.php 第 588 行.
SQL: SHOW COLUMNS FROM `sp_goods` [ RunTime:0.0177s ]
SQL: SHOW COLUMNS FROM `sp_cate` [ RunTime:0.0116s ]
SQL: SELECT * FROM `sp_cate` ORDER BY id desc  [ RunTime:0.0013s ]
SQL: SHOW COLUMNS FROM `sp_brand` [ RunTime:0.0079s ]
SQL: SELECT * FROM `sp_brand`  [ RunTime:0.0002s ]
NOTIC: [8] Use of undefined constant unique - assumed 'unique' D:\phpStudy\PHPTutorial\WWW\x\ThinkPHP\Common\functions.php 第 588 行.
SQL: SHOW COLUMNS FROM `sp_member_level` [ RunTime:0.0101s ]
SQL: SELECT * FROM `sp_member_level`  [ RunTime:0.0002s ]
SQL: SHOW COLUMNS FROM `sp_type` [ RunTime:0.0136s ]
SQL: SELECT * FROM `sp_type`  [ RunTime:0.0002s ]
SQL: SHOW COLUMNS FROM `sp_recpos` [ RunTime:0.0080s ]
SQL: SELECT * FROM `sp_recpos` WHERE `rectype` = 1  [ RunTime:0.0002s ]
INFO: [ view_parse ] --START--
INFO: [ template_filter ] --START--
INFO: Run Behavior\ContentReplaceBehavior [ RunTime:0.000140s ]
INFO: [ template_filter ] --END-- [ RunTime:0.000171s ]
NOTIC: [8] Undefined variable: goods D:\phpStudy\PHPTutorial\WWW\x\Application\Runtime\Cache\Admin\346dfcdf6ec8d3c93d33b5eb4f636a21.php 第 452 行.
NOTIC: [8] Undefined variable: goods D:\phpStudy\PHPTutorial\WWW\x\Application\Runtime\Cache\Admin\346dfcdf6ec8d3c93d33b5eb4f636a21.php 第 454 行.
NOTIC: [8] Undefined variable: goods D:\phpStudy\PHPTutorial\WWW\x\Application\Runtime\Cache\Admin\346dfcdf6ec8d3c93d33b5eb4f636a21.php 第 455 行.
NOTIC: [8] Undefined variable: goods D:\phpStudy\PHPTutorial\WWW\x\Application\Runtime\Cache\Admin\346dfcdf6ec8d3c93d33b5eb4f636a21.php 第 456 行.
NOTIC: [8] Undefined variable: goods D:\phpStudy\PHPTutorial\WWW\x\Application\Runtime\Cache\Admin\346dfcdf6ec8d3c93d33b5eb4f636a21.php 第 457 行.
NOTIC: [8] Undefined variable: goods D:\phpStudy\PHPTutorial\WWW\x\Application\Runtime\Cache\Admin\346dfcdf6ec8d3c93d33b5eb4f636a21.php 第 458 行.
NOTIC: [8] Undefined variable: goods D:\phpStudy\PHPTutorial\WWW\x\Application\Runtime\Cache\Admin\346dfcdf6ec8d3c93d33b5eb4f636a21.php 第 459 行.
NOTIC: [8] Undefined variable: goods D:\phpStudy\PHPTutorial\WWW\x\Application\Runtime\Cache\Admin\346dfcdf6ec8d3c93d33b5eb4f636a21.php 第 460 行.
INFO: Run Behavior\ParseTemplateBehavior [ RunTime:0.014675s ]
INFO: [ view_parse ] --END-- [ RunTime:0.014720s ]
INFO: [ view_filter ] --START--
INFO: Run Behavior\WriteHtmlCacheBehavior [ RunTime:0.000318s ]
INFO: [ view_filter ] --END-- [ RunTime:0.000339s ]
INFO: [ app_end ] --START--
INFO: Run Behavior\ShowPageTraceBehavior [ RunTime:0.000451s ]
INFO: [ app_end ] --END-- [ RunTime:0.000486s ]

[ 2018-11-16T14:48:14+08:00 ] 127.0.0.1 /index.php/Admin/Cate/edit/id/21
INFO: [ app_init ] --START--
INFO: Run Behavior\BuildLiteBehavior [ RunTime:0.000008s ]
INFO: [ app_init ] --END-- [ RunTime:0.000257s ]
INFO: [ app_begin ] --START--
INFO: Run Behavior\ReadHtmlCacheBehavior [ RunTime:0.000303s ]
INFO: [ app_begin ] --END-- [ RunTime:0.000332s ]
SQL: SHOW COLUMNS FROM `sp_cate` [ RunTime:0.0457s ]
SQL: SELECT * FROM `sp_cate` WHERE `id` = 21 LIMIT 1   [ RunTime:0.0003s ]
SQL: SELECT * FROM `sp_cate` ORDER BY id desc  [ RunTime:0.0008s ]
SQL: SHOW COLUMNS FROM `sp_recpos` [ RunTime:0.0130s ]
SQL: SELECT * FROM `sp_recpos` WHERE `rectype` = 2  [ RunTime:0.0002s ]
SQL: SHOW COLUMNS FROM `sp_recvalue` [ RunTime:0.0089s ]
SQL: SELECT `recid` FROM `sp_recvalue` WHERE `valueid` = 21 AND `rectype` = 2  [ RunTime:0.0002s ]
SQL: SHOW COLUMNS FROM `sp_type` [ RunTime:0.0082s ]
SQL: SELECT * FROM `sp_type`  [ RunTime:0.0002s ]
SQL: SHOW COLUMNS FROM `sp_attr` [ RunTime:0.0131s ]
SQL: SELECT * FROM `sp_attr` WHERE `id` IN ('')  [ RunTime:0.0002s ]
INFO: [ view_parse ] --START--
INFO: [ template_filter ] --START--
INFO: Run Behavior\ContentReplaceBehavior [ RunTime:0.000099s ]
INFO: [ template_filter ] --END-- [ RunTime:0.000133s ]
INFO: Run Behavior\ParseTemplateBehavior [ RunTime:0.019762s ]
INFO: [ view_parse ] --END-- [ RunTime:0.019807s ]
INFO: [ view_filter ] --START--
INFO: Run Behavior\WriteHtmlCacheBehavior [ RunTime:0.000232s ]
INFO: [ view_filter ] --END-- [ RunTime:0.000254s ]
INFO: [ app_end ] --START--
INFO: Run Behavior\ShowPageTraceBehavior [ RunTime:0.000473s ]
INFO: [ app_end ] --END-- [ RunTime:0.000509s ]

[ 2018-11-16T14:48:19+08:00 ] 127.0.0.1 /index.php/Admin/Goods/lst
INFO: [ app_init ] --START--
INFO: Run Behavior\BuildLiteBehavior [ RunTime:0.000009s ]
INFO: [ app_init ] --END-- [ RunTime:0.000210s ]
INFO: [ app_begin ] --START--
INFO: Run Behavior\ReadHtmlCacheBehavior [ RunTime:0.006680s ]
INFO: [ app_begin ] --END-- [ RunTime:0.006824s ]
SQL: SHOW COLUMNS FROM `sp_goods` [ RunTime:0.0157s ]
SQL: SHOW COLUMNS FROM `sp_cate` [ RunTime:0.0142s ]
SQL: SHOW COLUMNS FROM `sp_brand` [ RunTime:0.0102s ]
SQL: SELECT COUNT(*) AS tp_count FROM sp_goods Goods  JOIN sp_cate Cate ON goods.cate_id=Cate.id LEFT JOIN sp_brand Brand ON goods.brand_id=brand.id LIMIT 1   [ RunTime:0.0004s ]
SQL: SELECT Goods.id AS id,Goods.goods_name AS goods_name,Goods.sm_thumb AS sm_thumb,Goods.market_price AS market_price,Goods.shop_price AS shop_price,Goods.vip2_price AS vip2_price,Goods.vip3_price AS vip3_price,Goods.vip4_price AS vip4_price,Goods.onsale AS onsale,Goods.cate_id AS cate_id,Goods.brand_id AS brand_id,Cate.catename AS catename,Brand.brand_name AS brand_name FROM sp_goods Goods  JOIN sp_cate Cate ON goods.cate_id=Cate.id LEFT JOIN sp_brand Brand ON goods.brand_id=brand.id ORDER BY Goods.id desc LIMIT 0,8   [ RunTime:0.0004s ]
INFO: [ view_parse ] --START--
INFO: [ template_filter ] --START--
INFO: Run Behavior\ContentReplaceBehavior [ RunTime:0.000094s ]
INFO: [ template_filter ] --END-- [ RunTime:0.000127s ]
INFO: Run Behavior\ParseTemplateBehavior [ RunTime:0.007885s ]
INFO: [ view_parse ] --END-- [ RunTime:0.007919s ]
INFO: [ view_filter ] --START--
INFO: Run Behavior\WriteHtmlCacheBehavior [ RunTime:0.000158s ]
INFO: [ view_filter ] --END-- [ RunTime:0.000179s ]
INFO: [ app_end ] --START--
INFO: Run Behavior\ShowPageTraceBehavior [ RunTime:0.000402s ]
INFO: [ app_end ] --END-- [ RunTime:0.000438s ]

[ 2018-11-16T14:48:22+08:00 ] 127.0.0.1 /index.php/Admin/Goods/edit/id/97
INFO: [ app_init ] --START--
INFO: Run Behavior\BuildLiteBehavior [ RunTime:0.000007s ]
INFO: [ app_init ] --END-- [ RunTime:0.000216s ]
INFO: [ app_begin ] --START--
INFO: Run Behavior\ReadHtmlCacheBehavior [ RunTime:0.000264s ]
INFO: [ app_begin ] --END-- [ RunTime:0.000292s ]
NOTIC: [8] Use of undefined constant unique - assumed 'unique' D:\phpStudy\PHPTutorial\WWW\x\ThinkPHP\Common\functions.php 第 588 行.
SQL: SHOW COLUMNS FROM `sp_goods` [ RunTime:0.0168s ]
SQL: SELECT * FROM `sp_goods` WHERE `id` = 97 LIMIT 1   [ RunTime:0.0007s ]
SQL: SHOW COLUMNS FROM `sp_cate` [ RunTime:0.0169s ]
SQL: SELECT * FROM `sp_cate` ORDER BY id desc  [ RunTime:0.0012s ]
SQL: SHOW COLUMNS FROM `sp_brand` [ RunTime:0.0075s ]
SQL: SELECT * FROM `sp_brand`  [ RunTime:0.0001s ]
NOTIC: [8] Use of undefined constant unique - assumed 'unique' D:\phpStudy\PHPTutorial\WWW\x\ThinkPHP\Common\functions.php 第 588 行.
SQL: SHOW COLUMNS FROM `sp_member_level` [ RunTime:0.0099s ]
SQL: SELECT * FROM `sp_member_level`  [ RunTime:0.0002s ]
SQL: SHOW COLUMNS FROM `sp_member_price` [ RunTime:0.0101s ]
SQL: SELECT * FROM `sp_member_price` WHERE `goods_id` = 97  [ RunTime:0.0002s ]
SQL: SHOW COLUMNS FROM `sp_goods_pic` [ RunTime:0.0077s ]
SQL: SELECT * FROM `sp_goods_pic` WHERE `goods_id` = 97  [ RunTime:0.0002s ]
SQL: SHOW COLUMNS FROM `sp_type` [ RunTime:0.0095s ]
SQL: SELECT * FROM `sp_type`  [ RunTime:0.0002s ]
SQL: SHOW COLUMNS FROM `sp_attr` [ RunTime:0.0075s ]
SQL: SELECT * FROM `sp_attr` WHERE `type_id` = 0  [ RunTime:0.0003s ]
SQL: SHOW COLUMNS FROM `sp_goods_attr` [ RunTime:0.0101s ]
SQL: SELECT * FROM `sp_goods_attr` WHERE `goods_id` = 97  [ RunTime:0.0002s ]
SQL: SHOW COLUMNS FROM `sp_recpos` [ RunTime:0.0158s ]
SQL: SELECT * FROM `sp_recpos` WHERE `rectype` = 1  [ RunTime:0.0002s ]
SQL: SHOW COLUMNS FROM `sp_recvalue` [ RunTime:0.0087s ]
SQL: SELECT `recid` FROM `sp_recvalue` WHERE `valueid` = 97 AND `rectype` = 1  [ RunTime:0.0003s ]
INFO: [ view_parse ] --START--
INFO: [ template_filter ] --START--
INFO: Run Behavior\ContentReplaceBehavior [ RunTime:0.000165s ]
INFO: [ template_filter ] --END-- [ RunTime:0.000197s ]
INFO: Run Behavior\ParseTemplateBehavior [ RunTime:0.017815s ]
INFO: [ view_parse ] --END-- [ RunTime:0.017893s ]
INFO: [ view_filter ] --START--
INFO: Run Behavior\WriteHtmlCacheBehavior [ RunTime:0.000375s ]
INFO: [ view_filter ] --END-- [ RunTime:0.000400s ]
INFO: [ app_end ] --START--
INFO: Run Behavior\ShowPageTraceBehavior [ RunTime:0.000378s ]
INFO: [ app_end ] --END-- [ RunTime:0.000422s ]

[ 2018-11-16T14:51:48+08:00 ] 127.0.0.1 /index.php/Admin/Goods/edit/id/97
INFO: [ app_init ] --START--
INFO: Run Behavior\BuildLiteBehavior [ RunTime:0.000052s ]
INFO: [ app_init ] --END-- [ RunTime:0.000764s ]
INFO: [ app_begin ] --START--
INFO: Run Behavior\ReadHtmlCacheBehavior [ RunTime:0.000435s ]
INFO: [ app_begin ] --END-- [ RunTime:0.000481s ]
NOTIC: [8] Use of undefined constant unique - assumed 'unique' D:\phpStudy\PHPTutorial\WWW\x\ThinkPHP\Common\functions.php 第 588 行.
SQL: SHOW COLUMNS FROM `sp_goods` [ RunTime:0.0210s ]
SQL: SELECT * FROM `sp_goods` WHERE `id` = 97 LIMIT 1   [ RunTime:0.0003s ]
SQL: SHOW COLUMNS FROM `sp_cate` [ RunTime:0.0110s ]
SQL: SELECT * FROM `sp_cate` ORDER BY id desc  [ RunTime:0.0007s ]
SQL: SHOW COLUMNS FROM `sp_brand` [ RunTime:0.0136s ]
SQL: SELECT * FROM `sp_brand`  [ RunTime:0.0002s ]
NOTIC: [8] Use of undefined constant unique - assumed 'unique' D:\phpStudy\PHPTutorial\WWW\x\ThinkPHP\Common\functions.php 第 588 行.
SQL: SHOW COLUMNS FROM `sp_member_level` [ RunTime:0.0083s ]
SQL: SELECT * FROM `sp_member_level`  [ RunTime:0.0002s ]
SQL: SHOW COLUMNS FROM `sp_member_price` [ RunTime:0.0081s ]
SQL: SELECT * FROM `sp_member_price` WHERE `goods_id` = 97  [ RunTime:0.0009s ]
SQL: SHOW COLUMNS FROM `sp_goods_pic` [ RunTime:0.0103s ]
SQL: SELECT * FROM `sp_goods_pic` WHERE `goods_id` = 97  [ RunTime:0.0002s ]
SQL: SHOW COLUMNS FROM `sp_type` [ RunTime:0.0071s ]
SQL: SELECT * FROM `sp_type`  [ RunTime:0.0002s ]
SQL: SHOW COLUMNS FROM `sp_attr` [ RunTime:0.0082s ]
SQL: SELECT * FROM `sp_attr` WHERE `type_id` = 0  [ RunTime:0.0002s ]
SQL: SHOW COLUMNS FROM `sp_goods_attr` [ RunTime:0.0134s ]
SQL: SELECT * FROM `sp_goods_attr` WHERE `goods_id` = 97  [ RunTime:0.0002s ]
SQL: SHOW COLUMNS FROM `sp_recpos` [ RunTime:0.0071s ]
SQL: SELECT * FROM `sp_recpos` WHERE `rectype` = 1  [ RunTime:0.0002s ]
SQL: SHOW COLUMNS FROM `sp_recvalue` [ RunTime:0.0076s ]
SQL: SELECT `recid` FROM `sp_recvalue` WHERE `valueid` = 97 AND `rectype` = 1  [ RunTime:0.0003s ]
INFO: [ view_parse ] --START--
INFO: [ template_filter ] --START--
INFO: Run Behavior\ContentReplaceBehavior [ RunTime:0.000180s ]
INFO: [ template_filter ] --END-- [ RunTime:0.000217s ]
INFO: Run Behavior\ParseTemplateBehavior [ RunTime:0.018069s ]
INFO: [ view_parse ] --END-- [ RunTime:0.018106s ]
INFO: [ view_filter ] --START--
INFO: Run Behavior\WriteHtmlCacheBehavior [ RunTime:0.000201s ]
INFO: [ view_filter ] --END-- [ RunTime:0.000222s ]
INFO: [ app_end ] --START--
INFO: Run Behavior\ShowPageTraceBehavior [ RunTime:0.000469s ]
INFO: [ app_end ] --END-- [ RunTime:0.000508s ]

