[ 2018-10-13T09:26:04+08:00 ] 219.137.187.167 /admin
INFO: [ app_init ] --START--
INFO: Run Behavior\BuildLiteBehavior [ RunTime:0.000012s ]
INFO: [ app_init ] --END-- [ RunTime:0.000355s ]
INFO: [ app_begin ] --START--
INFO: Run Behavior\ReadHtmlCacheBehavior [ RunTime:0.000737s ]
INFO: [ app_begin ] --END-- [ RunTime:0.000774s ]
INFO: [ view_parse ] --START--
INFO: [ template_filter ] --START--
INFO: Run Behavior\ContentReplaceBehavior [ RunTime:0.000026s ]
INFO: [ template_filter ] --END-- [ RunTime:0.000061s ]
INFO: Run Behavior\ParseTemplateBehavior [ RunTime:0.005604s ]
INFO: [ view_parse ] --END-- [ RunTime:0.005648s ]
INFO: [ view_filter ] --START--
INFO: Run Behavior\WriteHtmlCacheBehavior [ RunTime:0.000485s ]
INFO: [ view_filter ] --END-- [ RunTime:0.000525s ]

[ 2018-10-13T09:26:06+08:00 ] 219.137.187.167 /index.php/Admin/Login/index.html
INFO: [ app_init ] --START--
INFO: Run Behavior\BuildLiteBehavior [ RunTime:0.000011s ]
INFO: [ app_init ] --END-- [ RunTime:0.000335s ]
INFO: [ app_begin ] --START--
INFO: Run Behavior\ReadHtmlCacheBehavior [ RunTime:0.000420s ]
INFO: [ app_begin ] --END-- [ RunTime:0.000454s ]
NOTIC: [2] Use of undefined constant regex - assumed 'regex' (this will throw an Error in a future version of PHP) C:\xampp\htdocs\www\x\ThinkPHP\Common\functions.php 第 588 行.
SQL: SHOW COLUMNS FROM `sp_admin` [ RunTime:0.0018s ]
INFO: [ view_parse ] --START--
INFO: [ template_filter ] --START--
INFO: Run Behavior\ContentReplaceBehavior [ RunTime:0.000039s ]
INFO: [ template_filter ] --END-- [ RunTime:0.000078s ]
INFO: Run Behavior\ParseTemplateBehavior [ RunTime:0.005148s ]
INFO: [ view_parse ] --END-- [ RunTime:0.005185s ]
INFO: [ view_filter ] --START--
INFO: Run Behavior\WriteHtmlCacheBehavior [ RunTime:0.000194s ]
INFO: [ view_filter ] --END-- [ RunTime:0.000214s ]
INFO: [ app_end ] --START--
INFO: Run Behavior\ShowPageTraceBehavior [ RunTime:0.000634s ]
INFO: [ app_end ] --END-- [ RunTime:0.000659s ]

[ 2018-10-13T09:26:06+08:00 ] 219.137.187.167 /index.php/Admin/Login/verify
INFO: [ app_init ] --START--
INFO: Run Behavior\BuildLiteBehavior [ RunTime:0.000010s ]
INFO: [ app_init ] --END-- [ RunTime:0.000323s ]
INFO: [ app_begin ] --START--
INFO: Run Behavior\ReadHtmlCacheBehavior [ RunTime:0.000433s ]
INFO: [ app_begin ] --END-- [ RunTime:0.000464s ]
INFO: [ app_end ] --START--
INFO: Run Behavior\ShowPageTraceBehavior [ RunTime:0.000494s ]
INFO: [ app_end ] --END-- [ RunTime:0.000528s ]

[ 2018-10-13T09:26:12+08:00 ] 219.137.187.167 /index.php/Admin/Login/verify/0.20871845344324536
INFO: [ app_init ] --START--
INFO: Run Behavior\BuildLiteBehavior [ RunTime:0.000010s ]
INFO: [ app_init ] --END-- [ RunTime:0.000292s ]
INFO: [ app_begin ] --START--
INFO: Run Behavior\ReadHtmlCacheBehavior [ RunTime:0.000450s ]
INFO: [ app_begin ] --END-- [ RunTime:0.000485s ]
INFO: [ app_end ] --START--
INFO: Run Behavior\ShowPageTraceBehavior [ RunTime:0.000735s ]
INFO: [ app_end ] --END-- [ RunTime:0.000784s ]

[ 2018-10-13T09:26:13+08:00 ] 219.137.187.167 /index.php/Admin/Login/verify/0.06963502659379017
INFO: [ app_init ] --START--
INFO: Run Behavior\BuildLiteBehavior [ RunTime:0.000010s ]
INFO: [ app_init ] --END-- [ RunTime:0.000287s ]
INFO: [ app_begin ] --START--
INFO: Run Behavior\ReadHtmlCacheBehavior [ RunTime:0.000448s ]
INFO: [ app_begin ] --END-- [ RunTime:0.000483s ]
INFO: [ app_end ] --START--
INFO: Run Behavior\ShowPageTraceBehavior [ RunTime:0.000510s ]
INFO: [ app_end ] --END-- [ RunTime:0.000544s ]

[ 2018-10-13T09:26:17+08:00 ] 219.137.187.167 /index.php/Admin/Login/index.html
INFO: [ app_init ] --START--
INFO: Run Behavior\BuildLiteBehavior [ RunTime:0.000011s ]
INFO: [ app_init ] --END-- [ RunTime:0.000477s ]
INFO: [ app_begin ] --START--
INFO: Run Behavior\ReadHtmlCacheBehavior [ RunTime:0.000561s ]
INFO: [ app_begin ] --END-- [ RunTime:0.000595s ]
NOTIC: [2] Use of undefined constant regex - assumed 'regex' (this will throw an Error in a future version of PHP) C:\xampp\htdocs\www\x\ThinkPHP\Common\functions.php 第 588 行.
SQL: SHOW COLUMNS FROM `sp_admin` [ RunTime:0.0022s ]
SQL: SELECT * FROM `sp_admin` WHERE ( username='ydx' ) LIMIT 1   [ RunTime:0.0003s ]
INFO: [ view_parse ] --START--
INFO: [ template_filter ] --START--
INFO: Run Behavior\ContentReplaceBehavior [ RunTime:0.000026s ]
INFO: [ template_filter ] --END-- [ RunTime:0.000061s ]
INFO: Run Behavior\ParseTemplateBehavior [ RunTime:0.005012s ]
INFO: [ view_parse ] --END-- [ RunTime:0.005048s ]
INFO: [ view_filter ] --START--
INFO: Run Behavior\WriteHtmlCacheBehavior [ RunTime:0.000197s ]
INFO: [ view_filter ] --END-- [ RunTime:0.000217s ]
INFO: [ app_end ] --START--
INFO: Run Behavior\ShowPageTraceBehavior [ RunTime:0.000520s ]
INFO: [ app_end ] --END-- [ RunTime:0.000545s ]

[ 2018-10-13T09:26:18+08:00 ] 219.137.187.167 /index.php/Admin/Index/index.html
INFO: [ app_init ] --START--
INFO: Run Behavior\BuildLiteBehavior [ RunTime:0.000010s ]
INFO: [ app_init ] --END-- [ RunTime:0.000344s ]
INFO: [ app_begin ] --START--
INFO: Run Behavior\ReadHtmlCacheBehavior [ RunTime:0.000493s ]
INFO: [ app_begin ] --END-- [ RunTime:0.000530s ]
INFO: [ view_parse ] --START--
INFO: [ template_filter ] --START--
INFO: Run Behavior\ContentReplaceBehavior [ RunTime:0.000102s ]
INFO: [ template_filter ] --END-- [ RunTime:0.000138s ]
INFO: Run Behavior\ParseTemplateBehavior [ RunTime:0.007000s ]
INFO: [ view_parse ] --END-- [ RunTime:0.007038s ]
INFO: [ view_filter ] --START--
INFO: Run Behavior\WriteHtmlCacheBehavior [ RunTime:0.000241s ]
INFO: [ view_filter ] --END-- [ RunTime:0.000269s ]
INFO: [ app_end ] --START--
INFO: Run Behavior\ShowPageTraceBehavior [ RunTime:0.000621s ]
INFO: [ app_end ] --END-- [ RunTime:0.000659s ]

[ 2018-10-13T09:26:20+08:00 ] 219.137.187.167 /index.php/Admin/index/ip
INFO: [ app_init ] --START--
INFO: Run Behavior\BuildLiteBehavior [ RunTime:0.000009s ]
INFO: [ app_init ] --END-- [ RunTime:0.000285s ]
INFO: [ app_begin ] --START--
INFO: Run Behavior\ReadHtmlCacheBehavior [ RunTime:0.000437s ]
INFO: [ app_begin ] --END-- [ RunTime:0.000466s ]
SQL: SHOW COLUMNS FROM `sp_ip` [ RunTime:0.0017s ]
SQL: SELECT * FROM `sp_ip`  [ RunTime:0.0008s ]
INFO: [ view_parse ] --START--
INFO: [ template_filter ] --START--
INFO: Run Behavior\ContentReplaceBehavior [ RunTime:0.000095s ]
INFO: [ template_filter ] --END-- [ RunTime:0.000133s ]
NOTIC: [8] Undefined variable: page C:\xampp\htdocs\www\x\Application\Runtime\Cache\Admin\e510d7bd94972232462a201f9b9f9fe8.php 第 347 行.
INFO: Run Behavior\ParseTemplateBehavior [ RunTime:0.007863s ]
INFO: [ view_parse ] --END-- [ RunTime:0.007898s ]
INFO: [ view_filter ] --START--
INFO: Run Behavior\WriteHtmlCacheBehavior [ RunTime:0.000308s ]
INFO: [ view_filter ] --END-- [ RunTime:0.000331s ]
INFO: [ app_end ] --START--
INFO: Run Behavior\ShowPageTraceBehavior [ RunTime:0.000477s ]
INFO: [ app_end ] --END-- [ RunTime:0.000502s ]

[ 2018-10-13T09:27:04+08:00 ] 101.89.29.86 /admin
INFO: [ app_init ] --START--
INFO: Run Behavior\BuildLiteBehavior [ RunTime:0.000010s ]
INFO: [ app_init ] --END-- [ RunTime:0.000331s ]
INFO: [ app_begin ] --START--
INFO: Run Behavior\ReadHtmlCacheBehavior [ RunTime:0.000963s ]
INFO: [ app_begin ] --END-- [ RunTime:0.001027s ]
INFO: [ view_parse ] --START--
INFO: [ template_filter ] --START--
INFO: Run Behavior\ContentReplaceBehavior [ RunTime:0.000025s ]
INFO: [ template_filter ] --END-- [ RunTime:0.000059s ]
INFO: Run Behavior\ParseTemplateBehavior [ RunTime:0.005013s ]
INFO: [ view_parse ] --END-- [ RunTime:0.005052s ]
INFO: [ view_filter ] --START--
INFO: Run Behavior\WriteHtmlCacheBehavior [ RunTime:0.000278s ]
INFO: [ view_filter ] --END-- [ RunTime:0.000301s ]

[ 2018-10-13T09:27:18+08:00 ] 101.91.60.108 /index.php/admin/index/index.html
INFO: [ app_init ] --START--
INFO: Run Behavior\BuildLiteBehavior [ RunTime:0.000013s ]
INFO: [ app_init ] --END-- [ RunTime:0.000378s ]
INFO: [ app_begin ] --START--
INFO: Run Behavior\ReadHtmlCacheBehavior [ RunTime:0.000535s ]
INFO: [ app_begin ] --END-- [ RunTime:0.000577s ]
INFO: [ view_parse ] --START--
INFO: [ template_filter ] --START--
INFO: Run Behavior\ContentReplaceBehavior [ RunTime:0.000035s ]
INFO: [ template_filter ] --END-- [ RunTime:0.000080s ]
INFO: Run Behavior\ParseTemplateBehavior [ RunTime:0.005359s ]
INFO: [ view_parse ] --END-- [ RunTime:0.005401s ]
INFO: [ view_filter ] --START--
INFO: Run Behavior\WriteHtmlCacheBehavior [ RunTime:0.000261s ]
INFO: [ view_filter ] --END-- [ RunTime:0.000291s ]

[ 2018-10-13T09:37:30+08:00 ] 219.137.187.167 /index.php/Admin/index/ip
INFO: [ app_init ] --START--
INFO: Run Behavior\BuildLiteBehavior [ RunTime:0.000010s ]
INFO: [ app_init ] --END-- [ RunTime:0.000323s ]
INFO: [ app_begin ] --START--
INFO: Run Behavior\ReadHtmlCacheBehavior [ RunTime:0.000520s ]
INFO: [ app_begin ] --END-- [ RunTime:0.000552s ]
SQL: SHOW COLUMNS FROM `sp_ip` [ RunTime:0.0017s ]
SQL: SELECT * FROM `sp_ip`  [ RunTime:0.0006s ]
INFO: [ view_parse ] --START--
INFO: [ template_filter ] --START--
INFO: Run Behavior\ContentReplaceBehavior [ RunTime:0.000096s ]
INFO: [ template_filter ] --END-- [ RunTime:0.000130s ]
NOTIC: [8] Undefined variable: page C:\xampp\htdocs\www\x\Application\Runtime\Cache\Admin\e510d7bd94972232462a201f9b9f9fe8.php 第 349 行.
INFO: Run Behavior\ParseTemplateBehavior [ RunTime:0.007746s ]
INFO: [ view_parse ] --END-- [ RunTime:0.007782s ]
INFO: [ view_filter ] --START--
INFO: Run Behavior\WriteHtmlCacheBehavior [ RunTime:0.000322s ]
INFO: [ view_filter ] --END-- [ RunTime:0.000350s ]
INFO: [ app_end ] --START--
INFO: Run Behavior\ShowPageTraceBehavior [ RunTime:0.000633s ]
INFO: [ app_end ] --END-- [ RunTime:0.000667s ]

[ 2018-10-13T09:38:36+08:00 ] 219.137.187.167 /index.php/Admin/index/ip
INFO: [ app_init ] --START--
INFO: Run Behavior\BuildLiteBehavior [ RunTime:0.000013s ]
INFO: [ app_init ] --END-- [ RunTime:0.000328s ]
INFO: [ app_begin ] --START--
INFO: Run Behavior\ReadHtmlCacheBehavior [ RunTime:0.000472s ]
INFO: [ app_begin ] --END-- [ RunTime:0.000508s ]
SQL: SHOW COLUMNS FROM `sp_ip` [ RunTime:0.0015s ]
SQL: SELECT * FROM `sp_ip`  [ RunTime:0.0006s ]
INFO: [ view_parse ] --START--
INFO: [ template_filter ] --START--
INFO: Run Behavior\ContentReplaceBehavior [ RunTime:0.000091s ]
INFO: [ template_filter ] --END-- [ RunTime:0.000123s ]
NOTIC: [8] Undefined variable: page C:\xampp\htdocs\www\x\Application\Runtime\Cache\Admin\e510d7bd94972232462a201f9b9f9fe8.php 第 349 行.
INFO: Run Behavior\ParseTemplateBehavior [ RunTime:0.006745s ]
INFO: [ view_parse ] --END-- [ RunTime:0.006776s ]
INFO: [ view_filter ] --START--
INFO: Run Behavior\WriteHtmlCacheBehavior [ RunTime:0.000217s ]
INFO: [ view_filter ] --END-- [ RunTime:0.000254s ]
INFO: [ app_end ] --START--
INFO: Run Behavior\ShowPageTraceBehavior [ RunTime:0.000499s ]
INFO: [ app_end ] --END-- [ RunTime:0.000523s ]

[ 2018-10-13T09:39:00+08:00 ] 219.137.187.167 /index.php/Admin/index/ip
INFO: [ app_init ] --START--
INFO: Run Behavior\BuildLiteBehavior [ RunTime:0.000013s ]
INFO: [ app_init ] --END-- [ RunTime:0.000377s ]
INFO: [ app_begin ] --START--
INFO: Run Behavior\ReadHtmlCacheBehavior [ RunTime:0.000505s ]
INFO: [ app_begin ] --END-- [ RunTime:0.000533s ]
SQL: SHOW COLUMNS FROM `sp_ip` [ RunTime:0.0020s ]
SQL: SELECT * FROM `sp_ip`  [ RunTime:0.0006s ]
INFO: [ view_parse ] --START--
INFO: [ template_filter ] --START--
INFO: Run Behavior\ContentReplaceBehavior [ RunTime:0.000091s ]
INFO: [ template_filter ] --END-- [ RunTime:0.000139s ]
NOTIC: [8] Undefined variable: page C:\xampp\htdocs\www\x\Application\Runtime\Cache\Admin\e510d7bd94972232462a201f9b9f9fe8.php 第 349 行.
INFO: Run Behavior\ParseTemplateBehavior [ RunTime:0.007502s ]
INFO: [ view_parse ] --END-- [ RunTime:0.007538s ]
INFO: [ view_filter ] --START--
INFO: Run Behavior\WriteHtmlCacheBehavior [ RunTime:0.000371s ]
INFO: [ view_filter ] --END-- [ RunTime:0.000400s ]
INFO: [ app_end ] --START--
INFO: Run Behavior\ShowPageTraceBehavior [ RunTime:0.000573s ]
INFO: [ app_end ] --END-- [ RunTime:0.000600s ]

[ 2018-10-13T09:39:34+08:00 ] 219.137.187.167 /index.php/Admin/index/ip
INFO: [ app_init ] --START--
INFO: Run Behavior\BuildLiteBehavior [ RunTime:0.000010s ]
INFO: [ app_init ] --END-- [ RunTime:0.000395s ]
INFO: [ app_begin ] --START--
INFO: Run Behavior\ReadHtmlCacheBehavior [ RunTime:0.000590s ]
INFO: [ app_begin ] --END-- [ RunTime:0.000678s ]
SQL: SHOW COLUMNS FROM `sp_ip` [ RunTime:0.0016s ]
SQL: SELECT * FROM `sp_ip` ORDER BY id desc  [ RunTime:0.0008s ]
INFO: [ view_parse ] --START--
INFO: [ template_filter ] --START--
INFO: Run Behavior\ContentReplaceBehavior [ RunTime:0.000100s ]
INFO: [ template_filter ] --END-- [ RunTime:0.000139s ]
NOTIC: [8] Undefined variable: page C:\xampp\htdocs\www\x\Application\Runtime\Cache\Admin\e510d7bd94972232462a201f9b9f9fe8.php 第 349 行.
INFO: Run Behavior\ParseTemplateBehavior [ RunTime:0.008637s ]
INFO: [ view_parse ] --END-- [ RunTime:0.008679s ]
INFO: [ view_filter ] --START--
INFO: Run Behavior\WriteHtmlCacheBehavior [ RunTime:0.000313s ]
INFO: [ view_filter ] --END-- [ RunTime:0.000336s ]
INFO: [ app_end ] --START--
INFO: Run Behavior\ShowPageTraceBehavior [ RunTime:0.000612s ]
INFO: [ app_end ] --END-- [ RunTime:0.000638s ]

[ 2018-10-13T09:39:58+08:00 ] 219.137.187.167 /index.php/Admin/index/dds
INFO: [ app_init ] --START--
INFO: Run Behavior\BuildLiteBehavior [ RunTime:0.000013s ]
INFO: [ app_init ] --END-- [ RunTime:0.000317s ]
INFO: [ app_begin ] --START--
INFO: Run Behavior\ReadHtmlCacheBehavior [ RunTime:0.000439s ]
INFO: [ app_begin ] --END-- [ RunTime:0.000469s ]
SQL: SHOW COLUMNS FROM `sp_dingdans` [ RunTime:0.0021s ]
SQL: SELECT * FROM `sp_dingdans`  [ RunTime:0.0192s ]
NOTIC: [2] Use of undefined constant unique - assumed 'unique' (this will throw an Error in a future version of PHP) C:\xampp\htdocs\www\x\ThinkPHP\Common\functions.php 第 588 行.
SQL: SHOW COLUMNS FROM `sp_goods` [ RunTime:0.0021s ]
NOTIC: [8] Undefined index: sid C:\xampp\htdocs\www\x\Application\Admin\Controller\IndexController.class.php 第 36 行.
SQL: SELECT * FROM `sp_goods` LIMIT 1   [ RunTime:0.0003s ]
NOTIC: [8] Undefined index: sid C:\xampp\htdocs\www\x\Application\Admin\Controller\IndexController.class.php 第 36 行.
SQL: SELECT * FROM `sp_goods` LIMIT 1   [ RunTime:0.0005s ]
NOTIC: [8] Undefined index: sid C:\xampp\htdocs\www\x\Application\Admin\Controller\IndexController.class.php 第 36 行.
SQL: SELECT * FROM `sp_goods` LIMIT 1   [ RunTime:0.0002s ]
NOTIC: [8] Undefined index: sid C:\xampp\htdocs\www\x\Application\Admin\Controller\IndexController.class.php 第 36 行.
SQL: SELECT * FROM `sp_goods` LIMIT 1   [ RunTime:0.0002s ]
NOTIC: [8] Undefined index: sid C:\xampp\htdocs\www\x\Application\Admin\Controller\IndexController.class.php 第 36 行.
SQL: SELECT * FROM `sp_goods` LIMIT 1   [ RunTime:0.0002s ]
NOTIC: [8] Undefined index: sid C:\xampp\htdocs\www\x\Application\Admin\Controller\IndexController.class.php 第 36 行.
SQL: SELECT * FROM `sp_goods` LIMIT 1   [ RunTime:0.0002s ]
NOTIC: [8] Undefined index: sid C:\xampp\htdocs\www\x\Application\Admin\Controller\IndexController.class.php 第 36 行.
SQL: SELECT * FROM `sp_goods` LIMIT 1   [ RunTime:0.0002s ]
NOTIC: [8] Undefined index: sid C:\xampp\htdocs\www\x\Application\Admin\Controller\IndexController.class.php 第 36 行.
SQL: SELECT * FROM `sp_goods` LIMIT 1   [ RunTime:0.0002s ]
NOTIC: [8] Undefined index: sid C:\xampp\htdocs\www\x\Application\Admin\Controller\IndexController.class.php 第 36 行.
SQL: SELECT * FROM `sp_goods` LIMIT 1   [ RunTime:0.0002s ]
NOTIC: [8] Undefined index: sid C:\xampp\htdocs\www\x\Application\Admin\Controller\IndexController.class.php 第 36 行.
SQL: SELECT * FROM `sp_goods` LIMIT 1   [ RunTime:0.0002s ]
NOTIC: [8] Undefined index: sid C:\xampp\htdocs\www\x\Application\Admin\Controller\IndexController.class.php 第 36 行.
SQL: SELECT * FROM `sp_goods` LIMIT 1   [ RunTime:0.0002s ]
NOTIC: [8] Undefined index: sid C:\xampp\htdocs\www\x\Application\Admin\Controller\IndexController.class.php 第 36 行.
SQL: SELECT * FROM `sp_goods` LIMIT 1   [ RunTime:0.0005s ]
NOTIC: [8] Undefined index: sid C:\xampp\htdocs\www\x\Application\Admin\Controller\IndexController.class.php 第 36 行.
SQL: SELECT * FROM `sp_goods` LIMIT 1   [ RunTime:0.0003s ]
NOTIC: [8] Undefined index: sid C:\xampp\htdocs\www\x\Application\Admin\Controller\IndexController.class.php 第 36 行.
SQL: SELECT * FROM `sp_goods` LIMIT 1   [ RunTime:0.0002s ]
NOTIC: [8] Undefined index: sid C:\xampp\htdocs\www\x\Application\Admin\Controller\IndexController.class.php 第 36 行.
SQL: SELECT * FROM `sp_goods` LIMIT 1   [ RunTime:0.0003s ]
NOTIC: [8] Undefined index: sid C:\xampp\htdocs\www\x\Application\Admin\Controller\IndexController.class.php 第 36 行.
SQL: SELECT * FROM `sp_goods` LIMIT 1   [ RunTime:0.0002s ]
INFO: [ view_parse ] --START--
INFO: [ template_filter ] --START--
INFO: Run Behavior\ContentReplaceBehavior [ RunTime:0.000095s ]
INFO: [ template_filter ] --END-- [ RunTime:0.000129s ]
NOTIC: [8] Undefined index: sid C:\xampp\htdocs\www\x\Application\Runtime\Cache\Admin\7b3c0cfe72716cfc62e3ee7efb6a665c.php 第 341 行.
NOTIC: [8] Undefined index: provinceid C:\xampp\htdocs\www\x\Application\Runtime\Cache\Admin\7b3c0cfe72716cfc62e3ee7efb6a665c.php 第 347 行.
NOTIC: [8] Undefined index: sid C:\xampp\htdocs\www\x\Application\Runtime\Cache\Admin\7b3c0cfe72716cfc62e3ee7efb6a665c.php 第 341 行.
NOTIC: [8] Undefined index: provinceid C:\xampp\htdocs\www\x\Application\Runtime\Cache\Admin\7b3c0cfe72716cfc62e3ee7efb6a665c.php 第 347 行.
NOTIC: [8] Undefined index: sid C:\xampp\htdocs\www\x\Application\Runtime\Cache\Admin\7b3c0cfe72716cfc62e3ee7efb6a665c.php 第 341 行.
NOTIC: [8] Undefined index: provinceid C:\xampp\htdocs\www\x\Application\Runtime\Cache\Admin\7b3c0cfe72716cfc62e3ee7efb6a665c.php 第 347 行.
NOTIC: [8] Undefined index: sid C:\xampp\htdocs\www\x\Application\Runtime\Cache\Admin\7b3c0cfe72716cfc62e3ee7efb6a665c.php 第 341 行.
NOTIC: [8] Undefined index: provinceid C:\xampp\htdocs\www\x\Application\Runtime\Cache\Admin\7b3c0cfe72716cfc62e3ee7efb6a665c.php 第 347 行.
NOTIC: [8] Undefined index: sid C:\xampp\htdocs\www\x\Application\Runtime\Cache\Admin\7b3c0cfe72716cfc62e3ee7efb6a665c.php 第 341 行.
NOTIC: [8] Undefined index: provinceid C:\xampp\htdocs\www\x\Application\Runtime\Cache\Admin\7b3c0cfe72716cfc62e3ee7efb6a665c.php 第 347 行.
NOTIC: [8] Undefined index: sid C:\xampp\htdocs\www\x\Application\Runtime\Cache\Admin\7b3c0cfe72716cfc62e3ee7efb6a665c.php 第 341 行.
NOTIC: [8] Undefined index: provinceid C:\xampp\htdocs\www\x\Application\Runtime\Cache\Admin\7b3c0cfe72716cfc62e3ee7efb6a665c.php 第 347 行.
NOTIC: [8] Undefined index: sid C:\xampp\htdocs\www\x\Application\Runtime\Cache\Admin\7b3c0cfe72716cfc62e3ee7efb6a665c.php 第 341 行.
NOTIC: [8] Undefined index: provinceid C:\xampp\htdocs\www\x\Application\Runtime\Cache\Admin\7b3c0cfe72716cfc62e3ee7efb6a665c.php 第 347 行.
NOTIC: [8] Undefined index: sid C:\xampp\htdocs\www\x\Application\Runtime\Cache\Admin\7b3c0cfe72716cfc62e3ee7efb6a665c.php 第 341 行.
NOTIC: [8] Undefined index: provinceid C:\xampp\htdocs\www\x\Application\Runtime\Cache\Admin\7b3c0cfe72716cfc62e3ee7efb6a665c.php 第 347 行.
NOTIC: [8] Undefined index: sid C:\xampp\htdocs\www\x\Application\Runtime\Cache\Admin\7b3c0cfe72716cfc62e3ee7efb6a665c.php 第 341 行.
NOTIC: [8] Undefined index: provinceid C:\xampp\htdocs\www\x\Application\Runtime\Cache\Admin\7b3c0cfe72716cfc62e3ee7efb6a665c.php 第 347 行.
NOTIC: [8] Undefined index: sid C:\xampp\htdocs\www\x\Application\Runtime\Cache\Admin\7b3c0cfe72716cfc62e3ee7efb6a665c.php 第 341 行.
NOTIC: [8] Undefined index: provinceid C:\xampp\htdocs\www\x\Application\Runtime\Cache\Admin\7b3c0cfe72716cfc62e3ee7efb6a665c.php 第 347 行.
NOTIC: [8] Undefined index: sid C:\xampp\htdocs\www\x\Application\Runtime\Cache\Admin\7b3c0cfe72716cfc62e3ee7efb6a665c.php 第 341 行.
NOTIC: [8] Undefined index: provinceid C:\xampp\htdocs\www\x\Application\Runtime\Cache\Admin\7b3c0cfe72716cfc62e3ee7efb6a665c.php 第 347 行.
NOTIC: [8] Undefined index: sid C:\xampp\htdocs\www\x\Application\Runtime\Cache\Admin\7b3c0cfe72716cfc62e3ee7efb6a665c.php 第 341 行.
NOTIC: [8] Undefined index: provinceid C:\xampp\htdocs\www\x\Application\Runtime\Cache\Admin\7b3c0cfe72716cfc62e3ee7efb6a665c.php 第 347 行.
NOTIC: [8] Undefined index: sid C:\xampp\htdocs\www\x\Application\Runtime\Cache\Admin\7b3c0cfe72716cfc62e3ee7efb6a665c.php 第 341 行.
NOTIC: [8] Undefined index: provinceid C:\xampp\htdocs\www\x\Application\Runtime\Cache\Admin\7b3c0cfe72716cfc62e3ee7efb6a665c.php 第 347 行.
NOTIC: [8] Undefined index: sid C:\xampp\htdocs\www\x\Application\Runtime\Cache\Admin\7b3c0cfe72716cfc62e3ee7efb6a665c.php 第 341 行.
NOTIC: [8] Undefined index: provinceid C:\xampp\htdocs\www\x\Application\Runtime\Cache\Admin\7b3c0cfe72716cfc62e3ee7efb6a665c.php 第 347 行.
NOTIC: [8] Undefined index: sid C:\xampp\htdocs\www\x\Application\Runtime\Cache\Admin\7b3c0cfe72716cfc62e3ee7efb6a665c.php 第 341 行.
NOTIC: [8] Undefined index: provinceid C:\xampp\htdocs\www\x\Application\Runtime\Cache\Admin\7b3c0cfe72716cfc62e3ee7efb6a665c.php 第 347 行.
NOTIC: [8] Undefined index: sid C:\xampp\htdocs\www\x\Application\Runtime\Cache\Admin\7b3c0cfe72716cfc62e3ee7efb6a665c.php 第 341 行.
NOTIC: [8] Undefined index: provinceid C:\xampp\htdocs\www\x\Application\Runtime\Cache\Admin\7b3c0cfe72716cfc62e3ee7efb6a665c.php 第 347 行.
NOTIC: [8] Undefined variable: page C:\xampp\htdocs\www\x\Application\Runtime\Cache\Admin\7b3c0cfe72716cfc62e3ee7efb6a665c.php 第 353 行.
INFO: Run Behavior\ParseTemplateBehavior [ RunTime:0.007286s ]
INFO: [ view_parse ] --END-- [ RunTime:0.007330s ]
INFO: [ view_filter ] --START--
INFO: Run Behavior\WriteHtmlCacheBehavior [ RunTime:0.000240s ]
INFO: [ view_filter ] --END-- [ RunTime:0.000262s ]
INFO: [ app_end ] --START--
INFO: Run Behavior\ShowPageTraceBehavior [ RunTime:0.000544s ]
INFO: [ app_end ] --END-- [ RunTime:0.000569s ]

[ 2018-10-13T09:40:14+08:00 ] 219.137.187.167 /index.php/Admin/index/dd
INFO: [ app_init ] --START--
INFO: Run Behavior\BuildLiteBehavior [ RunTime:0.000009s ]
INFO: [ app_init ] --END-- [ RunTime:0.000283s ]
INFO: [ app_begin ] --START--
INFO: Run Behavior\ReadHtmlCacheBehavior [ RunTime:0.000546s ]
INFO: [ app_begin ] --END-- [ RunTime:0.000582s ]
SQL: SHOW COLUMNS FROM `sp_dingdan` [ RunTime:0.0017s ]
SQL: SELECT * FROM `sp_dingdan`  [ RunTime:0.0012s ]
NOTIC: [2] Use of undefined constant unique - assumed 'unique' (this will throw an Error in a future version of PHP) C:\xampp\htdocs\www\x\ThinkPHP\Common\functions.php 第 588 行.
SQL: SHOW COLUMNS FROM `sp_goods` [ RunTime:0.0018s ]
SQL: SELECT * FROM `sp_goods` WHERE `id` = 79 LIMIT 1   [ RunTime:0.0006s ]
SQL: SELECT * FROM `sp_goods` WHERE `id` = 79 LIMIT 1   [ RunTime:0.0002s ]
SQL: SELECT * FROM `sp_goods` WHERE `id` = 78 LIMIT 1   [ RunTime:0.0002s ]
SQL: SELECT * FROM `sp_goods` WHERE `id` = 79 LIMIT 1   [ RunTime:0.0002s ]
INFO: [ view_parse ] --START--
INFO: [ template_filter ] --START--
INFO: Run Behavior\ContentReplaceBehavior [ RunTime:0.000095s ]
INFO: [ template_filter ] --END-- [ RunTime:0.000127s ]
NOTIC: [8] Undefined variable: page C:\xampp\htdocs\www\x\Application\Runtime\Cache\Admin\cdc6ae16223333975b145587b1664e15.php 第 353 行.
INFO: Run Behavior\ParseTemplateBehavior [ RunTime:0.007222s ]
INFO: [ view_parse ] --END-- [ RunTime:0.007256s ]
INFO: [ view_filter ] --START--
INFO: Run Behavior\WriteHtmlCacheBehavior [ RunTime:0.000242s ]
INFO: [ view_filter ] --END-- [ RunTime:0.000263s ]
INFO: [ app_end ] --START--
INFO: Run Behavior\ShowPageTraceBehavior [ RunTime:0.000509s ]
INFO: [ app_end ] --END-- [ RunTime:0.000533s ]

[ 2018-10-13T09:40:20+08:00 ] 219.137.187.167 /index.php/Admin/index/dds
INFO: [ app_init ] --START--
INFO: Run Behavior\BuildLiteBehavior [ RunTime:0.000010s ]
INFO: [ app_init ] --END-- [ RunTime:0.000415s ]
INFO: [ app_begin ] --START--
INFO: Run Behavior\ReadHtmlCacheBehavior [ RunTime:0.000698s ]
INFO: [ app_begin ] --END-- [ RunTime:0.000747s ]
SQL: SHOW COLUMNS FROM `sp_dingdans` [ RunTime:0.0016s ]
SQL: SELECT * FROM `sp_dingdans`  [ RunTime:0.0007s ]
NOTIC: [2] Use of undefined constant unique - assumed 'unique' (this will throw an Error in a future version of PHP) C:\xampp\htdocs\www\x\ThinkPHP\Common\functions.php 第 588 行.
SQL: SHOW COLUMNS FROM `sp_goods` [ RunTime:0.0018s ]
NOTIC: [8] Undefined index: sid C:\xampp\htdocs\www\x\Application\Admin\Controller\IndexController.class.php 第 36 行.
SQL: SELECT * FROM `sp_goods` LIMIT 1   [ RunTime:0.0003s ]
NOTIC: [8] Undefined index: sid C:\xampp\htdocs\www\x\Application\Admin\Controller\IndexController.class.php 第 36 行.
SQL: SELECT * FROM `sp_goods` LIMIT 1   [ RunTime:0.0002s ]
NOTIC: [8] Undefined index: sid C:\xampp\htdocs\www\x\Application\Admin\Controller\IndexController.class.php 第 36 行.
SQL: SELECT * FROM `sp_goods` LIMIT 1   [ RunTime:0.0002s ]
NOTIC: [8] Undefined index: sid C:\xampp\htdocs\www\x\Application\Admin\Controller\IndexController.class.php 第 36 行.
SQL: SELECT * FROM `sp_goods` LIMIT 1   [ RunTime:0.0002s ]
NOTIC: [8] Undefined index: sid C:\xampp\htdocs\www\x\Application\Admin\Controller\IndexController.class.php 第 36 行.
SQL: SELECT * FROM `sp_goods` LIMIT 1   [ RunTime:0.0002s ]
NOTIC: [8] Undefined index: sid C:\xampp\htdocs\www\x\Application\Admin\Controller\IndexController.class.php 第 36 行.
SQL: SELECT * FROM `sp_goods` LIMIT 1   [ RunTime:0.0002s ]
NOTIC: [8] Undefined index: sid C:\xampp\htdocs\www\x\Application\Admin\Controller\IndexController.class.php 第 36 行.
SQL: SELECT * FROM `sp_goods` LIMIT 1   [ RunTime:0.0001s ]
NOTIC: [8] Undefined index: sid C:\xampp\htdocs\www\x\Application\Admin\Controller\IndexController.class.php 第 36 行.
SQL: SELECT * FROM `sp_goods` LIMIT 1   [ RunTime:0.0002s ]
NOTIC: [8] Undefined index: sid C:\xampp\htdocs\www\x\Application\Admin\Controller\IndexController.class.php 第 36 行.
SQL: SELECT * FROM `sp_goods` LIMIT 1   [ RunTime:0.0002s ]
NOTIC: [8] Undefined index: sid C:\xampp\htdocs\www\x\Application\Admin\Controller\IndexController.class.php 第 36 行.
SQL: SELECT * FROM `sp_goods` LIMIT 1   [ RunTime:0.0002s ]
NOTIC: [8] Undefined index: sid C:\xampp\htdocs\www\x\Application\Admin\Controller\IndexController.class.php 第 36 行.
SQL: SELECT * FROM `sp_goods` LIMIT 1   [ RunTime:0.0001s ]
NOTIC: [8] Undefined index: sid C:\xampp\htdocs\www\x\Application\Admin\Controller\IndexController.class.php 第 36 行.
SQL: SELECT * FROM `sp_goods` LIMIT 1   [ RunTime:0.0002s ]
NOTIC: [8] Undefined index: sid C:\xampp\htdocs\www\x\Application\Admin\Controller\IndexController.class.php 第 36 行.
SQL: SELECT * FROM `sp_goods` LIMIT 1   [ RunTime:0.0002s ]
NOTIC: [8] Undefined index: sid C:\xampp\htdocs\www\x\Application\Admin\Controller\IndexController.class.php 第 36 行.
SQL: SELECT * FROM `sp_goods` LIMIT 1   [ RunTime:0.0002s ]
NOTIC: [8] Undefined index: sid C:\xampp\htdocs\www\x\Application\Admin\Controller\IndexController.class.php 第 36 行.
SQL: SELECT * FROM `sp_goods` LIMIT 1   [ RunTime:0.0001s ]
NOTIC: [8] Undefined index: sid C:\xampp\htdocs\www\x\Application\Admin\Controller\IndexController.class.php 第 36 行.
SQL: SELECT * FROM `sp_goods` LIMIT 1   [ RunTime:0.0001s ]
INFO: [ view_parse ] --START--
INFO: [ template_filter ] --START--
INFO: Run Behavior\ContentReplaceBehavior [ RunTime:0.000098s ]
INFO: [ template_filter ] --END-- [ RunTime:0.000137s ]
NOTIC: [8] Undefined index: sid C:\xampp\htdocs\www\x\Application\Runtime\Cache\Admin\7b3c0cfe72716cfc62e3ee7efb6a665c.php 第 341 行.
NOTIC: [8] Undefined index: provinceid C:\xampp\htdocs\www\x\Application\Runtime\Cache\Admin\7b3c0cfe72716cfc62e3ee7efb6a665c.php 第 347 行.
NOTIC: [8] Undefined index: sid C:\xampp\htdocs\www\x\Application\Runtime\Cache\Admin\7b3c0cfe72716cfc62e3ee7efb6a665c.php 第 341 行.
NOTIC: [8] Undefined index: provinceid C:\xampp\htdocs\www\x\Application\Runtime\Cache\Admin\7b3c0cfe72716cfc62e3ee7efb6a665c.php 第 347 行.
NOTIC: [8] Undefined index: sid C:\xampp\htdocs\www\x\Application\Runtime\Cache\Admin\7b3c0cfe72716cfc62e3ee7efb6a665c.php 第 341 行.
NOTIC: [8] Undefined index: provinceid C:\xampp\htdocs\www\x\Application\Runtime\Cache\Admin\7b3c0cfe72716cfc62e3ee7efb6a665c.php 第 347 行.
NOTIC: [8] Undefined index: sid C:\xampp\htdocs\www\x\Application\Runtime\Cache\Admin\7b3c0cfe72716cfc62e3ee7efb6a665c.php 第 341 行.
NOTIC: [8] Undefined index: provinceid C:\xampp\htdocs\www\x\Application\Runtime\Cache\Admin\7b3c0cfe72716cfc62e3ee7efb6a665c.php 第 347 行.
NOTIC: [8] Undefined index: sid C:\xampp\htdocs\www\x\Application\Runtime\Cache\Admin\7b3c0cfe72716cfc62e3ee7efb6a665c.php 第 341 行.
NOTIC: [8] Undefined index: provinceid C:\xampp\htdocs\www\x\Application\Runtime\Cache\Admin\7b3c0cfe72716cfc62e3ee7efb6a665c.php 第 347 行.
NOTIC: [8] Undefined index: sid C:\xampp\htdocs\www\x\Application\Runtime\Cache\Admin\7b3c0cfe72716cfc62e3ee7efb6a665c.php 第 341 行.
NOTIC: [8] Undefined index: provinceid C:\xampp\htdocs\www\x\Application\Runtime\Cache\Admin\7b3c0cfe72716cfc62e3ee7efb6a665c.php 第 347 行.
NOTIC: [8] Undefined index: sid C:\xampp\htdocs\www\x\Application\Runtime\Cache\Admin\7b3c0cfe72716cfc62e3ee7efb6a665c.php 第 341 行.
NOTIC: [8] Undefined index: provinceid C:\xampp\htdocs\www\x\Application\Runtime\Cache\Admin\7b3c0cfe72716cfc62e3ee7efb6a665c.php 第 347 行.
NOTIC: [8] Undefined index: sid C:\xampp\htdocs\www\x\Application\Runtime\Cache\Admin\7b3c0cfe72716cfc62e3ee7efb6a665c.php 第 341 行.
NOTIC: [8] Undefined index: provinceid C:\xampp\htdocs\www\x\Application\Runtime\Cache\Admin\7b3c0cfe72716cfc62e3ee7efb6a665c.php 第 347 行.
NOTIC: [8] Undefined index: sid C:\xampp\htdocs\www\x\Application\Runtime\Cache\Admin\7b3c0cfe72716cfc62e3ee7efb6a665c.php 第 341 行.
NOTIC: [8] Undefined index: provinceid C:\xampp\htdocs\www\x\Application\Runtime\Cache\Admin\7b3c0cfe72716cfc62e3ee7efb6a665c.php 第 347 行.
NOTIC: [8] Undefined index: sid C:\xampp\htdocs\www\x\Application\Runtime\Cache\Admin\7b3c0cfe72716cfc62e3ee7efb6a665c.php 第 341 行.
NOTIC: [8] Undefined index: provinceid C:\xampp\htdocs\www\x\Application\Runtime\Cache\Admin\7b3c0cfe72716cfc62e3ee7efb6a665c.php 第 347 行.
NOTIC: [8] Undefined index: sid C:\xampp\htdocs\www\x\Application\Runtime\Cache\Admin\7b3c0cfe72716cfc62e3ee7efb6a665c.php 第 341 行.
NOTIC: [8] Undefined index: provinceid C:\xampp\htdocs\www\x\Application\Runtime\Cache\Admin\7b3c0cfe72716cfc62e3ee7efb6a665c.php 第 347 行.
NOTIC: [8] Undefined index: sid C:\xampp\htdocs\www\x\Application\Runtime\Cache\Admin\7b3c0cfe72716cfc62e3ee7efb6a665c.php 第 341 行.
NOTIC: [8] Undefined index: provinceid C:\xampp\htdocs\www\x\Application\Runtime\Cache\Admin\7b3c0cfe72716cfc62e3ee7efb6a665c.php 第 347 行.
NOTIC: [8] Undefined index: sid C:\xampp\htdocs\www\x\Application\Runtime\Cache\Admin\7b3c0cfe72716cfc62e3ee7efb6a665c.php 第 341 行.
NOTIC: [8] Undefined index: provinceid C:\xampp\htdocs\www\x\Application\Runtime\Cache\Admin\7b3c0cfe72716cfc62e3ee7efb6a665c.php 第 347 行.
NOTIC: [8] Undefined index: sid C:\xampp\htdocs\www\x\Application\Runtime\Cache\Admin\7b3c0cfe72716cfc62e3ee7efb6a665c.php 第 341 行.
NOTIC: [8] Undefined index: provinceid C:\xampp\htdocs\www\x\Application\Runtime\Cache\Admin\7b3c0cfe72716cfc62e3ee7efb6a665c.php 第 347 行.
NOTIC: [8] Undefined index: sid C:\xampp\htdocs\www\x\Application\Runtime\Cache\Admin\7b3c0cfe72716cfc62e3ee7efb6a665c.php 第 341 行.
NOTIC: [8] Undefined index: provinceid C:\xampp\htdocs\www\x\Application\Runtime\Cache\Admin\7b3c0cfe72716cfc62e3ee7efb6a665c.php 第 347 行.
NOTIC: [8] Undefined index: sid C:\xampp\htdocs\www\x\Application\Runtime\Cache\Admin\7b3c0cfe72716cfc62e3ee7efb6a665c.php 第 341 行.
NOTIC: [8] Undefined index: provinceid C:\xampp\htdocs\www\x\Application\Runtime\Cache\Admin\7b3c0cfe72716cfc62e3ee7efb6a665c.php 第 347 行.
NOTIC: [8] Undefined variable: page C:\xampp\htdocs\www\x\Application\Runtime\Cache\Admin\7b3c0cfe72716cfc62e3ee7efb6a665c.php 第 353 行.
INFO: Run Behavior\ParseTemplateBehavior [ RunTime:0.007732s ]
INFO: [ view_parse ] --END-- [ RunTime:0.007760s ]
INFO: [ view_filter ] --START--
INFO: Run Behavior\WriteHtmlCacheBehavior [ RunTime:0.000319s ]
INFO: [ view_filter ] --END-- [ RunTime:0.000343s ]
INFO: [ app_end ] --START--
INFO: Run Behavior\ShowPageTraceBehavior [ RunTime:0.000508s ]
INFO: [ app_end ] --END-- [ RunTime:0.000533s ]

[ 2018-10-13T09:40:43+08:00 ] 219.137.187.167 /index.php/Admin/admin/lst
INFO: [ app_init ] --START--
INFO: Run Behavior\BuildLiteBehavior [ RunTime:0.000012s ]
INFO: [ app_init ] --END-- [ RunTime:0.000370s ]
INFO: [ app_begin ] --START--
INFO: Run Behavior\ReadHtmlCacheBehavior [ RunTime:0.000490s ]
INFO: [ app_begin ] --END-- [ RunTime:0.000530s ]
NOTIC: [2] Use of undefined constant regex - assumed 'regex' (this will throw an Error in a future version of PHP) C:\xampp\htdocs\www\x\ThinkPHP\Common\functions.php 第 588 行.
SQL: SHOW COLUMNS FROM `sp_admin` [ RunTime:0.0016s ]
SQL: SELECT COUNT(*) AS tp_count FROM `sp_admin` LIMIT 1   [ RunTime:0.0002s ]
SQL: SELECT * FROM `sp_admin` ORDER BY id desc LIMIT 0,3   [ RunTime:0.0002s ]
INFO: [ view_parse ] --START--
INFO: [ template_filter ] --START--
INFO: Run Behavior\ContentReplaceBehavior [ RunTime:0.000107s ]
INFO: [ template_filter ] --END-- [ RunTime:0.000138s ]
INFO: Run Behavior\ParseTemplateBehavior [ RunTime:0.006744s ]
INFO: [ view_parse ] --END-- [ RunTime:0.006777s ]
INFO: [ view_filter ] --START--
INFO: Run Behavior\WriteHtmlCacheBehavior [ RunTime:0.000209s ]
INFO: [ view_filter ] --END-- [ RunTime:0.000229s ]
INFO: [ app_end ] --START--
INFO: Run Behavior\ShowPageTraceBehavior [ RunTime:0.000486s ]
INFO: [ app_end ] --END-- [ RunTime:0.000510s ]

[ 2018-10-13T09:40:47+08:00 ] 219.137.187.167 /index.php/Admin/Cate/lst
INFO: [ app_init ] --START--
INFO: Run Behavior\BuildLiteBehavior [ RunTime:0.000010s ]
INFO: [ app_init ] --END-- [ RunTime:0.000346s ]
INFO: [ app_begin ] --START--
INFO: Run Behavior\ReadHtmlCacheBehavior [ RunTime:0.000425s ]
INFO: [ app_begin ] --END-- [ RunTime:0.000457s ]
SQL: SHOW COLUMNS FROM `sp_cate` [ RunTime:0.0015s ]
SQL: SELECT * FROM `sp_cate` ORDER BY id desc  [ RunTime:0.0013s ]
INFO: [ view_parse ] --START--
INFO: [ template_filter ] --START--
INFO: Run Behavior\ContentReplaceBehavior [ RunTime:0.000102s ]
INFO: [ template_filter ] --END-- [ RunTime:0.000140s ]
NOTIC: [8] Undefined variable: page C:\xampp\htdocs\www\x\Application\Runtime\Cache\Admin\1e31b38d8d9702701609b47afd2fec77.php 第 351 行.
INFO: Run Behavior\ParseTemplateBehavior [ RunTime:0.007865s ]
INFO: [ view_parse ] --END-- [ RunTime:0.007945s ]
INFO: [ view_filter ] --START--
INFO: Run Behavior\WriteHtmlCacheBehavior [ RunTime:0.000249s ]
INFO: [ view_filter ] --END-- [ RunTime:0.000273s ]
INFO: [ app_end ] --START--
INFO: Run Behavior\ShowPageTraceBehavior [ RunTime:0.000621s ]
INFO: [ app_end ] --END-- [ RunTime:0.000709s ]

[ 2018-10-13T09:40:58+08:00 ] 180.97.118.219 /index.php/admin/index/dds
INFO: [ app_init ] --START--
INFO: Run Behavior\BuildLiteBehavior [ RunTime:0.000010s ]
INFO: [ app_init ] --END-- [ RunTime:0.000387s ]
INFO: [ app_begin ] --START--
INFO: Run Behavior\ReadHtmlCacheBehavior [ RunTime:0.000450s ]
INFO: [ app_begin ] --END-- [ RunTime:0.000479s ]
INFO: [ view_parse ] --START--
INFO: [ template_filter ] --START--
INFO: Run Behavior\ContentReplaceBehavior [ RunTime:0.000023s ]
INFO: [ template_filter ] --END-- [ RunTime:0.000099s ]
INFO: Run Behavior\ParseTemplateBehavior [ RunTime:0.004550s ]
INFO: [ view_parse ] --END-- [ RunTime:0.004581s ]
INFO: [ view_filter ] --START--
INFO: Run Behavior\WriteHtmlCacheBehavior [ RunTime:0.000236s ]
INFO: [ view_filter ] --END-- [ RunTime:0.000257s ]

[ 2018-10-13T09:41:14+08:00 ] 61.151.178.165 /index.php/admin/index/dd
INFO: [ app_init ] --START--
INFO: Run Behavior\BuildLiteBehavior [ RunTime:0.000010s ]
INFO: [ app_init ] --END-- [ RunTime:0.000335s ]
INFO: [ app_begin ] --START--
INFO: Run Behavior\ReadHtmlCacheBehavior [ RunTime:0.000424s ]
INFO: [ app_begin ] --END-- [ RunTime:0.000458s ]
INFO: [ view_parse ] --START--
INFO: [ template_filter ] --START--
INFO: Run Behavior\ContentReplaceBehavior [ RunTime:0.000023s ]
INFO: [ template_filter ] --END-- [ RunTime:0.000053s ]
INFO: Run Behavior\ParseTemplateBehavior [ RunTime:0.004744s ]
INFO: [ view_parse ] --END-- [ RunTime:0.004792s ]
INFO: [ view_filter ] --START--
INFO: Run Behavior\WriteHtmlCacheBehavior [ RunTime:0.000233s ]
INFO: [ view_filter ] --END-- [ RunTime:0.000261s ]

[ 2018-10-13T09:41:43+08:00 ] 101.91.62.65 /index.php/admin/admin/lst
INFO: [ app_init ] --START--
INFO: Run Behavior\BuildLiteBehavior [ RunTime:0.000014s ]
INFO: [ app_init ] --END-- [ RunTime:0.000556s ]
INFO: [ app_begin ] --START--
INFO: Run Behavior\ReadHtmlCacheBehavior [ RunTime:0.000816s ]
INFO: [ app_begin ] --END-- [ RunTime:0.000865s ]
INFO: [ view_parse ] --START--
INFO: [ template_filter ] --START--
INFO: Run Behavior\ContentReplaceBehavior [ RunTime:0.000030s ]
INFO: [ template_filter ] --END-- [ RunTime:0.000077s ]
INFO: Run Behavior\ParseTemplateBehavior [ RunTime:0.007743s ]
INFO: [ view_parse ] --END-- [ RunTime:0.007802s ]
INFO: [ view_filter ] --START--
INFO: Run Behavior\WriteHtmlCacheBehavior [ RunTime:0.000373s ]
INFO: [ view_filter ] --END-- [ RunTime:0.000400s ]

