[ 2018-10-15T09:44:27+08:00 ] 219.137.184.22 /admin
INFO: [ app_init ] --START--
INFO: Run Behavior\BuildLiteBehavior [ RunTime:0.000009s ]
INFO: [ app_init ] --END-- [ RunTime:0.000334s ]
INFO: [ app_begin ] --START--
INFO: Run Behavior\ReadHtmlCacheBehavior [ RunTime:0.000498s ]
INFO: [ app_begin ] --END-- [ RunTime:0.000529s ]
INFO: [ view_parse ] --START--
INFO: [ template_filter ] --START--
INFO: Run Behavior\ContentReplaceBehavior [ RunTime:0.000023s ]
INFO: [ template_filter ] --END-- [ RunTime:0.000050s ]
INFO: Run Behavior\ParseTemplateBehavior [ RunTime:0.004516s ]
INFO: [ view_parse ] --END-- [ RunTime:0.004545s ]
INFO: [ view_filter ] --START--
INFO: Run Behavior\WriteHtmlCacheBehavior [ RunTime:0.000320s ]
INFO: [ view_filter ] --END-- [ RunTime:0.000343s ]

[ 2018-10-15T09:44:30+08:00 ] 219.137.184.22 /index.php/Admin/Login/index.html
INFO: [ app_init ] --START--
INFO: Run Behavior\BuildLiteBehavior [ RunTime:0.000011s ]
INFO: [ app_init ] --END-- [ RunTime:0.000362s ]
INFO: [ app_begin ] --START--
INFO: Run Behavior\ReadHtmlCacheBehavior [ RunTime:0.000439s ]
INFO: [ app_begin ] --END-- [ RunTime:0.000470s ]
NOTIC: [2] Use of undefined constant regex - assumed 'regex' (this will throw an Error in a future version of PHP) C:\xampp\htdocs\www\x\ThinkPHP\Common\functions.php 第 588 行.
SQL: SHOW COLUMNS FROM `sp_admin` [ RunTime:0.0021s ]
INFO: [ view_parse ] --START--
INFO: [ template_filter ] --START--
INFO: Run Behavior\ContentReplaceBehavior [ RunTime:0.000040s ]
INFO: [ template_filter ] --END-- [ RunTime:0.000081s ]
INFO: Run Behavior\ParseTemplateBehavior [ RunTime:0.005725s ]
INFO: [ view_parse ] --END-- [ RunTime:0.005776s ]
INFO: [ view_filter ] --START--
INFO: Run Behavior\WriteHtmlCacheBehavior [ RunTime:0.000223s ]
INFO: [ view_filter ] --END-- [ RunTime:0.000244s ]
INFO: [ app_end ] --START--
INFO: Run Behavior\ShowPageTraceBehavior [ RunTime:0.000636s ]
INFO: [ app_end ] --END-- [ RunTime:0.000665s ]

[ 2018-10-15T09:44:30+08:00 ] 219.137.184.22 /index.php/Admin/Login/index.html
INFO: [ app_init ] --START--
INFO: Run Behavior\BuildLiteBehavior [ RunTime:0.000012s ]
INFO: [ app_init ] --END-- [ RunTime:0.000342s ]
INFO: [ app_begin ] --START--
INFO: Run Behavior\ReadHtmlCacheBehavior [ RunTime:0.000584s ]
INFO: [ app_begin ] --END-- [ RunTime:0.000623s ]
NOTIC: [2] Use of undefined constant regex - assumed 'regex' (this will throw an Error in a future version of PHP) C:\xampp\htdocs\www\x\ThinkPHP\Common\functions.php 第 588 行.
SQL: SHOW COLUMNS FROM `sp_admin` [ RunTime:0.0018s ]
INFO: [ view_parse ] --START--
INFO: [ template_filter ] --START--
INFO: Run Behavior\ContentReplaceBehavior [ RunTime:0.000057s ]
INFO: [ template_filter ] --END-- [ RunTime:0.000109s ]
INFO: Run Behavior\ParseTemplateBehavior [ RunTime:0.005389s ]
INFO: [ view_parse ] --END-- [ RunTime:0.005433s ]
INFO: [ view_filter ] --START--
INFO: Run Behavior\WriteHtmlCacheBehavior [ RunTime:0.000306s ]
INFO: [ view_filter ] --END-- [ RunTime:0.000330s ]
INFO: [ app_end ] --START--
INFO: Run Behavior\ShowPageTraceBehavior [ RunTime:0.000632s ]
INFO: [ app_end ] --END-- [ RunTime:0.000661s ]

[ 2018-10-15T09:44:30+08:00 ] 219.137.184.22 /index.php/Admin/Login/verify
INFO: [ app_init ] --START--
INFO: Run Behavior\BuildLiteBehavior [ RunTime:0.000010s ]
INFO: [ app_init ] --END-- [ RunTime:0.000292s ]
INFO: [ app_begin ] --START--
INFO: Run Behavior\ReadHtmlCacheBehavior [ RunTime:0.000418s ]
INFO: [ app_begin ] --END-- [ RunTime:0.000464s ]
INFO: [ app_end ] --START--
INFO: Run Behavior\ShowPageTraceBehavior [ RunTime:0.000625s ]
INFO: [ app_end ] --END-- [ RunTime:0.000672s ]

[ 2018-10-15T09:44:40+08:00 ] 219.137.184.22 /index.php/Admin/Login/verify/0.5421473819411691
INFO: [ app_init ] --START--
INFO: Run Behavior\BuildLiteBehavior [ RunTime:0.000010s ]
INFO: [ app_init ] --END-- [ RunTime:0.000286s ]
INFO: [ app_begin ] --START--
INFO: Run Behavior\ReadHtmlCacheBehavior [ RunTime:0.000412s ]
INFO: [ app_begin ] --END-- [ RunTime:0.000443s ]
INFO: [ app_end ] --START--
INFO: Run Behavior\ShowPageTraceBehavior [ RunTime:0.000546s ]
INFO: [ app_end ] --END-- [ RunTime:0.000582s ]

[ 2018-10-15T09:44:44+08:00 ] 219.137.184.22 /index.php/Admin/Login/index.html
INFO: [ app_init ] --START--
INFO: Run Behavior\BuildLiteBehavior [ RunTime:0.000012s ]
INFO: [ app_init ] --END-- [ RunTime:0.000345s ]
INFO: [ app_begin ] --START--
INFO: Run Behavior\ReadHtmlCacheBehavior [ RunTime:0.000467s ]
INFO: [ app_begin ] --END-- [ RunTime:0.000505s ]
NOTIC: [2] Use of undefined constant regex - assumed 'regex' (this will throw an Error in a future version of PHP) C:\xampp\htdocs\www\x\ThinkPHP\Common\functions.php 第 588 行.
SQL: SHOW COLUMNS FROM `sp_admin` [ RunTime:0.0018s ]
SQL: SELECT * FROM `sp_admin` WHERE ( username='ydx' ) LIMIT 1   [ RunTime:0.0006s ]
INFO: [ view_parse ] --START--
INFO: [ template_filter ] --START--
INFO: Run Behavior\ContentReplaceBehavior [ RunTime:0.000036s ]
INFO: [ template_filter ] --END-- [ RunTime:0.000089s ]
INFO: Run Behavior\ParseTemplateBehavior [ RunTime:0.006263s ]
INFO: [ view_parse ] --END-- [ RunTime:0.006313s ]
INFO: [ view_filter ] --START--
INFO: Run Behavior\WriteHtmlCacheBehavior [ RunTime:0.000290s ]
INFO: [ view_filter ] --END-- [ RunTime:0.000323s ]
INFO: [ app_end ] --START--
INFO: Run Behavior\ShowPageTraceBehavior [ RunTime:0.000686s ]
INFO: [ app_end ] --END-- [ RunTime:0.000723s ]

[ 2018-10-15T09:44:45+08:00 ] 219.137.184.22 /index.php/Admin/Index/index.html
INFO: [ app_init ] --START--
INFO: Run Behavior\BuildLiteBehavior [ RunTime:0.000009s ]
INFO: [ app_init ] --END-- [ RunTime:0.000280s ]
INFO: [ app_begin ] --START--
INFO: Run Behavior\ReadHtmlCacheBehavior [ RunTime:0.000410s ]
INFO: [ app_begin ] --END-- [ RunTime:0.000438s ]
INFO: [ view_parse ] --START--
INFO: [ template_filter ] --START--
INFO: Run Behavior\ContentReplaceBehavior [ RunTime:0.000090s ]
INFO: [ template_filter ] --END-- [ RunTime:0.000126s ]
INFO: Run Behavior\ParseTemplateBehavior [ RunTime:0.005558s ]
INFO: [ view_parse ] --END-- [ RunTime:0.005589s ]
INFO: [ view_filter ] --START--
INFO: Run Behavior\WriteHtmlCacheBehavior [ RunTime:0.000209s ]
INFO: [ view_filter ] --END-- [ RunTime:0.000229s ]
INFO: [ app_end ] --START--
INFO: Run Behavior\ShowPageTraceBehavior [ RunTime:0.000474s ]
INFO: [ app_end ] --END-- [ RunTime:0.000499s ]

[ 2018-10-15T09:44:48+08:00 ] 219.137.184.22 /index.php/Admin/index/ip
INFO: [ app_init ] --START--
INFO: Run Behavior\BuildLiteBehavior [ RunTime:0.000011s ]
INFO: [ app_init ] --END-- [ RunTime:0.000338s ]
INFO: [ app_begin ] --START--
INFO: Run Behavior\ReadHtmlCacheBehavior [ RunTime:0.000409s ]
INFO: [ app_begin ] --END-- [ RunTime:0.000439s ]
SQL: SHOW COLUMNS FROM `sp_ip` [ RunTime:0.0015s ]
SQL: SELECT * FROM `sp_ip` ORDER BY id desc  [ RunTime:0.0007s ]
INFO: [ view_parse ] --START--
INFO: [ template_filter ] --START--
INFO: Run Behavior\ContentReplaceBehavior [ RunTime:0.000092s ]
INFO: [ template_filter ] --END-- [ RunTime:0.000126s ]
NOTIC: [8] Undefined variable: page C:\xampp\htdocs\www\x\Application\Runtime\Cache\Admin\e510d7bd94972232462a201f9b9f9fe8.php 第 349 行.
INFO: Run Behavior\ParseTemplateBehavior [ RunTime:0.007327s ]
INFO: [ view_parse ] --END-- [ RunTime:0.007362s ]
INFO: [ view_filter ] --START--
INFO: Run Behavior\WriteHtmlCacheBehavior [ RunTime:0.000227s ]
INFO: [ view_filter ] --END-- [ RunTime:0.000249s ]
INFO: [ app_end ] --START--
INFO: Run Behavior\ShowPageTraceBehavior [ RunTime:0.000489s ]
INFO: [ app_end ] --END-- [ RunTime:0.000515s ]

[ 2018-10-15T09:45:10+08:00 ] 219.137.184.22 /index.php/Admin/index/dds
INFO: [ app_init ] --START--
INFO: Run Behavior\BuildLiteBehavior [ RunTime:0.000011s ]
INFO: [ app_init ] --END-- [ RunTime:0.000298s ]
INFO: [ app_begin ] --START--
INFO: Run Behavior\ReadHtmlCacheBehavior [ RunTime:0.000417s ]
INFO: [ app_begin ] --END-- [ RunTime:0.000451s ]
SQL: SHOW COLUMNS FROM `sp_dingdans` [ RunTime:0.0015s ]
SQL: SELECT * FROM `sp_dingdans`  [ RunTime:0.0649s ]
NOTIC: [2] Use of undefined constant unique - assumed 'unique' (this will throw an Error in a future version of PHP) C:\xampp\htdocs\www\x\ThinkPHP\Common\functions.php 第 588 行.
SQL: SHOW COLUMNS FROM `sp_goods` [ RunTime:0.0018s ]
NOTIC: [8] Undefined index: sid C:\xampp\htdocs\www\x\Application\Admin\Controller\IndexController.class.php 第 36 行.
SQL: SELECT * FROM `sp_goods` LIMIT 1   [ RunTime:0.0004s ]
NOTIC: [8] Undefined index: sid C:\xampp\htdocs\www\x\Application\Admin\Controller\IndexController.class.php 第 36 行.
SQL: SELECT * FROM `sp_goods` LIMIT 1   [ RunTime:0.0003s ]
NOTIC: [8] Undefined index: sid C:\xampp\htdocs\www\x\Application\Admin\Controller\IndexController.class.php 第 36 行.
SQL: SELECT * FROM `sp_goods` LIMIT 1   [ RunTime:0.0002s ]
NOTIC: [8] Undefined index: sid C:\xampp\htdocs\www\x\Application\Admin\Controller\IndexController.class.php 第 36 行.
SQL: SELECT * FROM `sp_goods` LIMIT 1   [ RunTime:0.0002s ]
NOTIC: [8] Undefined index: sid C:\xampp\htdocs\www\x\Application\Admin\Controller\IndexController.class.php 第 36 行.
SQL: SELECT * FROM `sp_goods` LIMIT 1   [ RunTime:0.0002s ]
NOTIC: [8] Undefined index: sid C:\xampp\htdocs\www\x\Application\Admin\Controller\IndexController.class.php 第 36 行.
SQL: SELECT * FROM `sp_goods` LIMIT 1   [ RunTime:0.0002s ]
NOTIC: [8] Undefined index: sid C:\xampp\htdocs\www\x\Application\Admin\Controller\IndexController.class.php 第 36 行.
SQL: SELECT * FROM `sp_goods` LIMIT 1   [ RunTime:0.0002s ]
NOTIC: [8] Undefined index: sid C:\xampp\htdocs\www\x\Application\Admin\Controller\IndexController.class.php 第 36 行.
SQL: SELECT * FROM `sp_goods` LIMIT 1   [ RunTime:0.0002s ]
NOTIC: [8] Undefined index: sid C:\xampp\htdocs\www\x\Application\Admin\Controller\IndexController.class.php 第 36 行.
SQL: SELECT * FROM `sp_goods` LIMIT 1   [ RunTime:0.0002s ]
NOTIC: [8] Undefined index: sid C:\xampp\htdocs\www\x\Application\Admin\Controller\IndexController.class.php 第 36 行.
SQL: SELECT * FROM `sp_goods` LIMIT 1   [ RunTime:0.0003s ]
NOTIC: [8] Undefined index: sid C:\xampp\htdocs\www\x\Application\Admin\Controller\IndexController.class.php 第 36 行.
SQL: SELECT * FROM `sp_goods` LIMIT 1   [ RunTime:0.0002s ]
NOTIC: [8] Undefined index: sid C:\xampp\htdocs\www\x\Application\Admin\Controller\IndexController.class.php 第 36 行.
SQL: SELECT * FROM `sp_goods` LIMIT 1   [ RunTime:0.0002s ]
NOTIC: [8] Undefined index: sid C:\xampp\htdocs\www\x\Application\Admin\Controller\IndexController.class.php 第 36 行.
SQL: SELECT * FROM `sp_goods` LIMIT 1   [ RunTime:0.0002s ]
NOTIC: [8] Undefined index: sid C:\xampp\htdocs\www\x\Application\Admin\Controller\IndexController.class.php 第 36 行.
SQL: SELECT * FROM `sp_goods` LIMIT 1   [ RunTime:0.0002s ]
NOTIC: [8] Undefined index: sid C:\xampp\htdocs\www\x\Application\Admin\Controller\IndexController.class.php 第 36 行.
SQL: SELECT * FROM `sp_goods` LIMIT 1   [ RunTime:0.0002s ]
NOTIC: [8] Undefined index: sid C:\xampp\htdocs\www\x\Application\Admin\Controller\IndexController.class.php 第 36 行.
SQL: SELECT * FROM `sp_goods` LIMIT 1   [ RunTime:0.0002s ]
NOTIC: [8] Undefined index: sid C:\xampp\htdocs\www\x\Application\Admin\Controller\IndexController.class.php 第 36 行.
SQL: SELECT * FROM `sp_goods` LIMIT 1   [ RunTime:0.0002s ]
INFO: [ view_parse ] --START--
INFO: [ template_filter ] --START--
INFO: Run Behavior\ContentReplaceBehavior [ RunTime:0.000136s ]
INFO: [ template_filter ] --END-- [ RunTime:0.000186s ]
NOTIC: [8] Undefined index: sid C:\xampp\htdocs\www\x\Application\Runtime\Cache\Admin\7b3c0cfe72716cfc62e3ee7efb6a665c.php 第 341 行.
NOTIC: [8] Undefined index: provinceid C:\xampp\htdocs\www\x\Application\Runtime\Cache\Admin\7b3c0cfe72716cfc62e3ee7efb6a665c.php 第 347 行.
NOTIC: [8] Undefined index: sid C:\xampp\htdocs\www\x\Application\Runtime\Cache\Admin\7b3c0cfe72716cfc62e3ee7efb6a665c.php 第 341 行.
NOTIC: [8] Undefined index: provinceid C:\xampp\htdocs\www\x\Application\Runtime\Cache\Admin\7b3c0cfe72716cfc62e3ee7efb6a665c.php 第 347 行.
NOTIC: [8] Undefined index: sid C:\xampp\htdocs\www\x\Application\Runtime\Cache\Admin\7b3c0cfe72716cfc62e3ee7efb6a665c.php 第 341 行.
NOTIC: [8] Undefined index: provinceid C:\xampp\htdocs\www\x\Application\Runtime\Cache\Admin\7b3c0cfe72716cfc62e3ee7efb6a665c.php 第 347 行.
NOTIC: [8] Undefined index: sid C:\xampp\htdocs\www\x\Application\Runtime\Cache\Admin\7b3c0cfe72716cfc62e3ee7efb6a665c.php 第 341 行.
NOTIC: [8] Undefined index: provinceid C:\xampp\htdocs\www\x\Application\Runtime\Cache\Admin\7b3c0cfe72716cfc62e3ee7efb6a665c.php 第 347 行.
NOTIC: [8] Undefined index: sid C:\xampp\htdocs\www\x\Application\Runtime\Cache\Admin\7b3c0cfe72716cfc62e3ee7efb6a665c.php 第 341 行.
NOTIC: [8] Undefined index: provinceid C:\xampp\htdocs\www\x\Application\Runtime\Cache\Admin\7b3c0cfe72716cfc62e3ee7efb6a665c.php 第 347 行.
NOTIC: [8] Undefined index: sid C:\xampp\htdocs\www\x\Application\Runtime\Cache\Admin\7b3c0cfe72716cfc62e3ee7efb6a665c.php 第 341 行.
NOTIC: [8] Undefined index: provinceid C:\xampp\htdocs\www\x\Application\Runtime\Cache\Admin\7b3c0cfe72716cfc62e3ee7efb6a665c.php 第 347 行.
NOTIC: [8] Undefined index: sid C:\xampp\htdocs\www\x\Application\Runtime\Cache\Admin\7b3c0cfe72716cfc62e3ee7efb6a665c.php 第 341 行.
NOTIC: [8] Undefined index: provinceid C:\xampp\htdocs\www\x\Application\Runtime\Cache\Admin\7b3c0cfe72716cfc62e3ee7efb6a665c.php 第 347 行.
NOTIC: [8] Undefined index: sid C:\xampp\htdocs\www\x\Application\Runtime\Cache\Admin\7b3c0cfe72716cfc62e3ee7efb6a665c.php 第 341 行.
NOTIC: [8] Undefined index: provinceid C:\xampp\htdocs\www\x\Application\Runtime\Cache\Admin\7b3c0cfe72716cfc62e3ee7efb6a665c.php 第 347 行.
NOTIC: [8] Undefined index: sid C:\xampp\htdocs\www\x\Application\Runtime\Cache\Admin\7b3c0cfe72716cfc62e3ee7efb6a665c.php 第 341 行.
NOTIC: [8] Undefined index: provinceid C:\xampp\htdocs\www\x\Application\Runtime\Cache\Admin\7b3c0cfe72716cfc62e3ee7efb6a665c.php 第 347 行.
NOTIC: [8] Undefined index: sid C:\xampp\htdocs\www\x\Application\Runtime\Cache\Admin\7b3c0cfe72716cfc62e3ee7efb6a665c.php 第 341 行.
NOTIC: [8] Undefined index: provinceid C:\xampp\htdocs\www\x\Application\Runtime\Cache\Admin\7b3c0cfe72716cfc62e3ee7efb6a665c.php 第 347 行.
NOTIC: [8] Undefined index: sid C:\xampp\htdocs\www\x\Application\Runtime\Cache\Admin\7b3c0cfe72716cfc62e3ee7efb6a665c.php 第 341 行.
NOTIC: [8] Undefined index: provinceid C:\xampp\htdocs\www\x\Application\Runtime\Cache\Admin\7b3c0cfe72716cfc62e3ee7efb6a665c.php 第 347 行.
NOTIC: [8] Undefined index: sid C:\xampp\htdocs\www\x\Application\Runtime\Cache\Admin\7b3c0cfe72716cfc62e3ee7efb6a665c.php 第 341 行.
NOTIC: [8] Undefined index: provinceid C:\xampp\htdocs\www\x\Application\Runtime\Cache\Admin\7b3c0cfe72716cfc62e3ee7efb6a665c.php 第 347 行.
NOTIC: [8] Undefined index: sid C:\xampp\htdocs\www\x\Application\Runtime\Cache\Admin\7b3c0cfe72716cfc62e3ee7efb6a665c.php 第 341 行.
NOTIC: [8] Undefined index: provinceid C:\xampp\htdocs\www\x\Application\Runtime\Cache\Admin\7b3c0cfe72716cfc62e3ee7efb6a665c.php 第 347 行.
NOTIC: [8] Undefined index: sid C:\xampp\htdocs\www\x\Application\Runtime\Cache\Admin\7b3c0cfe72716cfc62e3ee7efb6a665c.php 第 341 行.
NOTIC: [8] Undefined index: provinceid C:\xampp\htdocs\www\x\Application\Runtime\Cache\Admin\7b3c0cfe72716cfc62e3ee7efb6a665c.php 第 347 行.
NOTIC: [8] Undefined index: sid C:\xampp\htdocs\www\x\Application\Runtime\Cache\Admin\7b3c0cfe72716cfc62e3ee7efb6a665c.php 第 341 行.
NOTIC: [8] Undefined index: provinceid C:\xampp\htdocs\www\x\Application\Runtime\Cache\Admin\7b3c0cfe72716cfc62e3ee7efb6a665c.php 第 347 行.
NOTIC: [8] Undefined index: sid C:\xampp\htdocs\www\x\Application\Runtime\Cache\Admin\7b3c0cfe72716cfc62e3ee7efb6a665c.php 第 341 行.
NOTIC: [8] Undefined index: provinceid C:\xampp\htdocs\www\x\Application\Runtime\Cache\Admin\7b3c0cfe72716cfc62e3ee7efb6a665c.php 第 347 行.
NOTIC: [8] Undefined index: sid C:\xampp\htdocs\www\x\Application\Runtime\Cache\Admin\7b3c0cfe72716cfc62e3ee7efb6a665c.php 第 341 行.
NOTIC: [8] Undefined index: provinceid C:\xampp\htdocs\www\x\Application\Runtime\Cache\Admin\7b3c0cfe72716cfc62e3ee7efb6a665c.php 第 347 行.
NOTIC: [8] Undefined variable: page C:\xampp\htdocs\www\x\Application\Runtime\Cache\Admin\7b3c0cfe72716cfc62e3ee7efb6a665c.php 第 353 行.
INFO: Run Behavior\ParseTemplateBehavior [ RunTime:0.008074s ]
INFO: [ view_parse ] --END-- [ RunTime:0.008112s ]
INFO: [ view_filter ] --START--
INFO: Run Behavior\WriteHtmlCacheBehavior [ RunTime:0.000242s ]
INFO: [ view_filter ] --END-- [ RunTime:0.000263s ]
INFO: [ app_end ] --START--
INFO: Run Behavior\ShowPageTraceBehavior [ RunTime:0.000548s ]
INFO: [ app_end ] --END-- [ RunTime:0.000578s ]

[ 2018-10-15T09:45:19+08:00 ] 219.137.184.22 /index.php/Admin/index/dd
INFO: [ app_init ] --START--
INFO: Run Behavior\BuildLiteBehavior [ RunTime:0.000012s ]
INFO: [ app_init ] --END-- [ RunTime:0.000340s ]
INFO: [ app_begin ] --START--
INFO: Run Behavior\ReadHtmlCacheBehavior [ RunTime:0.000476s ]
INFO: [ app_begin ] --END-- [ RunTime:0.000511s ]
SQL: SHOW COLUMNS FROM `sp_dingdan` [ RunTime:0.0015s ]
SQL: SELECT * FROM `sp_dingdan`  [ RunTime:0.0010s ]
NOTIC: [2] Use of undefined constant unique - assumed 'unique' (this will throw an Error in a future version of PHP) C:\xampp\htdocs\www\x\ThinkPHP\Common\functions.php 第 588 行.
SQL: SHOW COLUMNS FROM `sp_goods` [ RunTime:0.0013s ]
SQL: SELECT * FROM `sp_goods` WHERE `id` = 79 LIMIT 1   [ RunTime:0.0003s ]
SQL: SELECT * FROM `sp_goods` WHERE `id` = 79 LIMIT 1   [ RunTime:0.0002s ]
SQL: SELECT * FROM `sp_goods` WHERE `id` = 78 LIMIT 1   [ RunTime:0.0002s ]
SQL: SELECT * FROM `sp_goods` WHERE `id` = 79 LIMIT 1   [ RunTime:0.0002s ]
INFO: [ view_parse ] --START--
INFO: [ template_filter ] --START--
INFO: Run Behavior\ContentReplaceBehavior [ RunTime:0.000097s ]
INFO: [ template_filter ] --END-- [ RunTime:0.000129s ]
NOTIC: [8] Undefined variable: page C:\xampp\htdocs\www\x\Application\Runtime\Cache\Admin\cdc6ae16223333975b145587b1664e15.php 第 353 行.
INFO: Run Behavior\ParseTemplateBehavior [ RunTime:0.006836s ]
INFO: [ view_parse ] --END-- [ RunTime:0.006863s ]
INFO: [ view_filter ] --START--
INFO: Run Behavior\WriteHtmlCacheBehavior [ RunTime:0.000226s ]
INFO: [ view_filter ] --END-- [ RunTime:0.000250s ]
INFO: [ app_end ] --START--
INFO: Run Behavior\ShowPageTraceBehavior [ RunTime:0.000488s ]
INFO: [ app_end ] --END-- [ RunTime:0.000515s ]

[ 2018-10-15T09:45:23+08:00 ] 219.137.184.22 /index.php/Admin/admin/lst
INFO: [ app_init ] --START--
INFO: Run Behavior\BuildLiteBehavior [ RunTime:0.000012s ]
INFO: [ app_init ] --END-- [ RunTime:0.000313s ]
INFO: [ app_begin ] --START--
INFO: Run Behavior\ReadHtmlCacheBehavior [ RunTime:0.000411s ]
INFO: [ app_begin ] --END-- [ RunTime:0.000444s ]
NOTIC: [2] Use of undefined constant regex - assumed 'regex' (this will throw an Error in a future version of PHP) C:\xampp\htdocs\www\x\ThinkPHP\Common\functions.php 第 588 行.
SQL: SHOW COLUMNS FROM `sp_admin` [ RunTime:0.0020s ]
SQL: SELECT COUNT(*) AS tp_count FROM `sp_admin` LIMIT 1   [ RunTime:0.0002s ]
SQL: SELECT * FROM `sp_admin` ORDER BY id desc LIMIT 0,3   [ RunTime:0.0002s ]
INFO: [ view_parse ] --START--
INFO: [ template_filter ] --START--
INFO: Run Behavior\ContentReplaceBehavior [ RunTime:0.000108s ]
INFO: [ template_filter ] --END-- [ RunTime:0.000139s ]
INFO: Run Behavior\ParseTemplateBehavior [ RunTime:0.007058s ]
INFO: [ view_parse ] --END-- [ RunTime:0.007103s ]
INFO: [ view_filter ] --START--
INFO: Run Behavior\WriteHtmlCacheBehavior [ RunTime:0.000275s ]
INFO: [ view_filter ] --END-- [ RunTime:0.000303s ]
INFO: [ app_end ] --START--
INFO: Run Behavior\ShowPageTraceBehavior [ RunTime:0.000538s ]
INFO: [ app_end ] --END-- [ RunTime:0.000564s ]

[ 2018-10-15T09:45:30+08:00 ] 101.91.62.99 /index.php/admin/login/index.html
INFO: [ app_init ] --START--
INFO: Run Behavior\BuildLiteBehavior [ RunTime:0.000012s ]
INFO: [ app_init ] --END-- [ RunTime:0.000365s ]
INFO: [ app_begin ] --START--
INFO: Run Behavior\ReadHtmlCacheBehavior [ RunTime:0.000744s ]
INFO: [ app_begin ] --END-- [ RunTime:0.000786s ]
NOTIC: [2] Use of undefined constant regex - assumed 'regex' (this will throw an Error in a future version of PHP) C:\xampp\htdocs\www\x\ThinkPHP\Common\functions.php 第 588 行.
SQL: SHOW COLUMNS FROM `sp_admin` [ RunTime:0.0016s ]
INFO: [ view_parse ] --START--
INFO: [ template_filter ] --START--
INFO: Run Behavior\ContentReplaceBehavior [ RunTime:0.000048s ]
INFO: [ template_filter ] --END-- [ RunTime:0.000094s ]
INFO: Run Behavior\ParseTemplateBehavior [ RunTime:0.005157s ]
INFO: [ view_parse ] --END-- [ RunTime:0.005203s ]
INFO: [ view_filter ] --START--
INFO: Run Behavior\WriteHtmlCacheBehavior [ RunTime:0.000253s ]
INFO: [ view_filter ] --END-- [ RunTime:0.000280s ]
INFO: [ app_end ] --START--
INFO: Run Behavior\ShowPageTraceBehavior [ RunTime:0.000604s ]
INFO: [ app_end ] --END-- [ RunTime:0.000630s ]

[ 2018-10-15T09:45:45+08:00 ] 61.151.178.165 /index.php/admin/index/index.html
INFO: [ app_init ] --START--
INFO: Run Behavior\BuildLiteBehavior [ RunTime:0.000010s ]
INFO: [ app_init ] --END-- [ RunTime:0.000280s ]
INFO: [ app_begin ] --START--
INFO: Run Behavior\ReadHtmlCacheBehavior [ RunTime:0.000400s ]
INFO: [ app_begin ] --END-- [ RunTime:0.000426s ]
INFO: [ view_parse ] --START--
INFO: [ template_filter ] --START--
INFO: Run Behavior\ContentReplaceBehavior [ RunTime:0.000024s ]
INFO: [ template_filter ] --END-- [ RunTime:0.000055s ]
INFO: Run Behavior\ParseTemplateBehavior [ RunTime:0.004010s ]
INFO: [ view_parse ] --END-- [ RunTime:0.004040s ]
INFO: [ view_filter ] --START--
INFO: Run Behavior\WriteHtmlCacheBehavior [ RunTime:0.000193s ]
INFO: [ view_filter ] --END-- [ RunTime:0.000213s ]

[ 2018-10-15T09:45:48+08:00 ] 61.151.178.236 /index.php/admin/index/ip
INFO: [ app_init ] --START--
INFO: Run Behavior\BuildLiteBehavior [ RunTime:0.000010s ]
INFO: [ app_init ] --END-- [ RunTime:0.000313s ]
INFO: [ app_begin ] --START--
INFO: Run Behavior\ReadHtmlCacheBehavior [ RunTime:0.000479s ]
INFO: [ app_begin ] --END-- [ RunTime:0.000508s ]
INFO: [ view_parse ] --START--
INFO: [ template_filter ] --START--
INFO: Run Behavior\ContentReplaceBehavior [ RunTime:0.000023s ]
INFO: [ template_filter ] --END-- [ RunTime:0.000053s ]
INFO: Run Behavior\ParseTemplateBehavior [ RunTime:0.004705s ]
INFO: [ view_parse ] --END-- [ RunTime:0.004736s ]
INFO: [ view_filter ] --START--
INFO: Run Behavior\WriteHtmlCacheBehavior [ RunTime:0.000308s ]
INFO: [ view_filter ] --END-- [ RunTime:0.000329s ]

[ 2018-10-15T09:46:09+08:00 ] 101.89.19.197 /index.php/admin/index/dds
INFO: [ app_init ] --START--
INFO: Run Behavior\BuildLiteBehavior [ RunTime:0.000015s ]
INFO: [ app_init ] --END-- [ RunTime:0.000691s ]
INFO: [ app_begin ] --START--
INFO: Run Behavior\ReadHtmlCacheBehavior [ RunTime:0.000711s ]
INFO: [ app_begin ] --END-- [ RunTime:0.000748s ]
INFO: [ view_parse ] --START--
INFO: [ template_filter ] --START--
INFO: Run Behavior\ContentReplaceBehavior [ RunTime:0.000026s ]
INFO: [ template_filter ] --END-- [ RunTime:0.000064s ]
INFO: Run Behavior\ParseTemplateBehavior [ RunTime:0.004597s ]
INFO: [ view_parse ] --END-- [ RunTime:0.004636s ]
INFO: [ view_filter ] --START--
INFO: Run Behavior\WriteHtmlCacheBehavior [ RunTime:0.000193s ]
INFO: [ view_filter ] --END-- [ RunTime:0.000213s ]

[ 2018-10-15T09:46:19+08:00 ] 61.151.207.205 /index.php/admin/index/dd
INFO: [ app_init ] --START--
INFO: Run Behavior\BuildLiteBehavior [ RunTime:0.000010s ]
INFO: [ app_init ] --END-- [ RunTime:0.000330s ]
INFO: [ app_begin ] --START--
INFO: Run Behavior\ReadHtmlCacheBehavior [ RunTime:0.000470s ]
INFO: [ app_begin ] --END-- [ RunTime:0.000504s ]
INFO: [ view_parse ] --START--
INFO: [ template_filter ] --START--
INFO: Run Behavior\ContentReplaceBehavior [ RunTime:0.000028s ]
INFO: [ template_filter ] --END-- [ RunTime:0.000069s ]
INFO: Run Behavior\ParseTemplateBehavior [ RunTime:0.005473s ]
INFO: [ view_parse ] --END-- [ RunTime:0.005508s ]
INFO: [ view_filter ] --START--
INFO: Run Behavior\WriteHtmlCacheBehavior [ RunTime:0.000211s ]
INFO: [ view_filter ] --END-- [ RunTime:0.000232s ]

[ 2018-10-15T09:46:23+08:00 ] 61.129.6.225 /index.php/admin/admin/lst
INFO: [ app_init ] --START--
INFO: Run Behavior\BuildLiteBehavior [ RunTime:0.000009s ]
INFO: [ app_init ] --END-- [ RunTime:0.000278s ]
INFO: [ app_begin ] --START--
INFO: Run Behavior\ReadHtmlCacheBehavior [ RunTime:0.000432s ]
INFO: [ app_begin ] --END-- [ RunTime:0.000460s ]
INFO: [ view_parse ] --START--
INFO: [ template_filter ] --START--
INFO: Run Behavior\ContentReplaceBehavior [ RunTime:0.000021s ]
INFO: [ template_filter ] --END-- [ RunTime:0.000049s ]
INFO: Run Behavior\ParseTemplateBehavior [ RunTime:0.004480s ]
INFO: [ view_parse ] --END-- [ RunTime:0.004509s ]
INFO: [ view_filter ] --START--
INFO: Run Behavior\WriteHtmlCacheBehavior [ RunTime:0.000185s ]
INFO: [ view_filter ] --END-- [ RunTime:0.000205s ]

[ 2018-10-15T11:50:32+08:00 ] 219.137.184.22 /admin
INFO: [ app_init ] --START--
INFO: Run Behavior\BuildLiteBehavior [ RunTime:0.000012s ]
INFO: [ app_init ] --END-- [ RunTime:0.000364s ]
INFO: [ app_begin ] --START--
INFO: Run Behavior\ReadHtmlCacheBehavior [ RunTime:0.000784s ]
INFO: [ app_begin ] --END-- [ RunTime:0.000837s ]
INFO: [ view_parse ] --START--
INFO: [ template_filter ] --START--
INFO: Run Behavior\ContentReplaceBehavior [ RunTime:0.000088s ]
INFO: [ template_filter ] --END-- [ RunTime:0.000131s ]
INFO: Run Behavior\ParseTemplateBehavior [ RunTime:0.007462s ]
INFO: [ view_parse ] --END-- [ RunTime:0.007508s ]
INFO: [ view_filter ] --START--
INFO: Run Behavior\WriteHtmlCacheBehavior [ RunTime:0.000419s ]
INFO: [ view_filter ] --END-- [ RunTime:0.000449s ]
INFO: [ app_end ] --START--
INFO: Run Behavior\ShowPageTraceBehavior [ RunTime:0.000612s ]
INFO: [ app_end ] --END-- [ RunTime:0.000640s ]

[ 2018-10-15T11:50:41+08:00 ] 219.137.184.22 /index.php/Admin/index/dds
INFO: [ app_init ] --START--
INFO: Run Behavior\BuildLiteBehavior [ RunTime:0.000009s ]
INFO: [ app_init ] --END-- [ RunTime:0.000286s ]
INFO: [ app_begin ] --START--
INFO: Run Behavior\ReadHtmlCacheBehavior [ RunTime:0.000411s ]
INFO: [ app_begin ] --END-- [ RunTime:0.000441s ]
SQL: SHOW COLUMNS FROM `sp_dingdans` [ RunTime:0.0018s ]
SQL: SELECT * FROM `sp_dingdans`  [ RunTime:0.0008s ]
NOTIC: [2] Use of undefined constant unique - assumed 'unique' (this will throw an Error in a future version of PHP) C:\xampp\htdocs\www\x\ThinkPHP\Common\functions.php 第 588 行.
SQL: SHOW COLUMNS FROM `sp_goods` [ RunTime:0.0016s ]
NOTIC: [8] Undefined index: sid C:\xampp\htdocs\www\x\Application\Admin\Controller\IndexController.class.php 第 36 行.
SQL: SELECT * FROM `sp_goods` LIMIT 1   [ RunTime:0.0003s ]
NOTIC: [8] Undefined index: sid C:\xampp\htdocs\www\x\Application\Admin\Controller\IndexController.class.php 第 36 行.
SQL: SELECT * FROM `sp_goods` LIMIT 1   [ RunTime:0.0002s ]
NOTIC: [8] Undefined index: sid C:\xampp\htdocs\www\x\Application\Admin\Controller\IndexController.class.php 第 36 行.
SQL: SELECT * FROM `sp_goods` LIMIT 1   [ RunTime:0.0002s ]
NOTIC: [8] Undefined index: sid C:\xampp\htdocs\www\x\Application\Admin\Controller\IndexController.class.php 第 36 行.
SQL: SELECT * FROM `sp_goods` LIMIT 1   [ RunTime:0.0002s ]
NOTIC: [8] Undefined index: sid C:\xampp\htdocs\www\x\Application\Admin\Controller\IndexController.class.php 第 36 行.
SQL: SELECT * FROM `sp_goods` LIMIT 1   [ RunTime:0.0002s ]
NOTIC: [8] Undefined index: sid C:\xampp\htdocs\www\x\Application\Admin\Controller\IndexController.class.php 第 36 行.
SQL: SELECT * FROM `sp_goods` LIMIT 1   [ RunTime:0.0003s ]
NOTIC: [8] Undefined index: sid C:\xampp\htdocs\www\x\Application\Admin\Controller\IndexController.class.php 第 36 行.
SQL: SELECT * FROM `sp_goods` LIMIT 1   [ RunTime:0.0003s ]
NOTIC: [8] Undefined index: sid C:\xampp\htdocs\www\x\Application\Admin\Controller\IndexController.class.php 第 36 行.
SQL: SELECT * FROM `sp_goods` LIMIT 1   [ RunTime:0.0002s ]
NOTIC: [8] Undefined index: sid C:\xampp\htdocs\www\x\Application\Admin\Controller\IndexController.class.php 第 36 行.
SQL: SELECT * FROM `sp_goods` LIMIT 1   [ RunTime:0.0002s ]
NOTIC: [8] Undefined index: sid C:\xampp\htdocs\www\x\Application\Admin\Controller\IndexController.class.php 第 36 行.
SQL: SELECT * FROM `sp_goods` LIMIT 1   [ RunTime:0.0002s ]
NOTIC: [8] Undefined index: sid C:\xampp\htdocs\www\x\Application\Admin\Controller\IndexController.class.php 第 36 行.
SQL: SELECT * FROM `sp_goods` LIMIT 1   [ RunTime:0.0002s ]
NOTIC: [8] Undefined index: sid C:\xampp\htdocs\www\x\Application\Admin\Controller\IndexController.class.php 第 36 行.
SQL: SELECT * FROM `sp_goods` LIMIT 1   [ RunTime:0.0002s ]
NOTIC: [8] Undefined index: sid C:\xampp\htdocs\www\x\Application\Admin\Controller\IndexController.class.php 第 36 行.
SQL: SELECT * FROM `sp_goods` LIMIT 1   [ RunTime:0.0002s ]
NOTIC: [8] Undefined index: sid C:\xampp\htdocs\www\x\Application\Admin\Controller\IndexController.class.php 第 36 行.
SQL: SELECT * FROM `sp_goods` LIMIT 1   [ RunTime:0.0003s ]
NOTIC: [8] Undefined index: sid C:\xampp\htdocs\www\x\Application\Admin\Controller\IndexController.class.php 第 36 行.
SQL: SELECT * FROM `sp_goods` LIMIT 1   [ RunTime:0.0002s ]
NOTIC: [8] Undefined index: sid C:\xampp\htdocs\www\x\Application\Admin\Controller\IndexController.class.php 第 36 行.
SQL: SELECT * FROM `sp_goods` LIMIT 1   [ RunTime:0.0003s ]
NOTIC: [8] Undefined index: sid C:\xampp\htdocs\www\x\Application\Admin\Controller\IndexController.class.php 第 36 行.
SQL: SELECT * FROM `sp_goods` LIMIT 1   [ RunTime:0.0003s ]
INFO: [ view_parse ] --START--
INFO: [ template_filter ] --START--
INFO: Run Behavior\ContentReplaceBehavior [ RunTime:0.000103s ]
INFO: [ template_filter ] --END-- [ RunTime:0.000139s ]
NOTIC: [8] Undefined index: sid C:\xampp\htdocs\www\x\Application\Runtime\Cache\Admin\7b3c0cfe72716cfc62e3ee7efb6a665c.php 第 341 行.
NOTIC: [8] Undefined index: provinceid C:\xampp\htdocs\www\x\Application\Runtime\Cache\Admin\7b3c0cfe72716cfc62e3ee7efb6a665c.php 第 347 行.
NOTIC: [8] Undefined index: sid C:\xampp\htdocs\www\x\Application\Runtime\Cache\Admin\7b3c0cfe72716cfc62e3ee7efb6a665c.php 第 341 行.
NOTIC: [8] Undefined index: provinceid C:\xampp\htdocs\www\x\Application\Runtime\Cache\Admin\7b3c0cfe72716cfc62e3ee7efb6a665c.php 第 347 行.
NOTIC: [8] Undefined index: sid C:\xampp\htdocs\www\x\Application\Runtime\Cache\Admin\7b3c0cfe72716cfc62e3ee7efb6a665c.php 第 341 行.
NOTIC: [8] Undefined index: provinceid C:\xampp\htdocs\www\x\Application\Runtime\Cache\Admin\7b3c0cfe72716cfc62e3ee7efb6a665c.php 第 347 行.
NOTIC: [8] Undefined index: sid C:\xampp\htdocs\www\x\Application\Runtime\Cache\Admin\7b3c0cfe72716cfc62e3ee7efb6a665c.php 第 341 行.
NOTIC: [8] Undefined index: provinceid C:\xampp\htdocs\www\x\Application\Runtime\Cache\Admin\7b3c0cfe72716cfc62e3ee7efb6a665c.php 第 347 行.
NOTIC: [8] Undefined index: sid C:\xampp\htdocs\www\x\Application\Runtime\Cache\Admin\7b3c0cfe72716cfc62e3ee7efb6a665c.php 第 341 行.
NOTIC: [8] Undefined index: provinceid C:\xampp\htdocs\www\x\Application\Runtime\Cache\Admin\7b3c0cfe72716cfc62e3ee7efb6a665c.php 第 347 行.
NOTIC: [8] Undefined index: sid C:\xampp\htdocs\www\x\Application\Runtime\Cache\Admin\7b3c0cfe72716cfc62e3ee7efb6a665c.php 第 341 行.
NOTIC: [8] Undefined index: provinceid C:\xampp\htdocs\www\x\Application\Runtime\Cache\Admin\7b3c0cfe72716cfc62e3ee7efb6a665c.php 第 347 行.
NOTIC: [8] Undefined index: sid C:\xampp\htdocs\www\x\Application\Runtime\Cache\Admin\7b3c0cfe72716cfc62e3ee7efb6a665c.php 第 341 行.
NOTIC: [8] Undefined index: provinceid C:\xampp\htdocs\www\x\Application\Runtime\Cache\Admin\7b3c0cfe72716cfc62e3ee7efb6a665c.php 第 347 行.
NOTIC: [8] Undefined index: sid C:\xampp\htdocs\www\x\Application\Runtime\Cache\Admin\7b3c0cfe72716cfc62e3ee7efb6a665c.php 第 341 行.
NOTIC: [8] Undefined index: provinceid C:\xampp\htdocs\www\x\Application\Runtime\Cache\Admin\7b3c0cfe72716cfc62e3ee7efb6a665c.php 第 347 行.
NOTIC: [8] Undefined index: sid C:\xampp\htdocs\www\x\Application\Runtime\Cache\Admin\7b3c0cfe72716cfc62e3ee7efb6a665c.php 第 341 行.
NOTIC: [8] Undefined index: provinceid C:\xampp\htdocs\www\x\Application\Runtime\Cache\Admin\7b3c0cfe72716cfc62e3ee7efb6a665c.php 第 347 行.
NOTIC: [8] Undefined index: sid C:\xampp\htdocs\www\x\Application\Runtime\Cache\Admin\7b3c0cfe72716cfc62e3ee7efb6a665c.php 第 341 行.
NOTIC: [8] Undefined index: provinceid C:\xampp\htdocs\www\x\Application\Runtime\Cache\Admin\7b3c0cfe72716cfc62e3ee7efb6a665c.php 第 347 行.
NOTIC: [8] Undefined index: sid C:\xampp\htdocs\www\x\Application\Runtime\Cache\Admin\7b3c0cfe72716cfc62e3ee7efb6a665c.php 第 341 行.
NOTIC: [8] Undefined index: provinceid C:\xampp\htdocs\www\x\Application\Runtime\Cache\Admin\7b3c0cfe72716cfc62e3ee7efb6a665c.php 第 347 行.
NOTIC: [8] Undefined index: sid C:\xampp\htdocs\www\x\Application\Runtime\Cache\Admin\7b3c0cfe72716cfc62e3ee7efb6a665c.php 第 341 行.
NOTIC: [8] Undefined index: provinceid C:\xampp\htdocs\www\x\Application\Runtime\Cache\Admin\7b3c0cfe72716cfc62e3ee7efb6a665c.php 第 347 行.
NOTIC: [8] Undefined index: sid C:\xampp\htdocs\www\x\Application\Runtime\Cache\Admin\7b3c0cfe72716cfc62e3ee7efb6a665c.php 第 341 行.
NOTIC: [8] Undefined index: provinceid C:\xampp\htdocs\www\x\Application\Runtime\Cache\Admin\7b3c0cfe72716cfc62e3ee7efb6a665c.php 第 347 行.
NOTIC: [8] Undefined index: sid C:\xampp\htdocs\www\x\Application\Runtime\Cache\Admin\7b3c0cfe72716cfc62e3ee7efb6a665c.php 第 341 行.
NOTIC: [8] Undefined index: provinceid C:\xampp\htdocs\www\x\Application\Runtime\Cache\Admin\7b3c0cfe72716cfc62e3ee7efb6a665c.php 第 347 行.
NOTIC: [8] Undefined index: sid C:\xampp\htdocs\www\x\Application\Runtime\Cache\Admin\7b3c0cfe72716cfc62e3ee7efb6a665c.php 第 341 行.
NOTIC: [8] Undefined index: provinceid C:\xampp\htdocs\www\x\Application\Runtime\Cache\Admin\7b3c0cfe72716cfc62e3ee7efb6a665c.php 第 347 行.
NOTIC: [8] Undefined index: sid C:\xampp\htdocs\www\x\Application\Runtime\Cache\Admin\7b3c0cfe72716cfc62e3ee7efb6a665c.php 第 341 行.
NOTIC: [8] Undefined index: provinceid C:\xampp\htdocs\www\x\Application\Runtime\Cache\Admin\7b3c0cfe72716cfc62e3ee7efb6a665c.php 第 347 行.
NOTIC: [8] Undefined index: sid C:\xampp\htdocs\www\x\Application\Runtime\Cache\Admin\7b3c0cfe72716cfc62e3ee7efb6a665c.php 第 341 行.
NOTIC: [8] Undefined index: provinceid C:\xampp\htdocs\www\x\Application\Runtime\Cache\Admin\7b3c0cfe72716cfc62e3ee7efb6a665c.php 第 347 行.
NOTIC: [8] Undefined variable: page C:\xampp\htdocs\www\x\Application\Runtime\Cache\Admin\7b3c0cfe72716cfc62e3ee7efb6a665c.php 第 353 行.
INFO: Run Behavior\ParseTemplateBehavior [ RunTime:0.007890s ]
INFO: [ view_parse ] --END-- [ RunTime:0.007928s ]
INFO: [ view_filter ] --START--
INFO: Run Behavior\WriteHtmlCacheBehavior [ RunTime:0.000519s ]
INFO: [ view_filter ] --END-- [ RunTime:0.000567s ]
INFO: [ app_end ] --START--
INFO: Run Behavior\ShowPageTraceBehavior [ RunTime:0.000653s ]
INFO: [ app_end ] --END-- [ RunTime:0.000682s ]

[ 2018-10-15T23:22:34+08:00 ] 118.196.151.91 /index.php/admin
INFO: [ app_init ] --START--
INFO: Run Behavior\BuildLiteBehavior [ RunTime:0.000009s ]
INFO: [ app_init ] --END-- [ RunTime:0.000333s ]
INFO: [ app_begin ] --START--
INFO: Run Behavior\ReadHtmlCacheBehavior [ RunTime:0.000599s ]
INFO: [ app_begin ] --END-- [ RunTime:0.000632s ]
INFO: [ view_parse ] --START--
INFO: [ template_filter ] --START--
INFO: Run Behavior\ContentReplaceBehavior [ RunTime:0.000028s ]
INFO: [ template_filter ] --END-- [ RunTime:0.000068s ]
INFO: Run Behavior\ParseTemplateBehavior [ RunTime:0.006260s ]
INFO: [ view_parse ] --END-- [ RunTime:0.006300s ]
INFO: [ view_filter ] --START--
INFO: Run Behavior\WriteHtmlCacheBehavior [ RunTime:0.000327s ]
INFO: [ view_filter ] --END-- [ RunTime:0.000359s ]

[ 2018-10-15T23:22:37+08:00 ] 118.196.151.91 /index.php/Admin/Login/index.html
INFO: [ app_init ] --START--
INFO: Run Behavior\BuildLiteBehavior [ RunTime:0.000010s ]
INFO: [ app_init ] --END-- [ RunTime:0.000364s ]
INFO: [ app_begin ] --START--
INFO: Run Behavior\ReadHtmlCacheBehavior [ RunTime:0.000426s ]
INFO: [ app_begin ] --END-- [ RunTime:0.000457s ]
NOTIC: [2] Use of undefined constant regex - assumed 'regex' (this will throw an Error in a future version of PHP) C:\xampp\htdocs\www\x\ThinkPHP\Common\functions.php 第 588 行.
SQL: SHOW COLUMNS FROM `sp_admin` [ RunTime:0.0017s ]
INFO: [ view_parse ] --START--
INFO: [ template_filter ] --START--
INFO: Run Behavior\ContentReplaceBehavior [ RunTime:0.000041s ]
INFO: [ template_filter ] --END-- [ RunTime:0.000081s ]
INFO: Run Behavior\ParseTemplateBehavior [ RunTime:0.005224s ]
INFO: [ view_parse ] --END-- [ RunTime:0.005270s ]
INFO: [ view_filter ] --START--
INFO: Run Behavior\WriteHtmlCacheBehavior [ RunTime:0.000267s ]
INFO: [ view_filter ] --END-- [ RunTime:0.000292s ]
INFO: [ app_end ] --START--
INFO: Run Behavior\ShowPageTraceBehavior [ RunTime:0.000588s ]
INFO: [ app_end ] --END-- [ RunTime:0.000613s ]

[ 2018-10-15T23:22:37+08:00 ] 118.196.151.91 /index.php/Admin/Login/verify
INFO: [ app_init ] --START--
INFO: Run Behavior\BuildLiteBehavior [ RunTime:0.000009s ]
INFO: [ app_init ] --END-- [ RunTime:0.000309s ]
INFO: [ app_begin ] --START--
INFO: Run Behavior\ReadHtmlCacheBehavior [ RunTime:0.000496s ]
INFO: [ app_begin ] --END-- [ RunTime:0.000527s ]
INFO: [ app_end ] --START--
INFO: Run Behavior\ShowPageTraceBehavior [ RunTime:0.000699s ]
INFO: [ app_end ] --END-- [ RunTime:0.000744s ]

[ 2018-10-15T23:22:42+08:00 ] 118.196.151.91 /index.php/Admin/Login/verify/0.4827598796177279
INFO: [ app_init ] --START--
INFO: Run Behavior\BuildLiteBehavior [ RunTime:0.000011s ]
INFO: [ app_init ] --END-- [ RunTime:0.000319s ]
INFO: [ app_begin ] --START--
INFO: Run Behavior\ReadHtmlCacheBehavior [ RunTime:0.000473s ]
INFO: [ app_begin ] --END-- [ RunTime:0.000506s ]
INFO: [ app_end ] --START--
INFO: Run Behavior\ShowPageTraceBehavior [ RunTime:0.000575s ]
INFO: [ app_end ] --END-- [ RunTime:0.000616s ]

[ 2018-10-15T23:22:46+08:00 ] 118.196.151.91 /index.php/Admin/Login/index.html
INFO: [ app_init ] --START--
INFO: Run Behavior\BuildLiteBehavior [ RunTime:0.000010s ]
INFO: [ app_init ] --END-- [ RunTime:0.000344s ]
INFO: [ app_begin ] --START--
INFO: Run Behavior\ReadHtmlCacheBehavior [ RunTime:0.000426s ]
INFO: [ app_begin ] --END-- [ RunTime:0.000458s ]
NOTIC: [2] Use of undefined constant regex - assumed 'regex' (this will throw an Error in a future version of PHP) C:\xampp\htdocs\www\x\ThinkPHP\Common\functions.php 第 588 行.
SQL: SHOW COLUMNS FROM `sp_admin` [ RunTime:0.0017s ]
SQL: SELECT * FROM `sp_admin` WHERE ( username='ydx' ) LIMIT 1   [ RunTime:0.0003s ]
INFO: [ view_parse ] --START--
INFO: [ template_filter ] --START--
INFO: Run Behavior\ContentReplaceBehavior [ RunTime:0.000027s ]
INFO: [ template_filter ] --END-- [ RunTime:0.000061s ]
INFO: Run Behavior\ParseTemplateBehavior [ RunTime:0.005239s ]
INFO: [ view_parse ] --END-- [ RunTime:0.005282s ]
INFO: [ view_filter ] --START--
INFO: Run Behavior\WriteHtmlCacheBehavior [ RunTime:0.000266s ]
INFO: [ view_filter ] --END-- [ RunTime:0.000297s ]
INFO: [ app_end ] --START--
INFO: Run Behavior\ShowPageTraceBehavior [ RunTime:0.000770s ]
INFO: [ app_end ] --END-- [ RunTime:0.000801s ]

[ 2018-10-15T23:22:47+08:00 ] 118.196.151.91 /index.php/Admin/Index/index.html
INFO: [ app_init ] --START--
INFO: Run Behavior\BuildLiteBehavior [ RunTime:0.000013s ]
INFO: [ app_init ] --END-- [ RunTime:0.000396s ]
INFO: [ app_begin ] --START--
INFO: Run Behavior\ReadHtmlCacheBehavior [ RunTime:0.000650s ]
INFO: [ app_begin ] --END-- [ RunTime:0.000693s ]
INFO: [ view_parse ] --START--
INFO: [ template_filter ] --START--
INFO: Run Behavior\ContentReplaceBehavior [ RunTime:0.000087s ]
INFO: [ template_filter ] --END-- [ RunTime:0.000121s ]
INFO: Run Behavior\ParseTemplateBehavior [ RunTime:0.006195s ]
INFO: [ view_parse ] --END-- [ RunTime:0.006229s ]
INFO: [ view_filter ] --START--
INFO: Run Behavior\WriteHtmlCacheBehavior [ RunTime:0.000213s ]
INFO: [ view_filter ] --END-- [ RunTime:0.000235s ]
INFO: [ app_end ] --START--
INFO: Run Behavior\ShowPageTraceBehavior [ RunTime:0.000483s ]
INFO: [ app_end ] --END-- [ RunTime:0.000520s ]

[ 2018-10-15T23:22:51+08:00 ] 118.196.151.91 /index.php/Admin/Goods/lst
INFO: [ app_init ] --START--
INFO: Run Behavior\BuildLiteBehavior [ RunTime:0.000010s ]
INFO: [ app_init ] --END-- [ RunTime:0.000280s ]
INFO: [ app_begin ] --START--
INFO: Run Behavior\ReadHtmlCacheBehavior [ RunTime:0.000488s ]
INFO: [ app_begin ] --END-- [ RunTime:0.000523s ]
SQL: SHOW COLUMNS FROM `sp_goods` [ RunTime:0.0017s ]
SQL: SHOW COLUMNS FROM `sp_cate` [ RunTime:0.0015s ]
SQL: SHOW COLUMNS FROM `sp_brand` [ RunTime:0.0023s ]
SQL: SELECT COUNT(*) AS tp_count FROM sp_goods Goods  JOIN sp_cate Cate ON goods.cate_id=Cate.id LEFT JOIN sp_brand Brand ON goods.brand_id=brand.id LIMIT 1   [ RunTime:0.0006s ]
SQL: SELECT Goods.id AS id,Goods.goods_name AS goods_name,Goods.sm_thumb AS sm_thumb,Goods.market_price AS market_price,Goods.shop_price AS shop_price,Goods.onsale AS onsale,Goods.cate_id AS cate_id,Goods.brand_id AS brand_id,Cate.catename AS catename,Brand.brand_name AS brand_name FROM sp_goods Goods  JOIN sp_cate Cate ON goods.cate_id=Cate.id LEFT JOIN sp_brand Brand ON goods.brand_id=brand.id ORDER BY Goods.id desc LIMIT 0,8   [ RunTime:0.0007s ]
INFO: [ view_parse ] --START--
INFO: [ template_filter ] --START--
INFO: Run Behavior\ContentReplaceBehavior [ RunTime:0.000121s ]
INFO: [ template_filter ] --END-- [ RunTime:0.000155s ]
INFO: Run Behavior\ParseTemplateBehavior [ RunTime:0.007624s ]
INFO: [ view_parse ] --END-- [ RunTime:0.007679s ]
INFO: [ view_filter ] --START--
INFO: Run Behavior\WriteHtmlCacheBehavior [ RunTime:0.000247s ]
INFO: [ view_filter ] --END-- [ RunTime:0.000269s ]
INFO: [ app_end ] --START--
INFO: Run Behavior\ShowPageTraceBehavior [ RunTime:0.000523s ]
INFO: [ app_end ] --END-- [ RunTime:0.000550s ]

[ 2018-10-15T23:22:53+08:00 ] 118.196.151.91 /index.php/Admin/Goods/add
INFO: [ app_init ] --START--
INFO: Run Behavior\BuildLiteBehavior [ RunTime:0.000009s ]
INFO: [ app_init ] --END-- [ RunTime:0.000325s ]
INFO: [ app_begin ] --START--
INFO: Run Behavior\ReadHtmlCacheBehavior [ RunTime:0.000416s ]
INFO: [ app_begin ] --END-- [ RunTime:0.000447s ]
NOTIC: [2] Use of undefined constant unique - assumed 'unique' (this will throw an Error in a future version of PHP) C:\xampp\htdocs\www\x\ThinkPHP\Common\functions.php 第 588 行.
SQL: SHOW COLUMNS FROM `sp_goods` [ RunTime:0.0016s ]
SQL: SHOW COLUMNS FROM `sp_cate` [ RunTime:0.0013s ]
SQL: SELECT * FROM `sp_cate` ORDER BY id desc  [ RunTime:0.0015s ]
SQL: SHOW COLUMNS FROM `sp_brand` [ RunTime:0.0021s ]
SQL: SELECT * FROM `sp_brand`  [ RunTime:0.0003s ]
NOTIC: [2] Use of undefined constant unique - assumed 'unique' (this will throw an Error in a future version of PHP) C:\xampp\htdocs\www\x\ThinkPHP\Common\functions.php 第 588 行.
SQL: SHOW COLUMNS FROM `sp_member_level` [ RunTime:0.0405s ]
SQL: SELECT * FROM `sp_member_level`  [ RunTime:0.0003s ]
SQL: SHOW COLUMNS FROM `sp_type` [ RunTime:0.0024s ]
SQL: SELECT * FROM `sp_type`  [ RunTime:0.0003s ]
SQL: SHOW COLUMNS FROM `sp_recpos` [ RunTime:0.0025s ]
SQL: SELECT * FROM `sp_recpos` WHERE `rectype` = 1  [ RunTime:0.0003s ]
INFO: [ view_parse ] --START--
INFO: [ template_filter ] --START--
INFO: Run Behavior\ContentReplaceBehavior [ RunTime:0.000186s ]
INFO: [ template_filter ] --END-- [ RunTime:0.000220s ]
INFO: Run Behavior\ParseTemplateBehavior [ RunTime:0.009448s ]
INFO: [ view_parse ] --END-- [ RunTime:0.009485s ]
INFO: [ view_filter ] --START--
INFO: Run Behavior\WriteHtmlCacheBehavior [ RunTime:0.000267s ]
INFO: [ view_filter ] --END-- [ RunTime:0.000292s ]
INFO: [ app_end ] --START--
INFO: Run Behavior\ShowPageTraceBehavior [ RunTime:0.000517s ]
INFO: [ app_end ] --END-- [ RunTime:0.000543s ]

[ 2018-10-15T23:23:34+08:00 ] 61.129.6.225 /index.php/admin
INFO: [ app_init ] --START--
INFO: Run Behavior\BuildLiteBehavior [ RunTime:0.000013s ]
INFO: [ app_init ] --END-- [ RunTime:0.000398s ]
INFO: [ app_begin ] --START--
INFO: Run Behavior\ReadHtmlCacheBehavior [ RunTime:0.000568s ]
INFO: [ app_begin ] --END-- [ RunTime:0.000610s ]
INFO: [ view_parse ] --START--
INFO: [ template_filter ] --START--
INFO: Run Behavior\ContentReplaceBehavior [ RunTime:0.000027s ]
INFO: [ template_filter ] --END-- [ RunTime:0.000064s ]
INFO: Run Behavior\ParseTemplateBehavior [ RunTime:0.006210s ]
INFO: [ view_parse ] --END-- [ RunTime:0.006250s ]
INFO: [ view_filter ] --START--
INFO: Run Behavior\WriteHtmlCacheBehavior [ RunTime:0.000277s ]
INFO: [ view_filter ] --END-- [ RunTime:0.000301s ]

[ 2018-10-15T23:23:37+08:00 ] 61.151.178.197 /index.php/admin/login/index.html
INFO: [ app_init ] --START--
INFO: Run Behavior\BuildLiteBehavior [ RunTime:0.000012s ]
INFO: [ app_init ] --END-- [ RunTime:0.000416s ]
INFO: [ app_begin ] --START--
INFO: Run Behavior\ReadHtmlCacheBehavior [ RunTime:0.000518s ]
INFO: [ app_begin ] --END-- [ RunTime:0.000549s ]
NOTIC: [2] Use of undefined constant regex - assumed 'regex' (this will throw an Error in a future version of PHP) C:\xampp\htdocs\www\x\ThinkPHP\Common\functions.php 第 588 行.
SQL: SHOW COLUMNS FROM `sp_admin` [ RunTime:0.0014s ]
INFO: [ view_parse ] --START--
INFO: [ template_filter ] --START--
INFO: Run Behavior\ContentReplaceBehavior [ RunTime:0.000039s ]
INFO: [ template_filter ] --END-- [ RunTime:0.000076s ]
INFO: Run Behavior\ParseTemplateBehavior [ RunTime:0.004500s ]
INFO: [ view_parse ] --END-- [ RunTime:0.004534s ]
INFO: [ view_filter ] --START--
INFO: Run Behavior\WriteHtmlCacheBehavior [ RunTime:0.000253s ]
INFO: [ view_filter ] --END-- [ RunTime:0.000275s ]
INFO: [ app_end ] --START--
INFO: Run Behavior\ShowPageTraceBehavior [ RunTime:0.000551s ]
INFO: [ app_end ] --END-- [ RunTime:0.000574s ]

[ 2018-10-15T23:23:47+08:00 ] 101.91.62.99 /index.php/admin/index/index.html
INFO: [ app_init ] --START--
INFO: Run Behavior\BuildLiteBehavior [ RunTime:0.000010s ]
INFO: [ app_init ] --END-- [ RunTime:0.000308s ]
INFO: [ app_begin ] --START--
INFO: Run Behavior\ReadHtmlCacheBehavior [ RunTime:0.000431s ]
INFO: [ app_begin ] --END-- [ RunTime:0.000460s ]
INFO: [ view_parse ] --START--
INFO: [ template_filter ] --START--
INFO: Run Behavior\ContentReplaceBehavior [ RunTime:0.000023s ]
INFO: [ template_filter ] --END-- [ RunTime:0.000058s ]
INFO: Run Behavior\ParseTemplateBehavior [ RunTime:0.004085s ]
INFO: [ view_parse ] --END-- [ RunTime:0.004119s ]
INFO: [ view_filter ] --START--
INFO: Run Behavior\WriteHtmlCacheBehavior [ RunTime:0.000189s ]
INFO: [ view_filter ] --END-- [ RunTime:0.000210s ]

[ 2018-10-15T23:23:51+08:00 ] 101.89.19.149 /index.php/admin/goods/lst
INFO: [ app_init ] --START--
INFO: Run Behavior\BuildLiteBehavior [ RunTime:0.000010s ]
INFO: [ app_init ] --END-- [ RunTime:0.000350s ]
INFO: [ app_begin ] --START--
INFO: Run Behavior\ReadHtmlCacheBehavior [ RunTime:0.000466s ]
INFO: [ app_begin ] --END-- [ RunTime:0.000503s ]
INFO: [ view_parse ] --START--
INFO: [ template_filter ] --START--
INFO: Run Behavior\ContentReplaceBehavior [ RunTime:0.000026s ]
INFO: [ template_filter ] --END-- [ RunTime:0.000059s ]
INFO: Run Behavior\ParseTemplateBehavior [ RunTime:0.004912s ]
INFO: [ view_parse ] --END-- [ RunTime:0.004955s ]
INFO: [ view_filter ] --START--
INFO: Run Behavior\WriteHtmlCacheBehavior [ RunTime:0.000278s ]
INFO: [ view_filter ] --END-- [ RunTime:0.000302s ]

[ 2018-10-15T23:23:55+08:00 ] 61.151.178.174 /index.php/admin/goods/add
INFO: [ app_init ] --START--
INFO: Run Behavior\BuildLiteBehavior [ RunTime:0.000011s ]
INFO: [ app_init ] --END-- [ RunTime:0.000326s ]
INFO: [ app_begin ] --START--
INFO: Run Behavior\ReadHtmlCacheBehavior [ RunTime:0.000484s ]
INFO: [ app_begin ] --END-- [ RunTime:0.000520s ]
INFO: [ view_parse ] --START--
INFO: [ template_filter ] --START--
INFO: Run Behavior\ContentReplaceBehavior [ RunTime:0.000028s ]
INFO: [ template_filter ] --END-- [ RunTime:0.000069s ]
INFO: Run Behavior\ParseTemplateBehavior [ RunTime:0.005028s ]
INFO: [ view_parse ] --END-- [ RunTime:0.005071s ]
INFO: [ view_filter ] --START--
INFO: Run Behavior\WriteHtmlCacheBehavior [ RunTime:0.000266s ]
INFO: [ view_filter ] --END-- [ RunTime:0.000291s ]

[ 2018-10-15T23:28:16+08:00 ] 118.196.151.91 /index.php/Admin/Goods/add
INFO: [ app_init ] --START--
INFO: Run Behavior\BuildLiteBehavior [ RunTime:0.000013s ]
INFO: [ app_init ] --END-- [ RunTime:0.000483s ]
INFO: [ app_begin ] --START--
INFO: Run Behavior\ReadHtmlCacheBehavior [ RunTime:0.000886s ]
INFO: [ app_begin ] --END-- [ RunTime:0.000934s ]
NOTIC: [2] Use of undefined constant unique - assumed 'unique' (this will throw an Error in a future version of PHP) C:\xampp\htdocs\www\x\ThinkPHP\Common\functions.php 第 588 行.
SQL: SHOW COLUMNS FROM `sp_goods` [ RunTime:0.0017s ]
SQL: SELECT * FROM `sp_goods` WHERE `goods_name` = '斯利安 叶酸片 0.4mg*31片(预防胎儿先天性神经管畸形)' LIMIT 1   [ RunTime:0.0004s ]
NOTIC: [2] call_user_func() expects parameter 1 to be a valid callback, no array or string given C:\xampp\htdocs\www\x\ThinkPHP\Library\Think\Upload.class.php 第 170 行.
NOTIC: [2] call_user_func() expects parameter 1 to be a valid callback, no array or string given C:\xampp\htdocs\www\x\ThinkPHP\Library\Think\Upload.class.php 第 170 行.
SQL: INSERT INTO `sp_goods` (`goods_name`,`cate_id`,`brand_id`,`market_price`,`shop_price`,`onsale`,`goods_desc`,`type_id`,`addtime`,`updatetime`,`original`,`max_thumb`,`mid_thumb`,`sm_thumb`,`s_pic`,`goods_sn`) VALUES ('斯利安 叶酸片 0.4mg*31片(预防胎儿先天性神经管畸形)','108','0','48.00','29.00','1','&lt;p&gt;&lt;img src=&quot;/ueditor/php/upload/image/20181015/1539617237.jpg&quot; title=&quot;1539617237.jpg&quot; alt=&quot;20181015232645.jpg&quot;/&gt;&lt;/p&gt;','0','1539617296','1539617296','./Public/Uploads/Goods/2018-10-15/5bc4b210a07cb.jpg','./Public/Uploads/Goods/2018-10-15/max_5bc4b210a07cb.jpg','./Public/Uploads/Goods/2018-10-15/mid_5bc4b210a07cb.jpg','./Public/Uploads/Goods/2018-10-15/sm_5bc4b210a07cb.jpg','./Public/Uploads/Goods/2018-10-15/5bc4b210c07c3.jpg','1539617296361180') [ RunTime:0.0006s ]
INFO: [ view_parse ] --START--
INFO: [ template_filter ] --START--
INFO: Run Behavior\ContentReplaceBehavior [ RunTime:0.000034s ]
INFO: [ template_filter ] --END-- [ RunTime:0.000072s ]
INFO: Run Behavior\ParseTemplateBehavior [ RunTime:0.005015s ]
INFO: [ view_parse ] --END-- [ RunTime:0.005047s ]
INFO: [ view_filter ] --START--
INFO: Run Behavior\WriteHtmlCacheBehavior [ RunTime:0.000291s ]
INFO: [ view_filter ] --END-- [ RunTime:0.000317s ]
INFO: [ app_end ] --START--
INFO: Run Behavior\ShowPageTraceBehavior [ RunTime:0.000591s ]
INFO: [ app_end ] --END-- [ RunTime:0.000619s ]

[ 2018-10-15T23:28:18+08:00 ] 118.196.151.91 /index.php/Admin/Goods/lst.html
INFO: [ app_init ] --START--
INFO: Run Behavior\BuildLiteBehavior [ RunTime:0.000010s ]
INFO: [ app_init ] --END-- [ RunTime:0.000374s ]
INFO: [ app_begin ] --START--
INFO: Run Behavior\ReadHtmlCacheBehavior [ RunTime:0.000508s ]
INFO: [ app_begin ] --END-- [ RunTime:0.000540s ]
SQL: SHOW COLUMNS FROM `sp_goods` [ RunTime:0.0016s ]
SQL: SHOW COLUMNS FROM `sp_cate` [ RunTime:0.0016s ]
SQL: SHOW COLUMNS FROM `sp_brand` [ RunTime:0.0013s ]
SQL: SELECT COUNT(*) AS tp_count FROM sp_goods Goods  JOIN sp_cate Cate ON goods.cate_id=Cate.id LEFT JOIN sp_brand Brand ON goods.brand_id=brand.id LIMIT 1   [ RunTime:0.0003s ]
SQL: SELECT Goods.id AS id,Goods.goods_name AS goods_name,Goods.sm_thumb AS sm_thumb,Goods.market_price AS market_price,Goods.shop_price AS shop_price,Goods.onsale AS onsale,Goods.cate_id AS cate_id,Goods.brand_id AS brand_id,Cate.catename AS catename,Brand.brand_name AS brand_name FROM sp_goods Goods  JOIN sp_cate Cate ON goods.cate_id=Cate.id LEFT JOIN sp_brand Brand ON goods.brand_id=brand.id ORDER BY Goods.id desc LIMIT 0,8   [ RunTime:0.0004s ]
INFO: [ view_parse ] --START--
INFO: [ template_filter ] --START--
INFO: Run Behavior\ContentReplaceBehavior [ RunTime:0.000112s ]
INFO: [ template_filter ] --END-- [ RunTime:0.000145s ]
INFO: Run Behavior\ParseTemplateBehavior [ RunTime:0.007093s ]
INFO: [ view_parse ] --END-- [ RunTime:0.007126s ]
INFO: [ view_filter ] --START--
INFO: Run Behavior\WriteHtmlCacheBehavior [ RunTime:0.000200s ]
INFO: [ view_filter ] --END-- [ RunTime:0.000228s ]
INFO: [ app_end ] --START--
INFO: Run Behavior\ShowPageTraceBehavior [ RunTime:0.000519s ]
INFO: [ app_end ] --END-- [ RunTime:0.000544s ]

[ 2018-10-15T23:29:18+08:00 ] 61.151.178.165 /index.php/admin/goods/lst.html
INFO: [ app_init ] --START--
INFO: Run Behavior\BuildLiteBehavior [ RunTime:0.000012s ]
INFO: [ app_init ] --END-- [ RunTime:0.000390s ]
INFO: [ app_begin ] --START--
INFO: Run Behavior\ReadHtmlCacheBehavior [ RunTime:0.000697s ]
INFO: [ app_begin ] --END-- [ RunTime:0.000737s ]
INFO: [ view_parse ] --START--
INFO: [ template_filter ] --START--
INFO: Run Behavior\ContentReplaceBehavior [ RunTime:0.000034s ]
INFO: [ template_filter ] --END-- [ RunTime:0.000079s ]
INFO: Run Behavior\ParseTemplateBehavior [ RunTime:0.005367s ]
INFO: [ view_parse ] --END-- [ RunTime:0.005408s ]
INFO: [ view_filter ] --START--
INFO: Run Behavior\WriteHtmlCacheBehavior [ RunTime:0.000260s ]
INFO: [ view_filter ] --END-- [ RunTime:0.000281s ]

[ 2018-10-15T23:31:12+08:00 ] 118.196.151.91 /index.php/Admin/Goods/add
INFO: [ app_init ] --START--
INFO: Run Behavior\BuildLiteBehavior [ RunTime:0.000009s ]
INFO: [ app_init ] --END-- [ RunTime:0.000380s ]
INFO: [ app_begin ] --START--
INFO: Run Behavior\ReadHtmlCacheBehavior [ RunTime:0.001077s ]
INFO: [ app_begin ] --END-- [ RunTime:0.001188s ]
NOTIC: [2] Use of undefined constant unique - assumed 'unique' (this will throw an Error in a future version of PHP) C:\xampp\htdocs\www\x\ThinkPHP\Common\functions.php 第 588 行.
SQL: SHOW COLUMNS FROM `sp_goods` [ RunTime:0.0018s ]
SQL: SHOW COLUMNS FROM `sp_cate` [ RunTime:0.0013s ]
SQL: SELECT * FROM `sp_cate` ORDER BY id desc  [ RunTime:0.0013s ]
SQL: SHOW COLUMNS FROM `sp_brand` [ RunTime:0.0017s ]
SQL: SELECT * FROM `sp_brand`  [ RunTime:0.0002s ]
NOTIC: [2] Use of undefined constant unique - assumed 'unique' (this will throw an Error in a future version of PHP) C:\xampp\htdocs\www\x\ThinkPHP\Common\functions.php 第 588 行.
SQL: SHOW COLUMNS FROM `sp_member_level` [ RunTime:0.0014s ]
SQL: SELECT * FROM `sp_member_level`  [ RunTime:0.0004s ]
SQL: SHOW COLUMNS FROM `sp_type` [ RunTime:0.0016s ]
SQL: SELECT * FROM `sp_type`  [ RunTime:0.0002s ]
SQL: SHOW COLUMNS FROM `sp_recpos` [ RunTime:0.0013s ]
SQL: SELECT * FROM `sp_recpos` WHERE `rectype` = 1  [ RunTime:0.0002s ]
INFO: [ view_parse ] --START--
INFO: [ template_filter ] --START--
INFO: Run Behavior\ContentReplaceBehavior [ RunTime:0.000317s ]
INFO: [ template_filter ] --END-- [ RunTime:0.000379s ]
INFO: Run Behavior\ParseTemplateBehavior [ RunTime:0.010691s ]
INFO: [ view_parse ] --END-- [ RunTime:0.010735s ]
INFO: [ view_filter ] --START--
INFO: Run Behavior\WriteHtmlCacheBehavior [ RunTime:0.000402s ]
INFO: [ view_filter ] --END-- [ RunTime:0.000429s ]
INFO: [ app_end ] --START--
INFO: Run Behavior\ShowPageTraceBehavior [ RunTime:0.000571s ]
INFO: [ app_end ] --END-- [ RunTime:0.000595s ]

[ 2018-10-15T23:32:46+08:00 ] 118.196.151.91 /index.php/Admin/Goods/add
INFO: [ app_init ] --START--
INFO: Run Behavior\BuildLiteBehavior [ RunTime:0.000010s ]
INFO: [ app_init ] --END-- [ RunTime:0.000332s ]
INFO: [ app_begin ] --START--
INFO: Run Behavior\ReadHtmlCacheBehavior [ RunTime:0.000569s ]
INFO: [ app_begin ] --END-- [ RunTime:0.000602s ]
NOTIC: [2] Use of undefined constant unique - assumed 'unique' (this will throw an Error in a future version of PHP) C:\xampp\htdocs\www\x\ThinkPHP\Common\functions.php 第 588 行.
SQL: SHOW COLUMNS FROM `sp_goods` [ RunTime:0.0017s ]
SQL: SELECT * FROM `sp_goods` WHERE `goods_name` = '草晶华破壁草本 当归破壁饮片 2g*20袋' LIMIT 1   [ RunTime:0.0004s ]
NOTIC: [2] call_user_func() expects parameter 1 to be a valid callback, no array or string given C:\xampp\htdocs\www\x\ThinkPHP\Library\Think\Upload.class.php 第 170 行.
NOTIC: [2] call_user_func() expects parameter 1 to be a valid callback, no array or string given C:\xampp\htdocs\www\x\ThinkPHP\Library\Think\Upload.class.php 第 170 行.
SQL: INSERT INTO `sp_goods` (`goods_name`,`cate_id`,`brand_id`,`market_price`,`shop_price`,`onsale`,`goods_desc`,`type_id`,`addtime`,`updatetime`,`original`,`max_thumb`,`mid_thumb`,`sm_thumb`,`s_pic`,`goods_sn`) VALUES ('草晶华破壁草本 当归破壁饮片 2g*20袋','186','0','88','68','1','&lt;p&gt;&lt;img src=&quot;/ueditor/php/upload/image/20181015/1539617494.jpg&quot; title=&quot;1539617494.jpg&quot; alt=&quot;20181015233023.jpg&quot;/&gt;&lt;/p&gt;','0','1539617566','1539617566','./Public/Uploads/Goods/2018-10-15/5bc4b31ecc8da.jpg','./Public/Uploads/Goods/2018-10-15/max_5bc4b31ecc8da.jpg','./Public/Uploads/Goods/2018-10-15/mid_5bc4b31ecc8da.jpg','./Public/Uploads/Goods/2018-10-15/sm_5bc4b31ecc8da.jpg','./Public/Uploads/Goods/2018-10-15/5bc4b31eed60c.jpg','1539617566795292') [ RunTime:0.0004s ]
INFO: [ view_parse ] --START--
INFO: [ template_filter ] --START--
INFO: Run Behavior\ContentReplaceBehavior [ RunTime:0.000028s ]
INFO: [ template_filter ] --END-- [ RunTime:0.000063s ]
INFO: Run Behavior\ParseTemplateBehavior [ RunTime:0.005788s ]
INFO: [ view_parse ] --END-- [ RunTime:0.005847s ]
INFO: [ view_filter ] --START--
INFO: Run Behavior\WriteHtmlCacheBehavior [ RunTime:0.000400s ]
INFO: [ view_filter ] --END-- [ RunTime:0.000437s ]
INFO: [ app_end ] --START--
INFO: Run Behavior\ShowPageTraceBehavior [ RunTime:0.000885s ]
INFO: [ app_end ] --END-- [ RunTime:0.000921s ]

[ 2018-10-15T23:32:48+08:00 ] 118.196.151.91 /index.php/Admin/Goods/lst.html
INFO: [ app_init ] --START--
INFO: Run Behavior\BuildLiteBehavior [ RunTime:0.000012s ]
INFO: [ app_init ] --END-- [ RunTime:0.000461s ]
INFO: [ app_begin ] --START--
INFO: Run Behavior\ReadHtmlCacheBehavior [ RunTime:0.000584s ]
INFO: [ app_begin ] --END-- [ RunTime:0.000623s ]
SQL: SHOW COLUMNS FROM `sp_goods` [ RunTime:0.0017s ]
SQL: SHOW COLUMNS FROM `sp_cate` [ RunTime:0.0014s ]
SQL: SHOW COLUMNS FROM `sp_brand` [ RunTime:0.0013s ]
SQL: SELECT COUNT(*) AS tp_count FROM sp_goods Goods  JOIN sp_cate Cate ON goods.cate_id=Cate.id LEFT JOIN sp_brand Brand ON goods.brand_id=brand.id LIMIT 1   [ RunTime:0.0004s ]
SQL: SELECT Goods.id AS id,Goods.goods_name AS goods_name,Goods.sm_thumb AS sm_thumb,Goods.market_price AS market_price,Goods.shop_price AS shop_price,Goods.onsale AS onsale,Goods.cate_id AS cate_id,Goods.brand_id AS brand_id,Cate.catename AS catename,Brand.brand_name AS brand_name FROM sp_goods Goods  JOIN sp_cate Cate ON goods.cate_id=Cate.id LEFT JOIN sp_brand Brand ON goods.brand_id=brand.id ORDER BY Goods.id desc LIMIT 0,8   [ RunTime:0.0004s ]
INFO: [ view_parse ] --START--
INFO: [ template_filter ] --START--
INFO: Run Behavior\ContentReplaceBehavior [ RunTime:0.000127s ]
INFO: [ template_filter ] --END-- [ RunTime:0.000168s ]
INFO: Run Behavior\ParseTemplateBehavior [ RunTime:0.008017s ]
INFO: [ view_parse ] --END-- [ RunTime:0.008062s ]
INFO: [ view_filter ] --START--
INFO: Run Behavior\WriteHtmlCacheBehavior [ RunTime:0.000253s ]
INFO: [ view_filter ] --END-- [ RunTime:0.000279s ]
INFO: [ app_end ] --START--
INFO: Run Behavior\ShowPageTraceBehavior [ RunTime:0.000574s ]
INFO: [ app_end ] --END-- [ RunTime:0.000600s ]

[ 2018-10-15T23:34:46+08:00 ] 118.196.151.91 /index.php/Admin/Goods/add
INFO: [ app_init ] --START--
INFO: Run Behavior\BuildLiteBehavior [ RunTime:0.000010s ]
INFO: [ app_init ] --END-- [ RunTime:0.000347s ]
INFO: [ app_begin ] --START--
INFO: Run Behavior\ReadHtmlCacheBehavior [ RunTime:0.000702s ]
INFO: [ app_begin ] --END-- [ RunTime:0.000747s ]
NOTIC: [2] Use of undefined constant unique - assumed 'unique' (this will throw an Error in a future version of PHP) C:\xampp\htdocs\www\x\ThinkPHP\Common\functions.php 第 588 行.
SQL: SHOW COLUMNS FROM `sp_goods` [ RunTime:0.0019s ]
SQL: SHOW COLUMNS FROM `sp_cate` [ RunTime:0.0017s ]
SQL: SELECT * FROM `sp_cate` ORDER BY id desc  [ RunTime:0.0014s ]
SQL: SHOW COLUMNS FROM `sp_brand` [ RunTime:0.0020s ]
SQL: SELECT * FROM `sp_brand`  [ RunTime:0.0002s ]
NOTIC: [2] Use of undefined constant unique - assumed 'unique' (this will throw an Error in a future version of PHP) C:\xampp\htdocs\www\x\ThinkPHP\Common\functions.php 第 588 行.
SQL: SHOW COLUMNS FROM `sp_member_level` [ RunTime:0.0014s ]
SQL: SELECT * FROM `sp_member_level`  [ RunTime:0.0002s ]
SQL: SHOW COLUMNS FROM `sp_type` [ RunTime:0.0014s ]
SQL: SELECT * FROM `sp_type`  [ RunTime:0.0002s ]
SQL: SHOW COLUMNS FROM `sp_recpos` [ RunTime:0.0016s ]
SQL: SELECT * FROM `sp_recpos` WHERE `rectype` = 1  [ RunTime:0.0003s ]
INFO: [ view_parse ] --START--
INFO: [ template_filter ] --START--
INFO: Run Behavior\ContentReplaceBehavior [ RunTime:0.000193s ]
INFO: [ template_filter ] --END-- [ RunTime:0.000230s ]
INFO: Run Behavior\ParseTemplateBehavior [ RunTime:0.010739s ]
INFO: [ view_parse ] --END-- [ RunTime:0.010793s ]
INFO: [ view_filter ] --START--
INFO: Run Behavior\WriteHtmlCacheBehavior [ RunTime:0.000482s ]
INFO: [ view_filter ] --END-- [ RunTime:0.000517s ]
INFO: [ app_end ] --START--
INFO: Run Behavior\ShowPageTraceBehavior [ RunTime:0.000598s ]
INFO: [ app_end ] --END-- [ RunTime:0.000788s ]

[ 2018-10-15T23:35:47+08:00 ] 118.196.151.91 /index.php/Admin/Goods/add
INFO: [ app_init ] --START--
INFO: Run Behavior\BuildLiteBehavior [ RunTime:0.000011s ]
INFO: [ app_init ] --END-- [ RunTime:0.000359s ]
INFO: [ app_begin ] --START--
INFO: Run Behavior\ReadHtmlCacheBehavior [ RunTime:0.000439s ]
INFO: [ app_begin ] --END-- [ RunTime:0.000471s ]
NOTIC: [2] Use of undefined constant unique - assumed 'unique' (this will throw an Error in a future version of PHP) C:\xampp\htdocs\www\x\ThinkPHP\Common\functions.php 第 588 行.
SQL: SHOW COLUMNS FROM `sp_goods` [ RunTime:0.0024s ]
SQL: SELECT * FROM `sp_goods` WHERE `goods_name` = '沃荣 大枣(新疆灰枣) 200g(新疆维吾尔自治区 红枣)' LIMIT 1   [ RunTime:0.0004s ]
NOTIC: [2] call_user_func() expects parameter 1 to be a valid callback, no array or string given C:\xampp\htdocs\www\x\ThinkPHP\Library\Think\Upload.class.php 第 170 行.
NOTIC: [2] call_user_func() expects parameter 1 to be a valid callback, no array or string given C:\xampp\htdocs\www\x\ThinkPHP\Library\Think\Upload.class.php 第 170 行.
SQL: INSERT INTO `sp_goods` (`goods_name`,`cate_id`,`brand_id`,`market_price`,`shop_price`,`onsale`,`goods_desc`,`type_id`,`addtime`,`updatetime`,`original`,`max_thumb`,`mid_thumb`,`sm_thumb`,`s_pic`,`goods_sn`) VALUES ('沃荣 大枣(新疆灰枣) 200g(新疆维吾尔自治区 红枣)','210','0','26','13','1','&lt;p&gt;&lt;img src=&quot;/ueditor/php/upload/image/20181015/1539617741.jpg&quot; title=&quot;1539617741.jpg&quot; alt=&quot;20181015233425.jpg&quot;/&gt;&lt;/p&gt;','0','1539617747','1539617747','./Public/Uploads/Goods/2018-10-15/5bc4b3d3360c8.jpg','./Public/Uploads/Goods/2018-10-15/max_5bc4b3d3360c8.jpg','./Public/Uploads/Goods/2018-10-15/mid_5bc4b3d3360c8.jpg','./Public/Uploads/Goods/2018-10-15/sm_5bc4b3d3360c8.jpg','./Public/Uploads/Goods/2018-10-15/5bc4b3d356ede.jpg','1539617747771644') [ RunTime:0.0005s ]
INFO: [ view_parse ] --START--
INFO: [ template_filter ] --START--
INFO: Run Behavior\ContentReplaceBehavior [ RunTime:0.000040s ]
INFO: [ template_filter ] --END-- [ RunTime:0.000090s ]
INFO: Run Behavior\ParseTemplateBehavior [ RunTime:0.005863s ]
INFO: [ view_parse ] --END-- [ RunTime:0.005913s ]
INFO: [ view_filter ] --START--
INFO: Run Behavior\WriteHtmlCacheBehavior [ RunTime:0.000294s ]
INFO: [ view_filter ] --END-- [ RunTime:0.000328s ]
INFO: [ app_end ] --START--
INFO: Run Behavior\ShowPageTraceBehavior [ RunTime:0.000638s ]
INFO: [ app_end ] --END-- [ RunTime:0.000675s ]

[ 2018-10-15T23:35:48+08:00 ] 118.196.151.91 /index.php/Admin/Goods/lst.html
INFO: [ app_init ] --START--
INFO: Run Behavior\BuildLiteBehavior [ RunTime:0.000012s ]
INFO: [ app_init ] --END-- [ RunTime:0.000421s ]
INFO: [ app_begin ] --START--
INFO: Run Behavior\ReadHtmlCacheBehavior [ RunTime:0.000692s ]
INFO: [ app_begin ] --END-- [ RunTime:0.000743s ]
SQL: SHOW COLUMNS FROM `sp_goods` [ RunTime:0.0016s ]
SQL: SHOW COLUMNS FROM `sp_cate` [ RunTime:0.0015s ]
SQL: SHOW COLUMNS FROM `sp_brand` [ RunTime:0.0013s ]
SQL: SELECT COUNT(*) AS tp_count FROM sp_goods Goods  JOIN sp_cate Cate ON goods.cate_id=Cate.id LEFT JOIN sp_brand Brand ON goods.brand_id=brand.id LIMIT 1   [ RunTime:0.0006s ]
SQL: SELECT Goods.id AS id,Goods.goods_name AS goods_name,Goods.sm_thumb AS sm_thumb,Goods.market_price AS market_price,Goods.shop_price AS shop_price,Goods.onsale AS onsale,Goods.cate_id AS cate_id,Goods.brand_id AS brand_id,Cate.catename AS catename,Brand.brand_name AS brand_name FROM sp_goods Goods  JOIN sp_cate Cate ON goods.cate_id=Cate.id LEFT JOIN sp_brand Brand ON goods.brand_id=brand.id ORDER BY Goods.id desc LIMIT 0,8   [ RunTime:0.0007s ]
INFO: [ view_parse ] --START--
INFO: [ template_filter ] --START--
INFO: Run Behavior\ContentReplaceBehavior [ RunTime:0.000120s ]
INFO: [ template_filter ] --END-- [ RunTime:0.000154s ]
INFO: Run Behavior\ParseTemplateBehavior [ RunTime:0.007642s ]
INFO: [ view_parse ] --END-- [ RunTime:0.007676s ]
INFO: [ view_filter ] --START--
INFO: Run Behavior\WriteHtmlCacheBehavior [ RunTime:0.000254s ]
INFO: [ view_filter ] --END-- [ RunTime:0.000277s ]
INFO: [ app_end ] --START--
INFO: Run Behavior\ShowPageTraceBehavior [ RunTime:0.000490s ]
INFO: [ app_end ] --END-- [ RunTime:0.000514s ]

[ 2018-10-15T23:37:59+08:00 ] 118.196.151.91 /index.php/Admin/Goods/add
INFO: [ app_init ] --START--
INFO: Run Behavior\BuildLiteBehavior [ RunTime:0.000011s ]
INFO: [ app_init ] --END-- [ RunTime:0.000361s ]
INFO: [ app_begin ] --START--
INFO: Run Behavior\ReadHtmlCacheBehavior [ RunTime:0.000924s ]
INFO: [ app_begin ] --END-- [ RunTime:0.000983s ]
NOTIC: [2] Use of undefined constant unique - assumed 'unique' (this will throw an Error in a future version of PHP) C:\xampp\htdocs\www\x\ThinkPHP\Common\functions.php 第 588 行.
SQL: SHOW COLUMNS FROM `sp_goods` [ RunTime:0.0019s ]
SQL: SHOW COLUMNS FROM `sp_cate` [ RunTime:0.0016s ]
SQL: SELECT * FROM `sp_cate` ORDER BY id desc  [ RunTime:0.0016s ]
SQL: SHOW COLUMNS FROM `sp_brand` [ RunTime:0.0020s ]
SQL: SELECT * FROM `sp_brand`  [ RunTime:0.0002s ]
NOTIC: [2] Use of undefined constant unique - assumed 'unique' (this will throw an Error in a future version of PHP) C:\xampp\htdocs\www\x\ThinkPHP\Common\functions.php 第 588 行.
SQL: SHOW COLUMNS FROM `sp_member_level` [ RunTime:0.0016s ]
SQL: SELECT * FROM `sp_member_level`  [ RunTime:0.0003s ]
SQL: SHOW COLUMNS FROM `sp_type` [ RunTime:0.0017s ]
SQL: SELECT * FROM `sp_type`  [ RunTime:0.0002s ]
SQL: SHOW COLUMNS FROM `sp_recpos` [ RunTime:0.0014s ]
SQL: SELECT * FROM `sp_recpos` WHERE `rectype` = 1  [ RunTime:0.0003s ]
INFO: [ view_parse ] --START--
INFO: [ template_filter ] --START--
INFO: Run Behavior\ContentReplaceBehavior [ RunTime:0.000218s ]
INFO: [ template_filter ] --END-- [ RunTime:0.000266s ]
INFO: Run Behavior\ParseTemplateBehavior [ RunTime:0.010661s ]
INFO: [ view_parse ] --END-- [ RunTime:0.010703s ]
INFO: [ view_filter ] --START--
INFO: Run Behavior\WriteHtmlCacheBehavior [ RunTime:0.000347s ]
INFO: [ view_filter ] --END-- [ RunTime:0.000379s ]
INFO: [ app_end ] --START--
INFO: Run Behavior\ShowPageTraceBehavior [ RunTime:0.000644s ]
INFO: [ app_end ] --END-- [ RunTime:0.000676s ]

[ 2018-10-15T23:38:37+08:00 ] 118.196.151.91 /index.php/Admin/Goods/add
INFO: [ app_init ] --START--
INFO: Run Behavior\BuildLiteBehavior [ RunTime:0.000011s ]
INFO: [ app_init ] --END-- [ RunTime:0.000375s ]
INFO: [ app_begin ] --START--
INFO: Run Behavior\ReadHtmlCacheBehavior [ RunTime:0.000527s ]
INFO: [ app_begin ] --END-- [ RunTime:0.000560s ]
NOTIC: [2] Use of undefined constant unique - assumed 'unique' (this will throw an Error in a future version of PHP) C:\xampp\htdocs\www\x\ThinkPHP\Common\functions.php 第 588 行.
SQL: SHOW COLUMNS FROM `sp_goods` [ RunTime:0.0020s ]
SQL: SELECT * FROM `sp_goods` WHERE `goods_name` = '仙琚 谱乐益 匹多莫德颗粒 2g:0.4g*30袋' LIMIT 1   [ RunTime:0.0005s ]
NOTIC: [2] call_user_func() expects parameter 1 to be a valid callback, no array or string given C:\xampp\htdocs\www\x\ThinkPHP\Library\Think\Upload.class.php 第 170 行.
NOTIC: [2] call_user_func() expects parameter 1 to be a valid callback, no array or string given C:\xampp\htdocs\www\x\ThinkPHP\Library\Think\Upload.class.php 第 170 行.
SQL: INSERT INTO `sp_goods` (`goods_name`,`cate_id`,`brand_id`,`market_price`,`shop_price`,`onsale`,`goods_desc`,`type_id`,`addtime`,`updatetime`,`original`,`max_thumb`,`mid_thumb`,`sm_thumb`,`s_pic`,`goods_sn`) VALUES ('仙琚 谱乐益 匹多莫德颗粒 2g:0.4g*30袋','237','0','275','199','1','&lt;p&gt;&lt;img src=&quot;/ueditor/php/upload/image/20181015/1539617900.jpg&quot; title=&quot;1539617900.jpg&quot; alt=&quot;20181015233713.jpg&quot;/&gt;&lt;/p&gt;','0','1539617916','1539617916','./Public/Uploads/Goods/2018-10-15/5bc4b47cd15b3.jpg','./Public/Uploads/Goods/2018-10-15/max_5bc4b47cd15b3.jpg','./Public/Uploads/Goods/2018-10-15/mid_5bc4b47cd15b3.jpg','./Public/Uploads/Goods/2018-10-15/sm_5bc4b47cd15b3.jpg','./Public/Uploads/Goods/2018-10-15/5bc4b47cf2573.jpg','1539617916631732') [ RunTime:0.0005s ]
INFO: [ view_parse ] --START--
INFO: [ template_filter ] --START--
INFO: Run Behavior\ContentReplaceBehavior [ RunTime:0.000029s ]
INFO: [ template_filter ] --END-- [ RunTime:0.000066s ]
INFO: Run Behavior\ParseTemplateBehavior [ RunTime:0.005226s ]
INFO: [ view_parse ] --END-- [ RunTime:0.005264s ]
INFO: [ view_filter ] --START--
INFO: Run Behavior\WriteHtmlCacheBehavior [ RunTime:0.000188s ]
INFO: [ view_filter ] --END-- [ RunTime:0.000208s ]
INFO: [ app_end ] --START--
INFO: Run Behavior\ShowPageTraceBehavior [ RunTime:0.000463s ]
INFO: [ app_end ] --END-- [ RunTime:0.000486s ]

[ 2018-10-15T23:38:38+08:00 ] 118.196.151.91 /index.php/Admin/Goods/lst.html
INFO: [ app_init ] --START--
INFO: Run Behavior\BuildLiteBehavior [ RunTime:0.000011s ]
INFO: [ app_init ] --END-- [ RunTime:0.000332s ]
INFO: [ app_begin ] --START--
INFO: Run Behavior\ReadHtmlCacheBehavior [ RunTime:0.000436s ]
INFO: [ app_begin ] --END-- [ RunTime:0.000464s ]
SQL: SHOW COLUMNS FROM `sp_goods` [ RunTime:0.0020s ]
SQL: SHOW COLUMNS FROM `sp_cate` [ RunTime:0.0015s ]
SQL: SHOW COLUMNS FROM `sp_brand` [ RunTime:0.0014s ]
SQL: SELECT COUNT(*) AS tp_count FROM sp_goods Goods  JOIN sp_cate Cate ON goods.cate_id=Cate.id LEFT JOIN sp_brand Brand ON goods.brand_id=brand.id LIMIT 1   [ RunTime:0.0003s ]
SQL: SELECT Goods.id AS id,Goods.goods_name AS goods_name,Goods.sm_thumb AS sm_thumb,Goods.market_price AS market_price,Goods.shop_price AS shop_price,Goods.onsale AS onsale,Goods.cate_id AS cate_id,Goods.brand_id AS brand_id,Cate.catename AS catename,Brand.brand_name AS brand_name FROM sp_goods Goods  JOIN sp_cate Cate ON goods.cate_id=Cate.id LEFT JOIN sp_brand Brand ON goods.brand_id=brand.id ORDER BY Goods.id desc LIMIT 0,8   [ RunTime:0.0006s ]
INFO: [ view_parse ] --START--
INFO: [ template_filter ] --START--
INFO: Run Behavior\ContentReplaceBehavior [ RunTime:0.000140s ]
INFO: [ template_filter ] --END-- [ RunTime:0.000319s ]
INFO: Run Behavior\ParseTemplateBehavior [ RunTime:0.009062s ]
INFO: [ view_parse ] --END-- [ RunTime:0.009104s ]
INFO: [ view_filter ] --START--
INFO: Run Behavior\WriteHtmlCacheBehavior [ RunTime:0.000359s ]
INFO: [ view_filter ] --END-- [ RunTime:0.000389s ]
INFO: [ app_end ] --START--
INFO: Run Behavior\ShowPageTraceBehavior [ RunTime:0.000540s ]
INFO: [ app_end ] --END-- [ RunTime:0.000654s ]

[ 2018-10-15T23:39:57+08:00 ] 118.196.151.91 /index.php/Admin/Goods/add
INFO: [ app_init ] --START--
INFO: Run Behavior\BuildLiteBehavior [ RunTime:0.000017s ]
INFO: [ app_init ] --END-- [ RunTime:0.000452s ]
INFO: [ app_begin ] --START--
INFO: Run Behavior\ReadHtmlCacheBehavior [ RunTime:0.000531s ]
INFO: [ app_begin ] --END-- [ RunTime:0.000563s ]
NOTIC: [2] Use of undefined constant unique - assumed 'unique' (this will throw an Error in a future version of PHP) C:\xampp\htdocs\www\x\ThinkPHP\Common\functions.php 第 588 行.
SQL: SHOW COLUMNS FROM `sp_goods` [ RunTime:0.0020s ]
SQL: SHOW COLUMNS FROM `sp_cate` [ RunTime:0.0015s ]
SQL: SELECT * FROM `sp_cate` ORDER BY id desc  [ RunTime:0.0015s ]
SQL: SHOW COLUMNS FROM `sp_brand` [ RunTime:0.0019s ]
SQL: SELECT * FROM `sp_brand`  [ RunTime:0.0002s ]
NOTIC: [2] Use of undefined constant unique - assumed 'unique' (this will throw an Error in a future version of PHP) C:\xampp\htdocs\www\x\ThinkPHP\Common\functions.php 第 588 行.
SQL: SHOW COLUMNS FROM `sp_member_level` [ RunTime:0.0015s ]
SQL: SELECT * FROM `sp_member_level`  [ RunTime:0.0004s ]
SQL: SHOW COLUMNS FROM `sp_type` [ RunTime:0.0017s ]
SQL: SELECT * FROM `sp_type`  [ RunTime:0.0002s ]
SQL: SHOW COLUMNS FROM `sp_recpos` [ RunTime:0.0012s ]
SQL: SELECT * FROM `sp_recpos` WHERE `rectype` = 1  [ RunTime:0.0002s ]
INFO: [ view_parse ] --START--
INFO: [ template_filter ] --START--
INFO: Run Behavior\ContentReplaceBehavior [ RunTime:0.000212s ]
INFO: [ template_filter ] --END-- [ RunTime:0.000257s ]
INFO: Run Behavior\ParseTemplateBehavior [ RunTime:0.010046s ]
INFO: [ view_parse ] --END-- [ RunTime:0.010082s ]
INFO: [ view_filter ] --START--
INFO: Run Behavior\WriteHtmlCacheBehavior [ RunTime:0.000384s ]
INFO: [ view_filter ] --END-- [ RunTime:0.000406s ]
INFO: [ app_end ] --START--
INFO: Run Behavior\ShowPageTraceBehavior [ RunTime:0.000616s ]
INFO: [ app_end ] --END-- [ RunTime:0.000641s ]

[ 2018-10-15T23:40:51+08:00 ] 118.196.151.91 /index.php/Admin/Goods/add
INFO: [ app_init ] --START--
INFO: Run Behavior\BuildLiteBehavior [ RunTime:0.000011s ]
INFO: [ app_init ] --END-- [ RunTime:0.000495s ]
INFO: [ app_begin ] --START--
INFO: Run Behavior\ReadHtmlCacheBehavior [ RunTime:0.000434s ]
INFO: [ app_begin ] --END-- [ RunTime:0.000465s ]
NOTIC: [2] Use of undefined constant unique - assumed 'unique' (this will throw an Error in a future version of PHP) C:\xampp\htdocs\www\x\ThinkPHP\Common\functions.php 第 588 行.
SQL: SHOW COLUMNS FROM `sp_goods` [ RunTime:0.0019s ]
SQL: SELECT * FROM `sp_goods` WHERE `goods_name` = '云三七 三七超细粉 90g(3g*30袋)' LIMIT 1   [ RunTime:0.0004s ]
NOTIC: [2] call_user_func() expects parameter 1 to be a valid callback, no array or string given C:\xampp\htdocs\www\x\ThinkPHP\Library\Think\Upload.class.php 第 170 行.
NOTIC: [2] call_user_func() expects parameter 1 to be a valid callback, no array or string given C:\xampp\htdocs\www\x\ThinkPHP\Library\Think\Upload.class.php 第 170 行.
SQL: INSERT INTO `sp_goods` (`goods_name`,`cate_id`,`brand_id`,`market_price`,`shop_price`,`onsale`,`goods_desc`,`type_id`,`addtime`,`updatetime`,`original`,`max_thumb`,`mid_thumb`,`sm_thumb`,`s_pic`,`goods_sn`) VALUES ('云三七 三七超细粉 90g(3g*30袋)','265','0','298','233','1','&lt;p&gt;&lt;img src=&quot;/ueditor/php/upload/image/20181015/1539618045.jpg&quot; title=&quot;1539618045.jpg&quot; alt=&quot;20181015233938.jpg&quot;/&gt;&lt;/p&gt;','0','1539618051','1539618051','./Public/Uploads/Goods/2018-10-15/5bc4b5033b7ee.jpg','./Public/Uploads/Goods/2018-10-15/max_5bc4b5033b7ee.jpg','./Public/Uploads/Goods/2018-10-15/mid_5bc4b5033b7ee.jpg','./Public/Uploads/Goods/2018-10-15/sm_5bc4b5033b7ee.jpg','./Public/Uploads/Goods/2018-10-15/5bc4b503609c6.jpg','1539618051774348') [ RunTime:0.0006s ]
INFO: [ view_parse ] --START--
INFO: [ template_filter ] --START--
INFO: Run Behavior\ContentReplaceBehavior [ RunTime:0.000029s ]
INFO: [ template_filter ] --END-- [ RunTime:0.000069s ]
INFO: Run Behavior\ParseTemplateBehavior [ RunTime:0.006536s ]
INFO: [ view_parse ] --END-- [ RunTime:0.006577s ]
INFO: [ view_filter ] --START--
INFO: Run Behavior\WriteHtmlCacheBehavior [ RunTime:0.000237s ]
INFO: [ view_filter ] --END-- [ RunTime:0.000264s ]
INFO: [ app_end ] --START--
INFO: Run Behavior\ShowPageTraceBehavior [ RunTime:0.000603s ]
INFO: [ app_end ] --END-- [ RunTime:0.000634s ]

[ 2018-10-15T23:40:52+08:00 ] 118.196.151.91 /index.php/Admin/Goods/lst.html
INFO: [ app_init ] --START--
INFO: Run Behavior\BuildLiteBehavior [ RunTime:0.000014s ]
INFO: [ app_init ] --END-- [ RunTime:0.000455s ]
INFO: [ app_begin ] --START--
INFO: Run Behavior\ReadHtmlCacheBehavior [ RunTime:0.000502s ]
INFO: [ app_begin ] --END-- [ RunTime:0.000537s ]
SQL: SHOW COLUMNS FROM `sp_goods` [ RunTime:0.0017s ]
SQL: SHOW COLUMNS FROM `sp_cate` [ RunTime:0.0020s ]
SQL: SHOW COLUMNS FROM `sp_brand` [ RunTime:0.0021s ]
SQL: SELECT COUNT(*) AS tp_count FROM sp_goods Goods  JOIN sp_cate Cate ON goods.cate_id=Cate.id LEFT JOIN sp_brand Brand ON goods.brand_id=brand.id LIMIT 1   [ RunTime:0.0004s ]
SQL: SELECT Goods.id AS id,Goods.goods_name AS goods_name,Goods.sm_thumb AS sm_thumb,Goods.market_price AS market_price,Goods.shop_price AS shop_price,Goods.onsale AS onsale,Goods.cate_id AS cate_id,Goods.brand_id AS brand_id,Cate.catename AS catename,Brand.brand_name AS brand_name FROM sp_goods Goods  JOIN sp_cate Cate ON goods.cate_id=Cate.id LEFT JOIN sp_brand Brand ON goods.brand_id=brand.id ORDER BY Goods.id desc LIMIT 0,8   [ RunTime:0.0005s ]
INFO: [ view_parse ] --START--
INFO: [ template_filter ] --START--
INFO: Run Behavior\ContentReplaceBehavior [ RunTime:0.000113s ]
INFO: [ template_filter ] --END-- [ RunTime:0.000145s ]
INFO: Run Behavior\ParseTemplateBehavior [ RunTime:0.007005s ]
INFO: [ view_parse ] --END-- [ RunTime:0.007036s ]
INFO: [ view_filter ] --START--
INFO: Run Behavior\WriteHtmlCacheBehavior [ RunTime:0.000273s ]
INFO: [ view_filter ] --END-- [ RunTime:0.000295s ]
INFO: [ app_end ] --START--
INFO: Run Behavior\ShowPageTraceBehavior [ RunTime:0.000538s ]
INFO: [ app_end ] --END-- [ RunTime:0.000565s ]

[ 2018-10-15T23:43:12+08:00 ] 118.196.151.91 /index.php/Admin/Goods/add
INFO: [ app_init ] --START--
INFO: Run Behavior\BuildLiteBehavior [ RunTime:0.000011s ]
INFO: [ app_init ] --END-- [ RunTime:0.000351s ]
INFO: [ app_begin ] --START--
INFO: Run Behavior\ReadHtmlCacheBehavior [ RunTime:0.000501s ]
INFO: [ app_begin ] --END-- [ RunTime:0.000533s ]
NOTIC: [2] Use of undefined constant unique - assumed 'unique' (this will throw an Error in a future version of PHP) C:\xampp\htdocs\www\x\ThinkPHP\Common\functions.php 第 588 行.
SQL: SHOW COLUMNS FROM `sp_goods` [ RunTime:0.0019s ]
SQL: SHOW COLUMNS FROM `sp_cate` [ RunTime:0.0013s ]
SQL: SELECT * FROM `sp_cate` ORDER BY id desc  [ RunTime:0.0012s ]
SQL: SHOW COLUMNS FROM `sp_brand` [ RunTime:0.0015s ]
SQL: SELECT * FROM `sp_brand`  [ RunTime:0.0002s ]
NOTIC: [2] Use of undefined constant unique - assumed 'unique' (this will throw an Error in a future version of PHP) C:\xampp\htdocs\www\x\ThinkPHP\Common\functions.php 第 588 行.
SQL: SHOW COLUMNS FROM `sp_member_level` [ RunTime:0.0013s ]
SQL: SELECT * FROM `sp_member_level`  [ RunTime:0.0002s ]
SQL: SHOW COLUMNS FROM `sp_type` [ RunTime:0.0012s ]
SQL: SELECT * FROM `sp_type`  [ RunTime:0.0001s ]
SQL: SHOW COLUMNS FROM `sp_recpos` [ RunTime:0.0012s ]
SQL: SELECT * FROM `sp_recpos` WHERE `rectype` = 1  [ RunTime:0.0002s ]
INFO: [ view_parse ] --START--
INFO: [ template_filter ] --START--
INFO: Run Behavior\ContentReplaceBehavior [ RunTime:0.000237s ]
INFO: [ template_filter ] --END-- [ RunTime:0.000274s ]
INFO: Run Behavior\ParseTemplateBehavior [ RunTime:0.010022s ]
INFO: [ view_parse ] --END-- [ RunTime:0.010055s ]
INFO: [ view_filter ] --START--
INFO: Run Behavior\WriteHtmlCacheBehavior [ RunTime:0.000316s ]
INFO: [ view_filter ] --END-- [ RunTime:0.000340s ]
INFO: [ app_end ] --START--
INFO: Run Behavior\ShowPageTraceBehavior [ RunTime:0.000587s ]
INFO: [ app_end ] --END-- [ RunTime:0.000612s ]

[ 2018-10-15T23:43:55+08:00 ] 118.196.151.91 /index.php/Admin/Goods/add
INFO: [ app_init ] --START--
INFO: Run Behavior\BuildLiteBehavior [ RunTime:0.000010s ]
INFO: [ app_init ] --END-- [ RunTime:0.000309s ]
INFO: [ app_begin ] --START--
INFO: Run Behavior\ReadHtmlCacheBehavior [ RunTime:0.000413s ]
INFO: [ app_begin ] --END-- [ RunTime:0.000444s ]
NOTIC: [2] Use of undefined constant unique - assumed 'unique' (this will throw an Error in a future version of PHP) C:\xampp\htdocs\www\x\ThinkPHP\Common\functions.php 第 588 行.
SQL: SHOW COLUMNS FROM `sp_goods` [ RunTime:0.0020s ]
SQL: SELECT * FROM `sp_goods` WHERE `goods_name` = '高纤宝 玉米粥片 420g/包' LIMIT 1   [ RunTime:0.0004s ]
NOTIC: [2] call_user_func() expects parameter 1 to be a valid callback, no array or string given C:\xampp\htdocs\www\x\ThinkPHP\Library\Think\Upload.class.php 第 170 行.
NOTIC: [2] call_user_func() expects parameter 1 to be a valid callback, no array or string given C:\xampp\htdocs\www\x\ThinkPHP\Library\Think\Upload.class.php 第 170 行.
SQL: INSERT INTO `sp_goods` (`goods_name`,`cate_id`,`brand_id`,`market_price`,`shop_price`,`onsale`,`goods_desc`,`type_id`,`addtime`,`updatetime`,`original`,`max_thumb`,`mid_thumb`,`sm_thumb`,`s_pic`,`goods_sn`) VALUES ('高纤宝 玉米粥片 420g/包','279','0','39','19.9','1','&lt;p&gt;&lt;img src=&quot;/ueditor/php/upload/image/20181015/1539618232.jpg&quot; title=&quot;1539618232.jpg&quot; alt=&quot;20181015234232.jpg&quot;/&gt;&lt;/p&gt;','0','1539618234','1539618234','./Public/Uploads/Goods/2018-10-15/5bc4b5bae888c.jpg','./Public/Uploads/Goods/2018-10-15/max_5bc4b5bae888c.jpg','./Public/Uploads/Goods/2018-10-15/mid_5bc4b5bae888c.jpg','./Public/Uploads/Goods/2018-10-15/sm_5bc4b5bae888c.jpg','./Public/Uploads/Goods/2018-10-15/5bc4b5bb15ed1.jpg','1539618235345749') [ RunTime:0.0005s ]
INFO: [ view_parse ] --START--
INFO: [ template_filter ] --START--
INFO: Run Behavior\ContentReplaceBehavior [ RunTime:0.000028s ]
INFO: [ template_filter ] --END-- [ RunTime:0.000067s ]
INFO: Run Behavior\ParseTemplateBehavior [ RunTime:0.006370s ]
INFO: [ view_parse ] --END-- [ RunTime:0.006412s ]
INFO: [ view_filter ] --START--
INFO: Run Behavior\WriteHtmlCacheBehavior [ RunTime:0.000303s ]
INFO: [ view_filter ] --END-- [ RunTime:0.000334s ]
INFO: [ app_end ] --START--
INFO: Run Behavior\ShowPageTraceBehavior [ RunTime:0.000538s ]
INFO: [ app_end ] --END-- [ RunTime:0.000569s ]

[ 2018-10-15T23:43:56+08:00 ] 118.196.151.91 /index.php/Admin/Goods/lst.html
INFO: [ app_init ] --START--
INFO: Run Behavior\BuildLiteBehavior [ RunTime:0.000011s ]
INFO: [ app_init ] --END-- [ RunTime:0.000340s ]
INFO: [ app_begin ] --START--
INFO: Run Behavior\ReadHtmlCacheBehavior [ RunTime:0.000528s ]
INFO: [ app_begin ] --END-- [ RunTime:0.000558s ]
SQL: SHOW COLUMNS FROM `sp_goods` [ RunTime:0.0017s ]
SQL: SHOW COLUMNS FROM `sp_cate` [ RunTime:0.0013s ]
SQL: SHOW COLUMNS FROM `sp_brand` [ RunTime:0.0012s ]
SQL: SELECT COUNT(*) AS tp_count FROM sp_goods Goods  JOIN sp_cate Cate ON goods.cate_id=Cate.id LEFT JOIN sp_brand Brand ON goods.brand_id=brand.id LIMIT 1   [ RunTime:0.0003s ]
SQL: SELECT Goods.id AS id,Goods.goods_name AS goods_name,Goods.sm_thumb AS sm_thumb,Goods.market_price AS market_price,Goods.shop_price AS shop_price,Goods.onsale AS onsale,Goods.cate_id AS cate_id,Goods.brand_id AS brand_id,Cate.catename AS catename,Brand.brand_name AS brand_name FROM sp_goods Goods  JOIN sp_cate Cate ON goods.cate_id=Cate.id LEFT JOIN sp_brand Brand ON goods.brand_id=brand.id ORDER BY Goods.id desc LIMIT 0,8   [ RunTime:0.0004s ]
INFO: [ view_parse ] --START--
INFO: [ template_filter ] --START--
INFO: Run Behavior\ContentReplaceBehavior [ RunTime:0.000113s ]
INFO: [ template_filter ] --END-- [ RunTime:0.000146s ]
INFO: Run Behavior\ParseTemplateBehavior [ RunTime:0.007239s ]
INFO: [ view_parse ] --END-- [ RunTime:0.007273s ]
INFO: [ view_filter ] --START--
INFO: Run Behavior\WriteHtmlCacheBehavior [ RunTime:0.000209s ]
INFO: [ view_filter ] --END-- [ RunTime:0.000230s ]
INFO: [ app_end ] --START--
INFO: Run Behavior\ShowPageTraceBehavior [ RunTime:0.000528s ]
INFO: [ app_end ] --END-- [ RunTime:0.000553s ]

[ 2018-10-15T23:45:33+08:00 ] 118.196.151.91 /index.php/Admin/Goods/add
INFO: [ app_init ] --START--
INFO: Run Behavior\BuildLiteBehavior [ RunTime:0.000011s ]
INFO: [ app_init ] --END-- [ RunTime:0.000405s ]
INFO: [ app_begin ] --START--
INFO: Run Behavior\ReadHtmlCacheBehavior [ RunTime:0.000504s ]
INFO: [ app_begin ] --END-- [ RunTime:0.000535s ]
NOTIC: [2] Use of undefined constant unique - assumed 'unique' (this will throw an Error in a future version of PHP) C:\xampp\htdocs\www\x\ThinkPHP\Common\functions.php 第 588 行.
SQL: SHOW COLUMNS FROM `sp_goods` [ RunTime:0.0019s ]
SQL: SHOW COLUMNS FROM `sp_cate` [ RunTime:0.0017s ]
SQL: SELECT * FROM `sp_cate` ORDER BY id desc  [ RunTime:0.0014s ]
SQL: SHOW COLUMNS FROM `sp_brand` [ RunTime:0.0020s ]
SQL: SELECT * FROM `sp_brand`  [ RunTime:0.0002s ]
NOTIC: [2] Use of undefined constant unique - assumed 'unique' (this will throw an Error in a future version of PHP) C:\xampp\htdocs\www\x\ThinkPHP\Common\functions.php 第 588 行.
SQL: SHOW COLUMNS FROM `sp_member_level` [ RunTime:0.0015s ]
SQL: SELECT * FROM `sp_member_level`  [ RunTime:0.0002s ]
SQL: SHOW COLUMNS FROM `sp_type` [ RunTime:0.0014s ]
SQL: SELECT * FROM `sp_type`  [ RunTime:0.0003s ]
SQL: SHOW COLUMNS FROM `sp_recpos` [ RunTime:0.0016s ]
SQL: SELECT * FROM `sp_recpos` WHERE `rectype` = 1  [ RunTime:0.0003s ]
INFO: [ view_parse ] --START--
INFO: [ template_filter ] --START--
INFO: Run Behavior\ContentReplaceBehavior [ RunTime:0.000239s ]
INFO: [ template_filter ] --END-- [ RunTime:0.000300s ]
INFO: Run Behavior\ParseTemplateBehavior [ RunTime:0.011990s ]
INFO: [ view_parse ] --END-- [ RunTime:0.012040s ]
INFO: [ view_filter ] --START--
INFO: Run Behavior\WriteHtmlCacheBehavior [ RunTime:0.000549s ]
INFO: [ view_filter ] --END-- [ RunTime:0.000584s ]
INFO: [ app_end ] --START--
INFO: Run Behavior\ShowPageTraceBehavior [ RunTime:0.000930s ]
INFO: [ app_end ] --END-- [ RunTime:0.000973s ]

[ 2018-10-15T23:46:18+08:00 ] 118.196.151.91 /index.php/Admin/Goods/add
INFO: [ app_init ] --START--
INFO: Run Behavior\BuildLiteBehavior [ RunTime:0.000013s ]
INFO: [ app_init ] --END-- [ RunTime:0.000366s ]
INFO: [ app_begin ] --START--
INFO: Run Behavior\ReadHtmlCacheBehavior [ RunTime:0.000492s ]
INFO: [ app_begin ] --END-- [ RunTime:0.000529s ]
NOTIC: [2] Use of undefined constant unique - assumed 'unique' (this will throw an Error in a future version of PHP) C:\xampp\htdocs\www\x\ThinkPHP\Common\functions.php 第 588 行.
SQL: SHOW COLUMNS FROM `sp_goods` [ RunTime:0.0019s ]
SQL: SELECT * FROM `sp_goods` WHERE `goods_name` = '粤粤 玫瑰柠檬茶(代用茶) 3g*6袋' LIMIT 1   [ RunTime:0.0003s ]
NOTIC: [2] call_user_func() expects parameter 1 to be a valid callback, no array or string given C:\xampp\htdocs\www\x\ThinkPHP\Library\Think\Upload.class.php 第 170 行.
NOTIC: [2] call_user_func() expects parameter 1 to be a valid callback, no array or string given C:\xampp\htdocs\www\x\ThinkPHP\Library\Think\Upload.class.php 第 170 行.
SQL: INSERT INTO `sp_goods` (`goods_name`,`cate_id`,`brand_id`,`market_price`,`shop_price`,`onsale`,`goods_desc`,`type_id`,`addtime`,`updatetime`,`original`,`max_thumb`,`mid_thumb`,`sm_thumb`,`s_pic`,`goods_sn`) VALUES ('粤粤 玫瑰柠檬茶(代用茶) 3g*6袋','332','0','38','19.9','1','&lt;p&gt;&lt;img src=&quot;/ueditor/php/upload/image/20181015/1539618375.jpg&quot; title=&quot;1539618375.jpg&quot; alt=&quot;20181015234507.jpg&quot;/&gt;&lt;/p&gt;','0','1539618377','1539618377','./Public/Uploads/Goods/2018-10-15/5bc4b649dcfeb.jpg','./Public/Uploads/Goods/2018-10-15/max_5bc4b649dcfeb.jpg','./Public/Uploads/Goods/2018-10-15/mid_5bc4b649dcfeb.jpg','./Public/Uploads/Goods/2018-10-15/sm_5bc4b649dcfeb.jpg','./Public/Uploads/Goods/2018-10-15/5bc4b64a079c4.jpg','1539618378172389') [ RunTime:0.0006s ]
INFO: [ view_parse ] --START--
INFO: [ template_filter ] --START--
INFO: Run Behavior\ContentReplaceBehavior [ RunTime:0.000028s ]
INFO: [ template_filter ] --END-- [ RunTime:0.000065s ]
INFO: Run Behavior\ParseTemplateBehavior [ RunTime:0.005268s ]
INFO: [ view_parse ] --END-- [ RunTime:0.005303s ]
INFO: [ view_filter ] --START--
INFO: Run Behavior\WriteHtmlCacheBehavior [ RunTime:0.000220s ]
INFO: [ view_filter ] --END-- [ RunTime:0.000245s ]
INFO: [ app_end ] --START--
INFO: Run Behavior\ShowPageTraceBehavior [ RunTime:0.000567s ]
INFO: [ app_end ] --END-- [ RunTime:0.000595s ]

[ 2018-10-15T23:46:19+08:00 ] 118.196.151.91 /index.php/Admin/Goods/lst.html
INFO: [ app_init ] --START--
INFO: Run Behavior\BuildLiteBehavior [ RunTime:0.000009s ]
INFO: [ app_init ] --END-- [ RunTime:0.000292s ]
INFO: [ app_begin ] --START--
INFO: Run Behavior\ReadHtmlCacheBehavior [ RunTime:0.000496s ]
INFO: [ app_begin ] --END-- [ RunTime:0.000527s ]
SQL: SHOW COLUMNS FROM `sp_goods` [ RunTime:0.0016s ]
SQL: SHOW COLUMNS FROM `sp_cate` [ RunTime:0.0015s ]
SQL: SHOW COLUMNS FROM `sp_brand` [ RunTime:0.0013s ]
SQL: SELECT COUNT(*) AS tp_count FROM sp_goods Goods  JOIN sp_cate Cate ON goods.cate_id=Cate.id LEFT JOIN sp_brand Brand ON goods.brand_id=brand.id LIMIT 1   [ RunTime:0.0003s ]
SQL: SELECT Goods.id AS id,Goods.goods_name AS goods_name,Goods.sm_thumb AS sm_thumb,Goods.market_price AS market_price,Goods.shop_price AS shop_price,Goods.onsale AS onsale,Goods.cate_id AS cate_id,Goods.brand_id AS brand_id,Cate.catename AS catename,Brand.brand_name AS brand_name FROM sp_goods Goods  JOIN sp_cate Cate ON goods.cate_id=Cate.id LEFT JOIN sp_brand Brand ON goods.brand_id=brand.id ORDER BY Goods.id desc LIMIT 0,8   [ RunTime:0.0006s ]
INFO: [ view_parse ] --START--
INFO: [ template_filter ] --START--
INFO: Run Behavior\ContentReplaceBehavior [ RunTime:0.000134s ]
INFO: [ template_filter ] --END-- [ RunTime:0.000180s ]
INFO: Run Behavior\ParseTemplateBehavior [ RunTime:0.006965s ]
INFO: [ view_parse ] --END-- [ RunTime:0.006996s ]
INFO: [ view_filter ] --START--
INFO: Run Behavior\WriteHtmlCacheBehavior [ RunTime:0.000267s ]
INFO: [ view_filter ] --END-- [ RunTime:0.000288s ]
INFO: [ app_end ] --START--
INFO: Run Behavior\ShowPageTraceBehavior [ RunTime:0.000483s ]
INFO: [ app_end ] --END-- [ RunTime:0.000507s ]

